[0.029s] Invoking command in '/root/ros2_decawave/build/decawave_interfaces': CMAKE_PREFIX_PATH=${CMAKE_PREFIX_PATH}:/root/ros2_decawave/install/decawave_test_controller:/root/ros2_ws/install/my_robot_controller:/opt/ros/humble PS1=(myenv) \[\e]0;\u@\h: \w\a\]${debian_chroot:+($debian_chroot)}\u@\h:\w\$ VIRTUAL_ENV_PROMPT=(myenv) /usr/bin/cmake --build /root/ros2_decawave/build/decawave_interfaces -- -j16 -l16
[0.071s] -- Found ament_cmake: 1.3.4 (/opt/ros/humble/share/ament_cmake/cmake)
[0.233s] -- Found std_msgs: 4.2.3 (/opt/ros/humble/share/std_msgs/cmake)
[0.431s] -- Found rosidl_generator_c: 3.1.4 (/opt/ros/humble/share/rosidl_generator_c/cmake)
[0.434s] -- Found rosidl_adapter: 3.1.4 (/opt/ros/humble/share/rosidl_adapter/cmake)
[0.442s] -- Found rosidl_generator_cpp: 3.1.4 (/opt/ros/humble/share/rosidl_generator_cpp/cmake)
[0.464s] -- Using all available rosidl_typesupport_c: rosidl_typesupport_fastrtps_c;rosidl_typesupport_introspection_c
[0.483s] -- Using all available rosidl_typesupport_cpp: rosidl_typesupport_fastrtps_cpp;rosidl_typesupport_introspection_cpp
[0.546s] -- Found rosidl_default_generators: 1.2.0 (/opt/ros/humble/share/rosidl_default_generators/cmake)
[0.830s] -- Found ament_cmake_ros: 0.10.0 (/opt/ros/humble/share/ament_cmake_ros/cmake)
[1.198s] -- Using all available rosidl_typesupport_c: rosidl_typesupport_fastrtps_c;rosidl_typesupport_introspection_c
[1.346s] -- Using all available rosidl_typesupport_cpp: rosidl_typesupport_fastrtps_cpp;rosidl_typesupport_introspection_cpp
[1.370s] -- Found python_cmake_module: 0.10.0 (/opt/ros/humble/share/python_cmake_module/cmake)
[1.393s] -- Using PYTHON_EXECUTABLE: /usr/bin/python3
[1.393s] -- Using PYTHON_INCLUDE_DIRS: /usr/include/python3.10
[1.393s] -- Using PYTHON_LIBRARIES: /usr/lib/x86_64-linux-gnu/libpython3.10.so
[1.422s] -- Found ament_lint_auto: 0.12.6 (/opt/ros/humble/share/ament_lint_auto/cmake)
[1.437s] -- Added test 'lint_cmake' to check CMake code style
[1.438s] -- Added test 'xmllint' to check XML markup files
[1.442s] -- Configuring done
[1.498s] -- Generating done
[1.502s] -- Build files have been written to: /root/ros2_decawave/build/decawave_interfaces
[1.524s] [  2%] [34m[1mGenerating C code for ROS interfaces[0m
[1.533s] [  5%] [34m[1mGenerating C++ code for ROS interfaces[0m
[1.543s] [  5%] Built target ament_cmake_python_copy_decawave_interfaces
[1.810s] running egg_info
[1.811s] writing decawave_interfaces.egg-info/PKG-INFO
[1.811s] writing dependency_links to decawave_interfaces.egg-info/dependency_links.txt
[1.811s] writing top-level names to decawave_interfaces.egg-info/top_level.txt
[1.815s] reading manifest file 'decawave_interfaces.egg-info/SOURCES.txt'
[1.816s] writing manifest file 'decawave_interfaces.egg-info/SOURCES.txt'
[1.832s] [  5%] Built target decawave_interfaces__cpp
[1.842s] [ 10%] [34m[1mGenerating C++ type support for eProsima Fast-RTPS[0m
[1.842s] [ 10%] [34m[1mGenerating C++ introspection for ROS interfaces[0m
[1.842s] [ 12%] [34m[1mGenerating C++ type support dispatch for ROS interfaces[0m
[1.844s] [35m[1mConsolidate compiler generated dependencies of target decawave_interfaces__rosidl_generator_c[0m
[1.850s] [ 12%] Built target ament_cmake_python_build_decawave_interfaces_egg
[1.854s] [ 15%] [32mBuilding C object CMakeFiles/decawave_interfaces__rosidl_generator_c.dir/rosidl_generator_c/decawave_interfaces/msg/detail/deca_range__functions.c.o[0m
[1.855s] [ 17%] [32mBuilding C object CMakeFiles/decawave_interfaces__rosidl_generator_c.dir/rosidl_generator_c/decawave_interfaces/msg/detail/deca_range_b__functions.c.o[0m
[1.975s] [ 20%] [32m[1mLinking C shared library libdecawave_interfaces__rosidl_generator_c.so[0m
[2.120s] [35m[1mConsolidate compiler generated dependencies of target decawave_interfaces__rosidl_typesupport_cpp[0m
[2.131s] [ 23%] [32mBuilding CXX object CMakeFiles/decawave_interfaces__rosidl_typesupport_cpp.dir/rosidl_typesupport_cpp/decawave_interfaces/msg/deca_range__type_support.cpp.o[0m
[2.132s] [ 25%] [32mBuilding CXX object CMakeFiles/decawave_interfaces__rosidl_typesupport_cpp.dir/rosidl_typesupport_cpp/decawave_interfaces/msg/deca_range_b__type_support.cpp.o[0m
[2.136s] [35m[1mConsolidate compiler generated dependencies of target decawave_interfaces__rosidl_typesupport_introspection_cpp[0m
[2.137s] [ 25%] Built target decawave_interfaces__rosidl_generator_c
[2.147s] [ 28%] [34m[1mGenerating C type support for eProsima Fast-RTPS[0m
[2.147s] [ 33%] [34m[1mGenerating C type support dispatch for ROS interfaces[0m
[2.147s] [ 33%] [34m[1mGenerating C introspection for ROS interfaces[0m
[2.150s] [ 35%] [32mBuilding CXX object CMakeFiles/decawave_interfaces__rosidl_typesupport_introspection_cpp.dir/rosidl_typesupport_introspection_cpp/decawave_interfaces/msg/detail/deca_range__type_support.cpp.o[0m
[2.151s] [ 38%] [32mBuilding CXX object CMakeFiles/decawave_interfaces__rosidl_typesupport_introspection_cpp.dir/rosidl_typesupport_introspection_cpp/decawave_interfaces/msg/detail/deca_range_b__type_support.cpp.o[0m
[2.174s] [35m[1mConsolidate compiler generated dependencies of target decawave_interfaces__rosidl_typesupport_fastrtps_cpp[0m
[2.189s] [ 41%] [32mBuilding CXX object CMakeFiles/decawave_interfaces__rosidl_typesupport_fastrtps_cpp.dir/rosidl_typesupport_fastrtps_cpp/decawave_interfaces/msg/detail/dds_fastrtps/deca_range_b__type_support.cpp.o[0m
[2.190s] [ 43%] [32mBuilding CXX object CMakeFiles/decawave_interfaces__rosidl_typesupport_fastrtps_cpp.dir/rosidl_typesupport_fastrtps_cpp/decawave_interfaces/msg/detail/dds_fastrtps/deca_range__type_support.cpp.o[0m
[2.450s] [35m[1mConsolidate compiler generated dependencies of target decawave_interfaces__rosidl_typesupport_c[0m
[2.462s] [ 46%] [32mBuilding CXX object CMakeFiles/decawave_interfaces__rosidl_typesupport_c.dir/rosidl_typesupport_c/decawave_interfaces/msg/deca_range_b__type_support.cpp.o[0m
[2.462s] [ 48%] [32mBuilding CXX object CMakeFiles/decawave_interfaces__rosidl_typesupport_c.dir/rosidl_typesupport_c/decawave_interfaces/msg/deca_range__type_support.cpp.o[0m
[2.514s] [35m[1mConsolidate compiler generated dependencies of target decawave_interfaces__rosidl_typesupport_fastrtps_c[0m
[2.516s] [ 51%] [32m[1mLinking CXX shared library libdecawave_interfaces__rosidl_typesupport_c.so[0m
[2.517s] [35m[1mConsolidate compiler generated dependencies of target decawave_interfaces__rosidl_typesupport_introspection_c[0m
[2.528s] [ 53%] [32mBuilding C object CMakeFiles/decawave_interfaces__rosidl_typesupport_introspection_c.dir/rosidl_typesupport_introspection_c/decawave_interfaces/msg/detail/deca_range__type_support.c.o[0m
[2.529s] [ 56%] [32mBuilding CXX object CMakeFiles/decawave_interfaces__rosidl_typesupport_fastrtps_c.dir/rosidl_typesupport_fastrtps_c/decawave_interfaces/msg/detail/deca_range__type_support_c.cpp.o[0m
[2.529s] [ 58%] [32mBuilding C object CMakeFiles/decawave_interfaces__rosidl_typesupport_introspection_c.dir/rosidl_typesupport_introspection_c/decawave_interfaces/msg/detail/deca_range_b__type_support.c.o[0m
[2.530s] [ 61%] [32mBuilding CXX object CMakeFiles/decawave_interfaces__rosidl_typesupport_fastrtps_c.dir/rosidl_typesupport_fastrtps_c/decawave_interfaces/msg/detail/deca_range_b__type_support_c.cpp.o[0m
[2.573s] [ 64%] [32m[1mLinking CXX shared library libdecawave_interfaces__rosidl_typesupport_cpp.so[0m
[2.581s] [ 66%] [32m[1mLinking C shared library libdecawave_interfaces__rosidl_typesupport_introspection_c.so[0m
[2.711s] [ 66%] Built target decawave_interfaces__rosidl_typesupport_c
[2.725s] [ 66%] Built target decawave_interfaces__rosidl_typesupport_introspection_c
[2.741s] [ 66%] Built target decawave_interfaces__rosidl_typesupport_cpp
[2.746s] [ 69%] [32m[1mLinking CXX shared library libdecawave_interfaces__rosidl_typesupport_introspection_cpp.so[0m
[2.793s] [ 71%] [32m[1mLinking CXX shared library libdecawave_interfaces__rosidl_typesupport_fastrtps_cpp.so[0m
[2.930s] [ 71%] Built target decawave_interfaces__rosidl_typesupport_introspection_cpp
[2.961s] [ 74%] [32m[1mLinking CXX shared library libdecawave_interfaces__rosidl_typesupport_fastrtps_c.so[0m
[2.984s] [ 74%] Built target decawave_interfaces__rosidl_typesupport_fastrtps_cpp
[3.139s] [ 74%] Built target decawave_interfaces__rosidl_typesupport_fastrtps_c
[3.155s] [ 74%] Built target decawave_interfaces
[3.171s] [ 76%] [34m[1mGenerating Python code for ROS interfaces[0m
[3.572s] [ 76%] Built target decawave_interfaces__py
[3.580s] [35m[1mConsolidate compiler generated dependencies of target decawave_interfaces__rosidl_generator_py[0m
[3.591s] [ 82%] [32mBuilding C object CMakeFiles/decawave_interfaces__rosidl_generator_py.dir/rosidl_generator_py/decawave_interfaces/msg/_deca_range_b_s.c.o[0m
[3.591s] [ 82%] [32mBuilding C object CMakeFiles/decawave_interfaces__rosidl_generator_py.dir/rosidl_generator_py/decawave_interfaces/msg/_deca_range_s.c.o[0m
[3.709s] [ 84%] [32m[1mLinking C shared library rosidl_generator_py/decawave_interfaces/libdecawave_interfaces__rosidl_generator_py.so[0m
[3.861s] [ 84%] Built target decawave_interfaces__rosidl_generator_py
[3.870s] [35m[1mConsolidate compiler generated dependencies of target decawave_interfaces__rosidl_typesupport_c__pyext[0m
[3.870s] [35m[1mConsolidate compiler generated dependencies of target decawave_interfaces__rosidl_typesupport_fastrtps_c__pyext[0m
[3.870s] [35m[1mConsolidate compiler generated dependencies of target decawave_interfaces__rosidl_typesupport_introspection_c__pyext[0m
[3.882s] [ 87%] [32mBuilding C object CMakeFiles/decawave_interfaces__rosidl_typesupport_c__pyext.dir/rosidl_generator_py/decawave_interfaces/_decawave_interfaces_s.ep.rosidl_typesupport_c.c.o[0m
[3.882s] [ 89%] [32mBuilding C object CMakeFiles/decawave_interfaces__rosidl_typesupport_fastrtps_c__pyext.dir/rosidl_generator_py/decawave_interfaces/_decawave_interfaces_s.ep.rosidl_typesupport_fastrtps_c.c.o[0m
[3.882s] [ 92%] [32mBuilding C object CMakeFiles/decawave_interfaces__rosidl_typesupport_introspection_c__pyext.dir/rosidl_generator_py/decawave_interfaces/_decawave_interfaces_s.ep.rosidl_typesupport_introspection_c.c.o[0m
[3.973s] [ 94%] [32m[1mLinking C shared library rosidl_generator_py/decawave_interfaces/decawave_interfaces_s__rosidl_typesupport_fastrtps_c.cpython-310-x86_64-linux-gnu.so[0m
[3.982s] [ 97%] [32m[1mLinking C shared library rosidl_generator_py/decawave_interfaces/decawave_interfaces_s__rosidl_typesupport_introspection_c.cpython-310-x86_64-linux-gnu.so[0m
[3.984s] [100%] [32m[1mLinking C shared library rosidl_generator_py/decawave_interfaces/decawave_interfaces_s__rosidl_typesupport_c.cpython-310-x86_64-linux-gnu.so[0m
[4.098s] [100%] Built target decawave_interfaces__rosidl_typesupport_introspection_c__pyext
[4.098s] [100%] Built target decawave_interfaces__rosidl_typesupport_fastrtps_c__pyext
[4.136s] [100%] Built target decawave_interfaces__rosidl_typesupport_c__pyext
[4.146s] Invoked command in '/root/ros2_decawave/build/decawave_interfaces' returned '0': CMAKE_PREFIX_PATH=${CMAKE_PREFIX_PATH}:/root/ros2_decawave/install/decawave_test_controller:/root/ros2_ws/install/my_robot_controller:/opt/ros/humble PS1=(myenv) \[\e]0;\u@\h: \w\a\]${debian_chroot:+($debian_chroot)}\u@\h:\w\$ VIRTUAL_ENV_PROMPT=(myenv) /usr/bin/cmake --build /root/ros2_decawave/build/decawave_interfaces -- -j16 -l16
[4.217s] Invoking command in '/root/ros2_decawave/build/decawave_interfaces': CMAKE_PREFIX_PATH=${CMAKE_PREFIX_PATH}:/root/ros2_decawave/install/decawave_test_controller:/root/ros2_ws/install/my_robot_controller:/opt/ros/humble PS1=(myenv) \[\e]0;\u@\h: \w\a\]${debian_chroot:+($debian_chroot)}\u@\h:\w\$ VIRTUAL_ENV_PROMPT=(myenv) /usr/bin/cmake --install /root/ros2_decawave/build/decawave_interfaces
[4.223s] -- Install configuration: ""
[4.223s] -- Installing: /root/ros2_decawave/install/decawave_interfaces/share/ament_index/resource_index/rosidl_interfaces/decawave_interfaces
[4.223s] -- Up-to-date: /root/ros2_decawave/install/decawave_interfaces/include/decawave_interfaces/decawave_interfaces
[4.224s] -- Up-to-date: /root/ros2_decawave/install/decawave_interfaces/include/decawave_interfaces/decawave_interfaces/msg
[4.224s] -- Installing: /root/ros2_decawave/install/decawave_interfaces/include/decawave_interfaces/decawave_interfaces/msg/deca_range_b.h
[4.224s] -- Up-to-date: /root/ros2_decawave/install/decawave_interfaces/include/decawave_interfaces/decawave_interfaces/msg/detail
[4.224s] -- Installing: /root/ros2_decawave/install/decawave_interfaces/include/decawave_interfaces/decawave_interfaces/msg/detail/deca_range__functions.h
[4.224s] -- Installing: /root/ros2_decawave/install/decawave_interfaces/include/decawave_interfaces/decawave_interfaces/msg/detail/deca_range_b__functions.c
[4.224s] -- Installing: /root/ros2_decawave/install/decawave_interfaces/include/decawave_interfaces/decawave_interfaces/msg/detail/deca_range__struct.h
[4.225s] -- Installing: /root/ros2_decawave/install/decawave_interfaces/include/decawave_interfaces/decawave_interfaces/msg/detail/deca_range_b__type_support.h
[4.225s] -- Installing: /root/ros2_decawave/install/decawave_interfaces/include/decawave_interfaces/decawave_interfaces/msg/detail/deca_range_b__struct.h
[4.225s] -- Installing: /root/ros2_decawave/install/decawave_interfaces/include/decawave_interfaces/decawave_interfaces/msg/detail/deca_range__type_support.h
[4.225s] -- Installing: /root/ros2_decawave/install/decawave_interfaces/include/decawave_interfaces/decawave_interfaces/msg/detail/deca_range_b__functions.h
[4.225s] -- Installing: /root/ros2_decawave/install/decawave_interfaces/include/decawave_interfaces/decawave_interfaces/msg/detail/deca_range__functions.c
[4.225s] -- Installing: /root/ros2_decawave/install/decawave_interfaces/include/decawave_interfaces/decawave_interfaces/msg/deca_range.h
[4.226s] -- Up-to-date: /root/ros2_decawave/install/decawave_interfaces/include/decawave_interfaces/decawave_interfaces/msg/rosidl_generator_c__visibility_control.h
[4.226s] -- Up-to-date: /root/ros2_decawave/install/decawave_interfaces/share/decawave_interfaces/environment/library_path.sh
[4.226s] -- Installing: /root/ros2_decawave/install/decawave_interfaces/share/decawave_interfaces/environment/library_path.dsv
[4.226s] -- Installing: /root/ros2_decawave/install/decawave_interfaces/lib/libdecawave_interfaces__rosidl_generator_c.so
[4.226s] -- Set runtime path of "/root/ros2_decawave/install/decawave_interfaces/lib/libdecawave_interfaces__rosidl_generator_c.so" to ""
[4.226s] -- Up-to-date: /root/ros2_decawave/install/decawave_interfaces/include/decawave_interfaces/decawave_interfaces
[4.227s] -- Up-to-date: /root/ros2_decawave/install/decawave_interfaces/include/decawave_interfaces/decawave_interfaces/msg
[4.227s] -- Up-to-date: /root/ros2_decawave/install/decawave_interfaces/include/decawave_interfaces/decawave_interfaces/msg/rosidl_typesupport_fastrtps_c__visibility_control.h
[4.227s] -- Up-to-date: /root/ros2_decawave/install/decawave_interfaces/include/decawave_interfaces/decawave_interfaces/msg/detail
[4.227s] -- Installing: /root/ros2_decawave/install/decawave_interfaces/include/decawave_interfaces/decawave_interfaces/msg/detail/deca_range__rosidl_typesupport_fastrtps_c.h
[4.227s] -- Installing: /root/ros2_decawave/install/decawave_interfaces/include/decawave_interfaces/decawave_interfaces/msg/detail/deca_range_b__rosidl_typesupport_fastrtps_c.h
[4.227s] -- Installing: /root/ros2_decawave/install/decawave_interfaces/lib/libdecawave_interfaces__rosidl_typesupport_fastrtps_c.so
[4.227s] -- Set runtime path of "/root/ros2_decawave/install/decawave_interfaces/lib/libdecawave_interfaces__rosidl_typesupport_fastrtps_c.so" to ""
[4.228s] -- Up-to-date: /root/ros2_decawave/install/decawave_interfaces/include/decawave_interfaces/decawave_interfaces
[4.228s] -- Up-to-date: /root/ros2_decawave/install/decawave_interfaces/include/decawave_interfaces/decawave_interfaces/msg
[4.228s] -- Installing: /root/ros2_decawave/install/decawave_interfaces/include/decawave_interfaces/decawave_interfaces/msg/deca_range_b.hpp
[4.228s] -- Installing: /root/ros2_decawave/install/decawave_interfaces/include/decawave_interfaces/decawave_interfaces/msg/deca_range.hpp
[4.228s] -- Up-to-date: /root/ros2_decawave/install/decawave_interfaces/include/decawave_interfaces/decawave_interfaces/msg/detail
[4.228s] -- Installing: /root/ros2_decawave/install/decawave_interfaces/include/decawave_interfaces/decawave_interfaces/msg/detail/deca_range__traits.hpp
[4.229s] -- Installing: /root/ros2_decawave/install/decawave_interfaces/include/decawave_interfaces/decawave_interfaces/msg/detail/deca_range__builder.hpp
[4.229s] -- Installing: /root/ros2_decawave/install/decawave_interfaces/include/decawave_interfaces/decawave_interfaces/msg/detail/deca_range_b__traits.hpp
[4.229s] -- Installing: /root/ros2_decawave/install/decawave_interfaces/include/decawave_interfaces/decawave_interfaces/msg/detail/deca_range_b__builder.hpp
[4.229s] -- Installing: /root/ros2_decawave/install/decawave_interfaces/include/decawave_interfaces/decawave_interfaces/msg/detail/deca_range_b__struct.hpp
[4.230s] -- Installing: /root/ros2_decawave/install/decawave_interfaces/include/decawave_interfaces/decawave_interfaces/msg/detail/deca_range__struct.hpp
[4.230s] -- Up-to-date: /root/ros2_decawave/install/decawave_interfaces/include/decawave_interfaces/decawave_interfaces
[4.230s] -- Up-to-date: /root/ros2_decawave/install/decawave_interfaces/include/decawave_interfaces/decawave_interfaces/msg
[4.230s] -- Up-to-date: /root/ros2_decawave/install/decawave_interfaces/include/decawave_interfaces/decawave_interfaces/msg/detail
[4.230s] -- Installing: /root/ros2_decawave/install/decawave_interfaces/include/decawave_interfaces/decawave_interfaces/msg/detail/deca_range__rosidl_typesupport_fastrtps_cpp.hpp
[4.230s] -- Installing: /root/ros2_decawave/install/decawave_interfaces/include/decawave_interfaces/decawave_interfaces/msg/detail/deca_range_b__rosidl_typesupport_fastrtps_cpp.hpp
[4.231s] -- Up-to-date: /root/ros2_decawave/install/decawave_interfaces/include/decawave_interfaces/decawave_interfaces/msg/detail/dds_fastrtps
[4.231s] -- Up-to-date: /root/ros2_decawave/install/decawave_interfaces/include/decawave_interfaces/decawave_interfaces/msg/rosidl_typesupport_fastrtps_cpp__visibility_control.h
[4.231s] -- Installing: /root/ros2_decawave/install/decawave_interfaces/lib/libdecawave_interfaces__rosidl_typesupport_fastrtps_cpp.so
[4.232s] -- Set runtime path of "/root/ros2_decawave/install/decawave_interfaces/lib/libdecawave_interfaces__rosidl_typesupport_fastrtps_cpp.so" to ""
[4.232s] -- Up-to-date: /root/ros2_decawave/install/decawave_interfaces/include/decawave_interfaces/decawave_interfaces
[4.232s] -- Up-to-date: /root/ros2_decawave/install/decawave_interfaces/include/decawave_interfaces/decawave_interfaces/msg
[4.232s] -- Up-to-date: /root/ros2_decawave/install/decawave_interfaces/include/decawave_interfaces/decawave_interfaces/msg/rosidl_typesupport_introspection_c__visibility_control.h
[4.232s] -- Up-to-date: /root/ros2_decawave/install/decawave_interfaces/include/decawave_interfaces/decawave_interfaces/msg/detail
[4.233s] -- Installing: /root/ros2_decawave/install/decawave_interfaces/include/decawave_interfaces/decawave_interfaces/msg/detail/deca_range__type_support.c
[4.233s] -- Installing: /root/ros2_decawave/install/decawave_interfaces/include/decawave_interfaces/decawave_interfaces/msg/detail/deca_range__rosidl_typesupport_introspection_c.h
[4.233s] -- Installing: /root/ros2_decawave/install/decawave_interfaces/include/decawave_interfaces/decawave_interfaces/msg/detail/deca_range_b__type_support.c
[4.233s] -- Installing: /root/ros2_decawave/install/decawave_interfaces/include/decawave_interfaces/decawave_interfaces/msg/detail/deca_range_b__rosidl_typesupport_introspection_c.h
[4.233s] -- Installing: /root/ros2_decawave/install/decawave_interfaces/lib/libdecawave_interfaces__rosidl_typesupport_introspection_c.so
[4.234s] -- Set runtime path of "/root/ros2_decawave/install/decawave_interfaces/lib/libdecawave_interfaces__rosidl_typesupport_introspection_c.so" to ""
[4.234s] -- Installing: /root/ros2_decawave/install/decawave_interfaces/lib/libdecawave_interfaces__rosidl_typesupport_c.so
[4.234s] -- Set runtime path of "/root/ros2_decawave/install/decawave_interfaces/lib/libdecawave_interfaces__rosidl_typesupport_c.so" to ""
[4.234s] -- Up-to-date: /root/ros2_decawave/install/decawave_interfaces/include/decawave_interfaces/decawave_interfaces
[4.235s] -- Up-to-date: /root/ros2_decawave/install/decawave_interfaces/include/decawave_interfaces/decawave_interfaces/msg
[4.235s] -- Up-to-date: /root/ros2_decawave/install/decawave_interfaces/include/decawave_interfaces/decawave_interfaces/msg/detail
[4.235s] -- Installing: /root/ros2_decawave/install/decawave_interfaces/include/decawave_interfaces/decawave_interfaces/msg/detail/deca_range__rosidl_typesupport_introspection_cpp.hpp
[4.235s] -- Installing: /root/ros2_decawave/install/decawave_interfaces/include/decawave_interfaces/decawave_interfaces/msg/detail/deca_range_b__rosidl_typesupport_introspection_cpp.hpp
[4.235s] -- Installing: /root/ros2_decawave/install/decawave_interfaces/include/decawave_interfaces/decawave_interfaces/msg/detail/deca_range_b__type_support.cpp
[4.235s] -- Installing: /root/ros2_decawave/install/decawave_interfaces/include/decawave_interfaces/decawave_interfaces/msg/detail/deca_range__type_support.cpp
[4.236s] -- Installing: /root/ros2_decawave/install/decawave_interfaces/lib/libdecawave_interfaces__rosidl_typesupport_introspection_cpp.so
[4.236s] -- Set runtime path of "/root/ros2_decawave/install/decawave_interfaces/lib/libdecawave_interfaces__rosidl_typesupport_introspection_cpp.so" to ""
[4.236s] -- Installing: /root/ros2_decawave/install/decawave_interfaces/lib/libdecawave_interfaces__rosidl_typesupport_cpp.so
[4.237s] -- Set runtime path of "/root/ros2_decawave/install/decawave_interfaces/lib/libdecawave_interfaces__rosidl_typesupport_cpp.so" to ""
[4.237s] -- Up-to-date: /root/ros2_decawave/install/decawave_interfaces/share/decawave_interfaces/environment/pythonpath.sh
[4.238s] -- Installing: /root/ros2_decawave/install/decawave_interfaces/share/decawave_interfaces/environment/pythonpath.dsv
[4.238s] -- Up-to-date: /root/ros2_decawave/install/decawave_interfaces/local/lib/python3.10/dist-packages/decawave_interfaces-0.0.0-py3.10.egg-info
[4.238s] -- Installing: /root/ros2_decawave/install/decawave_interfaces/local/lib/python3.10/dist-packages/decawave_interfaces-0.0.0-py3.10.egg-info/dependency_links.txt
[4.238s] -- Installing: /root/ros2_decawave/install/decawave_interfaces/local/lib/python3.10/dist-packages/decawave_interfaces-0.0.0-py3.10.egg-info/SOURCES.txt
[4.239s] -- Installing: /root/ros2_decawave/install/decawave_interfaces/local/lib/python3.10/dist-packages/decawave_interfaces-0.0.0-py3.10.egg-info/PKG-INFO
[4.239s] -- Installing: /root/ros2_decawave/install/decawave_interfaces/local/lib/python3.10/dist-packages/decawave_interfaces-0.0.0-py3.10.egg-info/top_level.txt
[4.239s] -- Up-to-date: /root/ros2_decawave/install/decawave_interfaces/local/lib/python3.10/dist-packages/decawave_interfaces
[4.239s] -- Installing: /root/ros2_decawave/install/decawave_interfaces/local/lib/python3.10/dist-packages/decawave_interfaces/libdecawave_interfaces__rosidl_generator_py.so
[4.239s] -- Installing: /root/ros2_decawave/install/decawave_interfaces/local/lib/python3.10/dist-packages/decawave_interfaces/decawave_interfaces_s__rosidl_typesupport_c.cpython-310-x86_64-linux-gnu.so
[4.239s] -- Installing: /root/ros2_decawave/install/decawave_interfaces/local/lib/python3.10/dist-packages/decawave_interfaces/_decawave_interfaces_s.ep.rosidl_typesupport_c.c
[4.240s] -- Installing: /root/ros2_decawave/install/decawave_interfaces/local/lib/python3.10/dist-packages/decawave_interfaces/decawave_interfaces_s__rosidl_typesupport_fastrtps_c.cpython-310-x86_64-linux-gnu.so
[4.240s] -- Installing: /root/ros2_decawave/install/decawave_interfaces/local/lib/python3.10/dist-packages/decawave_interfaces/_decawave_interfaces_s.ep.rosidl_typesupport_introspection_c.c
[4.240s] -- Installing: /root/ros2_decawave/install/decawave_interfaces/local/lib/python3.10/dist-packages/decawave_interfaces/__init__.py
[4.240s] -- Installing: /root/ros2_decawave/install/decawave_interfaces/local/lib/python3.10/dist-packages/decawave_interfaces/_decawave_interfaces_s.ep.rosidl_typesupport_fastrtps_c.c
[4.240s] -- Installing: /root/ros2_decawave/install/decawave_interfaces/local/lib/python3.10/dist-packages/decawave_interfaces/decawave_interfaces_s__rosidl_typesupport_introspection_c.cpython-310-x86_64-linux-gnu.so
[4.241s] -- Up-to-date: /root/ros2_decawave/install/decawave_interfaces/local/lib/python3.10/dist-packages/decawave_interfaces/msg
[4.241s] -- Installing: /root/ros2_decawave/install/decawave_interfaces/local/lib/python3.10/dist-packages/decawave_interfaces/msg/_deca_range_s.c
[4.241s] -- Installing: /root/ros2_decawave/install/decawave_interfaces/local/lib/python3.10/dist-packages/decawave_interfaces/msg/_deca_range.py
[4.241s] -- Installing: /root/ros2_decawave/install/decawave_interfaces/local/lib/python3.10/dist-packages/decawave_interfaces/msg/_deca_range_b_s.c
[4.242s] -- Installing: /root/ros2_decawave/install/decawave_interfaces/local/lib/python3.10/dist-packages/decawave_interfaces/msg/_deca_range_b.py
[4.242s] -- Installing: /root/ros2_decawave/install/decawave_interfaces/local/lib/python3.10/dist-packages/decawave_interfaces/msg/__init__.py
[4.279s] Listing '/root/ros2_decawave/install/decawave_interfaces/local/lib/python3.10/dist-packages/decawave_interfaces'...
[4.279s] Compiling '/root/ros2_decawave/install/decawave_interfaces/local/lib/python3.10/dist-packages/decawave_interfaces/__init__.py'...
[4.279s] Listing '/root/ros2_decawave/install/decawave_interfaces/local/lib/python3.10/dist-packages/decawave_interfaces/msg'...
[4.279s] Compiling '/root/ros2_decawave/install/decawave_interfaces/local/lib/python3.10/dist-packages/decawave_interfaces/msg/__init__.py'...
[4.279s] Compiling '/root/ros2_decawave/install/decawave_interfaces/local/lib/python3.10/dist-packages/decawave_interfaces/msg/_deca_range.py'...
[4.279s] Compiling '/root/ros2_decawave/install/decawave_interfaces/local/lib/python3.10/dist-packages/decawave_interfaces/msg/_deca_range_b.py'...
[4.284s] -- Installing: /root/ros2_decawave/install/decawave_interfaces/local/lib/python3.10/dist-packages/decawave_interfaces/decawave_interfaces_s__rosidl_typesupport_fastrtps_c.cpython-310-x86_64-linux-gnu.so
[4.284s] -- Set runtime path of "/root/ros2_decawave/install/decawave_interfaces/local/lib/python3.10/dist-packages/decawave_interfaces/decawave_interfaces_s__rosidl_typesupport_fastrtps_c.cpython-310-x86_64-linux-gnu.so" to ""
[4.284s] -- Installing: /root/ros2_decawave/install/decawave_interfaces/local/lib/python3.10/dist-packages/decawave_interfaces/decawave_interfaces_s__rosidl_typesupport_introspection_c.cpython-310-x86_64-linux-gnu.so
[4.284s] -- Set runtime path of "/root/ros2_decawave/install/decawave_interfaces/local/lib/python3.10/dist-packages/decawave_interfaces/decawave_interfaces_s__rosidl_typesupport_introspection_c.cpython-310-x86_64-linux-gnu.so" to ""
[4.285s] -- Installing: /root/ros2_decawave/install/decawave_interfaces/local/lib/python3.10/dist-packages/decawave_interfaces/decawave_interfaces_s__rosidl_typesupport_c.cpython-310-x86_64-linux-gnu.so
[4.285s] -- Set runtime path of "/root/ros2_decawave/install/decawave_interfaces/local/lib/python3.10/dist-packages/decawave_interfaces/decawave_interfaces_s__rosidl_typesupport_c.cpython-310-x86_64-linux-gnu.so" to ""
[4.285s] -- Installing: /root/ros2_decawave/install/decawave_interfaces/lib/libdecawave_interfaces__rosidl_generator_py.so
[4.285s] -- Set runtime path of "/root/ros2_decawave/install/decawave_interfaces/lib/libdecawave_interfaces__rosidl_generator_py.so" to ""
[4.286s] -- Installing: /root/ros2_decawave/install/decawave_interfaces/share/decawave_interfaces/msg/DecaRange.idl
[4.286s] -- Installing: /root/ros2_decawave/install/decawave_interfaces/share/decawave_interfaces/msg/DecaRangeB.idl
[4.286s] -- Installing: /root/ros2_decawave/install/decawave_interfaces/share/decawave_interfaces/msg/DecaRange.msg
[4.286s] -- Installing: /root/ros2_decawave/install/decawave_interfaces/share/decawave_interfaces/msg/DecaRangeB.msg
[4.286s] -- Up-to-date: /root/ros2_decawave/install/decawave_interfaces/share/ament_index/resource_index/package_run_dependencies/decawave_interfaces
[4.287s] -- Installing: /root/ros2_decawave/install/decawave_interfaces/share/ament_index/resource_index/parent_prefix_path/decawave_interfaces
[4.287s] -- Up-to-date: /root/ros2_decawave/install/decawave_interfaces/share/decawave_interfaces/environment/ament_prefix_path.sh
[4.287s] -- Installing: /root/ros2_decawave/install/decawave_interfaces/share/decawave_interfaces/environment/ament_prefix_path.dsv
[4.287s] -- Up-to-date: /root/ros2_decawave/install/decawave_interfaces/share/decawave_interfaces/environment/path.sh
[4.287s] -- Installing: /root/ros2_decawave/install/decawave_interfaces/share/decawave_interfaces/environment/path.dsv
[4.287s] -- Up-to-date: /root/ros2_decawave/install/decawave_interfaces/share/decawave_interfaces/local_setup.bash
[4.288s] -- Up-to-date: /root/ros2_decawave/install/decawave_interfaces/share/decawave_interfaces/local_setup.sh
[4.288s] -- Up-to-date: /root/ros2_decawave/install/decawave_interfaces/share/decawave_interfaces/local_setup.zsh
[4.288s] -- Installing: /root/ros2_decawave/install/decawave_interfaces/share/decawave_interfaces/local_setup.dsv
[4.288s] -- Installing: /root/ros2_decawave/install/decawave_interfaces/share/decawave_interfaces/package.dsv
[4.288s] -- Up-to-date: /root/ros2_decawave/install/decawave_interfaces/share/ament_index/resource_index/packages/decawave_interfaces
[4.288s] -- Up-to-date: /root/ros2_decawave/install/decawave_interfaces/share/decawave_interfaces/cmake/export_decawave_interfaces__rosidl_generator_cExport.cmake
[4.288s] -- Up-to-date: /root/ros2_decawave/install/decawave_interfaces/share/decawave_interfaces/cmake/export_decawave_interfaces__rosidl_generator_cExport-noconfig.cmake
[4.288s] -- Up-to-date: /root/ros2_decawave/install/decawave_interfaces/share/decawave_interfaces/cmake/export_decawave_interfaces__rosidl_typesupport_fastrtps_cExport.cmake
[4.288s] -- Up-to-date: /root/ros2_decawave/install/decawave_interfaces/share/decawave_interfaces/cmake/export_decawave_interfaces__rosidl_typesupport_fastrtps_cExport-noconfig.cmake
[4.289s] -- Up-to-date: /root/ros2_decawave/install/decawave_interfaces/share/decawave_interfaces/cmake/export_decawave_interfaces__rosidl_generator_cppExport.cmake
[4.289s] -- Up-to-date: /root/ros2_decawave/install/decawave_interfaces/share/decawave_interfaces/cmake/export_decawave_interfaces__rosidl_typesupport_fastrtps_cppExport.cmake
[4.289s] -- Up-to-date: /root/ros2_decawave/install/decawave_interfaces/share/decawave_interfaces/cmake/export_decawave_interfaces__rosidl_typesupport_fastrtps_cppExport-noconfig.cmake
[4.289s] -- Up-to-date: /root/ros2_decawave/install/decawave_interfaces/share/decawave_interfaces/cmake/decawave_interfaces__rosidl_typesupport_introspection_cExport.cmake
[4.289s] -- Up-to-date: /root/ros2_decawave/install/decawave_interfaces/share/decawave_interfaces/cmake/decawave_interfaces__rosidl_typesupport_introspection_cExport-noconfig.cmake
[4.289s] -- Up-to-date: /root/ros2_decawave/install/decawave_interfaces/share/decawave_interfaces/cmake/decawave_interfaces__rosidl_typesupport_cExport.cmake
[4.290s] -- Up-to-date: /root/ros2_decawave/install/decawave_interfaces/share/decawave_interfaces/cmake/decawave_interfaces__rosidl_typesupport_cExport-noconfig.cmake
[4.290s] -- Up-to-date: /root/ros2_decawave/install/decawave_interfaces/share/decawave_interfaces/cmake/decawave_interfaces__rosidl_typesupport_introspection_cppExport.cmake
[4.290s] -- Up-to-date: /root/ros2_decawave/install/decawave_interfaces/share/decawave_interfaces/cmake/decawave_interfaces__rosidl_typesupport_introspection_cppExport-noconfig.cmake
[4.290s] -- Up-to-date: /root/ros2_decawave/install/decawave_interfaces/share/decawave_interfaces/cmake/decawave_interfaces__rosidl_typesupport_cppExport.cmake
[4.290s] -- Up-to-date: /root/ros2_decawave/install/decawave_interfaces/share/decawave_interfaces/cmake/decawave_interfaces__rosidl_typesupport_cppExport-noconfig.cmake
[4.291s] -- Up-to-date: /root/ros2_decawave/install/decawave_interfaces/share/decawave_interfaces/cmake/export_decawave_interfaces__rosidl_generator_pyExport.cmake
[4.291s] -- Up-to-date: /root/ros2_decawave/install/decawave_interfaces/share/decawave_interfaces/cmake/export_decawave_interfaces__rosidl_generator_pyExport-noconfig.cmake
[4.291s] -- Installing: /root/ros2_decawave/install/decawave_interfaces/share/decawave_interfaces/cmake/rosidl_cmake-extras.cmake
[4.291s] -- Up-to-date: /root/ros2_decawave/install/decawave_interfaces/share/decawave_interfaces/cmake/ament_cmake_export_dependencies-extras.cmake
[4.291s] -- Up-to-date: /root/ros2_decawave/install/decawave_interfaces/share/decawave_interfaces/cmake/ament_cmake_export_include_directories-extras.cmake
[4.291s] -- Up-to-date: /root/ros2_decawave/install/decawave_interfaces/share/decawave_interfaces/cmake/ament_cmake_export_libraries-extras.cmake
[4.291s] -- Up-to-date: /root/ros2_decawave/install/decawave_interfaces/share/decawave_interfaces/cmake/ament_cmake_export_targets-extras.cmake
[4.291s] -- Up-to-date: /root/ros2_decawave/install/decawave_interfaces/share/decawave_interfaces/cmake/rosidl_cmake_export_typesupport_targets-extras.cmake
[4.292s] -- Up-to-date: /root/ros2_decawave/install/decawave_interfaces/share/decawave_interfaces/cmake/rosidl_cmake_export_typesupport_libraries-extras.cmake
[4.292s] -- Up-to-date: /root/ros2_decawave/install/decawave_interfaces/share/decawave_interfaces/cmake/decawave_interfacesConfig.cmake
[4.292s] -- Up-to-date: /root/ros2_decawave/install/decawave_interfaces/share/decawave_interfaces/cmake/decawave_interfacesConfig-version.cmake
[4.292s] -- Up-to-date: /root/ros2_decawave/install/decawave_interfaces/share/decawave_interfaces/package.xml
[4.294s] Invoked command in '/root/ros2_decawave/build/decawave_interfaces' returned '0': CMAKE_PREFIX_PATH=${CMAKE_PREFIX_PATH}:/root/ros2_decawave/install/decawave_test_controller:/root/ros2_ws/install/my_robot_controller:/opt/ros/humble PS1=(myenv) \[\e]0;\u@\h: \w\a\]${debian_chroot:+($debian_chroot)}\u@\h:\w\$ VIRTUAL_ENV_PROMPT=(myenv) /usr/bin/cmake --install /root/ros2_decawave/build/decawave_interfaces
