[0.036s] Invoking command in '/root/ros2_decawave/build/decawave_interfaces': CMAKE_PREFIX_PATH=${CMAKE_PREFIX_PATH}:/root/ros2_decawave/install/decawave_test_controller:/root/ros2_ws/install/my_robot_controller:/opt/ros/humble PS1=(myenv) \[\e]0;\u@\h: \w\a\]${debian_chroot:+($debian_chroot)}\u@\h:\w\$ VIRTUAL_ENV_PROMPT=(myenv) /usr/bin/cmake --build /root/ros2_decawave/build/decawave_interfaces -- -j16 -l16
[0.347s] [35m[1mConsolidate compiler generated dependencies of target decawave_interfaces__rosidl_generator_c[0m
[0.347s] [  3%] Built target decawave_interfaces__cpp
[0.348s] [ 12%] Built target decawave_interfaces__rosidl_generator_c
[0.348s] [35m[1mConsolidate compiler generated dependencies of target decawave_interfaces__rosidl_typesupport_introspection_c[0m
[0.348s] [ 12%] Built target ament_cmake_python_copy_decawave_interfaces
[0.348s] [35m[1mConsolidate compiler generated dependencies of target decawave_interfaces__rosidl_typesupport_fastrtps_c[0m
[0.348s] [35m[1mConsolidate compiler generated dependencies of target decawave_interfaces__rosidl_typesupport_c[0m
[0.348s] [35m[1mConsolidate compiler generated dependencies of target decawave_interfaces__rosidl_typesupport_cpp[0m
[0.348s] [35m[1mConsolidate compiler generated dependencies of target decawave_interfaces__rosidl_typesupport_fastrtps_cpp[0m
[0.348s] [35m[1mConsolidate compiler generated dependencies of target decawave_interfaces__rosidl_typesupport_introspection_cpp[0m
[0.349s] [ 22%] Built target decawave_interfaces__rosidl_typesupport_introspection_c
[0.349s] [ 32%] Built target decawave_interfaces__rosidl_typesupport_c
[0.349s] [ 41%] Built target decawave_interfaces__rosidl_typesupport_fastrtps_c
[0.349s] [ 51%] Built target decawave_interfaces__rosidl_typesupport_fastrtps_cpp
[0.349s] [ 61%] Built target decawave_interfaces__rosidl_typesupport_cpp
[0.349s] [ 70%] Built target decawave_interfaces__rosidl_typesupport_introspection_cpp
[0.349s] [ 70%] Built target decawave_interfaces
[0.349s] [ 74%] Built target decawave_interfaces__py
[0.349s] [35m[1mConsolidate compiler generated dependencies of target decawave_interfaces__rosidl_generator_py[0m
[0.349s] [ 80%] Built target decawave_interfaces__rosidl_generator_py
[0.349s] [35m[1mConsolidate compiler generated dependencies of target decawave_interfaces__rosidl_typesupport_fastrtps_c__pyext[0m
[0.349s] [35m[1mConsolidate compiler generated dependencies of target decawave_interfaces__rosidl_typesupport_introspection_c__pyext[0m
[0.349s] [35m[1mConsolidate compiler generated dependencies of target decawave_interfaces__rosidl_typesupport_c__pyext[0m
[0.349s] [ 93%] Built target decawave_interfaces__rosidl_typesupport_introspection_c__pyext
[0.349s] [ 93%] Built target decawave_interfaces__rosidl_typesupport_fastrtps_c__pyext
[0.350s] [100%] Built target decawave_interfaces__rosidl_typesupport_c__pyext
[0.404s] running egg_info
[0.405s] writing decawave_interfaces.egg-info/PKG-INFO
[0.405s] writing dependency_links to decawave_interfaces.egg-info/dependency_links.txt
[0.405s] writing top-level names to decawave_interfaces.egg-info/top_level.txt
[0.407s] reading manifest file 'decawave_interfaces.egg-info/SOURCES.txt'
[0.408s] writing manifest file 'decawave_interfaces.egg-info/SOURCES.txt'
[0.431s] [100%] Built target ament_cmake_python_build_decawave_interfaces_egg
[0.648s] Invoked command in '/root/ros2_decawave/build/decawave_interfaces' returned '0': CMAKE_PREFIX_PATH=${CMAKE_PREFIX_PATH}:/root/ros2_decawave/install/decawave_test_controller:/root/ros2_ws/install/my_robot_controller:/opt/ros/humble PS1=(myenv) \[\e]0;\u@\h: \w\a\]${debian_chroot:+($debian_chroot)}\u@\h:\w\$ VIRTUAL_ENV_PROMPT=(myenv) /usr/bin/cmake --build /root/ros2_decawave/build/decawave_interfaces -- -j16 -l16
[0.711s] Invoking command in '/root/ros2_decawave/build/decawave_interfaces': CMAKE_PREFIX_PATH=${CMAKE_PREFIX_PATH}:/root/ros2_decawave/install/decawave_test_controller:/root/ros2_ws/install/my_robot_controller:/opt/ros/humble PS1=(myenv) \[\e]0;\u@\h: \w\a\]${debian_chroot:+($debian_chroot)}\u@\h:\w\$ VIRTUAL_ENV_PROMPT=(myenv) /usr/bin/cmake --install /root/ros2_decawave/build/decawave_interfaces
[0.718s] -- Install configuration: ""
[0.718s] -- Up-to-date: /root/ros2_decawave/install/decawave_interfaces/share/ament_index/resource_index/rosidl_interfaces/decawave_interfaces
[0.719s] -- Up-to-date: /root/ros2_decawave/install/decawave_interfaces/include/decawave_interfaces/decawave_interfaces
[0.719s] -- Up-to-date: /root/ros2_decawave/install/decawave_interfaces/include/decawave_interfaces/decawave_interfaces/msg
[0.719s] -- Up-to-date: /root/ros2_decawave/install/decawave_interfaces/include/decawave_interfaces/decawave_interfaces/msg/detail
[0.720s] -- Up-to-date: /root/ros2_decawave/install/decawave_interfaces/include/decawave_interfaces/decawave_interfaces/msg/detail/deca_range__functions.h
[0.720s] -- Up-to-date: /root/ros2_decawave/install/decawave_interfaces/include/decawave_interfaces/decawave_interfaces/msg/detail/deca_range__struct.h
[0.720s] -- Up-to-date: /root/ros2_decawave/install/decawave_interfaces/include/decawave_interfaces/decawave_interfaces/msg/detail/deca_range__type_support.h
[0.720s] -- Up-to-date: /root/ros2_decawave/install/decawave_interfaces/include/decawave_interfaces/decawave_interfaces/msg/detail/deca_range__functions.c
[0.721s] -- Up-to-date: /root/ros2_decawave/install/decawave_interfaces/include/decawave_interfaces/decawave_interfaces/msg/deca_range.h
[0.721s] -- Up-to-date: /root/ros2_decawave/install/decawave_interfaces/include/decawave_interfaces/decawave_interfaces/msg/rosidl_generator_c__visibility_control.h
[0.721s] -- Up-to-date: /root/ros2_decawave/install/decawave_interfaces/share/decawave_interfaces/environment/library_path.sh
[0.722s] -- Up-to-date: /root/ros2_decawave/install/decawave_interfaces/share/decawave_interfaces/environment/library_path.dsv
[0.722s] -- Up-to-date: /root/ros2_decawave/install/decawave_interfaces/lib/libdecawave_interfaces__rosidl_generator_c.so
[0.722s] -- Up-to-date: /root/ros2_decawave/install/decawave_interfaces/include/decawave_interfaces/decawave_interfaces
[0.722s] -- Up-to-date: /root/ros2_decawave/install/decawave_interfaces/include/decawave_interfaces/decawave_interfaces/msg
[0.722s] -- Up-to-date: /root/ros2_decawave/install/decawave_interfaces/include/decawave_interfaces/decawave_interfaces/msg/rosidl_typesupport_fastrtps_c__visibility_control.h
[0.723s] -- Up-to-date: /root/ros2_decawave/install/decawave_interfaces/include/decawave_interfaces/decawave_interfaces/msg/detail
[0.723s] -- Up-to-date: /root/ros2_decawave/install/decawave_interfaces/include/decawave_interfaces/decawave_interfaces/msg/detail/deca_range__rosidl_typesupport_fastrtps_c.h
[0.723s] -- Up-to-date: /root/ros2_decawave/install/decawave_interfaces/lib/libdecawave_interfaces__rosidl_typesupport_fastrtps_c.so
[0.723s] -- Up-to-date: /root/ros2_decawave/install/decawave_interfaces/include/decawave_interfaces/decawave_interfaces
[0.723s] -- Up-to-date: /root/ros2_decawave/install/decawave_interfaces/include/decawave_interfaces/decawave_interfaces/msg
[0.723s] -- Up-to-date: /root/ros2_decawave/install/decawave_interfaces/include/decawave_interfaces/decawave_interfaces/msg/deca_range.hpp
[0.723s] -- Up-to-date: /root/ros2_decawave/install/decawave_interfaces/include/decawave_interfaces/decawave_interfaces/msg/detail
[0.724s] -- Up-to-date: /root/ros2_decawave/install/decawave_interfaces/include/decawave_interfaces/decawave_interfaces/msg/detail/deca_range__traits.hpp
[0.724s] -- Up-to-date: /root/ros2_decawave/install/decawave_interfaces/include/decawave_interfaces/decawave_interfaces/msg/detail/deca_range__builder.hpp
[0.724s] -- Up-to-date: /root/ros2_decawave/install/decawave_interfaces/include/decawave_interfaces/decawave_interfaces/msg/detail/deca_range__struct.hpp
[0.724s] -- Up-to-date: /root/ros2_decawave/install/decawave_interfaces/include/decawave_interfaces/decawave_interfaces
[0.725s] -- Up-to-date: /root/ros2_decawave/install/decawave_interfaces/include/decawave_interfaces/decawave_interfaces/msg
[0.725s] -- Up-to-date: /root/ros2_decawave/install/decawave_interfaces/include/decawave_interfaces/decawave_interfaces/msg/detail
[0.725s] -- Up-to-date: /root/ros2_decawave/install/decawave_interfaces/include/decawave_interfaces/decawave_interfaces/msg/detail/deca_range__rosidl_typesupport_fastrtps_cpp.hpp
[0.725s] -- Up-to-date: /root/ros2_decawave/install/decawave_interfaces/include/decawave_interfaces/decawave_interfaces/msg/detail/dds_fastrtps
[0.725s] -- Up-to-date: /root/ros2_decawave/install/decawave_interfaces/include/decawave_interfaces/decawave_interfaces/msg/rosidl_typesupport_fastrtps_cpp__visibility_control.h
[0.725s] -- Up-to-date: /root/ros2_decawave/install/decawave_interfaces/lib/libdecawave_interfaces__rosidl_typesupport_fastrtps_cpp.so
[0.725s] -- Up-to-date: /root/ros2_decawave/install/decawave_interfaces/include/decawave_interfaces/decawave_interfaces
[0.725s] -- Up-to-date: /root/ros2_decawave/install/decawave_interfaces/include/decawave_interfaces/decawave_interfaces/msg
[0.725s] -- Up-to-date: /root/ros2_decawave/install/decawave_interfaces/include/decawave_interfaces/decawave_interfaces/msg/rosidl_typesupport_introspection_c__visibility_control.h
[0.725s] -- Up-to-date: /root/ros2_decawave/install/decawave_interfaces/include/decawave_interfaces/decawave_interfaces/msg/detail
[0.725s] -- Up-to-date: /root/ros2_decawave/install/decawave_interfaces/include/decawave_interfaces/decawave_interfaces/msg/detail/deca_range__type_support.c
[0.725s] -- Up-to-date: /root/ros2_decawave/install/decawave_interfaces/include/decawave_interfaces/decawave_interfaces/msg/detail/deca_range__rosidl_typesupport_introspection_c.h
[0.726s] -- Up-to-date: /root/ros2_decawave/install/decawave_interfaces/lib/libdecawave_interfaces__rosidl_typesupport_introspection_c.so
[0.726s] -- Up-to-date: /root/ros2_decawave/install/decawave_interfaces/lib/libdecawave_interfaces__rosidl_typesupport_c.so
[0.726s] -- Up-to-date: /root/ros2_decawave/install/decawave_interfaces/include/decawave_interfaces/decawave_interfaces
[0.726s] -- Up-to-date: /root/ros2_decawave/install/decawave_interfaces/include/decawave_interfaces/decawave_interfaces/msg
[0.726s] -- Up-to-date: /root/ros2_decawave/install/decawave_interfaces/include/decawave_interfaces/decawave_interfaces/msg/detail
[0.726s] -- Up-to-date: /root/ros2_decawave/install/decawave_interfaces/include/decawave_interfaces/decawave_interfaces/msg/detail/deca_range__rosidl_typesupport_introspection_cpp.hpp
[0.726s] -- Up-to-date: /root/ros2_decawave/install/decawave_interfaces/include/decawave_interfaces/decawave_interfaces/msg/detail/deca_range__type_support.cpp
[0.726s] -- Up-to-date: /root/ros2_decawave/install/decawave_interfaces/lib/libdecawave_interfaces__rosidl_typesupport_introspection_cpp.so
[0.726s] -- Up-to-date: /root/ros2_decawave/install/decawave_interfaces/lib/libdecawave_interfaces__rosidl_typesupport_cpp.so
[0.726s] -- Up-to-date: /root/ros2_decawave/install/decawave_interfaces/share/decawave_interfaces/environment/pythonpath.sh
[0.726s] -- Up-to-date: /root/ros2_decawave/install/decawave_interfaces/share/decawave_interfaces/environment/pythonpath.dsv
[0.726s] -- Up-to-date: /root/ros2_decawave/install/decawave_interfaces/local/lib/python3.10/dist-packages/decawave_interfaces-0.0.0-py3.10.egg-info
[0.726s] -- Installing: /root/ros2_decawave/install/decawave_interfaces/local/lib/python3.10/dist-packages/decawave_interfaces-0.0.0-py3.10.egg-info/dependency_links.txt
[0.726s] -- Installing: /root/ros2_decawave/install/decawave_interfaces/local/lib/python3.10/dist-packages/decawave_interfaces-0.0.0-py3.10.egg-info/SOURCES.txt
[0.727s] -- Installing: /root/ros2_decawave/install/decawave_interfaces/local/lib/python3.10/dist-packages/decawave_interfaces-0.0.0-py3.10.egg-info/PKG-INFO
[0.727s] -- Installing: /root/ros2_decawave/install/decawave_interfaces/local/lib/python3.10/dist-packages/decawave_interfaces-0.0.0-py3.10.egg-info/top_level.txt
[0.727s] -- Up-to-date: /root/ros2_decawave/install/decawave_interfaces/local/lib/python3.10/dist-packages/decawave_interfaces
[0.727s] -- Up-to-date: /root/ros2_decawave/install/decawave_interfaces/local/lib/python3.10/dist-packages/decawave_interfaces/libdecawave_interfaces__rosidl_generator_py.so
[0.727s] -- Up-to-date: /root/ros2_decawave/install/decawave_interfaces/local/lib/python3.10/dist-packages/decawave_interfaces/decawave_interfaces_s__rosidl_typesupport_c.cpython-310-x86_64-linux-gnu.so
[0.727s] -- Up-to-date: /root/ros2_decawave/install/decawave_interfaces/local/lib/python3.10/dist-packages/decawave_interfaces/_decawave_interfaces_s.ep.rosidl_typesupport_c.c
[0.727s] -- Up-to-date: /root/ros2_decawave/install/decawave_interfaces/local/lib/python3.10/dist-packages/decawave_interfaces/decawave_interfaces_s__rosidl_typesupport_fastrtps_c.cpython-310-x86_64-linux-gnu.so
[0.727s] -- Up-to-date: /root/ros2_decawave/install/decawave_interfaces/local/lib/python3.10/dist-packages/decawave_interfaces/_decawave_interfaces_s.ep.rosidl_typesupport_introspection_c.c
[0.727s] -- Up-to-date: /root/ros2_decawave/install/decawave_interfaces/local/lib/python3.10/dist-packages/decawave_interfaces/__init__.py
[0.727s] -- Up-to-date: /root/ros2_decawave/install/decawave_interfaces/local/lib/python3.10/dist-packages/decawave_interfaces/_decawave_interfaces_s.ep.rosidl_typesupport_fastrtps_c.c
[0.727s] -- Up-to-date: /root/ros2_decawave/install/decawave_interfaces/local/lib/python3.10/dist-packages/decawave_interfaces/decawave_interfaces_s__rosidl_typesupport_introspection_c.cpython-310-x86_64-linux-gnu.so
[0.727s] -- Up-to-date: /root/ros2_decawave/install/decawave_interfaces/local/lib/python3.10/dist-packages/decawave_interfaces/msg
[0.727s] -- Up-to-date: /root/ros2_decawave/install/decawave_interfaces/local/lib/python3.10/dist-packages/decawave_interfaces/msg/_deca_range_s.c
[0.727s] -- Up-to-date: /root/ros2_decawave/install/decawave_interfaces/local/lib/python3.10/dist-packages/decawave_interfaces/msg/_deca_range.py
[0.728s] -- Up-to-date: /root/ros2_decawave/install/decawave_interfaces/local/lib/python3.10/dist-packages/decawave_interfaces/msg/__init__.py
[0.761s] Listing '/root/ros2_decawave/install/decawave_interfaces/local/lib/python3.10/dist-packages/decawave_interfaces'...
[0.761s] Listing '/root/ros2_decawave/install/decawave_interfaces/local/lib/python3.10/dist-packages/decawave_interfaces/msg'...
[0.768s] -- Up-to-date: /root/ros2_decawave/install/decawave_interfaces/local/lib/python3.10/dist-packages/decawave_interfaces/decawave_interfaces_s__rosidl_typesupport_fastrtps_c.cpython-310-x86_64-linux-gnu.so
[0.768s] -- Up-to-date: /root/ros2_decawave/install/decawave_interfaces/local/lib/python3.10/dist-packages/decawave_interfaces/decawave_interfaces_s__rosidl_typesupport_introspection_c.cpython-310-x86_64-linux-gnu.so
[0.768s] -- Up-to-date: /root/ros2_decawave/install/decawave_interfaces/local/lib/python3.10/dist-packages/decawave_interfaces/decawave_interfaces_s__rosidl_typesupport_c.cpython-310-x86_64-linux-gnu.so
[0.769s] -- Up-to-date: /root/ros2_decawave/install/decawave_interfaces/lib/libdecawave_interfaces__rosidl_generator_py.so
[0.769s] -- Up-to-date: /root/ros2_decawave/install/decawave_interfaces/share/decawave_interfaces/msg/DecaRange.idl
[0.769s] -- Up-to-date: /root/ros2_decawave/install/decawave_interfaces/share/decawave_interfaces/msg/DecaRange.msg
[0.770s] -- Up-to-date: /root/ros2_decawave/install/decawave_interfaces/share/ament_index/resource_index/package_run_dependencies/decawave_interfaces
[0.770s] -- Up-to-date: /root/ros2_decawave/install/decawave_interfaces/share/ament_index/resource_index/parent_prefix_path/decawave_interfaces
[0.770s] -- Up-to-date: /root/ros2_decawave/install/decawave_interfaces/share/decawave_interfaces/environment/ament_prefix_path.sh
[0.771s] -- Up-to-date: /root/ros2_decawave/install/decawave_interfaces/share/decawave_interfaces/environment/ament_prefix_path.dsv
[0.771s] -- Up-to-date: /root/ros2_decawave/install/decawave_interfaces/share/decawave_interfaces/environment/path.sh
[0.771s] -- Up-to-date: /root/ros2_decawave/install/decawave_interfaces/share/decawave_interfaces/environment/path.dsv
[0.772s] -- Up-to-date: /root/ros2_decawave/install/decawave_interfaces/share/decawave_interfaces/local_setup.bash
[0.772s] -- Up-to-date: /root/ros2_decawave/install/decawave_interfaces/share/decawave_interfaces/local_setup.sh
[0.772s] -- Up-to-date: /root/ros2_decawave/install/decawave_interfaces/share/decawave_interfaces/local_setup.zsh
[0.772s] -- Up-to-date: /root/ros2_decawave/install/decawave_interfaces/share/decawave_interfaces/local_setup.dsv
[0.773s] -- Installing: /root/ros2_decawave/install/decawave_interfaces/share/decawave_interfaces/package.dsv
[0.773s] -- Up-to-date: /root/ros2_decawave/install/decawave_interfaces/share/ament_index/resource_index/packages/decawave_interfaces
[0.773s] -- Up-to-date: /root/ros2_decawave/install/decawave_interfaces/share/decawave_interfaces/cmake/export_decawave_interfaces__rosidl_generator_cExport.cmake
[0.773s] -- Up-to-date: /root/ros2_decawave/install/decawave_interfaces/share/decawave_interfaces/cmake/export_decawave_interfaces__rosidl_generator_cExport-noconfig.cmake
[0.773s] -- Up-to-date: /root/ros2_decawave/install/decawave_interfaces/share/decawave_interfaces/cmake/export_decawave_interfaces__rosidl_typesupport_fastrtps_cExport.cmake
[0.773s] -- Up-to-date: /root/ros2_decawave/install/decawave_interfaces/share/decawave_interfaces/cmake/export_decawave_interfaces__rosidl_typesupport_fastrtps_cExport-noconfig.cmake
[0.773s] -- Up-to-date: /root/ros2_decawave/install/decawave_interfaces/share/decawave_interfaces/cmake/export_decawave_interfaces__rosidl_generator_cppExport.cmake
[0.773s] -- Up-to-date: /root/ros2_decawave/install/decawave_interfaces/share/decawave_interfaces/cmake/export_decawave_interfaces__rosidl_typesupport_fastrtps_cppExport.cmake
[0.773s] -- Up-to-date: /root/ros2_decawave/install/decawave_interfaces/share/decawave_interfaces/cmake/export_decawave_interfaces__rosidl_typesupport_fastrtps_cppExport-noconfig.cmake
[0.773s] -- Up-to-date: /root/ros2_decawave/install/decawave_interfaces/share/decawave_interfaces/cmake/decawave_interfaces__rosidl_typesupport_introspection_cExport.cmake
[0.773s] -- Up-to-date: /root/ros2_decawave/install/decawave_interfaces/share/decawave_interfaces/cmake/decawave_interfaces__rosidl_typesupport_introspection_cExport-noconfig.cmake
[0.774s] -- Up-to-date: /root/ros2_decawave/install/decawave_interfaces/share/decawave_interfaces/cmake/decawave_interfaces__rosidl_typesupport_cExport.cmake
[0.774s] -- Up-to-date: /root/ros2_decawave/install/decawave_interfaces/share/decawave_interfaces/cmake/decawave_interfaces__rosidl_typesupport_cExport-noconfig.cmake
[0.774s] -- Up-to-date: /root/ros2_decawave/install/decawave_interfaces/share/decawave_interfaces/cmake/decawave_interfaces__rosidl_typesupport_introspection_cppExport.cmake
[0.774s] -- Up-to-date: /root/ros2_decawave/install/decawave_interfaces/share/decawave_interfaces/cmake/decawave_interfaces__rosidl_typesupport_introspection_cppExport-noconfig.cmake
[0.774s] -- Up-to-date: /root/ros2_decawave/install/decawave_interfaces/share/decawave_interfaces/cmake/decawave_interfaces__rosidl_typesupport_cppExport.cmake
[0.774s] -- Up-to-date: /root/ros2_decawave/install/decawave_interfaces/share/decawave_interfaces/cmake/decawave_interfaces__rosidl_typesupport_cppExport-noconfig.cmake
[0.774s] -- Up-to-date: /root/ros2_decawave/install/decawave_interfaces/share/decawave_interfaces/cmake/export_decawave_interfaces__rosidl_generator_pyExport.cmake
[0.774s] -- Up-to-date: /root/ros2_decawave/install/decawave_interfaces/share/decawave_interfaces/cmake/export_decawave_interfaces__rosidl_generator_pyExport-noconfig.cmake
[0.774s] -- Up-to-date: /root/ros2_decawave/install/decawave_interfaces/share/decawave_interfaces/cmake/rosidl_cmake-extras.cmake
[0.774s] -- Up-to-date: /root/ros2_decawave/install/decawave_interfaces/share/decawave_interfaces/cmake/ament_cmake_export_dependencies-extras.cmake
[0.774s] -- Up-to-date: /root/ros2_decawave/install/decawave_interfaces/share/decawave_interfaces/cmake/ament_cmake_export_include_directories-extras.cmake
[0.774s] -- Up-to-date: /root/ros2_decawave/install/decawave_interfaces/share/decawave_interfaces/cmake/ament_cmake_export_libraries-extras.cmake
[0.775s] -- Up-to-date: /root/ros2_decawave/install/decawave_interfaces/share/decawave_interfaces/cmake/ament_cmake_export_targets-extras.cmake
[0.775s] -- Up-to-date: /root/ros2_decawave/install/decawave_interfaces/share/decawave_interfaces/cmake/rosidl_cmake_export_typesupport_targets-extras.cmake
[0.776s] -- Up-to-date: /root/ros2_decawave/install/decawave_interfaces/share/decawave_interfaces/cmake/rosidl_cmake_export_typesupport_libraries-extras.cmake
[0.776s] -- Up-to-date: /root/ros2_decawave/install/decawave_interfaces/share/decawave_interfaces/cmake/decawave_interfacesConfig.cmake
[0.776s] -- Up-to-date: /root/ros2_decawave/install/decawave_interfaces/share/decawave_interfaces/cmake/decawave_interfacesConfig-version.cmake
[0.776s] -- Up-to-date: /root/ros2_decawave/install/decawave_interfaces/share/decawave_interfaces/package.xml
[0.777s] Invoked command in '/root/ros2_decawave/build/decawave_interfaces' returned '0': CMAKE_PREFIX_PATH=${CMAKE_PREFIX_PATH}:/root/ros2_decawave/install/decawave_test_controller:/root/ros2_ws/install/my_robot_controller:/opt/ros/humble PS1=(myenv) \[\e]0;\u@\h: \w\a\]${debian_chroot:+($debian_chroot)}\u@\h:\w\$ VIRTUAL_ENV_PROMPT=(myenv) /usr/bin/cmake --install /root/ros2_decawave/build/decawave_interfaces
