-- The C compiler identification is GNU 11.3.0
-- The CXX compiler identification is GNU 11.3.0
-- Detecting C compiler ABI info
-- Detecting C compiler ABI info - done
-- Check for working C compiler: /usr/bin/cc - skipped
-- Detecting C compile features
-- Detecting C compile features - done
-- Detecting CXX compiler ABI info
-- Detecting CXX compiler ABI info - done
-- Check for working CXX compiler: /usr/bin/c++ - skipped
-- Detecting CXX compile features
-- Detecting CXX compile features - done
-- Found ament_cmake: 1.3.4 (/opt/ros/humble/share/ament_cmake/cmake)
-- Found Python3: /usr/bin/python3.10 (found version "3.10.6") found components: Interpreter 
-- Found std_msgs: 4.2.3 (/opt/ros/humble/share/std_msgs/cmake)
-- Found rosidl_generator_c: 3.1.4 (/opt/ros/humble/share/rosidl_generator_c/cmake)
-- Found rosidl_adapter: 3.1.4 (/opt/ros/humble/share/rosidl_adapter/cmake)
-- Found rosidl_generator_cpp: 3.1.4 (/opt/ros/humble/share/rosidl_generator_cpp/cmake)
-- Using all available rosidl_typesupport_c: rosidl_typesupport_fastrtps_c;rosidl_typesupport_introspection_c
-- Using all available rosidl_typesupport_cpp: rosidl_typesupport_fastrtps_cpp;rosidl_typesupport_introspection_cpp
-- Found rosidl_default_generators: 1.2.0 (/opt/ros/humble/share/rosidl_default_generators/cmake)
-- Found ament_cmake_ros: 0.10.0 (/opt/ros/humble/share/ament_cmake_ros/cmake)
-- Using all available rosidl_typesupport_c: rosidl_typesupport_fastrtps_c;rosidl_typesupport_introspection_c
-- Using all available rosidl_typesupport_cpp: rosidl_typesupport_fastrtps_cpp;rosidl_typesupport_introspection_cpp
-- Found PythonInterp: /usr/bin/python3 (found suitable version "3.10.6", minimum required is "3.6") 
-- Found python_cmake_module: 0.10.0 (/opt/ros/humble/share/python_cmake_module/cmake)
-- Found PythonLibs: /usr/lib/x86_64-linux-gnu/libpython3.10.so (found suitable version "3.10.6", minimum required is "3.5") 
-- Using PYTHON_EXECUTABLE: /usr/bin/python3
-- Using PYTHON_INCLUDE_DIRS: /usr/include/python3.10
-- Using PYTHON_LIBRARIES: /usr/lib/x86_64-linux-gnu/libpython3.10.so
-- Found PythonExtra: .so  
-- Configuring done
-- Generating done
-- Build files have been written to: /root/ros2_decawave/build/decawave_msg
[  3%] [34m[1mGenerating C code for ROS interfaces[0m
[  6%] [34m[1mGenerating C++ code for ROS interfaces[0m
[  6%] Built target ament_cmake_python_copy_decawave_msg
[  6%] Built target decawave_msg__cpp
[ 12%] [34m[1mGenerating C++ type support dispatch for ROS interfaces[0m
[ 12%] [34m[1mGenerating C++ type support for eProsima Fast-RTPS[0m
[ 16%] [34m[1mGenerating C++ introspection for ROS interfaces[0m
[ 19%] [32mBuilding C object CMakeFiles/decawave_msg__rosidl_generator_c.dir/rosidl_generator_c/decawave_msg/msg/detail/range__functions.c.o[0m
running egg_info
creating decawave_msg.egg-info
writing decawave_msg.egg-info/PKG-INFO
writing dependency_links to decawave_msg.egg-info/dependency_links.txt
writing top-level names to decawave_msg.egg-info/top_level.txt
writing manifest file 'decawave_msg.egg-info/SOURCES.txt'
reading manifest file 'decawave_msg.egg-info/SOURCES.txt'
writing manifest file 'decawave_msg.egg-info/SOURCES.txt'
[ 19%] Built target ament_cmake_python_build_decawave_msg_egg
[ 22%] [32m[1mLinking C shared library libdecawave_msg__rosidl_generator_c.so[0m
[ 25%] [32mBuilding CXX object CMakeFiles/decawave_msg__rosidl_typesupport_cpp.dir/rosidl_typesupport_cpp/decawave_msg/msg/range__type_support.cpp.o[0m
[ 29%] [32mBuilding CXX object CMakeFiles/decawave_msg__rosidl_typesupport_fastrtps_cpp.dir/rosidl_typesupport_fastrtps_cpp/decawave_msg/msg/detail/dds_fastrtps/range__type_support.cpp.o[0m
[ 32%] [32mBuilding CXX object CMakeFiles/decawave_msg__rosidl_typesupport_introspection_cpp.dir/rosidl_typesupport_introspection_cpp/decawave_msg/msg/detail/range__type_support.cpp.o[0m
[ 32%] Built target decawave_msg__rosidl_generator_c
[ 38%] [34m[1mGenerating C type support for eProsima Fast-RTPS[0m
[ 38%] [34m[1mGenerating C introspection for ROS interfaces[0m
[ 41%] [34m[1mGenerating C type support dispatch for ROS interfaces[0m
[ 45%] [32mBuilding CXX object CMakeFiles/decawave_msg__rosidl_typesupport_c.dir/rosidl_typesupport_c/decawave_msg/msg/range__type_support.cpp.o[0m
[ 48%] [32m[1mLinking CXX shared library libdecawave_msg__rosidl_typesupport_c.so[0m
[ 51%] [32mBuilding CXX object CMakeFiles/decawave_msg__rosidl_typesupport_fastrtps_c.dir/rosidl_typesupport_fastrtps_c/decawave_msg/msg/detail/range__type_support_c.cpp.o[0m
[ 54%] [32mBuilding C object CMakeFiles/decawave_msg__rosidl_typesupport_introspection_c.dir/rosidl_typesupport_introspection_c/decawave_msg/msg/detail/range__type_support.c.o[0m
[ 58%] [32m[1mLinking CXX shared library libdecawave_msg__rosidl_typesupport_cpp.so[0m
[ 61%] [32m[1mLinking C shared library libdecawave_msg__rosidl_typesupport_introspection_c.so[0m
[ 64%] [32m[1mLinking CXX shared library libdecawave_msg__rosidl_typesupport_introspection_cpp.so[0m
[ 64%] Built target decawave_msg__rosidl_typesupport_c
[ 64%] Built target decawave_msg__rosidl_typesupport_cpp
[ 64%] Built target decawave_msg__rosidl_typesupport_introspection_c
[ 67%] [32m[1mLinking CXX shared library libdecawave_msg__rosidl_typesupport_fastrtps_cpp.so[0m
[ 67%] Built target decawave_msg__rosidl_typesupport_introspection_cpp
[ 70%] [32m[1mLinking CXX shared library libdecawave_msg__rosidl_typesupport_fastrtps_c.so[0m
[ 70%] Built target decawave_msg__rosidl_typesupport_fastrtps_cpp
[ 70%] Built target decawave_msg__rosidl_typesupport_fastrtps_c
[ 70%] Built target decawave_msg
[ 74%] [34m[1mGenerating Python code for ROS interfaces[0m
[ 74%] Built target decawave_msg__py
[ 77%] [32mBuilding C object CMakeFiles/decawave_msg__rosidl_generator_py.dir/rosidl_generator_py/decawave_msg/msg/_range_s.c.o[0m
[ 80%] [32m[1mLinking C shared library rosidl_generator_py/decawave_msg/libdecawave_msg__rosidl_generator_py.so[0m
[ 80%] Built target decawave_msg__rosidl_generator_py
[ 83%] [32mBuilding C object CMakeFiles/decawave_msg__rosidl_typesupport_c__pyext.dir/rosidl_generator_py/decawave_msg/_decawave_msg_s.ep.rosidl_typesupport_c.c.o[0m
[ 90%] [32mBuilding C object CMakeFiles/decawave_msg__rosidl_typesupport_introspection_c__pyext.dir/rosidl_generator_py/decawave_msg/_decawave_msg_s.ep.rosidl_typesupport_introspection_c.c.o[0m
[ 90%] [32mBuilding C object CMakeFiles/decawave_msg__rosidl_typesupport_fastrtps_c__pyext.dir/rosidl_generator_py/decawave_msg/_decawave_msg_s.ep.rosidl_typesupport_fastrtps_c.c.o[0m
[ 93%] [32m[1mLinking C shared library rosidl_generator_py/decawave_msg/decawave_msg_s__rosidl_typesupport_c.cpython-310-x86_64-linux-gnu.so[0m
[100%] [32m[1mLinking C shared library rosidl_generator_py/decawave_msg/decawave_msg_s__rosidl_typesupport_fastrtps_c.cpython-310-x86_64-linux-gnu.so[0m
[100%] [32m[1mLinking C shared library rosidl_generator_py/decawave_msg/decawave_msg_s__rosidl_typesupport_introspection_c.cpython-310-x86_64-linux-gnu.so[0m
[100%] Built target decawave_msg__rosidl_typesupport_c__pyext
[100%] Built target decawave_msg__rosidl_typesupport_fastrtps_c__pyext
[100%] Built target decawave_msg__rosidl_typesupport_introspection_c__pyext
-- Install configuration: ""
-- Installing: /root/ros2_decawave/install/decawave_msg/share/ament_index/resource_index/rosidl_interfaces/decawave_msg
-- Installing: /root/ros2_decawave/install/decawave_msg/include/decawave_msg/decawave_msg
-- Installing: /root/ros2_decawave/install/decawave_msg/include/decawave_msg/decawave_msg/msg
-- Installing: /root/ros2_decawave/install/decawave_msg/include/decawave_msg/decawave_msg/msg/range.h
-- Installing: /root/ros2_decawave/install/decawave_msg/include/decawave_msg/decawave_msg/msg/detail
-- Installing: /root/ros2_decawave/install/decawave_msg/include/decawave_msg/decawave_msg/msg/detail/range__type_support.h
-- Installing: /root/ros2_decawave/install/decawave_msg/include/decawave_msg/decawave_msg/msg/detail/range__functions.c
-- Installing: /root/ros2_decawave/install/decawave_msg/include/decawave_msg/decawave_msg/msg/detail/range__struct.h
-- Installing: /root/ros2_decawave/install/decawave_msg/include/decawave_msg/decawave_msg/msg/detail/range__functions.h
-- Installing: /root/ros2_decawave/install/decawave_msg/include/decawave_msg/decawave_msg/msg/rosidl_generator_c__visibility_control.h
-- Installing: /root/ros2_decawave/install/decawave_msg/share/decawave_msg/environment/library_path.sh
-- Installing: /root/ros2_decawave/install/decawave_msg/share/decawave_msg/environment/library_path.dsv
-- Installing: /root/ros2_decawave/install/decawave_msg/lib/libdecawave_msg__rosidl_generator_c.so
-- Set runtime path of "/root/ros2_decawave/install/decawave_msg/lib/libdecawave_msg__rosidl_generator_c.so" to ""
-- Up-to-date: /root/ros2_decawave/install/decawave_msg/include/decawave_msg/decawave_msg
-- Up-to-date: /root/ros2_decawave/install/decawave_msg/include/decawave_msg/decawave_msg/msg
-- Installing: /root/ros2_decawave/install/decawave_msg/include/decawave_msg/decawave_msg/msg/rosidl_typesupport_fastrtps_c__visibility_control.h
-- Up-to-date: /root/ros2_decawave/install/decawave_msg/include/decawave_msg/decawave_msg/msg/detail
-- Installing: /root/ros2_decawave/install/decawave_msg/include/decawave_msg/decawave_msg/msg/detail/range__rosidl_typesupport_fastrtps_c.h
-- Installing: /root/ros2_decawave/install/decawave_msg/lib/libdecawave_msg__rosidl_typesupport_fastrtps_c.so
-- Set runtime path of "/root/ros2_decawave/install/decawave_msg/lib/libdecawave_msg__rosidl_typesupport_fastrtps_c.so" to ""
-- Up-to-date: /root/ros2_decawave/install/decawave_msg/include/decawave_msg/decawave_msg
-- Up-to-date: /root/ros2_decawave/install/decawave_msg/include/decawave_msg/decawave_msg/msg
-- Installing: /root/ros2_decawave/install/decawave_msg/include/decawave_msg/decawave_msg/msg/range.hpp
-- Up-to-date: /root/ros2_decawave/install/decawave_msg/include/decawave_msg/decawave_msg/msg/detail
-- Installing: /root/ros2_decawave/install/decawave_msg/include/decawave_msg/decawave_msg/msg/detail/range__builder.hpp
-- Installing: /root/ros2_decawave/install/decawave_msg/include/decawave_msg/decawave_msg/msg/detail/range__traits.hpp
-- Installing: /root/ros2_decawave/install/decawave_msg/include/decawave_msg/decawave_msg/msg/detail/range__struct.hpp
-- Up-to-date: /root/ros2_decawave/install/decawave_msg/include/decawave_msg/decawave_msg
-- Up-to-date: /root/ros2_decawave/install/decawave_msg/include/decawave_msg/decawave_msg/msg
-- Up-to-date: /root/ros2_decawave/install/decawave_msg/include/decawave_msg/decawave_msg/msg/detail
-- Installing: /root/ros2_decawave/install/decawave_msg/include/decawave_msg/decawave_msg/msg/detail/range__rosidl_typesupport_fastrtps_cpp.hpp
-- Installing: /root/ros2_decawave/install/decawave_msg/include/decawave_msg/decawave_msg/msg/detail/dds_fastrtps
-- Installing: /root/ros2_decawave/install/decawave_msg/include/decawave_msg/decawave_msg/msg/rosidl_typesupport_fastrtps_cpp__visibility_control.h
-- Installing: /root/ros2_decawave/install/decawave_msg/lib/libdecawave_msg__rosidl_typesupport_fastrtps_cpp.so
-- Set runtime path of "/root/ros2_decawave/install/decawave_msg/lib/libdecawave_msg__rosidl_typesupport_fastrtps_cpp.so" to ""
-- Up-to-date: /root/ros2_decawave/install/decawave_msg/include/decawave_msg/decawave_msg
-- Up-to-date: /root/ros2_decawave/install/decawave_msg/include/decawave_msg/decawave_msg/msg
-- Installing: /root/ros2_decawave/install/decawave_msg/include/decawave_msg/decawave_msg/msg/rosidl_typesupport_introspection_c__visibility_control.h
-- Up-to-date: /root/ros2_decawave/install/decawave_msg/include/decawave_msg/decawave_msg/msg/detail
-- Installing: /root/ros2_decawave/install/decawave_msg/include/decawave_msg/decawave_msg/msg/detail/range__rosidl_typesupport_introspection_c.h
-- Installing: /root/ros2_decawave/install/decawave_msg/include/decawave_msg/decawave_msg/msg/detail/range__type_support.c
-- Installing: /root/ros2_decawave/install/decawave_msg/lib/libdecawave_msg__rosidl_typesupport_introspection_c.so
-- Set runtime path of "/root/ros2_decawave/install/decawave_msg/lib/libdecawave_msg__rosidl_typesupport_introspection_c.so" to ""
-- Installing: /root/ros2_decawave/install/decawave_msg/lib/libdecawave_msg__rosidl_typesupport_c.so
-- Set runtime path of "/root/ros2_decawave/install/decawave_msg/lib/libdecawave_msg__rosidl_typesupport_c.so" to ""
-- Up-to-date: /root/ros2_decawave/install/decawave_msg/include/decawave_msg/decawave_msg
-- Up-to-date: /root/ros2_decawave/install/decawave_msg/include/decawave_msg/decawave_msg/msg
-- Up-to-date: /root/ros2_decawave/install/decawave_msg/include/decawave_msg/decawave_msg/msg/detail
-- Installing: /root/ros2_decawave/install/decawave_msg/include/decawave_msg/decawave_msg/msg/detail/range__type_support.cpp
-- Installing: /root/ros2_decawave/install/decawave_msg/include/decawave_msg/decawave_msg/msg/detail/range__rosidl_typesupport_introspection_cpp.hpp
-- Installing: /root/ros2_decawave/install/decawave_msg/lib/libdecawave_msg__rosidl_typesupport_introspection_cpp.so
-- Set runtime path of "/root/ros2_decawave/install/decawave_msg/lib/libdecawave_msg__rosidl_typesupport_introspection_cpp.so" to ""
-- Installing: /root/ros2_decawave/install/decawave_msg/lib/libdecawave_msg__rosidl_typesupport_cpp.so
-- Set runtime path of "/root/ros2_decawave/install/decawave_msg/lib/libdecawave_msg__rosidl_typesupport_cpp.so" to ""
-- Installing: /root/ros2_decawave/install/decawave_msg/share/decawave_msg/environment/pythonpath.sh
-- Installing: /root/ros2_decawave/install/decawave_msg/share/decawave_msg/environment/pythonpath.dsv
-- Installing: /root/ros2_decawave/install/decawave_msg/local/lib/python3.10/dist-packages/decawave_msg-0.0.0-py3.10.egg-info
-- Installing: /root/ros2_decawave/install/decawave_msg/local/lib/python3.10/dist-packages/decawave_msg-0.0.0-py3.10.egg-info/dependency_links.txt
-- Installing: /root/ros2_decawave/install/decawave_msg/local/lib/python3.10/dist-packages/decawave_msg-0.0.0-py3.10.egg-info/SOURCES.txt
-- Installing: /root/ros2_decawave/install/decawave_msg/local/lib/python3.10/dist-packages/decawave_msg-0.0.0-py3.10.egg-info/PKG-INFO
-- Installing: /root/ros2_decawave/install/decawave_msg/local/lib/python3.10/dist-packages/decawave_msg-0.0.0-py3.10.egg-info/top_level.txt
-- Installing: /root/ros2_decawave/install/decawave_msg/local/lib/python3.10/dist-packages/decawave_msg
-- Installing: /root/ros2_decawave/install/decawave_msg/local/lib/python3.10/dist-packages/decawave_msg/libdecawave_msg__rosidl_generator_py.so
-- Installing: /root/ros2_decawave/install/decawave_msg/local/lib/python3.10/dist-packages/decawave_msg/decawave_msg_s__rosidl_typesupport_fastrtps_c.cpython-310-x86_64-linux-gnu.so
-- Installing: /root/ros2_decawave/install/decawave_msg/local/lib/python3.10/dist-packages/decawave_msg/decawave_msg_s__rosidl_typesupport_introspection_c.cpython-310-x86_64-linux-gnu.so
-- Installing: /root/ros2_decawave/install/decawave_msg/local/lib/python3.10/dist-packages/decawave_msg/_decawave_msg_s.ep.rosidl_typesupport_c.c
-- Installing: /root/ros2_decawave/install/decawave_msg/local/lib/python3.10/dist-packages/decawave_msg/decawave_msg_s__rosidl_typesupport_c.cpython-310-x86_64-linux-gnu.so
-- Installing: /root/ros2_decawave/install/decawave_msg/local/lib/python3.10/dist-packages/decawave_msg/_decawave_msg_s.ep.rosidl_typesupport_introspection_c.c
-- Installing: /root/ros2_decawave/install/decawave_msg/local/lib/python3.10/dist-packages/decawave_msg/_decawave_msg_s.ep.rosidl_typesupport_fastrtps_c.c
-- Installing: /root/ros2_decawave/install/decawave_msg/local/lib/python3.10/dist-packages/decawave_msg/__init__.py
-- Installing: /root/ros2_decawave/install/decawave_msg/local/lib/python3.10/dist-packages/decawave_msg/msg
-- Installing: /root/ros2_decawave/install/decawave_msg/local/lib/python3.10/dist-packages/decawave_msg/msg/_range.py
-- Installing: /root/ros2_decawave/install/decawave_msg/local/lib/python3.10/dist-packages/decawave_msg/msg/_range_s.c
-- Installing: /root/ros2_decawave/install/decawave_msg/local/lib/python3.10/dist-packages/decawave_msg/msg/__init__.py
Listing '/root/ros2_decawave/install/decawave_msg/local/lib/python3.10/dist-packages/decawave_msg'...
Compiling '/root/ros2_decawave/install/decawave_msg/local/lib/python3.10/dist-packages/decawave_msg/__init__.py'...
Listing '/root/ros2_decawave/install/decawave_msg/local/lib/python3.10/dist-packages/decawave_msg/msg'...
Compiling '/root/ros2_decawave/install/decawave_msg/local/lib/python3.10/dist-packages/decawave_msg/msg/__init__.py'...
Compiling '/root/ros2_decawave/install/decawave_msg/local/lib/python3.10/dist-packages/decawave_msg/msg/_range.py'...
-- Installing: /root/ros2_decawave/install/decawave_msg/local/lib/python3.10/dist-packages/decawave_msg/decawave_msg_s__rosidl_typesupport_fastrtps_c.cpython-310-x86_64-linux-gnu.so
-- Set runtime path of "/root/ros2_decawave/install/decawave_msg/local/lib/python3.10/dist-packages/decawave_msg/decawave_msg_s__rosidl_typesupport_fastrtps_c.cpython-310-x86_64-linux-gnu.so" to ""
-- Installing: /root/ros2_decawave/install/decawave_msg/local/lib/python3.10/dist-packages/decawave_msg/decawave_msg_s__rosidl_typesupport_introspection_c.cpython-310-x86_64-linux-gnu.so
-- Set runtime path of "/root/ros2_decawave/install/decawave_msg/local/lib/python3.10/dist-packages/decawave_msg/decawave_msg_s__rosidl_typesupport_introspection_c.cpython-310-x86_64-linux-gnu.so" to ""
-- Installing: /root/ros2_decawave/install/decawave_msg/local/lib/python3.10/dist-packages/decawave_msg/decawave_msg_s__rosidl_typesupport_c.cpython-310-x86_64-linux-gnu.so
-- Set runtime path of "/root/ros2_decawave/install/decawave_msg/local/lib/python3.10/dist-packages/decawave_msg/decawave_msg_s__rosidl_typesupport_c.cpython-310-x86_64-linux-gnu.so" to ""
-- Installing: /root/ros2_decawave/install/decawave_msg/lib/libdecawave_msg__rosidl_generator_py.so
-- Set runtime path of "/root/ros2_decawave/install/decawave_msg/lib/libdecawave_msg__rosidl_generator_py.so" to ""
-- Installing: /root/ros2_decawave/install/decawave_msg/share/decawave_msg/msg/Range.idl
-- Installing: /root/ros2_decawave/install/decawave_msg/share/decawave_msg/msg/Range.msg
-- Installing: /root/ros2_decawave/install/decawave_msg/share/ament_index/resource_index/package_run_dependencies/decawave_msg
-- Installing: /root/ros2_decawave/install/decawave_msg/share/ament_index/resource_index/parent_prefix_path/decawave_msg
-- Installing: /root/ros2_decawave/install/decawave_msg/share/decawave_msg/environment/ament_prefix_path.sh
-- Installing: /root/ros2_decawave/install/decawave_msg/share/decawave_msg/environment/ament_prefix_path.dsv
-- Installing: /root/ros2_decawave/install/decawave_msg/share/decawave_msg/environment/path.sh
-- Installing: /root/ros2_decawave/install/decawave_msg/share/decawave_msg/environment/path.dsv
-- Installing: /root/ros2_decawave/install/decawave_msg/share/decawave_msg/local_setup.bash
-- Installing: /root/ros2_decawave/install/decawave_msg/share/decawave_msg/local_setup.sh
-- Installing: /root/ros2_decawave/install/decawave_msg/share/decawave_msg/local_setup.zsh
-- Installing: /root/ros2_decawave/install/decawave_msg/share/decawave_msg/local_setup.dsv
-- Installing: /root/ros2_decawave/install/decawave_msg/share/decawave_msg/package.dsv
-- Installing: /root/ros2_decawave/install/decawave_msg/share/ament_index/resource_index/packages/decawave_msg
-- Installing: /root/ros2_decawave/install/decawave_msg/share/decawave_msg/cmake/export_decawave_msg__rosidl_generator_cExport.cmake
-- Installing: /root/ros2_decawave/install/decawave_msg/share/decawave_msg/cmake/export_decawave_msg__rosidl_generator_cExport-noconfig.cmake
-- Installing: /root/ros2_decawave/install/decawave_msg/share/decawave_msg/cmake/export_decawave_msg__rosidl_typesupport_fastrtps_cExport.cmake
-- Installing: /root/ros2_decawave/install/decawave_msg/share/decawave_msg/cmake/export_decawave_msg__rosidl_typesupport_fastrtps_cExport-noconfig.cmake
-- Installing: /root/ros2_decawave/install/decawave_msg/share/decawave_msg/cmake/export_decawave_msg__rosidl_generator_cppExport.cmake
-- Installing: /root/ros2_decawave/install/decawave_msg/share/decawave_msg/cmake/export_decawave_msg__rosidl_typesupport_fastrtps_cppExport.cmake
-- Installing: /root/ros2_decawave/install/decawave_msg/share/decawave_msg/cmake/export_decawave_msg__rosidl_typesupport_fastrtps_cppExport-noconfig.cmake
-- Installing: /root/ros2_decawave/install/decawave_msg/share/decawave_msg/cmake/decawave_msg__rosidl_typesupport_introspection_cExport.cmake
-- Installing: /root/ros2_decawave/install/decawave_msg/share/decawave_msg/cmake/decawave_msg__rosidl_typesupport_introspection_cExport-noconfig.cmake
-- Installing: /root/ros2_decawave/install/decawave_msg/share/decawave_msg/cmake/decawave_msg__rosidl_typesupport_cExport.cmake
-- Installing: /root/ros2_decawave/install/decawave_msg/share/decawave_msg/cmake/decawave_msg__rosidl_typesupport_cExport-noconfig.cmake
-- Installing: /root/ros2_decawave/install/decawave_msg/share/decawave_msg/cmake/decawave_msg__rosidl_typesupport_introspection_cppExport.cmake
-- Installing: /root/ros2_decawave/install/decawave_msg/share/decawave_msg/cmake/decawave_msg__rosidl_typesupport_introspection_cppExport-noconfig.cmake
-- Installing: /root/ros2_decawave/install/decawave_msg/share/decawave_msg/cmake/decawave_msg__rosidl_typesupport_cppExport.cmake
-- Installing: /root/ros2_decawave/install/decawave_msg/share/decawave_msg/cmake/decawave_msg__rosidl_typesupport_cppExport-noconfig.cmake
-- Installing: /root/ros2_decawave/install/decawave_msg/share/decawave_msg/cmake/export_decawave_msg__rosidl_generator_pyExport.cmake
-- Installing: /root/ros2_decawave/install/decawave_msg/share/decawave_msg/cmake/export_decawave_msg__rosidl_generator_pyExport-noconfig.cmake
-- Installing: /root/ros2_decawave/install/decawave_msg/share/decawave_msg/cmake/rosidl_cmake-extras.cmake
-- Installing: /root/ros2_decawave/install/decawave_msg/share/decawave_msg/cmake/ament_cmake_export_dependencies-extras.cmake
-- Installing: /root/ros2_decawave/install/decawave_msg/share/decawave_msg/cmake/ament_cmake_export_include_directories-extras.cmake
-- Installing: /root/ros2_decawave/install/decawave_msg/share/decawave_msg/cmake/ament_cmake_export_libraries-extras.cmake
-- Installing: /root/ros2_decawave/install/decawave_msg/share/decawave_msg/cmake/ament_cmake_export_targets-extras.cmake
-- Installing: /root/ros2_decawave/install/decawave_msg/share/decawave_msg/cmake/rosidl_cmake_export_typesupport_targets-extras.cmake
-- Installing: /root/ros2_decawave/install/decawave_msg/share/decawave_msg/cmake/rosidl_cmake_export_typesupport_libraries-extras.cmake
-- Installing: /root/ros2_decawave/install/decawave_msg/share/decawave_msg/cmake/decawave_msgConfig.cmake
-- Installing: /root/ros2_decawave/install/decawave_msg/share/decawave_msg/cmake/decawave_msgConfig-version.cmake
-- Installing: /root/ros2_decawave/install/decawave_msg/share/decawave_msg/package.xml
