[0.197s] DEBUG:colcon:Command line arguments: ['/usr/bin/colcon', 'build', '--symlink-install']
[0.197s] DEBUG:colcon:Parsed command line arguments: Namespace(allow_overriding=[], ament_cmake_args=None, base_paths=['.'], build_base='build', catkin_cmake_args=None, catkin_skip_building_tests=False, cmake_args=None, cmake_clean_cache=False, cmake_clean_first=False, cmake_force_configure=False, cmake_target=None, cmake_target_skip_unavailable=False, continue_on_error=False, event_handlers=None, executor='parallel', ignore_user_meta=False, install_base='install', log_base=None, log_level=None, main=<bound method BuildVerb.main of <colcon_core.verb.build.BuildVerb object at 0x7fd8edf85b20>>, merge_install=False, metas=['./colcon.meta'], packages_above=None, packages_above_and_dependencies=None, packages_above_depth=None, packages_end=None, packages_ignore=None, packages_ignore_regex=None, packages_select=None, packages_select_build_failed=False, packages_select_by_dep=None, packages_select_regex=None, packages_select_test_failures=False, packages_skip=None, packages_skip_build_finished=False, packages_skip_by_dep=None, packages_skip_regex=None, packages_skip_test_passed=False, packages_skip_up_to=None, packages_start=None, packages_up_to=None, packages_up_to_regex=None, parallel_workers=16, paths=None, symlink_install=True, test_result_base=None, verb_extension=<colcon_core.verb.build.BuildVerb object at 0x7fd8edf85b20>, verb_name='build', verb_parser=<colcon_defaults.argument_parser.defaults.DefaultArgumentsDecorator object at 0x7fd8edf910d0>)
[0.214s] Level 1:colcon.colcon_core.package_discovery:discover_packages(colcon_meta) check parameters
[0.214s] Level 1:colcon.colcon_core.package_discovery:discover_packages(recursive) check parameters
[0.214s] Level 1:colcon.colcon_core.package_discovery:discover_packages(ignore) check parameters
[0.214s] Level 1:colcon.colcon_core.package_discovery:discover_packages(path) check parameters
[0.214s] Level 1:colcon.colcon_core.package_discovery:discover_packages(colcon_meta) discover
[0.214s] Level 1:colcon.colcon_core.package_discovery:discover_packages(recursive) discover
[0.214s] INFO:colcon.colcon_core.package_discovery:Crawling recursively for packages in '/home/asrl/ros2_decawave'
[0.214s] Level 1:colcon.colcon_core.package_identification:_identify(.) by extensions ['ignore', 'ignore_ament_install']
[0.214s] Level 1:colcon.colcon_core.package_identification:_identify(.) by extension 'ignore'
[0.215s] Level 1:colcon.colcon_core.package_identification:_identify(.) by extension 'ignore_ament_install'
[0.215s] Level 1:colcon.colcon_core.package_identification:_identify(.) by extensions ['colcon_pkg']
[0.215s] Level 1:colcon.colcon_core.package_identification:_identify(.) by extension 'colcon_pkg'
[0.215s] Level 1:colcon.colcon_core.package_identification:_identify(.) by extensions ['colcon_meta']
[0.215s] Level 1:colcon.colcon_core.package_identification:_identify(.) by extension 'colcon_meta'
[0.215s] Level 1:colcon.colcon_core.package_identification:_identify(.) by extensions ['ros']
[0.215s] Level 1:colcon.colcon_core.package_identification:_identify(.) by extension 'ros'
[0.221s] Level 1:colcon.colcon_core.package_identification:_identify(.) by extensions ['cmake', 'python']
[0.221s] Level 1:colcon.colcon_core.package_identification:_identify(.) by extension 'cmake'
[0.221s] Level 1:colcon.colcon_core.package_identification:_identify(.) by extension 'python'
[0.221s] Level 1:colcon.colcon_core.package_identification:_identify(.) by extensions ['python_setup_py']
[0.221s] Level 1:colcon.colcon_core.package_identification:_identify(.) by extension 'python_setup_py'
[0.222s] Level 1:colcon.colcon_core.package_identification:_identify(build) by extensions ['ignore', 'ignore_ament_install']
[0.222s] Level 1:colcon.colcon_core.package_identification:_identify(build) by extension 'ignore'
[0.222s] Level 1:colcon.colcon_core.package_identification:_identify(build) ignored
[0.222s] Level 1:colcon.colcon_core.package_identification:_identify(install) by extensions ['ignore', 'ignore_ament_install']
[0.222s] Level 1:colcon.colcon_core.package_identification:_identify(install) by extension 'ignore'
[0.222s] Level 1:colcon.colcon_core.package_identification:_identify(install) ignored
[0.222s] Level 1:colcon.colcon_core.package_identification:_identify(log) by extensions ['ignore', 'ignore_ament_install']
[0.222s] Level 1:colcon.colcon_core.package_identification:_identify(log) by extension 'ignore'
[0.222s] Level 1:colcon.colcon_core.package_identification:_identify(log) ignored
[0.222s] Level 1:colcon.colcon_core.package_identification:_identify(src) by extensions ['ignore', 'ignore_ament_install']
[0.222s] Level 1:colcon.colcon_core.package_identification:_identify(src) by extension 'ignore'
[0.222s] Level 1:colcon.colcon_core.package_identification:_identify(src) by extension 'ignore_ament_install'
[0.222s] Level 1:colcon.colcon_core.package_identification:_identify(src) by extensions ['colcon_pkg']
[0.222s] Level 1:colcon.colcon_core.package_identification:_identify(src) by extension 'colcon_pkg'
[0.222s] Level 1:colcon.colcon_core.package_identification:_identify(src) by extensions ['colcon_meta']
[0.222s] Level 1:colcon.colcon_core.package_identification:_identify(src) by extension 'colcon_meta'
[0.222s] Level 1:colcon.colcon_core.package_identification:_identify(src) by extensions ['ros']
[0.222s] Level 1:colcon.colcon_core.package_identification:_identify(src) by extension 'ros'
[0.222s] Level 1:colcon.colcon_core.package_identification:_identify(src) by extensions ['cmake', 'python']
[0.222s] Level 1:colcon.colcon_core.package_identification:_identify(src) by extension 'cmake'
[0.222s] Level 1:colcon.colcon_core.package_identification:_identify(src) by extension 'python'
[0.222s] Level 1:colcon.colcon_core.package_identification:_identify(src) by extensions ['python_setup_py']
[0.222s] Level 1:colcon.colcon_core.package_identification:_identify(src) by extension 'python_setup_py'
[0.222s] Level 1:colcon.colcon_core.package_identification:_identify(src/decawave_interfaces) by extensions ['ignore', 'ignore_ament_install']
[0.222s] Level 1:colcon.colcon_core.package_identification:_identify(src/decawave_interfaces) by extension 'ignore'
[0.222s] Level 1:colcon.colcon_core.package_identification:_identify(src/decawave_interfaces) by extension 'ignore_ament_install'
[0.222s] Level 1:colcon.colcon_core.package_identification:_identify(src/decawave_interfaces) by extensions ['colcon_pkg']
[0.222s] Level 1:colcon.colcon_core.package_identification:_identify(src/decawave_interfaces) by extension 'colcon_pkg'
[0.223s] Level 1:colcon.colcon_core.package_identification:_identify(src/decawave_interfaces) by extensions ['colcon_meta']
[0.223s] Level 1:colcon.colcon_core.package_identification:_identify(src/decawave_interfaces) by extension 'colcon_meta'
[0.223s] Level 1:colcon.colcon_core.package_identification:_identify(src/decawave_interfaces) by extensions ['ros']
[0.223s] Level 1:colcon.colcon_core.package_identification:_identify(src/decawave_interfaces) by extension 'ros'
[0.224s] DEBUG:colcon.colcon_core.package_identification:Package 'src/decawave_interfaces' with type 'ros.ament_cmake' and name 'decawave_interfaces'
[0.224s] Level 1:colcon.colcon_core.package_identification:_identify(src/decawave_test_controller) by extensions ['ignore', 'ignore_ament_install']
[0.224s] Level 1:colcon.colcon_core.package_identification:_identify(src/decawave_test_controller) by extension 'ignore'
[0.224s] Level 1:colcon.colcon_core.package_identification:_identify(src/decawave_test_controller) by extension 'ignore_ament_install'
[0.224s] Level 1:colcon.colcon_core.package_identification:_identify(src/decawave_test_controller) by extensions ['colcon_pkg']
[0.224s] Level 1:colcon.colcon_core.package_identification:_identify(src/decawave_test_controller) by extension 'colcon_pkg'
[0.224s] Level 1:colcon.colcon_core.package_identification:_identify(src/decawave_test_controller) by extensions ['colcon_meta']
[0.224s] Level 1:colcon.colcon_core.package_identification:_identify(src/decawave_test_controller) by extension 'colcon_meta'
[0.224s] Level 1:colcon.colcon_core.package_identification:_identify(src/decawave_test_controller) by extensions ['ros']
[0.224s] Level 1:colcon.colcon_core.package_identification:_identify(src/decawave_test_controller) by extension 'ros'
[0.225s] DEBUG:colcon.colcon_core.package_identification:Package 'src/decawave_test_controller' with type 'ros.ament_python' and name 'decawave_test_controller'
[0.225s] Level 1:colcon.colcon_core.package_discovery:discover_packages(recursive) using defaults
[0.225s] Level 1:colcon.colcon_core.package_discovery:discover_packages(ignore) discover
[0.225s] Level 1:colcon.colcon_core.package_discovery:discover_packages(ignore) using defaults
[0.225s] Level 1:colcon.colcon_core.package_discovery:discover_packages(path) discover
[0.225s] Level 1:colcon.colcon_core.package_discovery:discover_packages(path) using defaults
[0.239s] Level 1:colcon.colcon_core.package_discovery:discover_packages(prefix_path) check parameters
[0.239s] Level 1:colcon.colcon_core.package_discovery:discover_packages(prefix_path) discover
[0.241s] DEBUG:colcon.colcon_installed_package_information.package_discovery:Found 3 installed packages in /home/asrl/ros2_decawave/install
[0.242s] DEBUG:colcon.colcon_installed_package_information.package_discovery:Found 263 installed packages in /opt/ros/foxy
[0.243s] Level 1:colcon.colcon_core.package_discovery:discover_packages(prefix_path) using defaults
[0.280s] Level 5:colcon.colcon_core.verb:set package 'decawave_interfaces' build argument 'cmake_args' from command line to 'None'
[0.280s] Level 5:colcon.colcon_core.verb:set package 'decawave_interfaces' build argument 'cmake_target' from command line to 'None'
[0.280s] Level 5:colcon.colcon_core.verb:set package 'decawave_interfaces' build argument 'cmake_target_skip_unavailable' from command line to 'False'
[0.280s] Level 5:colcon.colcon_core.verb:set package 'decawave_interfaces' build argument 'cmake_clean_cache' from command line to 'False'
[0.280s] Level 5:colcon.colcon_core.verb:set package 'decawave_interfaces' build argument 'cmake_clean_first' from command line to 'False'
[0.280s] Level 5:colcon.colcon_core.verb:set package 'decawave_interfaces' build argument 'cmake_force_configure' from command line to 'False'
[0.280s] Level 5:colcon.colcon_core.verb:set package 'decawave_interfaces' build argument 'ament_cmake_args' from command line to 'None'
[0.280s] Level 5:colcon.colcon_core.verb:set package 'decawave_interfaces' build argument 'catkin_cmake_args' from command line to 'None'
[0.280s] Level 5:colcon.colcon_core.verb:set package 'decawave_interfaces' build argument 'catkin_skip_building_tests' from command line to 'False'
[0.280s] DEBUG:colcon.colcon_core.verb:Building package 'decawave_interfaces' with the following arguments: {'ament_cmake_args': None, 'build_base': '/home/asrl/ros2_decawave/build/decawave_interfaces', 'catkin_cmake_args': None, 'catkin_skip_building_tests': False, 'cmake_args': None, 'cmake_clean_cache': False, 'cmake_clean_first': False, 'cmake_force_configure': False, 'cmake_target': None, 'cmake_target_skip_unavailable': False, 'install_base': '/home/asrl/ros2_decawave/install/decawave_interfaces', 'merge_install': False, 'path': '/home/asrl/ros2_decawave/src/decawave_interfaces', 'symlink_install': True, 'test_result_base': None}
[0.281s] Level 5:colcon.colcon_core.verb:set package 'decawave_test_controller' build argument 'cmake_args' from command line to 'None'
[0.281s] Level 5:colcon.colcon_core.verb:set package 'decawave_test_controller' build argument 'cmake_target' from command line to 'None'
[0.281s] Level 5:colcon.colcon_core.verb:set package 'decawave_test_controller' build argument 'cmake_target_skip_unavailable' from command line to 'False'
[0.281s] Level 5:colcon.colcon_core.verb:set package 'decawave_test_controller' build argument 'cmake_clean_cache' from command line to 'False'
[0.281s] Level 5:colcon.colcon_core.verb:set package 'decawave_test_controller' build argument 'cmake_clean_first' from command line to 'False'
[0.281s] Level 5:colcon.colcon_core.verb:set package 'decawave_test_controller' build argument 'cmake_force_configure' from command line to 'False'
[0.281s] Level 5:colcon.colcon_core.verb:set package 'decawave_test_controller' build argument 'ament_cmake_args' from command line to 'None'
[0.281s] Level 5:colcon.colcon_core.verb:set package 'decawave_test_controller' build argument 'catkin_cmake_args' from command line to 'None'
[0.281s] Level 5:colcon.colcon_core.verb:set package 'decawave_test_controller' build argument 'catkin_skip_building_tests' from command line to 'False'
[0.281s] DEBUG:colcon.colcon_core.verb:Building package 'decawave_test_controller' with the following arguments: {'ament_cmake_args': None, 'build_base': '/home/asrl/ros2_decawave/build/decawave_test_controller', 'catkin_cmake_args': None, 'catkin_skip_building_tests': False, 'cmake_args': None, 'cmake_clean_cache': False, 'cmake_clean_first': False, 'cmake_force_configure': False, 'cmake_target': None, 'cmake_target_skip_unavailable': False, 'install_base': '/home/asrl/ros2_decawave/install/decawave_test_controller', 'merge_install': False, 'path': '/home/asrl/ros2_decawave/src/decawave_test_controller', 'symlink_install': True, 'test_result_base': None}
[0.282s] INFO:colcon.colcon_core.executor:Executing jobs using 'parallel' executor
[0.284s] DEBUG:colcon.colcon_parallel_executor.executor.parallel:run_until_complete
[0.284s] INFO:colcon.colcon_ros.task.ament_cmake.build:Building ROS package in '/home/asrl/ros2_decawave/src/decawave_interfaces' with build type 'ament_cmake'
[0.285s] INFO:colcon.colcon_cmake.task.cmake.build:Building CMake package in '/home/asrl/ros2_decawave/src/decawave_interfaces'
[0.287s] INFO:colcon.colcon_core.plugin_system:Skipping extension 'colcon_core.shell.bat': Not used on non-Windows systems
[0.287s] INFO:colcon.colcon_core.shell:Skip shell extension 'powershell' for command environment: Not usable outside of PowerShell
[0.287s] DEBUG:colcon.colcon_core.shell:Skip shell extension 'dsv' for command environment
[0.295s] DEBUG:colcon.colcon_core.event_handler.log_command:Invoking command in '/home/asrl/ros2_decawave/build/decawave_interfaces': CMAKE_PREFIX_PATH=${CMAKE_PREFIX_PATH}:/opt/ros/foxy:/home/asrl/ros2_decawave/install/decawave_test_controller /usr/bin/cmake --build /home/asrl/ros2_decawave/build/decawave_interfaces -- -j16 -l16
[0.427s] DEBUG:colcon.colcon_core.event_handler.log_command:Invoked command in '/home/asrl/ros2_decawave/build/decawave_interfaces' returned '0': CMAKE_PREFIX_PATH=${CMAKE_PREFIX_PATH}:/opt/ros/foxy:/home/asrl/ros2_decawave/install/decawave_test_controller /usr/bin/cmake --build /home/asrl/ros2_decawave/build/decawave_interfaces -- -j16 -l16
[0.467s] DEBUG:colcon.colcon_core.event_handler.log_command:Invoking command in '/home/asrl/ros2_decawave/build/decawave_interfaces': CMAKE_PREFIX_PATH=${CMAKE_PREFIX_PATH}:/opt/ros/foxy:/home/asrl/ros2_decawave/install/decawave_test_controller /usr/bin/cmake --install /home/asrl/ros2_decawave/build/decawave_interfaces
[0.510s] Level 1:colcon.colcon_core.environment:create_environment_scripts_only(decawave_interfaces)
[0.512s] DEBUG:colcon.colcon_core.event_handler.log_command:Invoked command in '/home/asrl/ros2_decawave/build/decawave_interfaces' returned '0': CMAKE_PREFIX_PATH=${CMAKE_PREFIX_PATH}:/opt/ros/foxy:/home/asrl/ros2_decawave/install/decawave_test_controller /usr/bin/cmake --install /home/asrl/ros2_decawave/build/decawave_interfaces
[0.514s] Level 1:colcon.colcon_core.environment:checking '/home/asrl/ros2_decawave/install/decawave_interfaces' for CMake module files
[0.515s] Level 1:colcon.colcon_core.environment:checking '/home/asrl/ros2_decawave/install/decawave_interfaces' for CMake config files
[0.515s] Level 1:colcon.colcon_core.shell:create_environment_hook('decawave_interfaces', 'cmake_prefix_path')
[0.516s] INFO:colcon.colcon_core.shell:Creating environment hook '/home/asrl/ros2_decawave/install/decawave_interfaces/share/decawave_interfaces/hook/cmake_prefix_path.ps1'
[0.517s] INFO:colcon.colcon_core.shell:Creating environment descriptor '/home/asrl/ros2_decawave/install/decawave_interfaces/share/decawave_interfaces/hook/cmake_prefix_path.dsv'
[0.517s] INFO:colcon.colcon_core.shell:Creating environment hook '/home/asrl/ros2_decawave/install/decawave_interfaces/share/decawave_interfaces/hook/cmake_prefix_path.sh'
[0.517s] Level 1:colcon.colcon_core.environment:checking '/home/asrl/ros2_decawave/install/decawave_interfaces/lib'
[0.517s] Level 1:colcon.colcon_core.shell:create_environment_hook('decawave_interfaces', 'ld_library_path_lib')
[0.518s] INFO:colcon.colcon_core.shell:Creating environment hook '/home/asrl/ros2_decawave/install/decawave_interfaces/share/decawave_interfaces/hook/ld_library_path_lib.ps1'
[0.519s] INFO:colcon.colcon_core.shell:Creating environment descriptor '/home/asrl/ros2_decawave/install/decawave_interfaces/share/decawave_interfaces/hook/ld_library_path_lib.dsv'
[0.519s] INFO:colcon.colcon_core.shell:Creating environment hook '/home/asrl/ros2_decawave/install/decawave_interfaces/share/decawave_interfaces/hook/ld_library_path_lib.sh'
[0.519s] Level 1:colcon.colcon_core.environment:checking '/home/asrl/ros2_decawave/install/decawave_interfaces/bin'
[0.519s] Level 1:colcon.colcon_core.environment:checking '/home/asrl/ros2_decawave/install/decawave_interfaces/lib/pkgconfig/decawave_interfaces.pc'
[0.519s] Level 1:colcon.colcon_core.environment:checking '/home/asrl/ros2_decawave/install/decawave_interfaces/lib/python3.8/site-packages'
[0.519s] Level 1:colcon.colcon_core.shell:create_environment_hook('decawave_interfaces', 'pythonpath')
[0.520s] INFO:colcon.colcon_core.shell:Creating environment hook '/home/asrl/ros2_decawave/install/decawave_interfaces/share/decawave_interfaces/hook/pythonpath.ps1'
[0.520s] INFO:colcon.colcon_core.shell:Creating environment descriptor '/home/asrl/ros2_decawave/install/decawave_interfaces/share/decawave_interfaces/hook/pythonpath.dsv'
[0.520s] INFO:colcon.colcon_core.shell:Creating environment hook '/home/asrl/ros2_decawave/install/decawave_interfaces/share/decawave_interfaces/hook/pythonpath.sh'
[0.521s] Level 1:colcon.colcon_core.environment:checking '/home/asrl/ros2_decawave/install/decawave_interfaces/bin'
[0.522s] INFO:colcon.colcon_core.shell:Creating package script '/home/asrl/ros2_decawave/install/decawave_interfaces/share/decawave_interfaces/package.ps1'
[0.522s] INFO:colcon.colcon_core.shell:Creating package descriptor '/home/asrl/ros2_decawave/install/decawave_interfaces/share/decawave_interfaces/package.dsv'
[0.522s] INFO:colcon.colcon_core.shell:Creating package script '/home/asrl/ros2_decawave/install/decawave_interfaces/share/decawave_interfaces/package.sh'
[0.523s] INFO:colcon.colcon_core.shell:Creating package script '/home/asrl/ros2_decawave/install/decawave_interfaces/share/decawave_interfaces/package.bash'
[0.523s] INFO:colcon.colcon_core.shell:Creating package script '/home/asrl/ros2_decawave/install/decawave_interfaces/share/decawave_interfaces/package.zsh'
[0.523s] Level 1:colcon.colcon_core.environment:create_file_with_runtime_dependencies(/home/asrl/ros2_decawave/install/decawave_interfaces/share/colcon-core/packages/decawave_interfaces)
[0.558s] Level 1:colcon.colcon_core.environment:create_environment_scripts_only(decawave_interfaces)
[0.559s] Level 1:colcon.colcon_core.environment:checking '/home/asrl/ros2_decawave/install/decawave_interfaces' for CMake module files
[0.560s] Level 1:colcon.colcon_core.environment:checking '/home/asrl/ros2_decawave/install/decawave_interfaces' for CMake config files
[0.560s] Level 1:colcon.colcon_core.shell:create_environment_hook('decawave_interfaces', 'cmake_prefix_path')
[0.561s] INFO:colcon.colcon_core.shell:Creating environment hook '/home/asrl/ros2_decawave/install/decawave_interfaces/share/decawave_interfaces/hook/cmake_prefix_path.ps1'
[0.561s] INFO:colcon.colcon_core.shell:Creating environment descriptor '/home/asrl/ros2_decawave/install/decawave_interfaces/share/decawave_interfaces/hook/cmake_prefix_path.dsv'
[0.561s] INFO:colcon.colcon_core.shell:Creating environment hook '/home/asrl/ros2_decawave/install/decawave_interfaces/share/decawave_interfaces/hook/cmake_prefix_path.sh'
[0.562s] Level 1:colcon.colcon_core.environment:checking '/home/asrl/ros2_decawave/install/decawave_interfaces/lib'
[0.562s] Level 1:colcon.colcon_core.shell:create_environment_hook('decawave_interfaces', 'ld_library_path_lib')
[0.562s] INFO:colcon.colcon_core.shell:Creating environment hook '/home/asrl/ros2_decawave/install/decawave_interfaces/share/decawave_interfaces/hook/ld_library_path_lib.ps1'
[0.563s] INFO:colcon.colcon_core.shell:Creating environment descriptor '/home/asrl/ros2_decawave/install/decawave_interfaces/share/decawave_interfaces/hook/ld_library_path_lib.dsv'
[0.563s] INFO:colcon.colcon_core.shell:Creating environment hook '/home/asrl/ros2_decawave/install/decawave_interfaces/share/decawave_interfaces/hook/ld_library_path_lib.sh'
[0.563s] Level 1:colcon.colcon_core.environment:checking '/home/asrl/ros2_decawave/install/decawave_interfaces/bin'
[0.563s] Level 1:colcon.colcon_core.environment:checking '/home/asrl/ros2_decawave/install/decawave_interfaces/lib/pkgconfig/decawave_interfaces.pc'
[0.563s] Level 1:colcon.colcon_core.environment:checking '/home/asrl/ros2_decawave/install/decawave_interfaces/lib/python3.8/site-packages'
[0.563s] Level 1:colcon.colcon_core.shell:create_environment_hook('decawave_interfaces', 'pythonpath')
[0.564s] INFO:colcon.colcon_core.shell:Creating environment hook '/home/asrl/ros2_decawave/install/decawave_interfaces/share/decawave_interfaces/hook/pythonpath.ps1'
[0.564s] INFO:colcon.colcon_core.shell:Creating environment descriptor '/home/asrl/ros2_decawave/install/decawave_interfaces/share/decawave_interfaces/hook/pythonpath.dsv'
[0.564s] INFO:colcon.colcon_core.shell:Creating environment hook '/home/asrl/ros2_decawave/install/decawave_interfaces/share/decawave_interfaces/hook/pythonpath.sh'
[0.565s] Level 1:colcon.colcon_core.environment:checking '/home/asrl/ros2_decawave/install/decawave_interfaces/bin'
[0.566s] INFO:colcon.colcon_core.shell:Creating package script '/home/asrl/ros2_decawave/install/decawave_interfaces/share/decawave_interfaces/package.ps1'
[0.566s] INFO:colcon.colcon_core.shell:Creating package descriptor '/home/asrl/ros2_decawave/install/decawave_interfaces/share/decawave_interfaces/package.dsv'
[0.566s] INFO:colcon.colcon_core.shell:Creating package script '/home/asrl/ros2_decawave/install/decawave_interfaces/share/decawave_interfaces/package.sh'
[0.566s] INFO:colcon.colcon_core.shell:Creating package script '/home/asrl/ros2_decawave/install/decawave_interfaces/share/decawave_interfaces/package.bash'
[0.567s] INFO:colcon.colcon_core.shell:Creating package script '/home/asrl/ros2_decawave/install/decawave_interfaces/share/decawave_interfaces/package.zsh'
[0.567s] Level 1:colcon.colcon_core.environment:create_file_with_runtime_dependencies(/home/asrl/ros2_decawave/install/decawave_interfaces/share/colcon-core/packages/decawave_interfaces)
[0.567s] INFO:colcon.colcon_ros.task.ament_python.build:Building ROS package in '/home/asrl/ros2_decawave/src/decawave_test_controller' with build type 'ament_python'
[0.567s] Level 1:colcon.colcon_core.shell:create_environment_hook('decawave_test_controller', 'ament_prefix_path')
[0.568s] INFO:colcon.colcon_core.shell:Creating environment hook '/home/asrl/ros2_decawave/install/decawave_test_controller/share/decawave_test_controller/hook/ament_prefix_path.ps1'
[0.568s] INFO:colcon.colcon_core.shell:Creating environment descriptor '/home/asrl/ros2_decawave/install/decawave_test_controller/share/decawave_test_controller/hook/ament_prefix_path.dsv'
[0.569s] INFO:colcon.colcon_core.shell:Creating environment hook '/home/asrl/ros2_decawave/install/decawave_test_controller/share/decawave_test_controller/hook/ament_prefix_path.sh'
[0.570s] INFO:colcon.colcon_core.shell:Skip shell extension 'powershell' for command environment: Not usable outside of PowerShell
[0.570s] DEBUG:colcon.colcon_core.shell:Skip shell extension 'dsv' for command environment
[0.724s] INFO:colcon.colcon_core.task.python.build:Building Python package in '/home/asrl/ros2_decawave/src/decawave_test_controller'
[0.726s] INFO:colcon.colcon_core.shell:Skip shell extension 'powershell' for command environment: Not usable outside of PowerShell
[0.726s] DEBUG:colcon.colcon_core.shell:Skip shell extension 'dsv' for command environment
[0.950s] DEBUG:colcon.colcon_core.event_handler.log_command:Invoking command in '/home/asrl/ros2_decawave/build/decawave_test_controller': LD_LIBRARY_PATH=/home/asrl/ros2_decawave/install/decawave_interfaces/lib:/opt/ros/foxy/opt/yaml_cpp_vendor/lib:/opt/ros/foxy/opt/rviz_ogre_vendor/lib:/opt/ros/foxy/lib/x86_64-linux-gnu:/opt/ros/foxy/lib PYTHONPATH=/home/asrl/ros2_decawave/build/decawave_test_controller/prefix_override:/home/asrl/ros2_decawave/install/decawave_test_controller/lib/python3.8/site-packages:/home/asrl/ros2_decawave/install/decawave_interfaces/lib/python3.8/site-packages:/opt/ros/foxy/lib/python3.8/site-packages:/home/asrl/ros2_decawave/build/my-test-package:/home/asrl/ros2_decawave/install/my-test-package/lib/python3.8/site-packages:/home/asrl/ros2_decawave/build/decawave_test_controller:/home/asrl/ros2_decawave/install/decawave_test_controller/lib/python3.8/site-packages:/home/duembgen/.local/bin/ /usr/bin/python3 setup.py develop --editable --build-directory /home/asrl/ros2_decawave/build/decawave_test_controller/build --no-deps install_data
[1.216s] Level 1:colcon.colcon_core.shell:create_environment_hook('decawave_test_controller', 'pythonpath_develop')
[1.217s] INFO:colcon.colcon_core.shell:Creating environment hook '/home/asrl/ros2_decawave/build/decawave_test_controller/share/decawave_test_controller/hook/pythonpath_develop.ps1'
[1.218s] DEBUG:colcon.colcon_core.event_handler.log_command:Invoked command in '/home/asrl/ros2_decawave/build/decawave_test_controller' returned '0': LD_LIBRARY_PATH=/home/asrl/ros2_decawave/install/decawave_interfaces/lib:/opt/ros/foxy/opt/yaml_cpp_vendor/lib:/opt/ros/foxy/opt/rviz_ogre_vendor/lib:/opt/ros/foxy/lib/x86_64-linux-gnu:/opt/ros/foxy/lib PYTHONPATH=/home/asrl/ros2_decawave/build/decawave_test_controller/prefix_override:/home/asrl/ros2_decawave/install/decawave_test_controller/lib/python3.8/site-packages:/home/asrl/ros2_decawave/install/decawave_interfaces/lib/python3.8/site-packages:/opt/ros/foxy/lib/python3.8/site-packages:/home/asrl/ros2_decawave/build/my-test-package:/home/asrl/ros2_decawave/install/my-test-package/lib/python3.8/site-packages:/home/asrl/ros2_decawave/build/decawave_test_controller:/home/asrl/ros2_decawave/install/decawave_test_controller/lib/python3.8/site-packages:/home/duembgen/.local/bin/ /usr/bin/python3 setup.py develop --editable --build-directory /home/asrl/ros2_decawave/build/decawave_test_controller/build --no-deps install_data
[1.218s] INFO:colcon.colcon_core.shell:Creating environment descriptor '/home/asrl/ros2_decawave/build/decawave_test_controller/share/decawave_test_controller/hook/pythonpath_develop.dsv'
[1.218s] INFO:colcon.colcon_core.shell:Creating environment hook '/home/asrl/ros2_decawave/build/decawave_test_controller/share/decawave_test_controller/hook/pythonpath_develop.sh'
[1.219s] Level 1:colcon.colcon_core.environment:checking '/home/asrl/ros2_decawave/install/decawave_test_controller' for CMake module files
[1.220s] Level 1:colcon.colcon_core.environment:checking '/home/asrl/ros2_decawave/install/decawave_test_controller' for CMake config files
[1.220s] Level 1:colcon.colcon_core.environment:checking '/home/asrl/ros2_decawave/install/decawave_test_controller/lib'
[1.220s] Level 1:colcon.colcon_core.environment:checking '/home/asrl/ros2_decawave/install/decawave_test_controller/bin'
[1.220s] Level 1:colcon.colcon_core.environment:checking '/home/asrl/ros2_decawave/install/decawave_test_controller/lib/pkgconfig/decawave_test_controller.pc'
[1.220s] Level 1:colcon.colcon_core.environment:checking '/home/asrl/ros2_decawave/install/decawave_test_controller/lib/python3.8/site-packages'
[1.220s] Level 1:colcon.colcon_core.shell:create_environment_hook('decawave_test_controller', 'pythonpath')
[1.221s] INFO:colcon.colcon_core.shell:Creating environment hook '/home/asrl/ros2_decawave/install/decawave_test_controller/share/decawave_test_controller/hook/pythonpath.ps1'
[1.221s] INFO:colcon.colcon_core.shell:Creating environment descriptor '/home/asrl/ros2_decawave/install/decawave_test_controller/share/decawave_test_controller/hook/pythonpath.dsv'
[1.222s] INFO:colcon.colcon_core.shell:Creating environment hook '/home/asrl/ros2_decawave/install/decawave_test_controller/share/decawave_test_controller/hook/pythonpath.sh'
[1.222s] Level 1:colcon.colcon_core.environment:checking '/home/asrl/ros2_decawave/install/decawave_test_controller/bin'
[1.222s] Level 1:colcon.colcon_core.environment:create_environment_scripts_only(decawave_test_controller)
[1.223s] INFO:colcon.colcon_core.shell:Creating package script '/home/asrl/ros2_decawave/install/decawave_test_controller/share/decawave_test_controller/package.ps1'
[1.223s] INFO:colcon.colcon_core.shell:Creating package descriptor '/home/asrl/ros2_decawave/install/decawave_test_controller/share/decawave_test_controller/package.dsv'
[1.223s] INFO:colcon.colcon_core.shell:Creating package script '/home/asrl/ros2_decawave/install/decawave_test_controller/share/decawave_test_controller/package.sh'
[1.224s] INFO:colcon.colcon_core.shell:Creating package script '/home/asrl/ros2_decawave/install/decawave_test_controller/share/decawave_test_controller/package.bash'
[1.224s] INFO:colcon.colcon_core.shell:Creating package script '/home/asrl/ros2_decawave/install/decawave_test_controller/share/decawave_test_controller/package.zsh'
[1.224s] Level 1:colcon.colcon_core.environment:create_file_with_runtime_dependencies(/home/asrl/ros2_decawave/install/decawave_test_controller/share/colcon-core/packages/decawave_test_controller)
[1.224s] DEBUG:colcon.colcon_parallel_executor.executor.parallel:closing loop
[1.224s] DEBUG:colcon.colcon_parallel_executor.executor.parallel:loop closed
[1.224s] DEBUG:colcon.colcon_parallel_executor.executor.parallel:run_until_complete finished with '0'
[1.224s] DEBUG:colcon.colcon_core.event_reactor:joining thread
[1.228s] INFO:colcon.colcon_core.plugin_system:Skipping extension 'colcon_notification.desktop_notification.terminal_notifier': Not used on non-Darwin systems
[1.228s] INFO:colcon.colcon_core.plugin_system:Skipping extension 'colcon_notification.desktop_notification.win32': Not used on non-Windows systems
[1.228s] INFO:colcon.colcon_notification.desktop_notification:Sending desktop notification using 'notify2'
[1.239s] DEBUG:colcon.colcon_core.event_reactor:joined thread
[1.240s] INFO:colcon.colcon_core.shell:Creating prefix script '/home/asrl/ros2_decawave/install/local_setup.ps1'
[1.241s] INFO:colcon.colcon_core.shell:Creating prefix util module '/home/asrl/ros2_decawave/install/_local_setup_util_ps1.py'
[1.243s] INFO:colcon.colcon_core.shell:Creating prefix chain script '/home/asrl/ros2_decawave/install/setup.ps1'
[1.245s] INFO:colcon.colcon_core.shell:Creating prefix script '/home/asrl/ros2_decawave/install/local_setup.sh'
[1.245s] INFO:colcon.colcon_core.shell:Creating prefix util module '/home/asrl/ros2_decawave/install/_local_setup_util_sh.py'
[1.246s] INFO:colcon.colcon_core.shell:Creating prefix chain script '/home/asrl/ros2_decawave/install/setup.sh'
[1.247s] INFO:colcon.colcon_core.shell:Creating prefix script '/home/asrl/ros2_decawave/install/local_setup.bash'
[1.248s] INFO:colcon.colcon_core.shell:Creating prefix chain script '/home/asrl/ros2_decawave/install/setup.bash'
[1.248s] INFO:colcon.colcon_core.shell:Creating prefix script '/home/asrl/ros2_decawave/install/local_setup.zsh'
[1.249s] INFO:colcon.colcon_core.shell:Creating prefix chain script '/home/asrl/ros2_decawave/install/setup.zsh'
