[0.012s] Invoking command in '/home/asrl/ros2_decawave/build/decawave_interfaces': CMAKE_PREFIX_PATH=/opt/ros/foxy /usr/bin/cmake /home/asrl/ros2_decawave/src/decawave_interfaces -DAMENT_CMAKE_SYMLINK_INSTALL=1 -DCMAKE_INSTALL_PREFIX=/home/asrl/ros2_decawave/install/decawave_interfaces
[0.070s] -- The C compiler identification is GNU 9.4.0
[0.109s] -- The CXX compiler identification is GNU 9.4.0
[0.114s] -- Check for working C compiler: /usr/bin/cc
[0.155s] -- Check for working C compiler: /usr/bin/cc -- works
[0.156s] -- Detecting C compiler ABI info
[0.196s] -- Detecting C compiler ABI info - done
[0.203s] -- Detecting C compile features
[0.203s] -- Detecting C compile features - done
[0.205s] -- Check for working CXX compiler: /usr/bin/c++
[0.251s] -- Check for working CXX compiler: /usr/bin/c++ -- works
[0.251s] -- Detecting CXX compiler ABI info
[0.297s] -- Detecting CXX compiler ABI info - done
[0.304s] -- Detecting CXX compile features
[0.304s] -- Detecting CXX compile features - done
[0.306s] -- Found ament_cmake: 0.9.12 (/opt/ros/foxy/share/ament_cmake/cmake)
[0.324s] -- Found PythonInterp: /usr/bin/python3 (found suitable version "3.8.10", minimum required is "3") 
[0.324s] -- Using PYTHON_EXECUTABLE: /usr/bin/python3
[0.433s] -- Override CMake install command with custom implementation using symlinks instead of copying resources
[0.451s] -- Found std_msgs: 2.0.5 (/opt/ros/foxy/share/std_msgs/cmake)
[0.472s] -- Using all available rosidl_typesupport_c: rosidl_typesupport_fastrtps_c;rosidl_typesupport_introspection_c
[0.476s] -- Found rosidl_adapter: 1.3.1 (/opt/ros/foxy/share/rosidl_adapter/cmake)
[0.525s] -- Found OpenSSL: /usr/lib/x86_64-linux-gnu/libcrypto.so (found version "1.1.1f")  
[0.544s] -- Found FastRTPS: /opt/ros/foxy/include  
[0.596s] -- Using all available rosidl_typesupport_cpp: rosidl_typesupport_fastrtps_cpp;rosidl_typesupport_introspection_cpp
[0.628s] -- Found rosidl_default_generators: 1.0.1 (/opt/ros/foxy/share/rosidl_default_generators/cmake)
[0.651s] -- Found PythonInterp: /usr/bin/python3 (found version "3.8.10") 
[0.752s] -- Found ament_cmake_ros: 0.9.2 (/opt/ros/foxy/share/ament_cmake_ros/cmake)
[0.861s] -- Using all available rosidl_typesupport_c: rosidl_typesupport_fastrtps_c;rosidl_typesupport_introspection_c
[0.897s] -- Using all available rosidl_typesupport_cpp: rosidl_typesupport_fastrtps_cpp;rosidl_typesupport_introspection_cpp
[0.914s] -- Found PythonInterp: /usr/bin/python3 (found suitable version "3.8.10", minimum required is "3.5") 
[0.915s] -- Found python_cmake_module: 0.8.1 (/opt/ros/foxy/share/python_cmake_module/cmake)
[0.932s] -- Found PythonLibs: /usr/lib/x86_64-linux-gnu/libpython3.8.so (found suitable version "3.8.10", minimum required is "3.5") 
[0.932s] -- Using PYTHON_EXECUTABLE: /usr/bin/python3
[0.932s] -- Using PYTHON_INCLUDE_DIRS: /usr/include/python3.8
[0.933s] -- Using PYTHON_LIBRARIES: /usr/lib/x86_64-linux-gnu/libpython3.8.so
[0.946s] -- Found PythonExtra: .so  
[1.099s] -- Found ament_lint_auto: 0.9.8 (/opt/ros/foxy/share/ament_lint_auto/cmake)
[1.114s] -- Added test 'lint_cmake' to check CMake code style
[1.115s] -- Added test 'xmllint' to check XML markup files
[1.118s] -- Configuring done
[1.146s] -- Generating done
[1.147s] -- Build files have been written to: /home/asrl/ros2_decawave/build/decawave_interfaces
[1.153s] Invoked command in '/home/asrl/ros2_decawave/build/decawave_interfaces' returned '0': CMAKE_PREFIX_PATH=/opt/ros/foxy /usr/bin/cmake /home/asrl/ros2_decawave/src/decawave_interfaces -DAMENT_CMAKE_SYMLINK_INSTALL=1 -DCMAKE_INSTALL_PREFIX=/home/asrl/ros2_decawave/install/decawave_interfaces
[1.155s] Invoking command in '/home/asrl/ros2_decawave/build/decawave_interfaces': CMAKE_PREFIX_PATH=/opt/ros/foxy /usr/bin/cmake --build /home/asrl/ros2_decawave/build/decawave_interfaces -- -j16 -l16
[1.180s] [35m[1mScanning dependencies of target decawave_interfaces__cpp[0m
[1.180s] [  2%] [34m[1mGenerating C code for ROS interfaces[0m
[1.189s] [  5%] [34m[1mGenerating C++ code for ROS interfaces[0m
[1.356s] [  5%] Built target decawave_interfaces__cpp
[1.361s] [35m[1mScanning dependencies of target decawave_interfaces__rosidl_generator_c[0m
[1.362s] [  7%] [34m[1mGenerating C++ introspection for ROS interfaces[0m
[1.362s] [ 10%] [34m[1mGenerating C++ type support dispatch for ROS interfaces[0m
[1.362s] [ 12%] [34m[1mGenerating C++ type support for eProsima Fast-RTPS[0m
[1.373s] [ 17%] [32mBuilding C object CMakeFiles/decawave_interfaces__rosidl_generator_c.dir/rosidl_generator_c/decawave_interfaces/msg/detail/deca_range__functions.c.o[0m
[1.373s] [ 17%] [32mBuilding C object CMakeFiles/decawave_interfaces__rosidl_generator_c.dir/rosidl_generator_c/decawave_interfaces/msg/detail/deca_range_b__functions.c.o[0m
[1.409s] [ 20%] [32m[1mLinking C shared library libdecawave_interfaces__rosidl_generator_c.so[0m
[1.435s] [ 20%] Built target decawave_interfaces__rosidl_generator_c
[1.441s] [ 23%] [34m[1mGenerating C type support dispatch for ROS interfaces[0m
[1.441s] [ 25%] [34m[1mGenerating C introspection for ROS interfaces[0m
[1.506s] [35m[1mScanning dependencies of target decawave_interfaces__rosidl_typesupport_cpp[0m
[1.516s] [ 30%] [32mBuilding CXX object CMakeFiles/decawave_interfaces__rosidl_typesupport_cpp.dir/rosidl_typesupport_cpp/decawave_interfaces/msg/deca_range__type_support.cpp.o[0m
[1.516s] [ 30%] [32mBuilding CXX object CMakeFiles/decawave_interfaces__rosidl_typesupport_cpp.dir/rosidl_typesupport_cpp/decawave_interfaces/msg/deca_range_b__type_support.cpp.o[0m
[1.516s] [35m[1mScanning dependencies of target decawave_interfaces__rosidl_typesupport_introspection_cpp[0m
[1.525s] [ 33%] [32mBuilding CXX object CMakeFiles/decawave_interfaces__rosidl_typesupport_introspection_cpp.dir/rosidl_typesupport_introspection_cpp/decawave_interfaces/msg/detail/deca_range_b__type_support.cpp.o[0m
[1.526s] [ 35%] [32mBuilding CXX object CMakeFiles/decawave_interfaces__rosidl_typesupport_introspection_cpp.dir/rosidl_typesupport_introspection_cpp/decawave_interfaces/msg/detail/deca_range__type_support.cpp.o[0m
[1.529s] [35m[1mScanning dependencies of target decawave_interfaces__rosidl_typesupport_fastrtps_cpp[0m
[1.539s] [ 41%] [32mBuilding CXX object CMakeFiles/decawave_interfaces__rosidl_typesupport_fastrtps_cpp.dir/rosidl_typesupport_fastrtps_cpp/decawave_interfaces/msg/detail/dds_fastrtps/deca_range_b__type_support.cpp.o[0m
[1.539s] [ 41%] [32mBuilding CXX object CMakeFiles/decawave_interfaces__rosidl_typesupport_fastrtps_cpp.dir/rosidl_typesupport_fastrtps_cpp/decawave_interfaces/msg/detail/dds_fastrtps/deca_range__type_support.cpp.o[0m
[1.590s] [35m[1mScanning dependencies of target decawave_interfaces__rosidl_typesupport_c[0m
[1.599s] [ 43%] [32mBuilding CXX object CMakeFiles/decawave_interfaces__rosidl_typesupport_c.dir/rosidl_typesupport_c/decawave_interfaces/msg/deca_range__type_support.cpp.o[0m
[1.599s] [ 46%] [32mBuilding CXX object CMakeFiles/decawave_interfaces__rosidl_typesupport_c.dir/rosidl_typesupport_c/decawave_interfaces/msg/deca_range_b__type_support.cpp.o[0m
[1.606s] [35m[1mScanning dependencies of target decawave_interfaces__rosidl_typesupport_introspection_c[0m
[1.615s] [ 51%] [32mBuilding C object CMakeFiles/decawave_interfaces__rosidl_typesupport_introspection_c.dir/rosidl_typesupport_introspection_c/decawave_interfaces/msg/detail/deca_range_b__type_support.c.o[0m
[1.616s] [ 51%] [32mBuilding C object CMakeFiles/decawave_interfaces__rosidl_typesupport_introspection_c.dir/rosidl_typesupport_introspection_c/decawave_interfaces/msg/detail/deca_range__type_support.c.o[0m
[1.620s] [ 53%] [32m[1mLinking CXX shared library libdecawave_interfaces__rosidl_typesupport_c.so[0m
[1.637s] [ 56%] [32m[1mLinking C shared library libdecawave_interfaces__rosidl_typesupport_introspection_c.so[0m
[1.647s] [ 56%] Built target decawave_interfaces__rosidl_typesupport_c
[1.658s] [ 56%] Built target decawave_interfaces__rosidl_typesupport_introspection_c
[1.707s] [ 58%] [32m[1mLinking CXX shared library libdecawave_interfaces__rosidl_typesupport_introspection_cpp.so[0m
[1.746s] [ 58%] Built target decawave_interfaces__rosidl_typesupport_introspection_cpp
[1.765s] [ 61%] [32m[1mLinking CXX shared library libdecawave_interfaces__rosidl_typesupport_cpp.so[0m
[1.790s] [ 61%] Built target decawave_interfaces__rosidl_typesupport_cpp
[1.794s] [ 64%] [32m[1mLinking CXX shared library libdecawave_interfaces__rosidl_typesupport_fastrtps_cpp.so[0m
[1.845s] [ 64%] Built target decawave_interfaces__rosidl_typesupport_fastrtps_cpp
[1.851s] [ 66%] [34m[1mGenerating C type support for eProsima Fast-RTPS[0m
[2.007s] [35m[1mScanning dependencies of target decawave_interfaces__rosidl_typesupport_fastrtps_c[0m
[2.016s] [ 71%] [32mBuilding CXX object CMakeFiles/decawave_interfaces__rosidl_typesupport_fastrtps_c.dir/rosidl_typesupport_fastrtps_c/decawave_interfaces/msg/detail/deca_range_b__type_support_c.cpp.o[0m
[2.016s] [ 71%] [32mBuilding CXX object CMakeFiles/decawave_interfaces__rosidl_typesupport_fastrtps_c.dir/rosidl_typesupport_fastrtps_c/decawave_interfaces/msg/detail/deca_range__type_support_c.cpp.o[0m
[2.212s] [ 74%] [32m[1mLinking CXX shared library libdecawave_interfaces__rosidl_typesupport_fastrtps_c.so[0m
[2.261s] [ 74%] Built target decawave_interfaces__rosidl_typesupport_fastrtps_c
[2.267s] [35m[1mScanning dependencies of target decawave_interfaces[0m
[2.272s] [ 74%] Built target decawave_interfaces
[2.278s] [35m[1mScanning dependencies of target decawave_interfaces__py[0m
[2.283s] [ 76%] [34m[1mGenerating Python code for ROS interfaces[0m
[2.618s] [ 76%] Built target decawave_interfaces__py
[2.623s] [35m[1mScanning dependencies of target decawave_interfaces__python[0m
[2.643s] [ 82%] [32mBuilding C object CMakeFiles/decawave_interfaces__python.dir/rosidl_generator_py/decawave_interfaces/msg/_deca_range_s.c.o[0m
[2.643s] [ 82%] [32mBuilding C object CMakeFiles/decawave_interfaces__python.dir/rosidl_generator_py/decawave_interfaces/msg/_deca_range_b_s.c.o[0m
[2.705s] [ 84%] [32m[1mLinking C shared library rosidl_generator_py/decawave_interfaces/libdecawave_interfaces__python.so[0m
[2.732s] [ 84%] Built target decawave_interfaces__python
[2.740s] [35m[1mScanning dependencies of target decawave_interfaces__rosidl_typesupport_c__pyext[0m
[2.740s] [35m[1mScanning dependencies of target decawave_interfaces__rosidl_typesupport_introspection_c__pyext[0m
[2.740s] [35m[1mScanning dependencies of target decawave_interfaces__rosidl_typesupport_fastrtps_c__pyext[0m
[2.751s] [ 89%] [32mBuilding C object CMakeFiles/decawave_interfaces__rosidl_typesupport_introspection_c__pyext.dir/rosidl_generator_py/decawave_interfaces/_decawave_interfaces_s.ep.rosidl_typesupport_introspection_c.c.o[0m
[2.752s] [ 89%] [32mBuilding C object CMakeFiles/decawave_interfaces__rosidl_typesupport_c__pyext.dir/rosidl_generator_py/decawave_interfaces/_decawave_interfaces_s.ep.rosidl_typesupport_c.c.o[0m
[2.752s] [ 92%] [32mBuilding C object CMakeFiles/decawave_interfaces__rosidl_typesupport_fastrtps_c__pyext.dir/rosidl_generator_py/decawave_interfaces/_decawave_interfaces_s.ep.rosidl_typesupport_fastrtps_c.c.o[0m
[2.800s] [100%] [32m[1mLinking C shared library rosidl_generator_py/decawave_interfaces/decawave_interfaces_s__rosidl_typesupport_introspection_c.cpython-38-x86_64-linux-gnu.so[0m
[2.800s] [100%] [32m[1mLinking C shared library rosidl_generator_py/decawave_interfaces/decawave_interfaces_s__rosidl_typesupport_c.cpython-38-x86_64-linux-gnu.so[0m
[2.800s] [100%] [32m[1mLinking CXX shared library rosidl_generator_py/decawave_interfaces/decawave_interfaces_s__rosidl_typesupport_fastrtps_c.cpython-38-x86_64-linux-gnu.so[0m
[2.822s] [100%] Built target decawave_interfaces__rosidl_typesupport_c__pyext
[2.822s] [100%] Built target decawave_interfaces__rosidl_typesupport_introspection_c__pyext
[2.839s] [100%] Built target decawave_interfaces__rosidl_typesupport_fastrtps_c__pyext
[2.846s] Invoked command in '/home/asrl/ros2_decawave/build/decawave_interfaces' returned '0': CMAKE_PREFIX_PATH=/opt/ros/foxy /usr/bin/cmake --build /home/asrl/ros2_decawave/build/decawave_interfaces -- -j16 -l16
[2.883s] Invoking command in '/home/asrl/ros2_decawave/build/decawave_interfaces': CMAKE_PREFIX_PATH=/opt/ros/foxy /usr/bin/cmake --install /home/asrl/ros2_decawave/build/decawave_interfaces
[2.887s] -- Install configuration: ""
[2.887s] -- Execute custom install script
[2.888s] -- Symlinking: /home/asrl/ros2_decawave/install/decawave_interfaces/share/ament_index/resource_index/rosidl_interfaces/decawave_interfaces
[2.892s] -- Symlinking: /home/asrl/ros2_decawave/install/decawave_interfaces/include/decawave_interfaces/msg/deca_range.h
[2.897s] -- Symlinking: /home/asrl/ros2_decawave/install/decawave_interfaces/include/decawave_interfaces/msg/deca_range_b.h
[2.901s] -- Symlinking: /home/asrl/ros2_decawave/install/decawave_interfaces/include/decawave_interfaces/msg/detail/deca_range__functions.h
[2.905s] -- Symlinking: /home/asrl/ros2_decawave/install/decawave_interfaces/include/decawave_interfaces/msg/detail/deca_range__struct.h
[2.909s] -- Symlinking: /home/asrl/ros2_decawave/install/decawave_interfaces/include/decawave_interfaces/msg/detail/deca_range__type_support.h
[2.914s] -- Symlinking: /home/asrl/ros2_decawave/install/decawave_interfaces/include/decawave_interfaces/msg/detail/deca_range_b__functions.h
[2.918s] -- Symlinking: /home/asrl/ros2_decawave/install/decawave_interfaces/include/decawave_interfaces/msg/detail/deca_range_b__struct.h
[2.922s] -- Symlinking: /home/asrl/ros2_decawave/install/decawave_interfaces/include/decawave_interfaces/msg/detail/deca_range_b__type_support.h
[2.926s] -- Symlinking: /home/asrl/ros2_decawave/install/decawave_interfaces/include/decawave_interfaces/msg/rosidl_generator_c__visibility_control.h
[2.931s] -- Symlinking: /home/asrl/ros2_decawave/install/decawave_interfaces/share/decawave_interfaces/environment/library_path.sh
[2.935s] -- Symlinking: /home/asrl/ros2_decawave/install/decawave_interfaces/share/decawave_interfaces/environment/library_path.dsv
[2.940s] -- Symlinking: /home/asrl/ros2_decawave/install/decawave_interfaces/include/decawave_interfaces/msg/detail/deca_range__rosidl_typesupport_fastrtps_c.h
[2.945s] -- Symlinking: /home/asrl/ros2_decawave/install/decawave_interfaces/include/decawave_interfaces/msg/detail/deca_range_b__rosidl_typesupport_fastrtps_c.h
[2.949s] -- Symlinking: /home/asrl/ros2_decawave/install/decawave_interfaces/include/decawave_interfaces/msg/rosidl_typesupport_fastrtps_c__visibility_control.h
[2.953s] -- Symlinking: /home/asrl/ros2_decawave/install/decawave_interfaces/lib/libdecawave_interfaces__rosidl_typesupport_fastrtps_c.so
[2.959s] -- Symlinking: /home/asrl/ros2_decawave/install/decawave_interfaces/include/decawave_interfaces/msg/detail/deca_range__rosidl_typesupport_fastrtps_cpp.hpp
[2.966s] -- Symlinking: /home/asrl/ros2_decawave/install/decawave_interfaces/include/decawave_interfaces/msg/detail/deca_range_b__rosidl_typesupport_fastrtps_cpp.hpp
[2.973s] -- Symlinking: /home/asrl/ros2_decawave/install/decawave_interfaces/include/decawave_interfaces/msg/rosidl_typesupport_fastrtps_cpp__visibility_control.h
[2.977s] -- Symlinking: /home/asrl/ros2_decawave/install/decawave_interfaces/lib/libdecawave_interfaces__rosidl_typesupport_fastrtps_cpp.so
[2.982s] -- Symlinking: /home/asrl/ros2_decawave/install/decawave_interfaces/include/decawave_interfaces/msg/detail/deca_range__rosidl_typesupport_introspection_c.h
[2.986s] -- Symlinking: /home/asrl/ros2_decawave/install/decawave_interfaces/include/decawave_interfaces/msg/detail/deca_range_b__rosidl_typesupport_introspection_c.h
[2.990s] -- Symlinking: /home/asrl/ros2_decawave/install/decawave_interfaces/include/decawave_interfaces/msg/rosidl_typesupport_introspection_c__visibility_control.h
[2.997s] -- Symlinking: /home/asrl/ros2_decawave/install/decawave_interfaces/include/decawave_interfaces/msg/deca_range.hpp
[3.005s] -- Symlinking: /home/asrl/ros2_decawave/install/decawave_interfaces/include/decawave_interfaces/msg/deca_range_b.hpp
[3.010s] -- Symlinking: /home/asrl/ros2_decawave/install/decawave_interfaces/include/decawave_interfaces/msg/detail/deca_range__builder.hpp
[3.014s] -- Symlinking: /home/asrl/ros2_decawave/install/decawave_interfaces/include/decawave_interfaces/msg/detail/deca_range__struct.hpp
[3.018s] -- Symlinking: /home/asrl/ros2_decawave/install/decawave_interfaces/include/decawave_interfaces/msg/detail/deca_range__traits.hpp
[3.022s] -- Symlinking: /home/asrl/ros2_decawave/install/decawave_interfaces/include/decawave_interfaces/msg/detail/deca_range__type_support.hpp
[3.027s] -- Symlinking: /home/asrl/ros2_decawave/install/decawave_interfaces/include/decawave_interfaces/msg/detail/deca_range_b__builder.hpp
[3.031s] -- Symlinking: /home/asrl/ros2_decawave/install/decawave_interfaces/include/decawave_interfaces/msg/detail/deca_range_b__struct.hpp
[3.035s] -- Symlinking: /home/asrl/ros2_decawave/install/decawave_interfaces/include/decawave_interfaces/msg/detail/deca_range_b__traits.hpp
[3.040s] -- Symlinking: /home/asrl/ros2_decawave/install/decawave_interfaces/include/decawave_interfaces/msg/detail/deca_range_b__type_support.hpp
[3.044s] -- Symlinking: /home/asrl/ros2_decawave/install/decawave_interfaces/include/decawave_interfaces/msg/rosidl_generator_cpp__visibility_control.hpp
[3.048s] -- Symlinking: /home/asrl/ros2_decawave/install/decawave_interfaces/include/decawave_interfaces/msg/detail/deca_range__rosidl_typesupport_introspection_cpp.hpp
[3.053s] -- Symlinking: /home/asrl/ros2_decawave/install/decawave_interfaces/include/decawave_interfaces/msg/detail/deca_range_b__rosidl_typesupport_introspection_cpp.hpp
[3.057s] -- Symlinking: /home/asrl/ros2_decawave/install/decawave_interfaces/share/decawave_interfaces/environment/pythonpath.sh
[3.061s] -- Symlinking: /home/asrl/ros2_decawave/install/decawave_interfaces/share/decawave_interfaces/environment/pythonpath.dsv
[3.066s] -- Symlinking: /home/asrl/ros2_decawave/install/decawave_interfaces/lib/python3.8/site-packages/decawave_interfaces/__init__.py
[3.070s] -- Symlinking: /home/asrl/ros2_decawave/install/decawave_interfaces/lib/python3.8/site-packages/decawave_interfaces/msg/__init__.py
[3.075s] -- Symlinking: /home/asrl/ros2_decawave/install/decawave_interfaces/lib/python3.8/site-packages/decawave_interfaces/msg/_deca_range.py
[3.079s] -- Symlinking: /home/asrl/ros2_decawave/install/decawave_interfaces/lib/python3.8/site-packages/decawave_interfaces/msg/_deca_range_b.py
[3.083s] -- Symlinking: /home/asrl/ros2_decawave/install/decawave_interfaces/lib/python3.8/site-packages/decawave_interfaces/decawave_interfaces_s__rosidl_typesupport_fastrtps_c.cpython-38-x86_64-linux-gnu.so
[3.088s] -- Symlinking: /home/asrl/ros2_decawave/install/decawave_interfaces/lib/python3.8/site-packages/decawave_interfaces/decawave_interfaces_s__rosidl_typesupport_introspection_c.cpython-38-x86_64-linux-gnu.so
[3.092s] -- Symlinking: /home/asrl/ros2_decawave/install/decawave_interfaces/lib/python3.8/site-packages/decawave_interfaces/decawave_interfaces_s__rosidl_typesupport_c.cpython-38-x86_64-linux-gnu.so
[3.096s] -- Symlinking: /home/asrl/ros2_decawave/install/decawave_interfaces/lib/libdecawave_interfaces__python.so
[3.101s] -- Symlinking: /home/asrl/ros2_decawave/install/decawave_interfaces/share/decawave_interfaces/msg/DecaRange.idl
[3.105s] -- Symlinking: /home/asrl/ros2_decawave/install/decawave_interfaces/share/decawave_interfaces/msg/DecaRangeB.idl
[3.109s] -- Symlinking: /home/asrl/ros2_decawave/install/decawave_interfaces/share/decawave_interfaces/msg/DecaRange.msg
[3.113s] -- Symlinking: /home/asrl/ros2_decawave/install/decawave_interfaces/share/decawave_interfaces/msg/DecaRangeB.msg
[3.118s] -- Symlinking: /home/asrl/ros2_decawave/install/decawave_interfaces/share/ament_index/resource_index/package_run_dependencies/decawave_interfaces
[3.122s] -- Symlinking: /home/asrl/ros2_decawave/install/decawave_interfaces/share/ament_index/resource_index/parent_prefix_path/decawave_interfaces
[3.127s] -- Symlinking: /home/asrl/ros2_decawave/install/decawave_interfaces/share/decawave_interfaces/environment/ament_prefix_path.sh
[3.131s] -- Symlinking: /home/asrl/ros2_decawave/install/decawave_interfaces/share/decawave_interfaces/environment/ament_prefix_path.dsv
[3.135s] -- Symlinking: /home/asrl/ros2_decawave/install/decawave_interfaces/share/decawave_interfaces/environment/path.sh
[3.140s] -- Symlinking: /home/asrl/ros2_decawave/install/decawave_interfaces/share/decawave_interfaces/environment/path.dsv
[3.144s] -- Symlinking: /home/asrl/ros2_decawave/install/decawave_interfaces/share/decawave_interfaces/local_setup.bash
[3.148s] -- Symlinking: /home/asrl/ros2_decawave/install/decawave_interfaces/share/decawave_interfaces/local_setup.sh
[3.152s] -- Symlinking: /home/asrl/ros2_decawave/install/decawave_interfaces/share/decawave_interfaces/local_setup.zsh
[3.157s] -- Symlinking: /home/asrl/ros2_decawave/install/decawave_interfaces/share/decawave_interfaces/local_setup.dsv
[3.161s] -- Symlinking: /home/asrl/ros2_decawave/install/decawave_interfaces/share/decawave_interfaces/package.dsv
[3.165s] -- Symlinking: /home/asrl/ros2_decawave/install/decawave_interfaces/share/ament_index/resource_index/packages/decawave_interfaces
[3.169s] -- Symlinking: /home/asrl/ros2_decawave/install/decawave_interfaces/share/decawave_interfaces/cmake/rosidl_cmake-extras.cmake
[3.174s] -- Symlinking: /home/asrl/ros2_decawave/install/decawave_interfaces/share/decawave_interfaces/cmake/ament_cmake_export_dependencies-extras.cmake
[3.178s] -- Symlinking: /home/asrl/ros2_decawave/install/decawave_interfaces/share/decawave_interfaces/cmake/ament_cmake_export_libraries-extras.cmake
[3.182s] -- Symlinking: /home/asrl/ros2_decawave/install/decawave_interfaces/share/decawave_interfaces/cmake/ament_cmake_export_targets-extras.cmake
[3.187s] -- Symlinking: /home/asrl/ros2_decawave/install/decawave_interfaces/share/decawave_interfaces/cmake/ament_cmake_export_include_directories-extras.cmake
[3.191s] -- Symlinking: /home/asrl/ros2_decawave/install/decawave_interfaces/share/decawave_interfaces/cmake/rosidl_cmake_export_typesupport_libraries-extras.cmake
[3.196s] -- Symlinking: /home/asrl/ros2_decawave/install/decawave_interfaces/share/decawave_interfaces/cmake/rosidl_cmake_export_typesupport_targets-extras.cmake
[3.201s] -- Symlinking: /home/asrl/ros2_decawave/install/decawave_interfaces/share/decawave_interfaces/cmake/decawave_interfacesConfig.cmake
[3.205s] -- Symlinking: /home/asrl/ros2_decawave/install/decawave_interfaces/share/decawave_interfaces/cmake/decawave_interfacesConfig-version.cmake
[3.210s] -- Symlinking: /home/asrl/ros2_decawave/install/decawave_interfaces/share/decawave_interfaces/package.xml
[3.215s] -- Installing: /home/asrl/ros2_decawave/install/decawave_interfaces/lib/libdecawave_interfaces__rosidl_generator_c.so
[3.215s] -- Set runtime path of "/home/asrl/ros2_decawave/install/decawave_interfaces/lib/libdecawave_interfaces__rosidl_generator_c.so" to ""
[3.216s] -- Installing: /home/asrl/ros2_decawave/install/decawave_interfaces/lib/libdecawave_interfaces__rosidl_typesupport_introspection_c.so
[3.216s] -- Set runtime path of "/home/asrl/ros2_decawave/install/decawave_interfaces/lib/libdecawave_interfaces__rosidl_typesupport_introspection_c.so" to ""
[3.216s] -- Installing: /home/asrl/ros2_decawave/install/decawave_interfaces/lib/libdecawave_interfaces__rosidl_typesupport_c.so
[3.216s] -- Set runtime path of "/home/asrl/ros2_decawave/install/decawave_interfaces/lib/libdecawave_interfaces__rosidl_typesupport_c.so" to ""
[3.216s] -- Installing: /home/asrl/ros2_decawave/install/decawave_interfaces/lib/libdecawave_interfaces__rosidl_typesupport_introspection_cpp.so
[3.216s] -- Set runtime path of "/home/asrl/ros2_decawave/install/decawave_interfaces/lib/libdecawave_interfaces__rosidl_typesupport_introspection_cpp.so" to ""
[3.216s] -- Installing: /home/asrl/ros2_decawave/install/decawave_interfaces/lib/libdecawave_interfaces__rosidl_typesupport_cpp.so
[3.216s] -- Set runtime path of "/home/asrl/ros2_decawave/install/decawave_interfaces/lib/libdecawave_interfaces__rosidl_typesupport_cpp.so" to ""
[3.242s] Compiling '/home/asrl/ros2_decawave/install/decawave_interfaces/lib/python3.8/site-packages/decawave_interfaces/__init__.py'...
[3.244s] -- Installing: /home/asrl/ros2_decawave/install/decawave_interfaces/share/decawave_interfaces/cmake/decawave_interfaces__rosidl_generator_cExport.cmake
[3.245s] -- Installing: /home/asrl/ros2_decawave/install/decawave_interfaces/share/decawave_interfaces/cmake/decawave_interfaces__rosidl_generator_cExport-noconfig.cmake
[3.245s] -- Installing: /home/asrl/ros2_decawave/install/decawave_interfaces/share/decawave_interfaces/cmake/decawave_interfaces__rosidl_typesupport_introspection_cExport.cmake
[3.245s] -- Installing: /home/asrl/ros2_decawave/install/decawave_interfaces/share/decawave_interfaces/cmake/decawave_interfaces__rosidl_typesupport_introspection_cExport-noconfig.cmake
[3.245s] -- Installing: /home/asrl/ros2_decawave/install/decawave_interfaces/share/decawave_interfaces/cmake/decawave_interfaces__rosidl_typesupport_cExport.cmake
[3.245s] -- Installing: /home/asrl/ros2_decawave/install/decawave_interfaces/share/decawave_interfaces/cmake/decawave_interfaces__rosidl_typesupport_cExport-noconfig.cmake
[3.245s] -- Installing: /home/asrl/ros2_decawave/install/decawave_interfaces/share/decawave_interfaces/cmake/decawave_interfaces__rosidl_generator_cppExport.cmake
[3.245s] -- Installing: /home/asrl/ros2_decawave/install/decawave_interfaces/share/decawave_interfaces/cmake/decawave_interfaces__rosidl_typesupport_introspection_cppExport.cmake
[3.245s] -- Installing: /home/asrl/ros2_decawave/install/decawave_interfaces/share/decawave_interfaces/cmake/decawave_interfaces__rosidl_typesupport_introspection_cppExport-noconfig.cmake
[3.245s] -- Installing: /home/asrl/ros2_decawave/install/decawave_interfaces/share/decawave_interfaces/cmake/decawave_interfaces__rosidl_typesupport_cppExport.cmake
[3.245s] -- Installing: /home/asrl/ros2_decawave/install/decawave_interfaces/share/decawave_interfaces/cmake/decawave_interfaces__rosidl_typesupport_cppExport-noconfig.cmake
[3.248s] Invoked command in '/home/asrl/ros2_decawave/build/decawave_interfaces' returned '0': CMAKE_PREFIX_PATH=/opt/ros/foxy /usr/bin/cmake --install /home/asrl/ros2_decawave/build/decawave_interfaces
