[0.580s] DEBUG:colcon:Command line arguments: ['/usr/bin/colcon', 'list', '-p', '--base-paths', '/root/ros2_decawave']
[0.580s] DEBUG:colcon:Parsed command line arguments: Namespace(log_base=None, log_level=None, verb_name='list', build_base='build', ignore_user_meta=False, metas=['./colcon.meta'], base_paths=['/root/ros2_decawave'], packages_ignore=None, packages_ignore_regex=None, paths=None, packages_up_to=None, packages_up_to_regex=None, packages_above=None, packages_above_and_dependencies=None, packages_above_depth=None, packages_select_by_dep=None, packages_skip_by_dep=None, packages_skip_up_to=None, packages_select_build_failed=False, packages_skip_build_finished=False, packages_select_test_failures=False, packages_skip_test_passed=False, packages_select=None, packages_skip=None, packages_select_regex=None, packages_skip_regex=None, packages_start=None, packages_end=None, allow_overriding=[], topological_order=False, names_only=False, paths_only=True, topological_graph=False, topological_graph_dot=False, topological_graph_density=False, topological_graph_legend=False, topological_graph_dot_cluster=False, topological_graph_dot_include_skipped=False, verb_parser=<colcon_defaults.argument_parser.defaults.DefaultArgumentsDecorator object at 0x7f6a2a1275b0>, verb_extension=<colcon_package_information.verb.list.ListVerb object at 0x7f6a2a2bbb80>, main=<bound method ListVerb.main of <colcon_package_information.verb.list.ListVerb object at 0x7f6a2a2bbb80>>)
[0.627s] Level 1:colcon.colcon_core.package_discovery:discover_packages(colcon_meta) check parameters
[0.627s] Level 1:colcon.colcon_core.package_discovery:discover_packages(recursive) check parameters
[0.627s] Level 1:colcon.colcon_core.package_discovery:discover_packages(ignore) check parameters
[0.627s] Level 1:colcon.colcon_core.package_discovery:discover_packages(path) check parameters
[0.627s] Level 1:colcon.colcon_core.package_discovery:discover_packages(recursive) discover
[0.628s] INFO:colcon.colcon_core.package_discovery:Crawling recursively for packages in '/root/ros2_decawave'
[0.628s] Level 1:colcon.colcon_core.package_identification:_identify(/root/ros2_decawave) by extensions ['ignore', 'ignore_ament_install']
[0.628s] Level 1:colcon.colcon_core.package_identification:_identify(/root/ros2_decawave) by extension 'ignore'
[0.628s] Level 1:colcon.colcon_core.package_identification:_identify(/root/ros2_decawave) by extension 'ignore_ament_install'
[0.628s] Level 1:colcon.colcon_core.package_identification:_identify(/root/ros2_decawave) by extensions ['colcon_pkg']
[0.628s] Level 1:colcon.colcon_core.package_identification:_identify(/root/ros2_decawave) by extension 'colcon_pkg'
[0.628s] Level 1:colcon.colcon_core.package_identification:_identify(/root/ros2_decawave) by extensions ['colcon_meta']
[0.628s] Level 1:colcon.colcon_core.package_identification:_identify(/root/ros2_decawave) by extension 'colcon_meta'
[0.628s] Level 1:colcon.colcon_core.package_identification:_identify(/root/ros2_decawave) by extensions ['ros']
[0.628s] Level 1:colcon.colcon_core.package_identification:_identify(/root/ros2_decawave) by extension 'ros'
[0.644s] Level 1:colcon.colcon_core.package_identification:_identify(/root/ros2_decawave) by extensions ['cmake', 'python']
[0.645s] Level 1:colcon.colcon_core.package_identification:_identify(/root/ros2_decawave) by extension 'cmake'
[0.645s] Level 1:colcon.colcon_core.package_identification:_identify(/root/ros2_decawave) by extension 'python'
[0.645s] Level 1:colcon.colcon_core.package_identification:_identify(/root/ros2_decawave) by extensions ['python_setup_py']
[0.645s] Level 1:colcon.colcon_core.package_identification:_identify(/root/ros2_decawave) by extension 'python_setup_py'
[0.645s] Level 1:colcon.colcon_core.package_identification:_identify(/root/ros2_decawave/build) by extensions ['ignore', 'ignore_ament_install']
[0.645s] Level 1:colcon.colcon_core.package_identification:_identify(/root/ros2_decawave/build) by extension 'ignore'
[0.645s] Level 1:colcon.colcon_core.package_identification:_identify(/root/ros2_decawave/build) ignored
[0.645s] Level 1:colcon.colcon_core.package_identification:_identify(/root/ros2_decawave/install) by extensions ['ignore', 'ignore_ament_install']
[0.646s] Level 1:colcon.colcon_core.package_identification:_identify(/root/ros2_decawave/install) by extension 'ignore'
[0.646s] Level 1:colcon.colcon_core.package_identification:_identify(/root/ros2_decawave/install) ignored
[0.646s] Level 1:colcon.colcon_core.package_identification:_identify(/root/ros2_decawave/log) by extensions ['ignore', 'ignore_ament_install']
[0.646s] Level 1:colcon.colcon_core.package_identification:_identify(/root/ros2_decawave/log) by extension 'ignore'
[0.646s] Level 1:colcon.colcon_core.package_identification:_identify(/root/ros2_decawave/log) ignored
[0.646s] Level 1:colcon.colcon_core.package_identification:_identify(/root/ros2_decawave/src) by extensions ['ignore', 'ignore_ament_install']
[0.646s] Level 1:colcon.colcon_core.package_identification:_identify(/root/ros2_decawave/src) by extension 'ignore'
[0.646s] Level 1:colcon.colcon_core.package_identification:_identify(/root/ros2_decawave/src) by extension 'ignore_ament_install'
[0.646s] Level 1:colcon.colcon_core.package_identification:_identify(/root/ros2_decawave/src) by extensions ['colcon_pkg']
[0.646s] Level 1:colcon.colcon_core.package_identification:_identify(/root/ros2_decawave/src) by extension 'colcon_pkg'
[0.646s] Level 1:colcon.colcon_core.package_identification:_identify(/root/ros2_decawave/src) by extensions ['colcon_meta']
[0.646s] Level 1:colcon.colcon_core.package_identification:_identify(/root/ros2_decawave/src) by extension 'colcon_meta'
[0.647s] Level 1:colcon.colcon_core.package_identification:_identify(/root/ros2_decawave/src) by extensions ['ros']
[0.647s] Level 1:colcon.colcon_core.package_identification:_identify(/root/ros2_decawave/src) by extension 'ros'
[0.647s] Level 1:colcon.colcon_core.package_identification:_identify(/root/ros2_decawave/src) by extensions ['cmake', 'python']
[0.647s] Level 1:colcon.colcon_core.package_identification:_identify(/root/ros2_decawave/src) by extension 'cmake'
[0.647s] Level 1:colcon.colcon_core.package_identification:_identify(/root/ros2_decawave/src) by extension 'python'
[0.647s] Level 1:colcon.colcon_core.package_identification:_identify(/root/ros2_decawave/src) by extensions ['python_setup_py']
[0.647s] Level 1:colcon.colcon_core.package_identification:_identify(/root/ros2_decawave/src) by extension 'python_setup_py'
[0.647s] Level 1:colcon.colcon_core.package_identification:_identify(/root/ros2_decawave/src/decawave_test_controller) by extensions ['ignore', 'ignore_ament_install']
[0.647s] Level 1:colcon.colcon_core.package_identification:_identify(/root/ros2_decawave/src/decawave_test_controller) by extension 'ignore'
[0.647s] Level 1:colcon.colcon_core.package_identification:_identify(/root/ros2_decawave/src/decawave_test_controller) by extension 'ignore_ament_install'
[0.647s] Level 1:colcon.colcon_core.package_identification:_identify(/root/ros2_decawave/src/decawave_test_controller) by extensions ['colcon_pkg']
[0.647s] Level 1:colcon.colcon_core.package_identification:_identify(/root/ros2_decawave/src/decawave_test_controller) by extension 'colcon_pkg'
[0.647s] Level 1:colcon.colcon_core.package_identification:_identify(/root/ros2_decawave/src/decawave_test_controller) by extensions ['colcon_meta']
[0.647s] Level 1:colcon.colcon_core.package_identification:_identify(/root/ros2_decawave/src/decawave_test_controller) by extension 'colcon_meta'
[0.648s] Level 1:colcon.colcon_core.package_identification:_identify(/root/ros2_decawave/src/decawave_test_controller) by extensions ['ros']
[0.648s] Level 1:colcon.colcon_core.package_identification:_identify(/root/ros2_decawave/src/decawave_test_controller) by extension 'ros'
[0.651s] DEBUG:colcon.colcon_core.package_identification:Package '/root/ros2_decawave/src/decawave_test_controller' with type 'ros.ament_python' and name 'decawave_test_controller'
[0.651s] Level 1:colcon.colcon_core.package_discovery:discover_packages(recursive) using defaults
