[0.208s] DEBUG:colcon:Command line arguments: ['/usr/bin/colcon', 'build', '--symlink-install']
[0.208s] DEBUG:colcon:Parsed command line arguments: Namespace(allow_overriding=[], ament_cmake_args=None, base_paths=['.'], build_base='build', catkin_cmake_args=None, catkin_skip_building_tests=False, cmake_args=None, cmake_clean_cache=False, cmake_clean_first=False, cmake_force_configure=False, cmake_target=None, cmake_target_skip_unavailable=False, continue_on_error=False, event_handlers=None, executor='parallel', ignore_user_meta=False, install_base='install', log_base=None, log_level=None, main=<bound method BuildVerb.main of <colcon_core.verb.build.BuildVerb object at 0x7f8d78536250>>, merge_install=False, metas=['./colcon.meta'], packages_above=None, packages_above_and_dependencies=None, packages_above_depth=None, packages_end=None, packages_ignore=None, packages_ignore_regex=None, packages_select=None, packages_select_build_failed=False, packages_select_by_dep=None, packages_select_regex=None, packages_select_test_failures=False, packages_skip=None, packages_skip_build_finished=False, packages_skip_by_dep=None, packages_skip_regex=None, packages_skip_test_passed=False, packages_skip_up_to=None, packages_start=None, packages_up_to=None, packages_up_to_regex=None, parallel_workers=16, paths=None, symlink_install=True, test_result_base=None, verb_extension=<colcon_core.verb.build.BuildVerb object at 0x7f8d78536250>, verb_name='build', verb_parser=<colcon_defaults.argument_parser.defaults.DefaultArgumentsDecorator object at 0x7f8d78536790>)
[0.235s] Level 1:colcon.colcon_core.package_discovery:discover_packages(colcon_meta) check parameters
[0.235s] Level 1:colcon.colcon_core.package_discovery:discover_packages(recursive) check parameters
[0.235s] Level 1:colcon.colcon_core.package_discovery:discover_packages(ignore) check parameters
[0.235s] Level 1:colcon.colcon_core.package_discovery:discover_packages(path) check parameters
[0.235s] Level 1:colcon.colcon_core.package_discovery:discover_packages(colcon_meta) discover
[0.236s] Level 1:colcon.colcon_core.package_discovery:discover_packages(recursive) discover
[0.236s] INFO:colcon.colcon_core.package_discovery:Crawling recursively for packages in '/home/asrl/ros2_decawave'
[0.236s] Level 1:colcon.colcon_core.package_identification:_identify(.) by extensions ['ignore', 'ignore_ament_install']
[0.236s] Level 1:colcon.colcon_core.package_identification:_identify(.) by extension 'ignore'
[0.236s] Level 1:colcon.colcon_core.package_identification:_identify(.) by extension 'ignore_ament_install'
[0.236s] Level 1:colcon.colcon_core.package_identification:_identify(.) by extensions ['colcon_pkg']
[0.236s] Level 1:colcon.colcon_core.package_identification:_identify(.) by extension 'colcon_pkg'
[0.236s] Level 1:colcon.colcon_core.package_identification:_identify(.) by extensions ['colcon_meta']
[0.236s] Level 1:colcon.colcon_core.package_identification:_identify(.) by extension 'colcon_meta'
[0.236s] Level 1:colcon.colcon_core.package_identification:_identify(.) by extensions ['ros']
[0.236s] Level 1:colcon.colcon_core.package_identification:_identify(.) by extension 'ros'
[0.243s] Level 1:colcon.colcon_core.package_identification:_identify(.) by extensions ['cmake', 'python']
[0.243s] Level 1:colcon.colcon_core.package_identification:_identify(.) by extension 'cmake'
[0.243s] Level 1:colcon.colcon_core.package_identification:_identify(.) by extension 'python'
[0.243s] Level 1:colcon.colcon_core.package_identification:_identify(.) by extensions ['python_setup_py']
[0.243s] Level 1:colcon.colcon_core.package_identification:_identify(.) by extension 'python_setup_py'
[0.243s] Level 1:colcon.colcon_core.package_identification:_identify(build) by extensions ['ignore', 'ignore_ament_install']
[0.243s] Level 1:colcon.colcon_core.package_identification:_identify(build) by extension 'ignore'
[0.243s] Level 1:colcon.colcon_core.package_identification:_identify(build) ignored
[0.243s] Level 1:colcon.colcon_core.package_identification:_identify(install) by extensions ['ignore', 'ignore_ament_install']
[0.243s] Level 1:colcon.colcon_core.package_identification:_identify(install) by extension 'ignore'
[0.243s] Level 1:colcon.colcon_core.package_identification:_identify(install) ignored
[0.243s] Level 1:colcon.colcon_core.package_identification:_identify(log) by extensions ['ignore', 'ignore_ament_install']
[0.243s] Level 1:colcon.colcon_core.package_identification:_identify(log) by extension 'ignore'
[0.243s] Level 1:colcon.colcon_core.package_identification:_identify(log) ignored
[0.243s] Level 1:colcon.colcon_core.package_identification:_identify(src) by extensions ['ignore', 'ignore_ament_install']
[0.244s] Level 1:colcon.colcon_core.package_identification:_identify(src) by extension 'ignore'
[0.244s] Level 1:colcon.colcon_core.package_identification:_identify(src) by extension 'ignore_ament_install'
[0.244s] Level 1:colcon.colcon_core.package_identification:_identify(src) by extensions ['colcon_pkg']
[0.244s] Level 1:colcon.colcon_core.package_identification:_identify(src) by extension 'colcon_pkg'
[0.244s] Level 1:colcon.colcon_core.package_identification:_identify(src) by extensions ['colcon_meta']
[0.244s] Level 1:colcon.colcon_core.package_identification:_identify(src) by extension 'colcon_meta'
[0.244s] Level 1:colcon.colcon_core.package_identification:_identify(src) by extensions ['ros']
[0.244s] Level 1:colcon.colcon_core.package_identification:_identify(src) by extension 'ros'
[0.244s] Level 1:colcon.colcon_core.package_identification:_identify(src) by extensions ['cmake', 'python']
[0.244s] Level 1:colcon.colcon_core.package_identification:_identify(src) by extension 'cmake'
[0.244s] Level 1:colcon.colcon_core.package_identification:_identify(src) by extension 'python'
[0.244s] Level 1:colcon.colcon_core.package_identification:_identify(src) by extensions ['python_setup_py']
[0.244s] Level 1:colcon.colcon_core.package_identification:_identify(src) by extension 'python_setup_py'
[0.244s] Level 1:colcon.colcon_core.package_identification:_identify(src/decawave_interfaces) by extensions ['ignore', 'ignore_ament_install']
[0.244s] Level 1:colcon.colcon_core.package_identification:_identify(src/decawave_interfaces) by extension 'ignore'
[0.244s] Level 1:colcon.colcon_core.package_identification:_identify(src/decawave_interfaces) by extension 'ignore_ament_install'
[0.244s] Level 1:colcon.colcon_core.package_identification:_identify(src/decawave_interfaces) by extensions ['colcon_pkg']
[0.244s] Level 1:colcon.colcon_core.package_identification:_identify(src/decawave_interfaces) by extension 'colcon_pkg'
[0.244s] Level 1:colcon.colcon_core.package_identification:_identify(src/decawave_interfaces) by extensions ['colcon_meta']
[0.244s] Level 1:colcon.colcon_core.package_identification:_identify(src/decawave_interfaces) by extension 'colcon_meta'
[0.244s] Level 1:colcon.colcon_core.package_identification:_identify(src/decawave_interfaces) by extensions ['ros']
[0.244s] Level 1:colcon.colcon_core.package_identification:_identify(src/decawave_interfaces) by extension 'ros'
[0.246s] DEBUG:colcon.colcon_core.package_identification:Package 'src/decawave_interfaces' with type 'ros.ament_cmake' and name 'decawave_interfaces'
[0.246s] Level 1:colcon.colcon_core.package_identification:_identify(src/decawave_test_controller) by extensions ['ignore', 'ignore_ament_install']
[0.246s] Level 1:colcon.colcon_core.package_identification:_identify(src/decawave_test_controller) by extension 'ignore'
[0.246s] Level 1:colcon.colcon_core.package_identification:_identify(src/decawave_test_controller) by extension 'ignore_ament_install'
[0.246s] Level 1:colcon.colcon_core.package_identification:_identify(src/decawave_test_controller) by extensions ['colcon_pkg']
[0.246s] Level 1:colcon.colcon_core.package_identification:_identify(src/decawave_test_controller) by extension 'colcon_pkg'
[0.246s] Level 1:colcon.colcon_core.package_identification:_identify(src/decawave_test_controller) by extensions ['colcon_meta']
[0.246s] Level 1:colcon.colcon_core.package_identification:_identify(src/decawave_test_controller) by extension 'colcon_meta'
[0.246s] Level 1:colcon.colcon_core.package_identification:_identify(src/decawave_test_controller) by extensions ['ros']
[0.246s] Level 1:colcon.colcon_core.package_identification:_identify(src/decawave_test_controller) by extension 'ros'
[0.246s] DEBUG:colcon.colcon_core.package_identification:Package 'src/decawave_test_controller' with type 'ros.ament_python' and name 'decawave_test_controller'
[0.247s] Level 1:colcon.colcon_core.package_discovery:discover_packages(recursive) using defaults
[0.247s] Level 1:colcon.colcon_core.package_discovery:discover_packages(ignore) discover
[0.247s] Level 1:colcon.colcon_core.package_discovery:discover_packages(ignore) using defaults
[0.247s] Level 1:colcon.colcon_core.package_discovery:discover_packages(path) discover
[0.247s] Level 1:colcon.colcon_core.package_discovery:discover_packages(path) using defaults
[0.262s] Level 1:colcon.colcon_core.package_discovery:discover_packages(prefix_path) check parameters
[0.262s] Level 1:colcon.colcon_core.package_discovery:discover_packages(prefix_path) discover
[0.263s] DEBUG:colcon.colcon_installed_package_information.package_discovery:Found 3 installed packages in /home/asrl/ros2_decawave/install
[0.264s] DEBUG:colcon.colcon_installed_package_information.package_discovery:Found 266 installed packages in /opt/ros/foxy
[0.265s] Level 1:colcon.colcon_core.package_discovery:discover_packages(prefix_path) using defaults
[0.305s] Level 5:colcon.colcon_core.verb:set package 'decawave_interfaces' build argument 'cmake_args' from command line to 'None'
[0.305s] Level 5:colcon.colcon_core.verb:set package 'decawave_interfaces' build argument 'cmake_target' from command line to 'None'
[0.305s] Level 5:colcon.colcon_core.verb:set package 'decawave_interfaces' build argument 'cmake_target_skip_unavailable' from command line to 'False'
[0.305s] Level 5:colcon.colcon_core.verb:set package 'decawave_interfaces' build argument 'cmake_clean_cache' from command line to 'False'
[0.305s] Level 5:colcon.colcon_core.verb:set package 'decawave_interfaces' build argument 'cmake_clean_first' from command line to 'False'
[0.305s] Level 5:colcon.colcon_core.verb:set package 'decawave_interfaces' build argument 'cmake_force_configure' from command line to 'False'
[0.305s] Level 5:colcon.colcon_core.verb:set package 'decawave_interfaces' build argument 'ament_cmake_args' from command line to 'None'
[0.305s] Level 5:colcon.colcon_core.verb:set package 'decawave_interfaces' build argument 'catkin_cmake_args' from command line to 'None'
[0.305s] Level 5:colcon.colcon_core.verb:set package 'decawave_interfaces' build argument 'catkin_skip_building_tests' from command line to 'False'
[0.305s] DEBUG:colcon.colcon_core.verb:Building package 'decawave_interfaces' with the following arguments: {'ament_cmake_args': None, 'build_base': '/home/asrl/ros2_decawave/build/decawave_interfaces', 'catkin_cmake_args': None, 'catkin_skip_building_tests': False, 'cmake_args': None, 'cmake_clean_cache': False, 'cmake_clean_first': False, 'cmake_force_configure': False, 'cmake_target': None, 'cmake_target_skip_unavailable': False, 'install_base': '/home/asrl/ros2_decawave/install/decawave_interfaces', 'merge_install': False, 'path': '/home/asrl/ros2_decawave/src/decawave_interfaces', 'symlink_install': True, 'test_result_base': None}
[0.306s] Level 5:colcon.colcon_core.verb:set package 'decawave_test_controller' build argument 'cmake_args' from command line to 'None'
[0.306s] Level 5:colcon.colcon_core.verb:set package 'decawave_test_controller' build argument 'cmake_target' from command line to 'None'
[0.306s] Level 5:colcon.colcon_core.verb:set package 'decawave_test_controller' build argument 'cmake_target_skip_unavailable' from command line to 'False'
[0.306s] Level 5:colcon.colcon_core.verb:set package 'decawave_test_controller' build argument 'cmake_clean_cache' from command line to 'False'
[0.306s] Level 5:colcon.colcon_core.verb:set package 'decawave_test_controller' build argument 'cmake_clean_first' from command line to 'False'
[0.306s] Level 5:colcon.colcon_core.verb:set package 'decawave_test_controller' build argument 'cmake_force_configure' from command line to 'False'
[0.306s] Level 5:colcon.colcon_core.verb:set package 'decawave_test_controller' build argument 'ament_cmake_args' from command line to 'None'
[0.306s] Level 5:colcon.colcon_core.verb:set package 'decawave_test_controller' build argument 'catkin_cmake_args' from command line to 'None'
[0.306s] Level 5:colcon.colcon_core.verb:set package 'decawave_test_controller' build argument 'catkin_skip_building_tests' from command line to 'False'
[0.306s] DEBUG:colcon.colcon_core.verb:Building package 'decawave_test_controller' with the following arguments: {'ament_cmake_args': None, 'build_base': '/home/asrl/ros2_decawave/build/decawave_test_controller', 'catkin_cmake_args': None, 'catkin_skip_building_tests': False, 'cmake_args': None, 'cmake_clean_cache': False, 'cmake_clean_first': False, 'cmake_force_configure': False, 'cmake_target': None, 'cmake_target_skip_unavailable': False, 'install_base': '/home/asrl/ros2_decawave/install/decawave_test_controller', 'merge_install': False, 'path': '/home/asrl/ros2_decawave/src/decawave_test_controller', 'symlink_install': True, 'test_result_base': None}
[0.307s] INFO:colcon.colcon_core.executor:Executing jobs using 'parallel' executor
[0.309s] DEBUG:colcon.colcon_parallel_executor.executor.parallel:run_until_complete
[0.309s] INFO:colcon.colcon_ros.task.ament_cmake.build:Building ROS package in '/home/asrl/ros2_decawave/src/decawave_interfaces' with build type 'ament_cmake'
[0.310s] INFO:colcon.colcon_cmake.task.cmake.build:Building CMake package in '/home/asrl/ros2_decawave/src/decawave_interfaces'
[0.313s] INFO:colcon.colcon_core.plugin_system:Skipping extension 'colcon_core.shell.bat': Not used on non-Windows systems
[0.313s] INFO:colcon.colcon_core.shell:Skip shell extension 'powershell' for command environment: Not usable outside of PowerShell
[0.313s] DEBUG:colcon.colcon_core.shell:Skip shell extension 'dsv' for command environment
[0.322s] DEBUG:colcon.colcon_core.event_handler.log_command:Invoking command in '/home/asrl/ros2_decawave/build/decawave_interfaces': CMAKE_PREFIX_PATH=${CMAKE_PREFIX_PATH}:/home/asrl/ros2_decawave/install/decawave_test_controller:/opt/ros/foxy /usr/bin/cmake --build /home/asrl/ros2_decawave/build/decawave_interfaces -- -j16 -l16
[0.465s] DEBUG:colcon.colcon_core.event_handler.log_command:Invoked command in '/home/asrl/ros2_decawave/build/decawave_interfaces' returned '0': CMAKE_PREFIX_PATH=${CMAKE_PREFIX_PATH}:/home/asrl/ros2_decawave/install/decawave_test_controller:/opt/ros/foxy /usr/bin/cmake --build /home/asrl/ros2_decawave/build/decawave_interfaces -- -j16 -l16
[0.512s] DEBUG:colcon.colcon_core.event_handler.log_command:Invoking command in '/home/asrl/ros2_decawave/build/decawave_interfaces': CMAKE_PREFIX_PATH=${CMAKE_PREFIX_PATH}:/home/asrl/ros2_decawave/install/decawave_test_controller:/opt/ros/foxy /usr/bin/cmake --install /home/asrl/ros2_decawave/build/decawave_interfaces
[0.560s] Level 1:colcon.colcon_core.environment:create_environment_scripts_only(decawave_interfaces)
[0.561s] DEBUG:colcon.colcon_core.event_handler.log_command:Invoked command in '/home/asrl/ros2_decawave/build/decawave_interfaces' returned '0': CMAKE_PREFIX_PATH=${CMAKE_PREFIX_PATH}:/home/asrl/ros2_decawave/install/decawave_test_controller:/opt/ros/foxy /usr/bin/cmake --install /home/asrl/ros2_decawave/build/decawave_interfaces
[0.566s] Level 1:colcon.colcon_core.environment:checking '/home/asrl/ros2_decawave/install/decawave_interfaces' for CMake module files
[0.567s] Level 1:colcon.colcon_core.environment:checking '/home/asrl/ros2_decawave/install/decawave_interfaces' for CMake config files
[0.567s] Level 1:colcon.colcon_core.shell:create_environment_hook('decawave_interfaces', 'cmake_prefix_path')
[0.569s] INFO:colcon.colcon_core.shell:Creating environment hook '/home/asrl/ros2_decawave/install/decawave_interfaces/share/decawave_interfaces/hook/cmake_prefix_path.ps1'
[0.570s] INFO:colcon.colcon_core.shell:Creating environment descriptor '/home/asrl/ros2_decawave/install/decawave_interfaces/share/decawave_interfaces/hook/cmake_prefix_path.dsv'
[0.570s] INFO:colcon.colcon_core.shell:Creating environment hook '/home/asrl/ros2_decawave/install/decawave_interfaces/share/decawave_interfaces/hook/cmake_prefix_path.sh'
[0.571s] Level 1:colcon.colcon_core.environment:checking '/home/asrl/ros2_decawave/install/decawave_interfaces/lib'
[0.571s] Level 1:colcon.colcon_core.shell:create_environment_hook('decawave_interfaces', 'ld_library_path_lib')
[0.573s] INFO:colcon.colcon_core.shell:Creating environment hook '/home/asrl/ros2_decawave/install/decawave_interfaces/share/decawave_interfaces/hook/ld_library_path_lib.ps1'
[0.573s] INFO:colcon.colcon_core.shell:Creating environment descriptor '/home/asrl/ros2_decawave/install/decawave_interfaces/share/decawave_interfaces/hook/ld_library_path_lib.dsv'
[0.573s] INFO:colcon.colcon_core.shell:Creating environment hook '/home/asrl/ros2_decawave/install/decawave_interfaces/share/decawave_interfaces/hook/ld_library_path_lib.sh'
[0.573s] Level 1:colcon.colcon_core.environment:checking '/home/asrl/ros2_decawave/install/decawave_interfaces/bin'
[0.573s] Level 1:colcon.colcon_core.environment:checking '/home/asrl/ros2_decawave/install/decawave_interfaces/lib/pkgconfig/decawave_interfaces.pc'
[0.574s] Level 1:colcon.colcon_core.environment:checking '/home/asrl/ros2_decawave/install/decawave_interfaces/lib/python3.8/site-packages'
[0.574s] Level 1:colcon.colcon_core.shell:create_environment_hook('decawave_interfaces', 'pythonpath')
[0.575s] INFO:colcon.colcon_core.shell:Creating environment hook '/home/asrl/ros2_decawave/install/decawave_interfaces/share/decawave_interfaces/hook/pythonpath.ps1'
[0.575s] INFO:colcon.colcon_core.shell:Creating environment descriptor '/home/asrl/ros2_decawave/install/decawave_interfaces/share/decawave_interfaces/hook/pythonpath.dsv'
[0.576s] INFO:colcon.colcon_core.shell:Creating environment hook '/home/asrl/ros2_decawave/install/decawave_interfaces/share/decawave_interfaces/hook/pythonpath.sh'
[0.576s] Level 1:colcon.colcon_core.environment:checking '/home/asrl/ros2_decawave/install/decawave_interfaces/bin'
[0.577s] INFO:colcon.colcon_core.shell:Creating package script '/home/asrl/ros2_decawave/install/decawave_interfaces/share/decawave_interfaces/package.ps1'
[0.578s] INFO:colcon.colcon_core.shell:Creating package descriptor '/home/asrl/ros2_decawave/install/decawave_interfaces/share/decawave_interfaces/package.dsv'
[0.578s] INFO:colcon.colcon_core.shell:Creating package script '/home/asrl/ros2_decawave/install/decawave_interfaces/share/decawave_interfaces/package.sh'
[0.579s] INFO:colcon.colcon_core.shell:Creating package script '/home/asrl/ros2_decawave/install/decawave_interfaces/share/decawave_interfaces/package.bash'
[0.580s] INFO:colcon.colcon_core.shell:Creating package script '/home/asrl/ros2_decawave/install/decawave_interfaces/share/decawave_interfaces/package.zsh'
[0.580s] Level 1:colcon.colcon_core.environment:create_file_with_runtime_dependencies(/home/asrl/ros2_decawave/install/decawave_interfaces/share/colcon-core/packages/decawave_interfaces)
[0.618s] Level 1:colcon.colcon_core.environment:create_environment_scripts_only(decawave_interfaces)
[0.619s] Level 1:colcon.colcon_core.environment:checking '/home/asrl/ros2_decawave/install/decawave_interfaces' for CMake module files
[0.620s] Level 1:colcon.colcon_core.environment:checking '/home/asrl/ros2_decawave/install/decawave_interfaces' for CMake config files
[0.620s] Level 1:colcon.colcon_core.shell:create_environment_hook('decawave_interfaces', 'cmake_prefix_path')
[0.622s] INFO:colcon.colcon_core.shell:Creating environment hook '/home/asrl/ros2_decawave/install/decawave_interfaces/share/decawave_interfaces/hook/cmake_prefix_path.ps1'
[0.622s] INFO:colcon.colcon_core.shell:Creating environment descriptor '/home/asrl/ros2_decawave/install/decawave_interfaces/share/decawave_interfaces/hook/cmake_prefix_path.dsv'
[0.622s] INFO:colcon.colcon_core.shell:Creating environment hook '/home/asrl/ros2_decawave/install/decawave_interfaces/share/decawave_interfaces/hook/cmake_prefix_path.sh'
[0.623s] Level 1:colcon.colcon_core.environment:checking '/home/asrl/ros2_decawave/install/decawave_interfaces/lib'
[0.623s] Level 1:colcon.colcon_core.shell:create_environment_hook('decawave_interfaces', 'ld_library_path_lib')
[0.624s] INFO:colcon.colcon_core.shell:Creating environment hook '/home/asrl/ros2_decawave/install/decawave_interfaces/share/decawave_interfaces/hook/ld_library_path_lib.ps1'
[0.624s] INFO:colcon.colcon_core.shell:Creating environment descriptor '/home/asrl/ros2_decawave/install/decawave_interfaces/share/decawave_interfaces/hook/ld_library_path_lib.dsv'
[0.624s] INFO:colcon.colcon_core.shell:Creating environment hook '/home/asrl/ros2_decawave/install/decawave_interfaces/share/decawave_interfaces/hook/ld_library_path_lib.sh'
[0.624s] Level 1:colcon.colcon_core.environment:checking '/home/asrl/ros2_decawave/install/decawave_interfaces/bin'
[0.624s] Level 1:colcon.colcon_core.environment:checking '/home/asrl/ros2_decawave/install/decawave_interfaces/lib/pkgconfig/decawave_interfaces.pc'
[0.625s] Level 1:colcon.colcon_core.environment:checking '/home/asrl/ros2_decawave/install/decawave_interfaces/lib/python3.8/site-packages'
[0.625s] Level 1:colcon.colcon_core.shell:create_environment_hook('decawave_interfaces', 'pythonpath')
[0.626s] INFO:colcon.colcon_core.shell:Creating environment hook '/home/asrl/ros2_decawave/install/decawave_interfaces/share/decawave_interfaces/hook/pythonpath.ps1'
[0.626s] INFO:colcon.colcon_core.shell:Creating environment descriptor '/home/asrl/ros2_decawave/install/decawave_interfaces/share/decawave_interfaces/hook/pythonpath.dsv'
[0.626s] INFO:colcon.colcon_core.shell:Creating environment hook '/home/asrl/ros2_decawave/install/decawave_interfaces/share/decawave_interfaces/hook/pythonpath.sh'
[0.626s] Level 1:colcon.colcon_core.environment:checking '/home/asrl/ros2_decawave/install/decawave_interfaces/bin'
[0.627s] INFO:colcon.colcon_core.shell:Creating package script '/home/asrl/ros2_decawave/install/decawave_interfaces/share/decawave_interfaces/package.ps1'
[0.628s] INFO:colcon.colcon_core.shell:Creating package descriptor '/home/asrl/ros2_decawave/install/decawave_interfaces/share/decawave_interfaces/package.dsv'
[0.628s] INFO:colcon.colcon_core.shell:Creating package script '/home/asrl/ros2_decawave/install/decawave_interfaces/share/decawave_interfaces/package.sh'
[0.628s] INFO:colcon.colcon_core.shell:Creating package script '/home/asrl/ros2_decawave/install/decawave_interfaces/share/decawave_interfaces/package.bash'
[0.628s] INFO:colcon.colcon_core.shell:Creating package script '/home/asrl/ros2_decawave/install/decawave_interfaces/share/decawave_interfaces/package.zsh'
[0.629s] Level 1:colcon.colcon_core.environment:create_file_with_runtime_dependencies(/home/asrl/ros2_decawave/install/decawave_interfaces/share/colcon-core/packages/decawave_interfaces)
[0.629s] INFO:colcon.colcon_ros.task.ament_python.build:Building ROS package in '/home/asrl/ros2_decawave/src/decawave_test_controller' with build type 'ament_python'
[0.629s] Level 1:colcon.colcon_core.shell:create_environment_hook('decawave_test_controller', 'ament_prefix_path')
[0.630s] INFO:colcon.colcon_core.shell:Creating environment hook '/home/asrl/ros2_decawave/install/decawave_test_controller/share/decawave_test_controller/hook/ament_prefix_path.ps1'
[0.631s] INFO:colcon.colcon_core.shell:Creating environment descriptor '/home/asrl/ros2_decawave/install/decawave_test_controller/share/decawave_test_controller/hook/ament_prefix_path.dsv'
[0.631s] INFO:colcon.colcon_core.shell:Creating environment hook '/home/asrl/ros2_decawave/install/decawave_test_controller/share/decawave_test_controller/hook/ament_prefix_path.sh'
[0.632s] INFO:colcon.colcon_core.shell:Skip shell extension 'powershell' for command environment: Not usable outside of PowerShell
[0.632s] DEBUG:colcon.colcon_core.shell:Skip shell extension 'dsv' for command environment
[0.804s] INFO:colcon.colcon_core.task.python.build:Building Python package in '/home/asrl/ros2_decawave/src/decawave_test_controller'
[0.806s] INFO:colcon.colcon_core.shell:Skip shell extension 'powershell' for command environment: Not usable outside of PowerShell
[0.806s] DEBUG:colcon.colcon_core.shell:Skip shell extension 'dsv' for command environment
[1.073s] DEBUG:colcon.colcon_core.event_handler.log_command:Invoking command in '/home/asrl/ros2_decawave/build/decawave_test_controller': PYTHONPATH=/home/asrl/ros2_decawave/build/decawave_test_controller/prefix_override:/home/asrl/ros2_decawave/install/decawave_test_controller/lib/python3.8/site-packages:/home/asrl/ros2_decawave/install/decawave_interfaces/lib/python3.8/site-packages:/home/asrl/ros2_decawave/build/my-test-package:/home/asrl/ros2_decawave/install/my-test-package/lib/python3.8/site-packages:/home/asrl/ros2_decawave/build/decawave_test_controller:/home/asrl/ros2_decawave/install/decawave_test_controller/lib/python3.8/site-packages:/opt/ros/foxy/lib/python3.8/site-packages:/home/duembgen/.local/bin/ /usr/bin/python3 setup.py develop --editable --build-directory /home/asrl/ros2_decawave/build/decawave_test_controller/build --no-deps install_data
[1.359s] Level 1:colcon.colcon_core.shell:create_environment_hook('decawave_test_controller', 'pythonpath_develop')
[1.360s] INFO:colcon.colcon_core.shell:Creating environment hook '/home/asrl/ros2_decawave/build/decawave_test_controller/share/decawave_test_controller/hook/pythonpath_develop.ps1'
[1.361s] DEBUG:colcon.colcon_core.event_handler.log_command:Invoked command in '/home/asrl/ros2_decawave/build/decawave_test_controller' returned '0': PYTHONPATH=/home/asrl/ros2_decawave/build/decawave_test_controller/prefix_override:/home/asrl/ros2_decawave/install/decawave_test_controller/lib/python3.8/site-packages:/home/asrl/ros2_decawave/install/decawave_interfaces/lib/python3.8/site-packages:/home/asrl/ros2_decawave/build/my-test-package:/home/asrl/ros2_decawave/install/my-test-package/lib/python3.8/site-packages:/home/asrl/ros2_decawave/build/decawave_test_controller:/home/asrl/ros2_decawave/install/decawave_test_controller/lib/python3.8/site-packages:/opt/ros/foxy/lib/python3.8/site-packages:/home/duembgen/.local/bin/ /usr/bin/python3 setup.py develop --editable --build-directory /home/asrl/ros2_decawave/build/decawave_test_controller/build --no-deps install_data
[1.361s] INFO:colcon.colcon_core.shell:Creating environment descriptor '/home/asrl/ros2_decawave/build/decawave_test_controller/share/decawave_test_controller/hook/pythonpath_develop.dsv'
[1.361s] INFO:colcon.colcon_core.shell:Creating environment hook '/home/asrl/ros2_decawave/build/decawave_test_controller/share/decawave_test_controller/hook/pythonpath_develop.sh'
[1.363s] Level 1:colcon.colcon_core.environment:checking '/home/asrl/ros2_decawave/install/decawave_test_controller' for CMake module files
[1.363s] Level 1:colcon.colcon_core.environment:checking '/home/asrl/ros2_decawave/install/decawave_test_controller' for CMake config files
[1.363s] Level 1:colcon.colcon_core.environment:checking '/home/asrl/ros2_decawave/install/decawave_test_controller/lib'
[1.364s] Level 1:colcon.colcon_core.environment:checking '/home/asrl/ros2_decawave/install/decawave_test_controller/bin'
[1.364s] Level 1:colcon.colcon_core.environment:checking '/home/asrl/ros2_decawave/install/decawave_test_controller/lib/pkgconfig/decawave_test_controller.pc'
[1.364s] Level 1:colcon.colcon_core.environment:checking '/home/asrl/ros2_decawave/install/decawave_test_controller/lib/python3.8/site-packages'
[1.364s] Level 1:colcon.colcon_core.shell:create_environment_hook('decawave_test_controller', 'pythonpath')
[1.365s] INFO:colcon.colcon_core.shell:Creating environment hook '/home/asrl/ros2_decawave/install/decawave_test_controller/share/decawave_test_controller/hook/pythonpath.ps1'
[1.365s] INFO:colcon.colcon_core.shell:Creating environment descriptor '/home/asrl/ros2_decawave/install/decawave_test_controller/share/decawave_test_controller/hook/pythonpath.dsv'
[1.365s] INFO:colcon.colcon_core.shell:Creating environment hook '/home/asrl/ros2_decawave/install/decawave_test_controller/share/decawave_test_controller/hook/pythonpath.sh'
[1.365s] Level 1:colcon.colcon_core.environment:checking '/home/asrl/ros2_decawave/install/decawave_test_controller/bin'
[1.365s] Level 1:colcon.colcon_core.environment:create_environment_scripts_only(decawave_test_controller)
[1.366s] INFO:colcon.colcon_core.shell:Creating package script '/home/asrl/ros2_decawave/install/decawave_test_controller/share/decawave_test_controller/package.ps1'
[1.367s] INFO:colcon.colcon_core.shell:Creating package descriptor '/home/asrl/ros2_decawave/install/decawave_test_controller/share/decawave_test_controller/package.dsv'
[1.367s] INFO:colcon.colcon_core.shell:Creating package script '/home/asrl/ros2_decawave/install/decawave_test_controller/share/decawave_test_controller/package.sh'
[1.367s] INFO:colcon.colcon_core.shell:Creating package script '/home/asrl/ros2_decawave/install/decawave_test_controller/share/decawave_test_controller/package.bash'
[1.367s] INFO:colcon.colcon_core.shell:Creating package script '/home/asrl/ros2_decawave/install/decawave_test_controller/share/decawave_test_controller/package.zsh'
[1.367s] Level 1:colcon.colcon_core.environment:create_file_with_runtime_dependencies(/home/asrl/ros2_decawave/install/decawave_test_controller/share/colcon-core/packages/decawave_test_controller)
[1.368s] DEBUG:colcon.colcon_parallel_executor.executor.parallel:closing loop
[1.368s] DEBUG:colcon.colcon_parallel_executor.executor.parallel:loop closed
[1.368s] DEBUG:colcon.colcon_parallel_executor.executor.parallel:run_until_complete finished with '0'
[1.368s] DEBUG:colcon.colcon_core.event_reactor:joining thread
[1.372s] INFO:colcon.colcon_core.plugin_system:Skipping extension 'colcon_notification.desktop_notification.terminal_notifier': Not used on non-Darwin systems
[1.372s] INFO:colcon.colcon_core.plugin_system:Skipping extension 'colcon_notification.desktop_notification.win32': Not used on non-Windows systems
[1.372s] INFO:colcon.colcon_notification.desktop_notification:Sending desktop notification using 'notify2'
[1.392s] DEBUG:colcon.colcon_core.event_reactor:joined thread
[1.393s] INFO:colcon.colcon_core.shell:Creating prefix script '/home/asrl/ros2_decawave/install/local_setup.ps1'
[1.394s] INFO:colcon.colcon_core.shell:Creating prefix util module '/home/asrl/ros2_decawave/install/_local_setup_util_ps1.py'
[1.394s] INFO:colcon.colcon_core.shell:Creating prefix chain script '/home/asrl/ros2_decawave/install/setup.ps1'
[1.395s] INFO:colcon.colcon_core.shell:Creating prefix script '/home/asrl/ros2_decawave/install/local_setup.sh'
[1.396s] INFO:colcon.colcon_core.shell:Creating prefix util module '/home/asrl/ros2_decawave/install/_local_setup_util_sh.py'
[1.396s] INFO:colcon.colcon_core.shell:Creating prefix chain script '/home/asrl/ros2_decawave/install/setup.sh'
[1.397s] INFO:colcon.colcon_core.shell:Creating prefix script '/home/asrl/ros2_decawave/install/local_setup.bash'
[1.397s] INFO:colcon.colcon_core.shell:Creating prefix chain script '/home/asrl/ros2_decawave/install/setup.bash'
[1.398s] INFO:colcon.colcon_core.shell:Creating prefix script '/home/asrl/ros2_decawave/install/local_setup.zsh'
[1.398s] INFO:colcon.colcon_core.shell:Creating prefix chain script '/home/asrl/ros2_decawave/install/setup.zsh'
