-- Found ament_cmake: 1.3.4 (/opt/ros/humble/share/ament_cmake/cmake)
-- Found std_msgs: 4.2.3 (/opt/ros/humble/share/std_msgs/cmake)
-- Found rosidl_generator_c: 3.1.4 (/opt/ros/humble/share/rosidl_generator_c/cmake)
-- Found rosidl_adapter: 3.1.4 (/opt/ros/humble/share/rosidl_adapter/cmake)
-- Found rosidl_generator_cpp: 3.1.4 (/opt/ros/humble/share/rosidl_generator_cpp/cmake)
-- Using all available rosidl_typesupport_c: rosidl_typesupport_fastrtps_c;rosidl_typesupport_introspection_c
-- Using all available rosidl_typesupport_cpp: rosidl_typesupport_fastrtps_cpp;rosidl_typesupport_introspection_cpp
-- Found rosidl_default_generators: 1.2.0 (/opt/ros/humble/share/rosidl_default_generators/cmake)
-- Found ament_cmake_ros: 0.10.0 (/opt/ros/humble/share/ament_cmake_ros/cmake)
-- Using all available rosidl_typesupport_c: rosidl_typesupport_fastrtps_c;rosidl_typesupport_introspection_c
-- Using all available rosidl_typesupport_cpp: rosidl_typesupport_fastrtps_cpp;rosidl_typesupport_introspection_cpp
-- Found python_cmake_module: 0.10.0 (/opt/ros/humble/share/python_cmake_module/cmake)
-- Using PYTHON_EXECUTABLE: /usr/bin/python3
-- Using PYTHON_INCLUDE_DIRS: /usr/include/python3.10
-- Using PYTHON_LIBRARIES: /usr/lib/x86_64-linux-gnu/libpython3.10.so
-- Configuring done
-- Generating done
-- Build files have been written to: /root/ros2_decawave/build/decawave_msg
[  3%] [34m[1mGenerating C code for ROS interfaces[0m
[  6%] [34m[1mGenerating C++ code for ROS interfaces[0m
[  6%] Built target ament_cmake_python_copy_decawave_msg
[35m[1mConsolidate compiler generated dependencies of target decawave_msg__rosidl_generator_c[0m
[  6%] Built target decawave_msg__cpp
[  9%] [32mBuilding C object CMakeFiles/decawave_msg__rosidl_generator_c.dir/rosidl_generator_c/decawave_msg/msg/detail/range__functions.c.o[0m
[ 19%] [34m[1mGenerating C++ type support for eProsima Fast-RTPS[0m
[ 19%] [34m[1mGenerating C++ introspection for ROS interfaces[0m
[ 19%] [34m[1mGenerating C++ type support dispatch for ROS interfaces[0m
running egg_info
writing decawave_msg.egg-info/PKG-INFO
writing dependency_links to decawave_msg.egg-info/dependency_links.txt
writing top-level names to decawave_msg.egg-info/top_level.txt
reading manifest file 'decawave_msg.egg-info/SOURCES.txt'
writing manifest file 'decawave_msg.egg-info/SOURCES.txt'
[ 22%] [32m[1mLinking C shared library libdecawave_msg__rosidl_generator_c.so[0m
[ 22%] Built target ament_cmake_python_build_decawave_msg_egg
[ 22%] Built target decawave_msg__rosidl_generator_c
[35m[1mConsolidate compiler generated dependencies of target decawave_msg__rosidl_typesupport_introspection_cpp[0m
[35m[1mConsolidate compiler generated dependencies of target decawave_msg__rosidl_typesupport_cpp[0m
[ 25%] [34m[1mGenerating C introspection for ROS interfaces[0m
[ 29%] [34m[1mGenerating C type support for eProsima Fast-RTPS[0m
[ 32%] [34m[1mGenerating C type support dispatch for ROS interfaces[0m
[ 35%] [32mBuilding CXX object CMakeFiles/decawave_msg__rosidl_typesupport_introspection_cpp.dir/rosidl_typesupport_introspection_cpp/decawave_msg/msg/detail/range__type_support.cpp.o[0m
[ 38%] [32mBuilding CXX object CMakeFiles/decawave_msg__rosidl_typesupport_cpp.dir/rosidl_typesupport_cpp/decawave_msg/msg/range__type_support.cpp.o[0m
[35m[1mConsolidate compiler generated dependencies of target decawave_msg__rosidl_typesupport_fastrtps_cpp[0m
[ 41%] [32mBuilding CXX object CMakeFiles/decawave_msg__rosidl_typesupport_fastrtps_cpp.dir/rosidl_typesupport_fastrtps_cpp/decawave_msg/msg/detail/dds_fastrtps/range__type_support.cpp.o[0m
[35m[1mConsolidate compiler generated dependencies of target decawave_msg__rosidl_typesupport_introspection_c[0m
[35m[1mConsolidate compiler generated dependencies of target decawave_msg__rosidl_typesupport_c[0m
[ 45%] [32mBuilding CXX object CMakeFiles/decawave_msg__rosidl_typesupport_c.dir/rosidl_typesupport_c/decawave_msg/msg/range__type_support.cpp.o[0m
[ 48%] [32mBuilding C object CMakeFiles/decawave_msg__rosidl_typesupport_introspection_c.dir/rosidl_typesupport_introspection_c/decawave_msg/msg/detail/range__type_support.c.o[0m
[35m[1mConsolidate compiler generated dependencies of target decawave_msg__rosidl_typesupport_fastrtps_c[0m
[ 51%] [32mBuilding CXX object CMakeFiles/decawave_msg__rosidl_typesupport_fastrtps_c.dir/rosidl_typesupport_fastrtps_c/decawave_msg/msg/detail/range__type_support_c.cpp.o[0m
[ 54%] [32m[1mLinking CXX shared library libdecawave_msg__rosidl_typesupport_c.so[0m
[ 58%] [32m[1mLinking C shared library libdecawave_msg__rosidl_typesupport_introspection_c.so[0m
[ 61%] [32m[1mLinking CXX shared library libdecawave_msg__rosidl_typesupport_cpp.so[0m
[ 61%] Built target decawave_msg__rosidl_typesupport_introspection_c
[ 61%] Built target decawave_msg__rosidl_typesupport_c
[ 64%] [32m[1mLinking CXX shared library libdecawave_msg__rosidl_typesupport_introspection_cpp.so[0m
[ 67%] [32m[1mLinking CXX shared library libdecawave_msg__rosidl_typesupport_fastrtps_cpp.so[0m
[ 67%] Built target decawave_msg__rosidl_typesupport_cpp
[ 70%] [32m[1mLinking CXX shared library libdecawave_msg__rosidl_typesupport_fastrtps_c.so[0m
[ 70%] Built target decawave_msg__rosidl_typesupport_introspection_cpp
[ 70%] Built target decawave_msg__rosidl_typesupport_fastrtps_cpp
[ 70%] Built target decawave_msg__rosidl_typesupport_fastrtps_c
[ 70%] Built target decawave_msg
[ 74%] [34m[1mGenerating Python code for ROS interfaces[0m
[ 74%] Built target decawave_msg__py
[35m[1mConsolidate compiler generated dependencies of target decawave_msg__rosidl_generator_py[0m
[ 77%] [32mBuilding C object CMakeFiles/decawave_msg__rosidl_generator_py.dir/rosidl_generator_py/decawave_msg/msg/_range_s.c.o[0m
[ 80%] [32m[1mLinking C shared library rosidl_generator_py/decawave_msg/libdecawave_msg__rosidl_generator_py.so[0m
[ 80%] Built target decawave_msg__rosidl_generator_py
[35m[1mConsolidate compiler generated dependencies of target decawave_msg__rosidl_typesupport_fastrtps_c__pyext[0m
[35m[1mConsolidate compiler generated dependencies of target decawave_msg__rosidl_typesupport_c__pyext[0m
[35m[1mConsolidate compiler generated dependencies of target decawave_msg__rosidl_typesupport_introspection_c__pyext[0m
[ 83%] [32mBuilding C object CMakeFiles/decawave_msg__rosidl_typesupport_fastrtps_c__pyext.dir/rosidl_generator_py/decawave_msg/_decawave_msg_s.ep.rosidl_typesupport_fastrtps_c.c.o[0m
[ 87%] [32mBuilding C object CMakeFiles/decawave_msg__rosidl_typesupport_introspection_c__pyext.dir/rosidl_generator_py/decawave_msg/_decawave_msg_s.ep.rosidl_typesupport_introspection_c.c.o[0m
[ 90%] [32mBuilding C object CMakeFiles/decawave_msg__rosidl_typesupport_c__pyext.dir/rosidl_generator_py/decawave_msg/_decawave_msg_s.ep.rosidl_typesupport_c.c.o[0m
[ 93%] [32m[1mLinking C shared library rosidl_generator_py/decawave_msg/decawave_msg_s__rosidl_typesupport_fastrtps_c.cpython-310-x86_64-linux-gnu.so[0m
[ 96%] [32m[1mLinking C shared library rosidl_generator_py/decawave_msg/decawave_msg_s__rosidl_typesupport_c.cpython-310-x86_64-linux-gnu.so[0m
[100%] [32m[1mLinking C shared library rosidl_generator_py/decawave_msg/decawave_msg_s__rosidl_typesupport_introspection_c.cpython-310-x86_64-linux-gnu.so[0m
[100%] Built target decawave_msg__rosidl_typesupport_c__pyext
[100%] Built target decawave_msg__rosidl_typesupport_fastrtps_c__pyext
[100%] Built target decawave_msg__rosidl_typesupport_introspection_c__pyext
-- Install configuration: ""
-- Up-to-date: /root/ros2_decawave/install/decawave_msg/share/ament_index/resource_index/rosidl_interfaces/decawave_msg
-- Up-to-date: /root/ros2_decawave/install/decawave_msg/include/decawave_msg/decawave_msg
-- Up-to-date: /root/ros2_decawave/install/decawave_msg/include/decawave_msg/decawave_msg/msg
-- Installing: /root/ros2_decawave/install/decawave_msg/include/decawave_msg/decawave_msg/msg/range.h
-- Up-to-date: /root/ros2_decawave/install/decawave_msg/include/decawave_msg/decawave_msg/msg/detail
-- Installing: /root/ros2_decawave/install/decawave_msg/include/decawave_msg/decawave_msg/msg/detail/range__type_support.h
-- Installing: /root/ros2_decawave/install/decawave_msg/include/decawave_msg/decawave_msg/msg/detail/range__functions.c
-- Installing: /root/ros2_decawave/install/decawave_msg/include/decawave_msg/decawave_msg/msg/detail/range__struct.h
-- Installing: /root/ros2_decawave/install/decawave_msg/include/decawave_msg/decawave_msg/msg/detail/range__functions.h
-- Up-to-date: /root/ros2_decawave/install/decawave_msg/include/decawave_msg/decawave_msg/msg/rosidl_generator_c__visibility_control.h
-- Up-to-date: /root/ros2_decawave/install/decawave_msg/share/decawave_msg/environment/library_path.sh
-- Installing: /root/ros2_decawave/install/decawave_msg/share/decawave_msg/environment/library_path.dsv
-- Installing: /root/ros2_decawave/install/decawave_msg/lib/libdecawave_msg__rosidl_generator_c.so
-- Set runtime path of "/root/ros2_decawave/install/decawave_msg/lib/libdecawave_msg__rosidl_generator_c.so" to ""
-- Up-to-date: /root/ros2_decawave/install/decawave_msg/include/decawave_msg/decawave_msg
-- Up-to-date: /root/ros2_decawave/install/decawave_msg/include/decawave_msg/decawave_msg/msg
-- Up-to-date: /root/ros2_decawave/install/decawave_msg/include/decawave_msg/decawave_msg/msg/rosidl_typesupport_fastrtps_c__visibility_control.h
-- Up-to-date: /root/ros2_decawave/install/decawave_msg/include/decawave_msg/decawave_msg/msg/detail
-- Installing: /root/ros2_decawave/install/decawave_msg/include/decawave_msg/decawave_msg/msg/detail/range__rosidl_typesupport_fastrtps_c.h
-- Installing: /root/ros2_decawave/install/decawave_msg/lib/libdecawave_msg__rosidl_typesupport_fastrtps_c.so
-- Set runtime path of "/root/ros2_decawave/install/decawave_msg/lib/libdecawave_msg__rosidl_typesupport_fastrtps_c.so" to ""
-- Up-to-date: /root/ros2_decawave/install/decawave_msg/include/decawave_msg/decawave_msg
-- Up-to-date: /root/ros2_decawave/install/decawave_msg/include/decawave_msg/decawave_msg/msg
-- Installing: /root/ros2_decawave/install/decawave_msg/include/decawave_msg/decawave_msg/msg/range.hpp
-- Up-to-date: /root/ros2_decawave/install/decawave_msg/include/decawave_msg/decawave_msg/msg/detail
-- Installing: /root/ros2_decawave/install/decawave_msg/include/decawave_msg/decawave_msg/msg/detail/range__builder.hpp
-- Installing: /root/ros2_decawave/install/decawave_msg/include/decawave_msg/decawave_msg/msg/detail/range__traits.hpp
-- Installing: /root/ros2_decawave/install/decawave_msg/include/decawave_msg/decawave_msg/msg/detail/range__struct.hpp
-- Up-to-date: /root/ros2_decawave/install/decawave_msg/include/decawave_msg/decawave_msg
-- Up-to-date: /root/ros2_decawave/install/decawave_msg/include/decawave_msg/decawave_msg/msg
-- Up-to-date: /root/ros2_decawave/install/decawave_msg/include/decawave_msg/decawave_msg/msg/detail
-- Installing: /root/ros2_decawave/install/decawave_msg/include/decawave_msg/decawave_msg/msg/detail/range__rosidl_typesupport_fastrtps_cpp.hpp
-- Up-to-date: /root/ros2_decawave/install/decawave_msg/include/decawave_msg/decawave_msg/msg/detail/dds_fastrtps
-- Up-to-date: /root/ros2_decawave/install/decawave_msg/include/decawave_msg/decawave_msg/msg/rosidl_typesupport_fastrtps_cpp__visibility_control.h
-- Installing: /root/ros2_decawave/install/decawave_msg/lib/libdecawave_msg__rosidl_typesupport_fastrtps_cpp.so
-- Set runtime path of "/root/ros2_decawave/install/decawave_msg/lib/libdecawave_msg__rosidl_typesupport_fastrtps_cpp.so" to ""
-- Up-to-date: /root/ros2_decawave/install/decawave_msg/include/decawave_msg/decawave_msg
-- Up-to-date: /root/ros2_decawave/install/decawave_msg/include/decawave_msg/decawave_msg/msg
-- Up-to-date: /root/ros2_decawave/install/decawave_msg/include/decawave_msg/decawave_msg/msg/rosidl_typesupport_introspection_c__visibility_control.h
-- Up-to-date: /root/ros2_decawave/install/decawave_msg/include/decawave_msg/decawave_msg/msg/detail
-- Installing: /root/ros2_decawave/install/decawave_msg/include/decawave_msg/decawave_msg/msg/detail/range__rosidl_typesupport_introspection_c.h
-- Installing: /root/ros2_decawave/install/decawave_msg/include/decawave_msg/decawave_msg/msg/detail/range__type_support.c
-- Installing: /root/ros2_decawave/install/decawave_msg/lib/libdecawave_msg__rosidl_typesupport_introspection_c.so
-- Set runtime path of "/root/ros2_decawave/install/decawave_msg/lib/libdecawave_msg__rosidl_typesupport_introspection_c.so" to ""
-- Installing: /root/ros2_decawave/install/decawave_msg/lib/libdecawave_msg__rosidl_typesupport_c.so
-- Set runtime path of "/root/ros2_decawave/install/decawave_msg/lib/libdecawave_msg__rosidl_typesupport_c.so" to ""
-- Up-to-date: /root/ros2_decawave/install/decawave_msg/include/decawave_msg/decawave_msg
-- Up-to-date: /root/ros2_decawave/install/decawave_msg/include/decawave_msg/decawave_msg/msg
-- Up-to-date: /root/ros2_decawave/install/decawave_msg/include/decawave_msg/decawave_msg/msg/detail
-- Installing: /root/ros2_decawave/install/decawave_msg/include/decawave_msg/decawave_msg/msg/detail/range__type_support.cpp
-- Installing: /root/ros2_decawave/install/decawave_msg/include/decawave_msg/decawave_msg/msg/detail/range__rosidl_typesupport_introspection_cpp.hpp
-- Installing: /root/ros2_decawave/install/decawave_msg/lib/libdecawave_msg__rosidl_typesupport_introspection_cpp.so
-- Set runtime path of "/root/ros2_decawave/install/decawave_msg/lib/libdecawave_msg__rosidl_typesupport_introspection_cpp.so" to ""
-- Installing: /root/ros2_decawave/install/decawave_msg/lib/libdecawave_msg__rosidl_typesupport_cpp.so
-- Set runtime path of "/root/ros2_decawave/install/decawave_msg/lib/libdecawave_msg__rosidl_typesupport_cpp.so" to ""
-- Up-to-date: /root/ros2_decawave/install/decawave_msg/share/decawave_msg/environment/pythonpath.sh
-- Installing: /root/ros2_decawave/install/decawave_msg/share/decawave_msg/environment/pythonpath.dsv
-- Up-to-date: /root/ros2_decawave/install/decawave_msg/local/lib/python3.10/dist-packages/decawave_msg-0.0.0-py3.10.egg-info
-- Installing: /root/ros2_decawave/install/decawave_msg/local/lib/python3.10/dist-packages/decawave_msg-0.0.0-py3.10.egg-info/dependency_links.txt
-- Installing: /root/ros2_decawave/install/decawave_msg/local/lib/python3.10/dist-packages/decawave_msg-0.0.0-py3.10.egg-info/SOURCES.txt
-- Installing: /root/ros2_decawave/install/decawave_msg/local/lib/python3.10/dist-packages/decawave_msg-0.0.0-py3.10.egg-info/PKG-INFO
-- Installing: /root/ros2_decawave/install/decawave_msg/local/lib/python3.10/dist-packages/decawave_msg-0.0.0-py3.10.egg-info/top_level.txt
-- Up-to-date: /root/ros2_decawave/install/decawave_msg/local/lib/python3.10/dist-packages/decawave_msg
-- Installing: /root/ros2_decawave/install/decawave_msg/local/lib/python3.10/dist-packages/decawave_msg/libdecawave_msg__rosidl_generator_py.so
-- Installing: /root/ros2_decawave/install/decawave_msg/local/lib/python3.10/dist-packages/decawave_msg/decawave_msg_s__rosidl_typesupport_fastrtps_c.cpython-310-x86_64-linux-gnu.so
-- Installing: /root/ros2_decawave/install/decawave_msg/local/lib/python3.10/dist-packages/decawave_msg/decawave_msg_s__rosidl_typesupport_introspection_c.cpython-310-x86_64-linux-gnu.so
-- Installing: /root/ros2_decawave/install/decawave_msg/local/lib/python3.10/dist-packages/decawave_msg/_decawave_msg_s.ep.rosidl_typesupport_c.c
-- Installing: /root/ros2_decawave/install/decawave_msg/local/lib/python3.10/dist-packages/decawave_msg/decawave_msg_s__rosidl_typesupport_c.cpython-310-x86_64-linux-gnu.so
-- Installing: /root/ros2_decawave/install/decawave_msg/local/lib/python3.10/dist-packages/decawave_msg/_decawave_msg_s.ep.rosidl_typesupport_introspection_c.c
-- Installing: /root/ros2_decawave/install/decawave_msg/local/lib/python3.10/dist-packages/decawave_msg/_decawave_msg_s.ep.rosidl_typesupport_fastrtps_c.c
-- Installing: /root/ros2_decawave/install/decawave_msg/local/lib/python3.10/dist-packages/decawave_msg/__init__.py
-- Up-to-date: /root/ros2_decawave/install/decawave_msg/local/lib/python3.10/dist-packages/decawave_msg/msg
-- Installing: /root/ros2_decawave/install/decawave_msg/local/lib/python3.10/dist-packages/decawave_msg/msg/_range.py
-- Installing: /root/ros2_decawave/install/decawave_msg/local/lib/python3.10/dist-packages/decawave_msg/msg/_range_s.c
-- Installing: /root/ros2_decawave/install/decawave_msg/local/lib/python3.10/dist-packages/decawave_msg/msg/__init__.py
Listing '/root/ros2_decawave/install/decawave_msg/local/lib/python3.10/dist-packages/decawave_msg'...
Compiling '/root/ros2_decawave/install/decawave_msg/local/lib/python3.10/dist-packages/decawave_msg/__init__.py'...
Listing '/root/ros2_decawave/install/decawave_msg/local/lib/python3.10/dist-packages/decawave_msg/msg'...
Compiling '/root/ros2_decawave/install/decawave_msg/local/lib/python3.10/dist-packages/decawave_msg/msg/__init__.py'...
Compiling '/root/ros2_decawave/install/decawave_msg/local/lib/python3.10/dist-packages/decawave_msg/msg/_range.py'...
-- Installing: /root/ros2_decawave/install/decawave_msg/local/lib/python3.10/dist-packages/decawave_msg/decawave_msg_s__rosidl_typesupport_fastrtps_c.cpython-310-x86_64-linux-gnu.so
-- Set runtime path of "/root/ros2_decawave/install/decawave_msg/local/lib/python3.10/dist-packages/decawave_msg/decawave_msg_s__rosidl_typesupport_fastrtps_c.cpython-310-x86_64-linux-gnu.so" to ""
-- Installing: /root/ros2_decawave/install/decawave_msg/local/lib/python3.10/dist-packages/decawave_msg/decawave_msg_s__rosidl_typesupport_introspection_c.cpython-310-x86_64-linux-gnu.so
-- Set runtime path of "/root/ros2_decawave/install/decawave_msg/local/lib/python3.10/dist-packages/decawave_msg/decawave_msg_s__rosidl_typesupport_introspection_c.cpython-310-x86_64-linux-gnu.so" to ""
-- Installing: /root/ros2_decawave/install/decawave_msg/local/lib/python3.10/dist-packages/decawave_msg/decawave_msg_s__rosidl_typesupport_c.cpython-310-x86_64-linux-gnu.so
-- Set runtime path of "/root/ros2_decawave/install/decawave_msg/local/lib/python3.10/dist-packages/decawave_msg/decawave_msg_s__rosidl_typesupport_c.cpython-310-x86_64-linux-gnu.so" to ""
-- Installing: /root/ros2_decawave/install/decawave_msg/lib/libdecawave_msg__rosidl_generator_py.so
-- Set runtime path of "/root/ros2_decawave/install/decawave_msg/lib/libdecawave_msg__rosidl_generator_py.so" to ""
-- Installing: /root/ros2_decawave/install/decawave_msg/share/decawave_msg/msg/Range.idl
-- Installing: /root/ros2_decawave/install/decawave_msg/share/decawave_msg/msg/Range.msg
-- Up-to-date: /root/ros2_decawave/install/decawave_msg/share/ament_index/resource_index/package_run_dependencies/decawave_msg
-- Installing: /root/ros2_decawave/install/decawave_msg/share/ament_index/resource_index/parent_prefix_path/decawave_msg
-- Up-to-date: /root/ros2_decawave/install/decawave_msg/share/decawave_msg/environment/ament_prefix_path.sh
-- Installing: /root/ros2_decawave/install/decawave_msg/share/decawave_msg/environment/ament_prefix_path.dsv
-- Up-to-date: /root/ros2_decawave/install/decawave_msg/share/decawave_msg/environment/path.sh
-- Installing: /root/ros2_decawave/install/decawave_msg/share/decawave_msg/environment/path.dsv
-- Up-to-date: /root/ros2_decawave/install/decawave_msg/share/decawave_msg/local_setup.bash
-- Up-to-date: /root/ros2_decawave/install/decawave_msg/share/decawave_msg/local_setup.sh
-- Up-to-date: /root/ros2_decawave/install/decawave_msg/share/decawave_msg/local_setup.zsh
-- Installing: /root/ros2_decawave/install/decawave_msg/share/decawave_msg/local_setup.dsv
-- Installing: /root/ros2_decawave/install/decawave_msg/share/decawave_msg/package.dsv
-- Up-to-date: /root/ros2_decawave/install/decawave_msg/share/ament_index/resource_index/packages/decawave_msg
-- Up-to-date: /root/ros2_decawave/install/decawave_msg/share/decawave_msg/cmake/export_decawave_msg__rosidl_generator_cExport.cmake
-- Up-to-date: /root/ros2_decawave/install/decawave_msg/share/decawave_msg/cmake/export_decawave_msg__rosidl_generator_cExport-noconfig.cmake
-- Up-to-date: /root/ros2_decawave/install/decawave_msg/share/decawave_msg/cmake/export_decawave_msg__rosidl_typesupport_fastrtps_cExport.cmake
-- Up-to-date: /root/ros2_decawave/install/decawave_msg/share/decawave_msg/cmake/export_decawave_msg__rosidl_typesupport_fastrtps_cExport-noconfig.cmake
-- Up-to-date: /root/ros2_decawave/install/decawave_msg/share/decawave_msg/cmake/export_decawave_msg__rosidl_generator_cppExport.cmake
-- Up-to-date: /root/ros2_decawave/install/decawave_msg/share/decawave_msg/cmake/export_decawave_msg__rosidl_typesupport_fastrtps_cppExport.cmake
-- Up-to-date: /root/ros2_decawave/install/decawave_msg/share/decawave_msg/cmake/export_decawave_msg__rosidl_typesupport_fastrtps_cppExport-noconfig.cmake
-- Up-to-date: /root/ros2_decawave/install/decawave_msg/share/decawave_msg/cmake/decawave_msg__rosidl_typesupport_introspection_cExport.cmake
-- Up-to-date: /root/ros2_decawave/install/decawave_msg/share/decawave_msg/cmake/decawave_msg__rosidl_typesupport_introspection_cExport-noconfig.cmake
-- Up-to-date: /root/ros2_decawave/install/decawave_msg/share/decawave_msg/cmake/decawave_msg__rosidl_typesupport_cExport.cmake
-- Up-to-date: /root/ros2_decawave/install/decawave_msg/share/decawave_msg/cmake/decawave_msg__rosidl_typesupport_cExport-noconfig.cmake
-- Up-to-date: /root/ros2_decawave/install/decawave_msg/share/decawave_msg/cmake/decawave_msg__rosidl_typesupport_introspection_cppExport.cmake
-- Up-to-date: /root/ros2_decawave/install/decawave_msg/share/decawave_msg/cmake/decawave_msg__rosidl_typesupport_introspection_cppExport-noconfig.cmake
-- Up-to-date: /root/ros2_decawave/install/decawave_msg/share/decawave_msg/cmake/decawave_msg__rosidl_typesupport_cppExport.cmake
-- Up-to-date: /root/ros2_decawave/install/decawave_msg/share/decawave_msg/cmake/decawave_msg__rosidl_typesupport_cppExport-noconfig.cmake
-- Up-to-date: /root/ros2_decawave/install/decawave_msg/share/decawave_msg/cmake/export_decawave_msg__rosidl_generator_pyExport.cmake
-- Up-to-date: /root/ros2_decawave/install/decawave_msg/share/decawave_msg/cmake/export_decawave_msg__rosidl_generator_pyExport-noconfig.cmake
-- Up-to-date: /root/ros2_decawave/install/decawave_msg/share/decawave_msg/cmake/rosidl_cmake-extras.cmake
-- Up-to-date: /root/ros2_decawave/install/decawave_msg/share/decawave_msg/cmake/ament_cmake_export_dependencies-extras.cmake
-- Up-to-date: /root/ros2_decawave/install/decawave_msg/share/decawave_msg/cmake/ament_cmake_export_include_directories-extras.cmake
-- Up-to-date: /root/ros2_decawave/install/decawave_msg/share/decawave_msg/cmake/ament_cmake_export_libraries-extras.cmake
-- Up-to-date: /root/ros2_decawave/install/decawave_msg/share/decawave_msg/cmake/ament_cmake_export_targets-extras.cmake
-- Up-to-date: /root/ros2_decawave/install/decawave_msg/share/decawave_msg/cmake/rosidl_cmake_export_typesupport_targets-extras.cmake
-- Up-to-date: /root/ros2_decawave/install/decawave_msg/share/decawave_msg/cmake/rosidl_cmake_export_typesupport_libraries-extras.cmake
-- Up-to-date: /root/ros2_decawave/install/decawave_msg/share/decawave_msg/cmake/decawave_msgConfig.cmake
-- Up-to-date: /root/ros2_decawave/install/decawave_msg/share/decawave_msg/cmake/decawave_msgConfig-version.cmake
-- Up-to-date: /root/ros2_decawave/install/decawave_msg/share/decawave_msg/package.xml
