[0.017s] Invoking command in '/root/ros2_decawave/build/decawave_msg': CMAKE_PREFIX_PATH=${CMAKE_PREFIX_PATH}:/root/ros2_decawave/install/decawave_test_controller:/root/ros2_ws/install/my_robot_controller:/opt/ros/humble /usr/bin/cmake --build /root/ros2_decawave/build/decawave_msg -- -j16 -l16
[0.037s] -- Found ament_cmake: 1.3.4 (/opt/ros/humble/share/ament_cmake/cmake)
[0.187s] -- Found std_msgs: 4.2.3 (/opt/ros/humble/share/std_msgs/cmake)
[0.414s] -- Found rosidl_generator_c: 3.1.4 (/opt/ros/humble/share/rosidl_generator_c/cmake)
[0.417s] -- Found rosidl_adapter: 3.1.4 (/opt/ros/humble/share/rosidl_adapter/cmake)
[0.423s] -- Found rosidl_generator_cpp: 3.1.4 (/opt/ros/humble/share/rosidl_generator_cpp/cmake)
[0.435s] -- Using all available rosidl_typesupport_c: rosidl_typesupport_fastrtps_c;rosidl_typesupport_introspection_c
[0.452s] -- Using all available rosidl_typesupport_cpp: rosidl_typesupport_fastrtps_cpp;rosidl_typesupport_introspection_cpp
[0.511s] -- Found rosidl_default_generators: 1.2.0 (/opt/ros/humble/share/rosidl_default_generators/cmake)
[0.780s] -- Found ament_cmake_ros: 0.10.0 (/opt/ros/humble/share/ament_cmake_ros/cmake)
[1.149s] -- Using all available rosidl_typesupport_c: rosidl_typesupport_fastrtps_c;rosidl_typesupport_introspection_c
[1.294s] -- Using all available rosidl_typesupport_cpp: rosidl_typesupport_fastrtps_cpp;rosidl_typesupport_introspection_cpp
[1.317s] -- Found python_cmake_module: 0.10.0 (/opt/ros/humble/share/python_cmake_module/cmake)
[1.341s] -- Using PYTHON_EXECUTABLE: /usr/bin/python3
[1.341s] -- Using PYTHON_INCLUDE_DIRS: /usr/include/python3.10
[1.341s] -- Using PYTHON_LIBRARIES: /usr/lib/x86_64-linux-gnu/libpython3.10.so
[1.373s] -- Configuring done
[1.402s] -- Generating done
[1.405s] -- Build files have been written to: /root/ros2_decawave/build/decawave_msg
[1.427s] [  3%] [34m[1mGenerating C code for ROS interfaces[0m
[1.434s] [  6%] [34m[1mGenerating C++ code for ROS interfaces[0m
[1.443s] [  6%] Built target ament_cmake_python_copy_decawave_msg
[1.677s] [35m[1mConsolidate compiler generated dependencies of target decawave_msg__rosidl_generator_c[0m
[1.685s] [  6%] Built target decawave_msg__cpp
[1.686s] [  9%] [32mBuilding C object CMakeFiles/decawave_msg__rosidl_generator_c.dir/rosidl_generator_c/decawave_msg/msg/detail/range__functions.c.o[0m
[1.694s] [ 19%] [34m[1mGenerating C++ type support for eProsima Fast-RTPS[0m
[1.694s] [ 19%] [34m[1mGenerating C++ introspection for ROS interfaces[0m
[1.694s] [ 19%] [34m[1mGenerating C++ type support dispatch for ROS interfaces[0m
[1.719s] running egg_info
[1.720s] writing decawave_msg.egg-info/PKG-INFO
[1.720s] writing dependency_links to decawave_msg.egg-info/dependency_links.txt
[1.721s] writing top-level names to decawave_msg.egg-info/top_level.txt
[1.723s] reading manifest file 'decawave_msg.egg-info/SOURCES.txt'
[1.724s] writing manifest file 'decawave_msg.egg-info/SOURCES.txt'
[1.749s] [ 22%] [32m[1mLinking C shared library libdecawave_msg__rosidl_generator_c.so[0m
[1.752s] [ 22%] Built target ament_cmake_python_build_decawave_msg_egg
[1.942s] [ 22%] Built target decawave_msg__rosidl_generator_c
[1.947s] [35m[1mConsolidate compiler generated dependencies of target decawave_msg__rosidl_typesupport_introspection_cpp[0m
[1.949s] [35m[1mConsolidate compiler generated dependencies of target decawave_msg__rosidl_typesupport_cpp[0m
[1.953s] [ 25%] [34m[1mGenerating C introspection for ROS interfaces[0m
[1.953s] [ 29%] [34m[1mGenerating C type support for eProsima Fast-RTPS[0m
[1.953s] [ 32%] [34m[1mGenerating C type support dispatch for ROS interfaces[0m
[1.961s] [ 35%] [32mBuilding CXX object CMakeFiles/decawave_msg__rosidl_typesupport_introspection_cpp.dir/rosidl_typesupport_introspection_cpp/decawave_msg/msg/detail/range__type_support.cpp.o[0m
[1.963s] [ 38%] [32mBuilding CXX object CMakeFiles/decawave_msg__rosidl_typesupport_cpp.dir/rosidl_typesupport_cpp/decawave_msg/msg/range__type_support.cpp.o[0m
[1.989s] [35m[1mConsolidate compiler generated dependencies of target decawave_msg__rosidl_typesupport_fastrtps_cpp[0m
[2.005s] [ 41%] [32mBuilding CXX object CMakeFiles/decawave_msg__rosidl_typesupport_fastrtps_cpp.dir/rosidl_typesupport_fastrtps_cpp/decawave_msg/msg/detail/dds_fastrtps/range__type_support.cpp.o[0m
[2.270s] [35m[1mConsolidate compiler generated dependencies of target decawave_msg__rosidl_typesupport_introspection_c[0m
[2.270s] [35m[1mConsolidate compiler generated dependencies of target decawave_msg__rosidl_typesupport_c[0m
[2.281s] [ 45%] [32mBuilding CXX object CMakeFiles/decawave_msg__rosidl_typesupport_c.dir/rosidl_typesupport_c/decawave_msg/msg/range__type_support.cpp.o[0m
[2.283s] [ 48%] [32mBuilding C object CMakeFiles/decawave_msg__rosidl_typesupport_introspection_c.dir/rosidl_typesupport_introspection_c/decawave_msg/msg/detail/range__type_support.c.o[0m
[2.286s] [35m[1mConsolidate compiler generated dependencies of target decawave_msg__rosidl_typesupport_fastrtps_c[0m
[2.304s] [ 51%] [32mBuilding CXX object CMakeFiles/decawave_msg__rosidl_typesupport_fastrtps_c.dir/rosidl_typesupport_fastrtps_c/decawave_msg/msg/detail/range__type_support_c.cpp.o[0m
[2.318s] [ 54%] [32m[1mLinking CXX shared library libdecawave_msg__rosidl_typesupport_c.so[0m
[2.328s] [ 58%] [32m[1mLinking C shared library libdecawave_msg__rosidl_typesupport_introspection_c.so[0m
[2.373s] [ 61%] [32m[1mLinking CXX shared library libdecawave_msg__rosidl_typesupport_cpp.so[0m
[2.490s] [ 61%] Built target decawave_msg__rosidl_typesupport_introspection_c
[2.503s] [ 61%] Built target decawave_msg__rosidl_typesupport_c
[2.513s] [ 64%] [32m[1mLinking CXX shared library libdecawave_msg__rosidl_typesupport_introspection_cpp.so[0m
[2.570s] [ 67%] [32m[1mLinking CXX shared library libdecawave_msg__rosidl_typesupport_fastrtps_cpp.so[0m
[2.590s] [ 67%] Built target decawave_msg__rosidl_typesupport_cpp
[2.736s] [ 70%] [32m[1mLinking CXX shared library libdecawave_msg__rosidl_typesupport_fastrtps_c.so[0m
[2.758s] [ 70%] Built target decawave_msg__rosidl_typesupport_introspection_cpp
[2.811s] [ 70%] Built target decawave_msg__rosidl_typesupport_fastrtps_cpp
[2.970s] [ 70%] Built target decawave_msg__rosidl_typesupport_fastrtps_c
[2.987s] [ 70%] Built target decawave_msg
[3.003s] [ 74%] [34m[1mGenerating Python code for ROS interfaces[0m
[3.322s] [ 74%] Built target decawave_msg__py
[3.330s] [35m[1mConsolidate compiler generated dependencies of target decawave_msg__rosidl_generator_py[0m
[3.341s] [ 77%] [32mBuilding C object CMakeFiles/decawave_msg__rosidl_generator_py.dir/rosidl_generator_py/decawave_msg/msg/_range_s.c.o[0m
[3.440s] [ 80%] [32m[1mLinking C shared library rosidl_generator_py/decawave_msg/libdecawave_msg__rosidl_generator_py.so[0m
[3.633s] [ 80%] Built target decawave_msg__rosidl_generator_py
[3.642s] [35m[1mConsolidate compiler generated dependencies of target decawave_msg__rosidl_typesupport_fastrtps_c__pyext[0m
[3.642s] [35m[1mConsolidate compiler generated dependencies of target decawave_msg__rosidl_typesupport_c__pyext[0m
[3.643s] [35m[1mConsolidate compiler generated dependencies of target decawave_msg__rosidl_typesupport_introspection_c__pyext[0m
[3.654s] [ 83%] [32mBuilding C object CMakeFiles/decawave_msg__rosidl_typesupport_fastrtps_c__pyext.dir/rosidl_generator_py/decawave_msg/_decawave_msg_s.ep.rosidl_typesupport_fastrtps_c.c.o[0m
[3.655s] [ 87%] [32mBuilding C object CMakeFiles/decawave_msg__rosidl_typesupport_introspection_c__pyext.dir/rosidl_generator_py/decawave_msg/_decawave_msg_s.ep.rosidl_typesupport_introspection_c.c.o[0m
[3.656s] [ 90%] [32mBuilding C object CMakeFiles/decawave_msg__rosidl_typesupport_c__pyext.dir/rosidl_generator_py/decawave_msg/_decawave_msg_s.ep.rosidl_typesupport_c.c.o[0m
[3.756s] [ 93%] [32m[1mLinking C shared library rosidl_generator_py/decawave_msg/decawave_msg_s__rosidl_typesupport_fastrtps_c.cpython-310-x86_64-linux-gnu.so[0m
[3.765s] [ 96%] [32m[1mLinking C shared library rosidl_generator_py/decawave_msg/decawave_msg_s__rosidl_typesupport_c.cpython-310-x86_64-linux-gnu.so[0m
[3.771s] [100%] [32m[1mLinking C shared library rosidl_generator_py/decawave_msg/decawave_msg_s__rosidl_typesupport_introspection_c.cpython-310-x86_64-linux-gnu.so[0m
[3.915s] [100%] Built target decawave_msg__rosidl_typesupport_c__pyext
[3.915s] [100%] Built target decawave_msg__rosidl_typesupport_fastrtps_c__pyext
[3.970s] [100%] Built target decawave_msg__rosidl_typesupport_introspection_c__pyext
[3.980s] Invoked command in '/root/ros2_decawave/build/decawave_msg' returned '0': CMAKE_PREFIX_PATH=${CMAKE_PREFIX_PATH}:/root/ros2_decawave/install/decawave_test_controller:/root/ros2_ws/install/my_robot_controller:/opt/ros/humble /usr/bin/cmake --build /root/ros2_decawave/build/decawave_msg -- -j16 -l16
[4.032s] Invoking command in '/root/ros2_decawave/build/decawave_msg': CMAKE_PREFIX_PATH=${CMAKE_PREFIX_PATH}:/root/ros2_decawave/install/decawave_test_controller:/root/ros2_ws/install/my_robot_controller:/opt/ros/humble /usr/bin/cmake --install /root/ros2_decawave/build/decawave_msg
[4.040s] -- Install configuration: ""
[4.040s] -- Up-to-date: /root/ros2_decawave/install/decawave_msg/share/ament_index/resource_index/rosidl_interfaces/decawave_msg
[4.041s] -- Up-to-date: /root/ros2_decawave/install/decawave_msg/include/decawave_msg/decawave_msg
[4.041s] -- Up-to-date: /root/ros2_decawave/install/decawave_msg/include/decawave_msg/decawave_msg/msg
[4.041s] -- Installing: /root/ros2_decawave/install/decawave_msg/include/decawave_msg/decawave_msg/msg/range.h
[4.041s] -- Up-to-date: /root/ros2_decawave/install/decawave_msg/include/decawave_msg/decawave_msg/msg/detail
[4.041s] -- Installing: /root/ros2_decawave/install/decawave_msg/include/decawave_msg/decawave_msg/msg/detail/range__type_support.h
[4.041s] -- Installing: /root/ros2_decawave/install/decawave_msg/include/decawave_msg/decawave_msg/msg/detail/range__functions.c
[4.042s] -- Installing: /root/ros2_decawave/install/decawave_msg/include/decawave_msg/decawave_msg/msg/detail/range__struct.h
[4.042s] -- Installing: /root/ros2_decawave/install/decawave_msg/include/decawave_msg/decawave_msg/msg/detail/range__functions.h
[4.042s] -- Up-to-date: /root/ros2_decawave/install/decawave_msg/include/decawave_msg/decawave_msg/msg/rosidl_generator_c__visibility_control.h
[4.042s] -- Up-to-date: /root/ros2_decawave/install/decawave_msg/share/decawave_msg/environment/library_path.sh
[4.042s] -- Installing: /root/ros2_decawave/install/decawave_msg/share/decawave_msg/environment/library_path.dsv
[4.043s] -- Installing: /root/ros2_decawave/install/decawave_msg/lib/libdecawave_msg__rosidl_generator_c.so
[4.043s] -- Set runtime path of "/root/ros2_decawave/install/decawave_msg/lib/libdecawave_msg__rosidl_generator_c.so" to ""
[4.043s] -- Up-to-date: /root/ros2_decawave/install/decawave_msg/include/decawave_msg/decawave_msg
[4.043s] -- Up-to-date: /root/ros2_decawave/install/decawave_msg/include/decawave_msg/decawave_msg/msg
[4.043s] -- Up-to-date: /root/ros2_decawave/install/decawave_msg/include/decawave_msg/decawave_msg/msg/rosidl_typesupport_fastrtps_c__visibility_control.h
[4.044s] -- Up-to-date: /root/ros2_decawave/install/decawave_msg/include/decawave_msg/decawave_msg/msg/detail
[4.044s] -- Installing: /root/ros2_decawave/install/decawave_msg/include/decawave_msg/decawave_msg/msg/detail/range__rosidl_typesupport_fastrtps_c.h
[4.044s] -- Installing: /root/ros2_decawave/install/decawave_msg/lib/libdecawave_msg__rosidl_typesupport_fastrtps_c.so
[4.044s] -- Set runtime path of "/root/ros2_decawave/install/decawave_msg/lib/libdecawave_msg__rosidl_typesupport_fastrtps_c.so" to ""
[4.045s] -- Up-to-date: /root/ros2_decawave/install/decawave_msg/include/decawave_msg/decawave_msg
[4.045s] -- Up-to-date: /root/ros2_decawave/install/decawave_msg/include/decawave_msg/decawave_msg/msg
[4.045s] -- Installing: /root/ros2_decawave/install/decawave_msg/include/decawave_msg/decawave_msg/msg/range.hpp
[4.045s] -- Up-to-date: /root/ros2_decawave/install/decawave_msg/include/decawave_msg/decawave_msg/msg/detail
[4.045s] -- Installing: /root/ros2_decawave/install/decawave_msg/include/decawave_msg/decawave_msg/msg/detail/range__builder.hpp
[4.046s] -- Installing: /root/ros2_decawave/install/decawave_msg/include/decawave_msg/decawave_msg/msg/detail/range__traits.hpp
[4.046s] -- Installing: /root/ros2_decawave/install/decawave_msg/include/decawave_msg/decawave_msg/msg/detail/range__struct.hpp
[4.046s] -- Up-to-date: /root/ros2_decawave/install/decawave_msg/include/decawave_msg/decawave_msg
[4.046s] -- Up-to-date: /root/ros2_decawave/install/decawave_msg/include/decawave_msg/decawave_msg/msg
[4.046s] -- Up-to-date: /root/ros2_decawave/install/decawave_msg/include/decawave_msg/decawave_msg/msg/detail
[4.046s] -- Installing: /root/ros2_decawave/install/decawave_msg/include/decawave_msg/decawave_msg/msg/detail/range__rosidl_typesupport_fastrtps_cpp.hpp
[4.047s] -- Up-to-date: /root/ros2_decawave/install/decawave_msg/include/decawave_msg/decawave_msg/msg/detail/dds_fastrtps
[4.047s] -- Up-to-date: /root/ros2_decawave/install/decawave_msg/include/decawave_msg/decawave_msg/msg/rosidl_typesupport_fastrtps_cpp__visibility_control.h
[4.047s] -- Installing: /root/ros2_decawave/install/decawave_msg/lib/libdecawave_msg__rosidl_typesupport_fastrtps_cpp.so
[4.047s] -- Set runtime path of "/root/ros2_decawave/install/decawave_msg/lib/libdecawave_msg__rosidl_typesupport_fastrtps_cpp.so" to ""
[4.047s] -- Up-to-date: /root/ros2_decawave/install/decawave_msg/include/decawave_msg/decawave_msg
[4.048s] -- Up-to-date: /root/ros2_decawave/install/decawave_msg/include/decawave_msg/decawave_msg/msg
[4.048s] -- Up-to-date: /root/ros2_decawave/install/decawave_msg/include/decawave_msg/decawave_msg/msg/rosidl_typesupport_introspection_c__visibility_control.h
[4.048s] -- Up-to-date: /root/ros2_decawave/install/decawave_msg/include/decawave_msg/decawave_msg/msg/detail
[4.048s] -- Installing: /root/ros2_decawave/install/decawave_msg/include/decawave_msg/decawave_msg/msg/detail/range__rosidl_typesupport_introspection_c.h
[4.049s] -- Installing: /root/ros2_decawave/install/decawave_msg/include/decawave_msg/decawave_msg/msg/detail/range__type_support.c
[4.049s] -- Installing: /root/ros2_decawave/install/decawave_msg/lib/libdecawave_msg__rosidl_typesupport_introspection_c.so
[4.049s] -- Set runtime path of "/root/ros2_decawave/install/decawave_msg/lib/libdecawave_msg__rosidl_typesupport_introspection_c.so" to ""
[4.049s] -- Installing: /root/ros2_decawave/install/decawave_msg/lib/libdecawave_msg__rosidl_typesupport_c.so
[4.049s] -- Set runtime path of "/root/ros2_decawave/install/decawave_msg/lib/libdecawave_msg__rosidl_typesupport_c.so" to ""
[4.049s] -- Up-to-date: /root/ros2_decawave/install/decawave_msg/include/decawave_msg/decawave_msg
[4.050s] -- Up-to-date: /root/ros2_decawave/install/decawave_msg/include/decawave_msg/decawave_msg/msg
[4.050s] -- Up-to-date: /root/ros2_decawave/install/decawave_msg/include/decawave_msg/decawave_msg/msg/detail
[4.050s] -- Installing: /root/ros2_decawave/install/decawave_msg/include/decawave_msg/decawave_msg/msg/detail/range__type_support.cpp
[4.050s] -- Installing: /root/ros2_decawave/install/decawave_msg/include/decawave_msg/decawave_msg/msg/detail/range__rosidl_typesupport_introspection_cpp.hpp
[4.050s] -- Installing: /root/ros2_decawave/install/decawave_msg/lib/libdecawave_msg__rosidl_typesupport_introspection_cpp.so
[4.050s] -- Set runtime path of "/root/ros2_decawave/install/decawave_msg/lib/libdecawave_msg__rosidl_typesupport_introspection_cpp.so" to ""
[4.050s] -- Installing: /root/ros2_decawave/install/decawave_msg/lib/libdecawave_msg__rosidl_typesupport_cpp.so
[4.050s] -- Set runtime path of "/root/ros2_decawave/install/decawave_msg/lib/libdecawave_msg__rosidl_typesupport_cpp.so" to ""
[4.050s] -- Up-to-date: /root/ros2_decawave/install/decawave_msg/share/decawave_msg/environment/pythonpath.sh
[4.050s] -- Installing: /root/ros2_decawave/install/decawave_msg/share/decawave_msg/environment/pythonpath.dsv
[4.050s] -- Up-to-date: /root/ros2_decawave/install/decawave_msg/local/lib/python3.10/dist-packages/decawave_msg-0.0.0-py3.10.egg-info
[4.050s] -- Installing: /root/ros2_decawave/install/decawave_msg/local/lib/python3.10/dist-packages/decawave_msg-0.0.0-py3.10.egg-info/dependency_links.txt
[4.050s] -- Installing: /root/ros2_decawave/install/decawave_msg/local/lib/python3.10/dist-packages/decawave_msg-0.0.0-py3.10.egg-info/SOURCES.txt
[4.050s] -- Installing: /root/ros2_decawave/install/decawave_msg/local/lib/python3.10/dist-packages/decawave_msg-0.0.0-py3.10.egg-info/PKG-INFO
[4.051s] -- Installing: /root/ros2_decawave/install/decawave_msg/local/lib/python3.10/dist-packages/decawave_msg-0.0.0-py3.10.egg-info/top_level.txt
[4.051s] -- Up-to-date: /root/ros2_decawave/install/decawave_msg/local/lib/python3.10/dist-packages/decawave_msg
[4.051s] -- Installing: /root/ros2_decawave/install/decawave_msg/local/lib/python3.10/dist-packages/decawave_msg/libdecawave_msg__rosidl_generator_py.so
[4.051s] -- Installing: /root/ros2_decawave/install/decawave_msg/local/lib/python3.10/dist-packages/decawave_msg/decawave_msg_s__rosidl_typesupport_fastrtps_c.cpython-310-x86_64-linux-gnu.so
[4.051s] -- Installing: /root/ros2_decawave/install/decawave_msg/local/lib/python3.10/dist-packages/decawave_msg/decawave_msg_s__rosidl_typesupport_introspection_c.cpython-310-x86_64-linux-gnu.so
[4.051s] -- Installing: /root/ros2_decawave/install/decawave_msg/local/lib/python3.10/dist-packages/decawave_msg/_decawave_msg_s.ep.rosidl_typesupport_c.c
[4.051s] -- Installing: /root/ros2_decawave/install/decawave_msg/local/lib/python3.10/dist-packages/decawave_msg/decawave_msg_s__rosidl_typesupport_c.cpython-310-x86_64-linux-gnu.so
[4.051s] -- Installing: /root/ros2_decawave/install/decawave_msg/local/lib/python3.10/dist-packages/decawave_msg/_decawave_msg_s.ep.rosidl_typesupport_introspection_c.c
[4.051s] -- Installing: /root/ros2_decawave/install/decawave_msg/local/lib/python3.10/dist-packages/decawave_msg/_decawave_msg_s.ep.rosidl_typesupport_fastrtps_c.c
[4.051s] -- Installing: /root/ros2_decawave/install/decawave_msg/local/lib/python3.10/dist-packages/decawave_msg/__init__.py
[4.051s] -- Up-to-date: /root/ros2_decawave/install/decawave_msg/local/lib/python3.10/dist-packages/decawave_msg/msg
[4.051s] -- Installing: /root/ros2_decawave/install/decawave_msg/local/lib/python3.10/dist-packages/decawave_msg/msg/_range.py
[4.051s] -- Installing: /root/ros2_decawave/install/decawave_msg/local/lib/python3.10/dist-packages/decawave_msg/msg/_range_s.c
[4.051s] -- Installing: /root/ros2_decawave/install/decawave_msg/local/lib/python3.10/dist-packages/decawave_msg/msg/__init__.py
[4.086s] Listing '/root/ros2_decawave/install/decawave_msg/local/lib/python3.10/dist-packages/decawave_msg'...
[4.086s] Compiling '/root/ros2_decawave/install/decawave_msg/local/lib/python3.10/dist-packages/decawave_msg/__init__.py'...
[4.086s] Listing '/root/ros2_decawave/install/decawave_msg/local/lib/python3.10/dist-packages/decawave_msg/msg'...
[4.086s] Compiling '/root/ros2_decawave/install/decawave_msg/local/lib/python3.10/dist-packages/decawave_msg/msg/__init__.py'...
[4.086s] Compiling '/root/ros2_decawave/install/decawave_msg/local/lib/python3.10/dist-packages/decawave_msg/msg/_range.py'...
[4.090s] -- Installing: /root/ros2_decawave/install/decawave_msg/local/lib/python3.10/dist-packages/decawave_msg/decawave_msg_s__rosidl_typesupport_fastrtps_c.cpython-310-x86_64-linux-gnu.so
[4.090s] -- Set runtime path of "/root/ros2_decawave/install/decawave_msg/local/lib/python3.10/dist-packages/decawave_msg/decawave_msg_s__rosidl_typesupport_fastrtps_c.cpython-310-x86_64-linux-gnu.so" to ""
[4.090s] -- Installing: /root/ros2_decawave/install/decawave_msg/local/lib/python3.10/dist-packages/decawave_msg/decawave_msg_s__rosidl_typesupport_introspection_c.cpython-310-x86_64-linux-gnu.so
[4.091s] -- Set runtime path of "/root/ros2_decawave/install/decawave_msg/local/lib/python3.10/dist-packages/decawave_msg/decawave_msg_s__rosidl_typesupport_introspection_c.cpython-310-x86_64-linux-gnu.so" to ""
[4.091s] -- Installing: /root/ros2_decawave/install/decawave_msg/local/lib/python3.10/dist-packages/decawave_msg/decawave_msg_s__rosidl_typesupport_c.cpython-310-x86_64-linux-gnu.so
[4.091s] -- Set runtime path of "/root/ros2_decawave/install/decawave_msg/local/lib/python3.10/dist-packages/decawave_msg/decawave_msg_s__rosidl_typesupport_c.cpython-310-x86_64-linux-gnu.so" to ""
[4.091s] -- Installing: /root/ros2_decawave/install/decawave_msg/lib/libdecawave_msg__rosidl_generator_py.so
[4.091s] -- Set runtime path of "/root/ros2_decawave/install/decawave_msg/lib/libdecawave_msg__rosidl_generator_py.so" to ""
[4.092s] -- Installing: /root/ros2_decawave/install/decawave_msg/share/decawave_msg/msg/Range.idl
[4.092s] -- Installing: /root/ros2_decawave/install/decawave_msg/share/decawave_msg/msg/Range.msg
[4.092s] -- Up-to-date: /root/ros2_decawave/install/decawave_msg/share/ament_index/resource_index/package_run_dependencies/decawave_msg
[4.092s] -- Installing: /root/ros2_decawave/install/decawave_msg/share/ament_index/resource_index/parent_prefix_path/decawave_msg
[4.093s] -- Up-to-date: /root/ros2_decawave/install/decawave_msg/share/decawave_msg/environment/ament_prefix_path.sh
[4.093s] -- Installing: /root/ros2_decawave/install/decawave_msg/share/decawave_msg/environment/ament_prefix_path.dsv
[4.093s] -- Up-to-date: /root/ros2_decawave/install/decawave_msg/share/decawave_msg/environment/path.sh
[4.093s] -- Installing: /root/ros2_decawave/install/decawave_msg/share/decawave_msg/environment/path.dsv
[4.093s] -- Up-to-date: /root/ros2_decawave/install/decawave_msg/share/decawave_msg/local_setup.bash
[4.094s] -- Up-to-date: /root/ros2_decawave/install/decawave_msg/share/decawave_msg/local_setup.sh
[4.094s] -- Up-to-date: /root/ros2_decawave/install/decawave_msg/share/decawave_msg/local_setup.zsh
[4.094s] -- Installing: /root/ros2_decawave/install/decawave_msg/share/decawave_msg/local_setup.dsv
[4.094s] -- Installing: /root/ros2_decawave/install/decawave_msg/share/decawave_msg/package.dsv
[4.095s] -- Up-to-date: /root/ros2_decawave/install/decawave_msg/share/ament_index/resource_index/packages/decawave_msg
[4.095s] -- Up-to-date: /root/ros2_decawave/install/decawave_msg/share/decawave_msg/cmake/export_decawave_msg__rosidl_generator_cExport.cmake
[4.095s] -- Up-to-date: /root/ros2_decawave/install/decawave_msg/share/decawave_msg/cmake/export_decawave_msg__rosidl_generator_cExport-noconfig.cmake
[4.095s] -- Up-to-date: /root/ros2_decawave/install/decawave_msg/share/decawave_msg/cmake/export_decawave_msg__rosidl_typesupport_fastrtps_cExport.cmake
[4.095s] -- Up-to-date: /root/ros2_decawave/install/decawave_msg/share/decawave_msg/cmake/export_decawave_msg__rosidl_typesupport_fastrtps_cExport-noconfig.cmake
[4.096s] -- Up-to-date: /root/ros2_decawave/install/decawave_msg/share/decawave_msg/cmake/export_decawave_msg__rosidl_generator_cppExport.cmake
[4.096s] -- Up-to-date: /root/ros2_decawave/install/decawave_msg/share/decawave_msg/cmake/export_decawave_msg__rosidl_typesupport_fastrtps_cppExport.cmake
[4.096s] -- Up-to-date: /root/ros2_decawave/install/decawave_msg/share/decawave_msg/cmake/export_decawave_msg__rosidl_typesupport_fastrtps_cppExport-noconfig.cmake
[4.096s] -- Up-to-date: /root/ros2_decawave/install/decawave_msg/share/decawave_msg/cmake/decawave_msg__rosidl_typesupport_introspection_cExport.cmake
[4.096s] -- Up-to-date: /root/ros2_decawave/install/decawave_msg/share/decawave_msg/cmake/decawave_msg__rosidl_typesupport_introspection_cExport-noconfig.cmake
[4.096s] -- Up-to-date: /root/ros2_decawave/install/decawave_msg/share/decawave_msg/cmake/decawave_msg__rosidl_typesupport_cExport.cmake
[4.096s] -- Up-to-date: /root/ros2_decawave/install/decawave_msg/share/decawave_msg/cmake/decawave_msg__rosidl_typesupport_cExport-noconfig.cmake
[4.096s] -- Up-to-date: /root/ros2_decawave/install/decawave_msg/share/decawave_msg/cmake/decawave_msg__rosidl_typesupport_introspection_cppExport.cmake
[4.096s] -- Up-to-date: /root/ros2_decawave/install/decawave_msg/share/decawave_msg/cmake/decawave_msg__rosidl_typesupport_introspection_cppExport-noconfig.cmake
[4.096s] -- Up-to-date: /root/ros2_decawave/install/decawave_msg/share/decawave_msg/cmake/decawave_msg__rosidl_typesupport_cppExport.cmake
[4.096s] -- Up-to-date: /root/ros2_decawave/install/decawave_msg/share/decawave_msg/cmake/decawave_msg__rosidl_typesupport_cppExport-noconfig.cmake
[4.096s] -- Up-to-date: /root/ros2_decawave/install/decawave_msg/share/decawave_msg/cmake/export_decawave_msg__rosidl_generator_pyExport.cmake
[4.097s] -- Up-to-date: /root/ros2_decawave/install/decawave_msg/share/decawave_msg/cmake/export_decawave_msg__rosidl_generator_pyExport-noconfig.cmake
[4.097s] -- Up-to-date: /root/ros2_decawave/install/decawave_msg/share/decawave_msg/cmake/rosidl_cmake-extras.cmake
[4.097s] -- Up-to-date: /root/ros2_decawave/install/decawave_msg/share/decawave_msg/cmake/ament_cmake_export_dependencies-extras.cmake
[4.097s] -- Up-to-date: /root/ros2_decawave/install/decawave_msg/share/decawave_msg/cmake/ament_cmake_export_include_directories-extras.cmake
[4.098s] -- Up-to-date: /root/ros2_decawave/install/decawave_msg/share/decawave_msg/cmake/ament_cmake_export_libraries-extras.cmake
[4.099s] -- Up-to-date: /root/ros2_decawave/install/decawave_msg/share/decawave_msg/cmake/ament_cmake_export_targets-extras.cmake
[4.101s] -- Up-to-date: /root/ros2_decawave/install/decawave_msg/share/decawave_msg/cmake/rosidl_cmake_export_typesupport_targets-extras.cmake
[4.101s] -- Up-to-date: /root/ros2_decawave/install/decawave_msg/share/decawave_msg/cmake/rosidl_cmake_export_typesupport_libraries-extras.cmake
[4.102s] -- Up-to-date: /root/ros2_decawave/install/decawave_msg/share/decawave_msg/cmake/decawave_msgConfig.cmake
[4.103s] -- Up-to-date: /root/ros2_decawave/install/decawave_msg/share/decawave_msg/cmake/decawave_msgConfig-version.cmake
[4.103s] -- Up-to-date: /root/ros2_decawave/install/decawave_msg/share/decawave_msg/package.xml
[4.104s] Invoked command in '/root/ros2_decawave/build/decawave_msg' returned '0': CMAKE_PREFIX_PATH=${CMAKE_PREFIX_PATH}:/root/ros2_decawave/install/decawave_test_controller:/root/ros2_ws/install/my_robot_controller:/opt/ros/humble /usr/bin/cmake --install /root/ros2_decawave/build/decawave_msg
