[0.019s] Invoking command in '/home/asrl/ros2_decawave/build/decawave_interfaces': CMAKE_PREFIX_PATH=${CMAKE_PREFIX_PATH}:/home/asrl/ros2_decawave/install/decawave_test_controller:/opt/ros/foxy:/home/asrl/Holybro-Demo/test_flight_ws_3/install/test_flight_controller_three:/home/asrl/Holybro-Demo/test_flight_ws_3/install/test_flight_controller_four_offboard /usr/bin/cmake /home/asrl/ros2_decawave/src/decawave_interfaces -DAMENT_CMAKE_SYMLINK_INSTALL=1 -DCMAKE_INSTALL_PREFIX=/home/asrl/ros2_decawave/install/decawave_interfaces
[0.028s] -- Found ament_cmake: 0.9.12 (/opt/ros/foxy/share/ament_cmake/cmake)
[0.044s] -- Found PythonInterp: /usr/bin/python3 (found suitable version "3.8.10", minimum required is "3") 
[0.044s] -- Using PYTHON_EXECUTABLE: /usr/bin/python3
[0.159s] -- Override CMake install command with custom implementation using symlinks instead of copying resources
[0.165s] -- Found std_msgs: 2.0.5 (/opt/ros/foxy/share/std_msgs/cmake)
[0.179s] -- Using all available rosidl_typesupport_c: rosidl_typesupport_fastrtps_c;rosidl_typesupport_introspection_c
[0.180s] -- Found rosidl_adapter: 1.3.1 (/opt/ros/foxy/share/rosidl_adapter/cmake)
[0.258s] -- Using all available rosidl_typesupport_cpp: rosidl_typesupport_fastrtps_cpp;rosidl_typesupport_introspection_cpp
[0.284s] -- Found rosidl_default_generators: 1.0.1 (/opt/ros/foxy/share/rosidl_default_generators/cmake)
[0.308s] -- Found PythonInterp: /usr/bin/python3 (found version "3.8.10") 
[0.411s] -- Found ament_cmake_ros: 0.9.2 (/opt/ros/foxy/share/ament_cmake_ros/cmake)
[0.520s] -- Using all available rosidl_typesupport_c: rosidl_typesupport_fastrtps_c;rosidl_typesupport_introspection_c
[0.558s] -- Using all available rosidl_typesupport_cpp: rosidl_typesupport_fastrtps_cpp;rosidl_typesupport_introspection_cpp
[0.577s] -- Found PythonInterp: /usr/bin/python3 (found suitable version "3.8.10", minimum required is "3.5") 
[0.577s] -- Found python_cmake_module: 0.8.1 (/opt/ros/foxy/share/python_cmake_module/cmake)
[0.595s] -- Using PYTHON_EXECUTABLE: /usr/bin/python3
[0.595s] -- Using PYTHON_INCLUDE_DIRS: /usr/include/python3.8
[0.595s] -- Using PYTHON_LIBRARIES: /usr/lib/x86_64-linux-gnu/libpython3.8.so
[0.619s] -- Found ament_lint_auto: 0.9.8 (/opt/ros/foxy/share/ament_lint_auto/cmake)
[0.626s] -- Added test 'lint_cmake' to check CMake code style
[0.626s] -- Added test 'xmllint' to check XML markup files
[0.629s] -- Configuring done
[0.655s] -- Generating done
[0.656s] -- Build files have been written to: /home/asrl/ros2_decawave/build/decawave_interfaces
[0.663s] Invoked command in '/home/asrl/ros2_decawave/build/decawave_interfaces' returned '0': CMAKE_PREFIX_PATH=${CMAKE_PREFIX_PATH}:/home/asrl/ros2_decawave/install/decawave_test_controller:/opt/ros/foxy:/home/asrl/Holybro-Demo/test_flight_ws_3/install/test_flight_controller_three:/home/asrl/Holybro-Demo/test_flight_ws_3/install/test_flight_controller_four_offboard /usr/bin/cmake /home/asrl/ros2_decawave/src/decawave_interfaces -DAMENT_CMAKE_SYMLINK_INSTALL=1 -DCMAKE_INSTALL_PREFIX=/home/asrl/ros2_decawave/install/decawave_interfaces
[0.664s] Invoking command in '/home/asrl/ros2_decawave/build/decawave_interfaces': CMAKE_PREFIX_PATH=${CMAKE_PREFIX_PATH}:/home/asrl/ros2_decawave/install/decawave_test_controller:/opt/ros/foxy:/home/asrl/Holybro-Demo/test_flight_ws_3/install/test_flight_controller_three:/home/asrl/Holybro-Demo/test_flight_ws_3/install/test_flight_controller_four_offboard /usr/bin/cmake --build /home/asrl/ros2_decawave/build/decawave_interfaces -- -j16 -l16
[0.699s] [  2%] Built target decawave_interfaces__cpp
[0.700s] [ 12%] Built target decawave_interfaces__rosidl_generator_c
[0.720s] [ 41%] Built target decawave_interfaces__rosidl_typesupport_c
[0.720s] [ 41%] Built target decawave_interfaces__rosidl_typesupport_introspection_cpp
[0.720s] [ 43%] Built target decawave_interfaces__rosidl_typesupport_cpp
[0.720s] [ 53%] Built target decawave_interfaces__rosidl_typesupport_introspection_c
[0.720s] [ 56%] [32m[1mLinking CXX shared library libdecawave_interfaces__rosidl_typesupport_fastrtps_cpp.so[0m
[0.772s] [ 64%] Built target decawave_interfaces__rosidl_typesupport_fastrtps_cpp
[0.790s] [ 66%] [32m[1mLinking CXX shared library libdecawave_interfaces__rosidl_typesupport_fastrtps_c.so[0m
[0.848s] [ 74%] Built target decawave_interfaces__rosidl_typesupport_fastrtps_c
[0.863s] [ 74%] Built target decawave_interfaces
[0.875s] [ 76%] Built target decawave_interfaces__py
[0.891s] [ 79%] [32m[1mLinking C shared library rosidl_generator_py/decawave_interfaces/libdecawave_interfaces__python.so[0m
[0.923s] [ 84%] Built target decawave_interfaces__python
[0.941s] [ 87%] [32m[1mLinking C shared library rosidl_generator_py/decawave_interfaces/decawave_interfaces_s__rosidl_typesupport_introspection_c.cpython-38-x86_64-linux-gnu.so[0m
[0.942s] [ 89%] [32m[1mLinking C shared library rosidl_generator_py/decawave_interfaces/decawave_interfaces_s__rosidl_typesupport_c.cpython-38-x86_64-linux-gnu.so[0m
[0.942s] [ 92%] [32m[1mLinking CXX shared library rosidl_generator_py/decawave_interfaces/decawave_interfaces_s__rosidl_typesupport_fastrtps_c.cpython-38-x86_64-linux-gnu.so[0m
[0.966s] [ 94%] Built target decawave_interfaces__rosidl_typesupport_introspection_c__pyext
[0.967s] [ 97%] Built target decawave_interfaces__rosidl_typesupport_c__pyext
[0.984s] [100%] Built target decawave_interfaces__rosidl_typesupport_fastrtps_c__pyext
[0.992s] Invoked command in '/home/asrl/ros2_decawave/build/decawave_interfaces' returned '0': CMAKE_PREFIX_PATH=${CMAKE_PREFIX_PATH}:/home/asrl/ros2_decawave/install/decawave_test_controller:/opt/ros/foxy:/home/asrl/Holybro-Demo/test_flight_ws_3/install/test_flight_controller_three:/home/asrl/Holybro-Demo/test_flight_ws_3/install/test_flight_controller_four_offboard /usr/bin/cmake --build /home/asrl/ros2_decawave/build/decawave_interfaces -- -j16 -l16
[1.037s] Invoking command in '/home/asrl/ros2_decawave/build/decawave_interfaces': CMAKE_PREFIX_PATH=${CMAKE_PREFIX_PATH}:/home/asrl/ros2_decawave/install/decawave_test_controller:/opt/ros/foxy:/home/asrl/Holybro-Demo/test_flight_ws_3/install/test_flight_controller_three:/home/asrl/Holybro-Demo/test_flight_ws_3/install/test_flight_controller_four_offboard /usr/bin/cmake --install /home/asrl/ros2_decawave/build/decawave_interfaces
[1.042s] -- Install configuration: ""
[1.042s] -- Execute custom install script
[1.043s] -- Symlinking: /home/asrl/ros2_decawave/install/decawave_interfaces/share/ament_index/resource_index/rosidl_interfaces/decawave_interfaces
[1.048s] -- Symlinking: /home/asrl/ros2_decawave/install/decawave_interfaces/include/decawave_interfaces/msg/deca_range.h
[1.052s] -- Symlinking: /home/asrl/ros2_decawave/install/decawave_interfaces/include/decawave_interfaces/msg/deca_range_b.h
[1.057s] -- Symlinking: /home/asrl/ros2_decawave/install/decawave_interfaces/include/decawave_interfaces/msg/detail/deca_range__functions.h
[1.062s] -- Symlinking: /home/asrl/ros2_decawave/install/decawave_interfaces/include/decawave_interfaces/msg/detail/deca_range__struct.h
[1.067s] -- Symlinking: /home/asrl/ros2_decawave/install/decawave_interfaces/include/decawave_interfaces/msg/detail/deca_range__type_support.h
[1.071s] -- Symlinking: /home/asrl/ros2_decawave/install/decawave_interfaces/include/decawave_interfaces/msg/detail/deca_range_b__functions.h
[1.075s] -- Symlinking: /home/asrl/ros2_decawave/install/decawave_interfaces/include/decawave_interfaces/msg/detail/deca_range_b__struct.h
[1.080s] -- Symlinking: /home/asrl/ros2_decawave/install/decawave_interfaces/include/decawave_interfaces/msg/detail/deca_range_b__type_support.h
[1.084s] -- Symlinking: /home/asrl/ros2_decawave/install/decawave_interfaces/include/decawave_interfaces/msg/rosidl_generator_c__visibility_control.h
[1.089s] -- Symlinking: /home/asrl/ros2_decawave/install/decawave_interfaces/share/decawave_interfaces/environment/library_path.sh
[1.093s] -- Symlinking: /home/asrl/ros2_decawave/install/decawave_interfaces/share/decawave_interfaces/environment/library_path.dsv
[1.099s] -- Symlinking: /home/asrl/ros2_decawave/install/decawave_interfaces/include/decawave_interfaces/msg/detail/deca_range__rosidl_typesupport_fastrtps_c.h
[1.104s] -- Symlinking: /home/asrl/ros2_decawave/install/decawave_interfaces/include/decawave_interfaces/msg/detail/deca_range_b__rosidl_typesupport_fastrtps_c.h
[1.109s] -- Symlinking: /home/asrl/ros2_decawave/install/decawave_interfaces/include/decawave_interfaces/msg/rosidl_typesupport_fastrtps_c__visibility_control.h
[1.115s] -- Symlinking: /home/asrl/ros2_decawave/install/decawave_interfaces/lib/libdecawave_interfaces__rosidl_typesupport_fastrtps_c.so
[1.120s] -- Symlinking: /home/asrl/ros2_decawave/install/decawave_interfaces/include/decawave_interfaces/msg/detail/deca_range__rosidl_typesupport_fastrtps_cpp.hpp
[1.125s] -- Symlinking: /home/asrl/ros2_decawave/install/decawave_interfaces/include/decawave_interfaces/msg/detail/deca_range_b__rosidl_typesupport_fastrtps_cpp.hpp
[1.130s] -- Symlinking: /home/asrl/ros2_decawave/install/decawave_interfaces/include/decawave_interfaces/msg/rosidl_typesupport_fastrtps_cpp__visibility_control.h
[1.134s] -- Symlinking: /home/asrl/ros2_decawave/install/decawave_interfaces/lib/libdecawave_interfaces__rosidl_typesupport_fastrtps_cpp.so
[1.139s] -- Symlinking: /home/asrl/ros2_decawave/install/decawave_interfaces/include/decawave_interfaces/msg/detail/deca_range__rosidl_typesupport_introspection_c.h
[1.144s] -- Symlinking: /home/asrl/ros2_decawave/install/decawave_interfaces/include/decawave_interfaces/msg/detail/deca_range_b__rosidl_typesupport_introspection_c.h
[1.148s] -- Symlinking: /home/asrl/ros2_decawave/install/decawave_interfaces/include/decawave_interfaces/msg/rosidl_typesupport_introspection_c__visibility_control.h
[1.153s] -- Symlinking: /home/asrl/ros2_decawave/install/decawave_interfaces/include/decawave_interfaces/msg/deca_range.hpp
[1.158s] -- Symlinking: /home/asrl/ros2_decawave/install/decawave_interfaces/include/decawave_interfaces/msg/deca_range_b.hpp
[1.162s] -- Symlinking: /home/asrl/ros2_decawave/install/decawave_interfaces/include/decawave_interfaces/msg/detail/deca_range__builder.hpp
[1.168s] -- Symlinking: /home/asrl/ros2_decawave/install/decawave_interfaces/include/decawave_interfaces/msg/detail/deca_range__struct.hpp
[1.173s] -- Symlinking: /home/asrl/ros2_decawave/install/decawave_interfaces/include/decawave_interfaces/msg/detail/deca_range__traits.hpp
[1.177s] -- Symlinking: /home/asrl/ros2_decawave/install/decawave_interfaces/include/decawave_interfaces/msg/detail/deca_range__type_support.hpp
[1.182s] -- Symlinking: /home/asrl/ros2_decawave/install/decawave_interfaces/include/decawave_interfaces/msg/detail/deca_range_b__builder.hpp
[1.186s] -- Symlinking: /home/asrl/ros2_decawave/install/decawave_interfaces/include/decawave_interfaces/msg/detail/deca_range_b__struct.hpp
[1.191s] -- Symlinking: /home/asrl/ros2_decawave/install/decawave_interfaces/include/decawave_interfaces/msg/detail/deca_range_b__traits.hpp
[1.195s] -- Symlinking: /home/asrl/ros2_decawave/install/decawave_interfaces/include/decawave_interfaces/msg/detail/deca_range_b__type_support.hpp
[1.200s] -- Symlinking: /home/asrl/ros2_decawave/install/decawave_interfaces/include/decawave_interfaces/msg/rosidl_generator_cpp__visibility_control.hpp
[1.206s] -- Symlinking: /home/asrl/ros2_decawave/install/decawave_interfaces/include/decawave_interfaces/msg/detail/deca_range__rosidl_typesupport_introspection_cpp.hpp
[1.213s] -- Symlinking: /home/asrl/ros2_decawave/install/decawave_interfaces/include/decawave_interfaces/msg/detail/deca_range_b__rosidl_typesupport_introspection_cpp.hpp
[1.217s] -- Symlinking: /home/asrl/ros2_decawave/install/decawave_interfaces/share/decawave_interfaces/environment/pythonpath.sh
[1.222s] -- Symlinking: /home/asrl/ros2_decawave/install/decawave_interfaces/share/decawave_interfaces/environment/pythonpath.dsv
[1.227s] -- Symlinking: /home/asrl/ros2_decawave/install/decawave_interfaces/lib/python3.8/site-packages/decawave_interfaces/__init__.py
[1.232s] -- Symlinking: /home/asrl/ros2_decawave/install/decawave_interfaces/lib/python3.8/site-packages/decawave_interfaces/msg/__init__.py
[1.236s] -- Symlinking: /home/asrl/ros2_decawave/install/decawave_interfaces/lib/python3.8/site-packages/decawave_interfaces/msg/_deca_range.py
[1.241s] -- Symlinking: /home/asrl/ros2_decawave/install/decawave_interfaces/lib/python3.8/site-packages/decawave_interfaces/msg/_deca_range_b.py
[1.246s] -- Symlinking: /home/asrl/ros2_decawave/install/decawave_interfaces/lib/python3.8/site-packages/decawave_interfaces/decawave_interfaces_s__rosidl_typesupport_fastrtps_c.cpython-38-x86_64-linux-gnu.so
[1.250s] -- Symlinking: /home/asrl/ros2_decawave/install/decawave_interfaces/lib/python3.8/site-packages/decawave_interfaces/decawave_interfaces_s__rosidl_typesupport_introspection_c.cpython-38-x86_64-linux-gnu.so
[1.255s] -- Symlinking: /home/asrl/ros2_decawave/install/decawave_interfaces/lib/python3.8/site-packages/decawave_interfaces/decawave_interfaces_s__rosidl_typesupport_c.cpython-38-x86_64-linux-gnu.so
[1.259s] -- Symlinking: /home/asrl/ros2_decawave/install/decawave_interfaces/lib/libdecawave_interfaces__python.so
[1.265s] -- Symlinking: /home/asrl/ros2_decawave/install/decawave_interfaces/share/decawave_interfaces/msg/DecaRange.idl
[1.270s] -- Symlinking: /home/asrl/ros2_decawave/install/decawave_interfaces/share/decawave_interfaces/msg/DecaRangeB.idl
[1.275s] -- Symlinking: /home/asrl/ros2_decawave/install/decawave_interfaces/share/decawave_interfaces/msg/DecaRange.msg
[1.279s] -- Symlinking: /home/asrl/ros2_decawave/install/decawave_interfaces/share/decawave_interfaces/msg/DecaRangeB.msg
[1.284s] -- Symlinking: /home/asrl/ros2_decawave/install/decawave_interfaces/share/ament_index/resource_index/package_run_dependencies/decawave_interfaces
[1.288s] -- Symlinking: /home/asrl/ros2_decawave/install/decawave_interfaces/share/ament_index/resource_index/parent_prefix_path/decawave_interfaces
[1.293s] -- Symlinking: /home/asrl/ros2_decawave/install/decawave_interfaces/share/decawave_interfaces/environment/ament_prefix_path.sh
[1.297s] -- Symlinking: /home/asrl/ros2_decawave/install/decawave_interfaces/share/decawave_interfaces/environment/ament_prefix_path.dsv
[1.302s] -- Symlinking: /home/asrl/ros2_decawave/install/decawave_interfaces/share/decawave_interfaces/environment/path.sh
[1.307s] -- Symlinking: /home/asrl/ros2_decawave/install/decawave_interfaces/share/decawave_interfaces/environment/path.dsv
[1.313s] -- Symlinking: /home/asrl/ros2_decawave/install/decawave_interfaces/share/decawave_interfaces/local_setup.bash
[1.318s] -- Symlinking: /home/asrl/ros2_decawave/install/decawave_interfaces/share/decawave_interfaces/local_setup.sh
[1.322s] -- Symlinking: /home/asrl/ros2_decawave/install/decawave_interfaces/share/decawave_interfaces/local_setup.zsh
[1.327s] -- Symlinking: /home/asrl/ros2_decawave/install/decawave_interfaces/share/decawave_interfaces/local_setup.dsv
[1.332s] -- Symlinking: /home/asrl/ros2_decawave/install/decawave_interfaces/share/decawave_interfaces/package.dsv
[1.337s] -- Symlinking: /home/asrl/ros2_decawave/install/decawave_interfaces/share/ament_index/resource_index/packages/decawave_interfaces
[1.342s] -- Symlinking: /home/asrl/ros2_decawave/install/decawave_interfaces/share/decawave_interfaces/cmake/rosidl_cmake-extras.cmake
[1.348s] -- Symlinking: /home/asrl/ros2_decawave/install/decawave_interfaces/share/decawave_interfaces/cmake/ament_cmake_export_dependencies-extras.cmake
[1.353s] -- Symlinking: /home/asrl/ros2_decawave/install/decawave_interfaces/share/decawave_interfaces/cmake/ament_cmake_export_libraries-extras.cmake
[1.358s] -- Symlinking: /home/asrl/ros2_decawave/install/decawave_interfaces/share/decawave_interfaces/cmake/ament_cmake_export_targets-extras.cmake
[1.366s] -- Symlinking: /home/asrl/ros2_decawave/install/decawave_interfaces/share/decawave_interfaces/cmake/ament_cmake_export_include_directories-extras.cmake
[1.372s] -- Symlinking: /home/asrl/ros2_decawave/install/decawave_interfaces/share/decawave_interfaces/cmake/rosidl_cmake_export_typesupport_libraries-extras.cmake
[1.377s] -- Symlinking: /home/asrl/ros2_decawave/install/decawave_interfaces/share/decawave_interfaces/cmake/rosidl_cmake_export_typesupport_targets-extras.cmake
[1.381s] -- Symlinking: /home/asrl/ros2_decawave/install/decawave_interfaces/share/decawave_interfaces/cmake/decawave_interfacesConfig.cmake
[1.386s] -- Symlinking: /home/asrl/ros2_decawave/install/decawave_interfaces/share/decawave_interfaces/cmake/decawave_interfacesConfig-version.cmake
[1.390s] -- Symlinking: /home/asrl/ros2_decawave/install/decawave_interfaces/share/decawave_interfaces/package.xml
[1.395s] -- Up-to-date: /home/asrl/ros2_decawave/install/decawave_interfaces/lib/libdecawave_interfaces__rosidl_generator_c.so
[1.395s] -- Up-to-date: /home/asrl/ros2_decawave/install/decawave_interfaces/lib/libdecawave_interfaces__rosidl_typesupport_introspection_c.so
[1.395s] -- Up-to-date: /home/asrl/ros2_decawave/install/decawave_interfaces/lib/libdecawave_interfaces__rosidl_typesupport_c.so
[1.395s] -- Up-to-date: /home/asrl/ros2_decawave/install/decawave_interfaces/lib/libdecawave_interfaces__rosidl_typesupport_introspection_cpp.so
[1.395s] -- Up-to-date: /home/asrl/ros2_decawave/install/decawave_interfaces/lib/libdecawave_interfaces__rosidl_typesupport_cpp.so
[1.416s] Compiling '/home/asrl/ros2_decawave/install/decawave_interfaces/lib/python3.8/site-packages/decawave_interfaces/__init__.py'...
[1.419s] -- Up-to-date: /home/asrl/ros2_decawave/install/decawave_interfaces/share/decawave_interfaces/cmake/decawave_interfaces__rosidl_generator_cExport.cmake
[1.419s] -- Installing: /home/asrl/ros2_decawave/install/decawave_interfaces/share/decawave_interfaces/cmake/decawave_interfaces__rosidl_generator_cExport-noconfig.cmake
[1.419s] -- Up-to-date: /home/asrl/ros2_decawave/install/decawave_interfaces/share/decawave_interfaces/cmake/decawave_interfaces__rosidl_typesupport_introspection_cExport.cmake
[1.419s] -- Installing: /home/asrl/ros2_decawave/install/decawave_interfaces/share/decawave_interfaces/cmake/decawave_interfaces__rosidl_typesupport_introspection_cExport-noconfig.cmake
[1.419s] -- Up-to-date: /home/asrl/ros2_decawave/install/decawave_interfaces/share/decawave_interfaces/cmake/decawave_interfaces__rosidl_typesupport_cExport.cmake
[1.419s] -- Installing: /home/asrl/ros2_decawave/install/decawave_interfaces/share/decawave_interfaces/cmake/decawave_interfaces__rosidl_typesupport_cExport-noconfig.cmake
[1.420s] -- Up-to-date: /home/asrl/ros2_decawave/install/decawave_interfaces/share/decawave_interfaces/cmake/decawave_interfaces__rosidl_generator_cppExport.cmake
[1.420s] -- Up-to-date: /home/asrl/ros2_decawave/install/decawave_interfaces/share/decawave_interfaces/cmake/decawave_interfaces__rosidl_typesupport_introspection_cppExport.cmake
[1.420s] -- Installing: /home/asrl/ros2_decawave/install/decawave_interfaces/share/decawave_interfaces/cmake/decawave_interfaces__rosidl_typesupport_introspection_cppExport-noconfig.cmake
[1.420s] -- Up-to-date: /home/asrl/ros2_decawave/install/decawave_interfaces/share/decawave_interfaces/cmake/decawave_interfaces__rosidl_typesupport_cppExport.cmake
[1.420s] -- Installing: /home/asrl/ros2_decawave/install/decawave_interfaces/share/decawave_interfaces/cmake/decawave_interfaces__rosidl_typesupport_cppExport-noconfig.cmake
[1.422s] Invoked command in '/home/asrl/ros2_decawave/build/decawave_interfaces' returned '0': CMAKE_PREFIX_PATH=${CMAKE_PREFIX_PATH}:/home/asrl/ros2_decawave/install/decawave_test_controller:/opt/ros/foxy:/home/asrl/Holybro-Demo/test_flight_ws_3/install/test_flight_controller_three:/home/asrl/Holybro-Demo/test_flight_ws_3/install/test_flight_controller_four_offboard /usr/bin/cmake --install /home/asrl/ros2_decawave/build/decawave_interfaces
