[0.210s] DEBUG:colcon:Command line arguments: ['/usr/bin/colcon', 'build', '--symlink-install']
[0.210s] DEBUG:colcon:Parsed command line arguments: Namespace(allow_overriding=[], ament_cmake_args=None, base_paths=['.'], build_base='build', catkin_cmake_args=None, catkin_skip_building_tests=False, cmake_args=None, cmake_clean_cache=False, cmake_clean_first=False, cmake_force_configure=False, cmake_target=None, cmake_target_skip_unavailable=False, continue_on_error=False, event_handlers=None, executor='parallel', ignore_user_meta=False, install_base='install', log_base=None, log_level=None, main=<bound method BuildVerb.main of <colcon_core.verb.build.BuildVerb object at 0x7f6815f2c0d0>>, merge_install=False, metas=['./colcon.meta'], packages_above=None, packages_above_and_dependencies=None, packages_above_depth=None, packages_end=None, packages_ignore=None, packages_ignore_regex=None, packages_select=None, packages_select_build_failed=False, packages_select_by_dep=None, packages_select_regex=None, packages_select_test_failures=False, packages_skip=None, packages_skip_build_finished=False, packages_skip_by_dep=None, packages_skip_regex=None, packages_skip_test_passed=False, packages_skip_up_to=None, packages_start=None, packages_up_to=None, packages_up_to_regex=None, parallel_workers=16, paths=None, symlink_install=True, test_result_base=None, verb_extension=<colcon_core.verb.build.BuildVerb object at 0x7f6815f2c0d0>, verb_name='build', verb_parser=<colcon_defaults.argument_parser.defaults.DefaultArgumentsDecorator object at 0x7f6815f2c610>)
[0.230s] Level 1:colcon.colcon_core.package_discovery:discover_packages(colcon_meta) check parameters
[0.230s] Level 1:colcon.colcon_core.package_discovery:discover_packages(recursive) check parameters
[0.230s] Level 1:colcon.colcon_core.package_discovery:discover_packages(ignore) check parameters
[0.230s] Level 1:colcon.colcon_core.package_discovery:discover_packages(path) check parameters
[0.230s] Level 1:colcon.colcon_core.package_discovery:discover_packages(colcon_meta) discover
[0.230s] Level 1:colcon.colcon_core.package_discovery:discover_packages(recursive) discover
[0.230s] INFO:colcon.colcon_core.package_discovery:Crawling recursively for packages in '/home/asrl/ros2_decawave'
[0.230s] Level 1:colcon.colcon_core.package_identification:_identify(.) by extensions ['ignore', 'ignore_ament_install']
[0.230s] Level 1:colcon.colcon_core.package_identification:_identify(.) by extension 'ignore'
[0.230s] Level 1:colcon.colcon_core.package_identification:_identify(.) by extension 'ignore_ament_install'
[0.230s] Level 1:colcon.colcon_core.package_identification:_identify(.) by extensions ['colcon_pkg']
[0.230s] Level 1:colcon.colcon_core.package_identification:_identify(.) by extension 'colcon_pkg'
[0.230s] Level 1:colcon.colcon_core.package_identification:_identify(.) by extensions ['colcon_meta']
[0.230s] Level 1:colcon.colcon_core.package_identification:_identify(.) by extension 'colcon_meta'
[0.230s] Level 1:colcon.colcon_core.package_identification:_identify(.) by extensions ['ros']
[0.230s] Level 1:colcon.colcon_core.package_identification:_identify(.) by extension 'ros'
[0.237s] Level 1:colcon.colcon_core.package_identification:_identify(.) by extensions ['cmake', 'python']
[0.237s] Level 1:colcon.colcon_core.package_identification:_identify(.) by extension 'cmake'
[0.237s] Level 1:colcon.colcon_core.package_identification:_identify(.) by extension 'python'
[0.237s] Level 1:colcon.colcon_core.package_identification:_identify(.) by extensions ['python_setup_py']
[0.237s] Level 1:colcon.colcon_core.package_identification:_identify(.) by extension 'python_setup_py'
[0.237s] Level 1:colcon.colcon_core.package_identification:_identify(build) by extensions ['ignore', 'ignore_ament_install']
[0.237s] Level 1:colcon.colcon_core.package_identification:_identify(build) by extension 'ignore'
[0.237s] Level 1:colcon.colcon_core.package_identification:_identify(build) ignored
[0.237s] Level 1:colcon.colcon_core.package_identification:_identify(install) by extensions ['ignore', 'ignore_ament_install']
[0.237s] Level 1:colcon.colcon_core.package_identification:_identify(install) by extension 'ignore'
[0.237s] Level 1:colcon.colcon_core.package_identification:_identify(install) ignored
[0.238s] Level 1:colcon.colcon_core.package_identification:_identify(log) by extensions ['ignore', 'ignore_ament_install']
[0.238s] Level 1:colcon.colcon_core.package_identification:_identify(log) by extension 'ignore'
[0.238s] Level 1:colcon.colcon_core.package_identification:_identify(log) ignored
[0.238s] Level 1:colcon.colcon_core.package_identification:_identify(src) by extensions ['ignore', 'ignore_ament_install']
[0.238s] Level 1:colcon.colcon_core.package_identification:_identify(src) by extension 'ignore'
[0.238s] Level 1:colcon.colcon_core.package_identification:_identify(src) by extension 'ignore_ament_install'
[0.238s] Level 1:colcon.colcon_core.package_identification:_identify(src) by extensions ['colcon_pkg']
[0.238s] Level 1:colcon.colcon_core.package_identification:_identify(src) by extension 'colcon_pkg'
[0.238s] Level 1:colcon.colcon_core.package_identification:_identify(src) by extensions ['colcon_meta']
[0.238s] Level 1:colcon.colcon_core.package_identification:_identify(src) by extension 'colcon_meta'
[0.238s] Level 1:colcon.colcon_core.package_identification:_identify(src) by extensions ['ros']
[0.238s] Level 1:colcon.colcon_core.package_identification:_identify(src) by extension 'ros'
[0.238s] Level 1:colcon.colcon_core.package_identification:_identify(src) by extensions ['cmake', 'python']
[0.238s] Level 1:colcon.colcon_core.package_identification:_identify(src) by extension 'cmake'
[0.238s] Level 1:colcon.colcon_core.package_identification:_identify(src) by extension 'python'
[0.238s] Level 1:colcon.colcon_core.package_identification:_identify(src) by extensions ['python_setup_py']
[0.238s] Level 1:colcon.colcon_core.package_identification:_identify(src) by extension 'python_setup_py'
[0.238s] Level 1:colcon.colcon_core.package_identification:_identify(src/decawave_interfaces) by extensions ['ignore', 'ignore_ament_install']
[0.238s] Level 1:colcon.colcon_core.package_identification:_identify(src/decawave_interfaces) by extension 'ignore'
[0.238s] Level 1:colcon.colcon_core.package_identification:_identify(src/decawave_interfaces) by extension 'ignore_ament_install'
[0.238s] Level 1:colcon.colcon_core.package_identification:_identify(src/decawave_interfaces) by extensions ['colcon_pkg']
[0.238s] Level 1:colcon.colcon_core.package_identification:_identify(src/decawave_interfaces) by extension 'colcon_pkg'
[0.238s] Level 1:colcon.colcon_core.package_identification:_identify(src/decawave_interfaces) by extensions ['colcon_meta']
[0.238s] Level 1:colcon.colcon_core.package_identification:_identify(src/decawave_interfaces) by extension 'colcon_meta'
[0.238s] Level 1:colcon.colcon_core.package_identification:_identify(src/decawave_interfaces) by extensions ['ros']
[0.238s] Level 1:colcon.colcon_core.package_identification:_identify(src/decawave_interfaces) by extension 'ros'
[0.240s] DEBUG:colcon.colcon_core.package_identification:Package 'src/decawave_interfaces' with type 'ros.ament_cmake' and name 'decawave_interfaces'
[0.240s] Level 1:colcon.colcon_core.package_identification:_identify(src/decawave_test_controller) by extensions ['ignore', 'ignore_ament_install']
[0.240s] Level 1:colcon.colcon_core.package_identification:_identify(src/decawave_test_controller) by extension 'ignore'
[0.240s] Level 1:colcon.colcon_core.package_identification:_identify(src/decawave_test_controller) by extension 'ignore_ament_install'
[0.240s] Level 1:colcon.colcon_core.package_identification:_identify(src/decawave_test_controller) by extensions ['colcon_pkg']
[0.240s] Level 1:colcon.colcon_core.package_identification:_identify(src/decawave_test_controller) by extension 'colcon_pkg'
[0.240s] Level 1:colcon.colcon_core.package_identification:_identify(src/decawave_test_controller) by extensions ['colcon_meta']
[0.240s] Level 1:colcon.colcon_core.package_identification:_identify(src/decawave_test_controller) by extension 'colcon_meta'
[0.240s] Level 1:colcon.colcon_core.package_identification:_identify(src/decawave_test_controller) by extensions ['ros']
[0.240s] Level 1:colcon.colcon_core.package_identification:_identify(src/decawave_test_controller) by extension 'ros'
[0.241s] DEBUG:colcon.colcon_core.package_identification:Package 'src/decawave_test_controller' with type 'ros.ament_python' and name 'decawave_test_controller'
[0.241s] Level 1:colcon.colcon_core.package_discovery:discover_packages(recursive) using defaults
[0.241s] Level 1:colcon.colcon_core.package_discovery:discover_packages(ignore) discover
[0.241s] Level 1:colcon.colcon_core.package_discovery:discover_packages(ignore) using defaults
[0.241s] Level 1:colcon.colcon_core.package_discovery:discover_packages(path) discover
[0.241s] Level 1:colcon.colcon_core.package_discovery:discover_packages(path) using defaults
[0.256s] Level 1:colcon.colcon_core.package_discovery:discover_packages(prefix_path) check parameters
[0.256s] Level 1:colcon.colcon_core.package_discovery:discover_packages(prefix_path) discover
[0.258s] DEBUG:colcon.colcon_installed_package_information.package_discovery:Found 3 installed packages in /home/asrl/ros2_decawave/install
[0.259s] DEBUG:colcon.colcon_installed_package_information.package_discovery:Found 266 installed packages in /opt/ros/foxy
[0.260s] Level 1:colcon.colcon_core.package_discovery:discover_packages(prefix_path) using defaults
[0.298s] Level 5:colcon.colcon_core.verb:set package 'decawave_interfaces' build argument 'cmake_args' from command line to 'None'
[0.299s] Level 5:colcon.colcon_core.verb:set package 'decawave_interfaces' build argument 'cmake_target' from command line to 'None'
[0.299s] Level 5:colcon.colcon_core.verb:set package 'decawave_interfaces' build argument 'cmake_target_skip_unavailable' from command line to 'False'
[0.299s] Level 5:colcon.colcon_core.verb:set package 'decawave_interfaces' build argument 'cmake_clean_cache' from command line to 'False'
[0.299s] Level 5:colcon.colcon_core.verb:set package 'decawave_interfaces' build argument 'cmake_clean_first' from command line to 'False'
[0.299s] Level 5:colcon.colcon_core.verb:set package 'decawave_interfaces' build argument 'cmake_force_configure' from command line to 'False'
[0.299s] Level 5:colcon.colcon_core.verb:set package 'decawave_interfaces' build argument 'ament_cmake_args' from command line to 'None'
[0.299s] Level 5:colcon.colcon_core.verb:set package 'decawave_interfaces' build argument 'catkin_cmake_args' from command line to 'None'
[0.299s] Level 5:colcon.colcon_core.verb:set package 'decawave_interfaces' build argument 'catkin_skip_building_tests' from command line to 'False'
[0.299s] DEBUG:colcon.colcon_core.verb:Building package 'decawave_interfaces' with the following arguments: {'ament_cmake_args': None, 'build_base': '/home/asrl/ros2_decawave/build/decawave_interfaces', 'catkin_cmake_args': None, 'catkin_skip_building_tests': False, 'cmake_args': None, 'cmake_clean_cache': False, 'cmake_clean_first': False, 'cmake_force_configure': False, 'cmake_target': None, 'cmake_target_skip_unavailable': False, 'install_base': '/home/asrl/ros2_decawave/install/decawave_interfaces', 'merge_install': False, 'path': '/home/asrl/ros2_decawave/src/decawave_interfaces', 'symlink_install': True, 'test_result_base': None}
[0.299s] Level 5:colcon.colcon_core.verb:set package 'decawave_test_controller' build argument 'cmake_args' from command line to 'None'
[0.299s] Level 5:colcon.colcon_core.verb:set package 'decawave_test_controller' build argument 'cmake_target' from command line to 'None'
[0.299s] Level 5:colcon.colcon_core.verb:set package 'decawave_test_controller' build argument 'cmake_target_skip_unavailable' from command line to 'False'
[0.299s] Level 5:colcon.colcon_core.verb:set package 'decawave_test_controller' build argument 'cmake_clean_cache' from command line to 'False'
[0.299s] Level 5:colcon.colcon_core.verb:set package 'decawave_test_controller' build argument 'cmake_clean_first' from command line to 'False'
[0.299s] Level 5:colcon.colcon_core.verb:set package 'decawave_test_controller' build argument 'cmake_force_configure' from command line to 'False'
[0.299s] Level 5:colcon.colcon_core.verb:set package 'decawave_test_controller' build argument 'ament_cmake_args' from command line to 'None'
[0.300s] Level 5:colcon.colcon_core.verb:set package 'decawave_test_controller' build argument 'catkin_cmake_args' from command line to 'None'
[0.300s] Level 5:colcon.colcon_core.verb:set package 'decawave_test_controller' build argument 'catkin_skip_building_tests' from command line to 'False'
[0.300s] DEBUG:colcon.colcon_core.verb:Building package 'decawave_test_controller' with the following arguments: {'ament_cmake_args': None, 'build_base': '/home/asrl/ros2_decawave/build/decawave_test_controller', 'catkin_cmake_args': None, 'catkin_skip_building_tests': False, 'cmake_args': None, 'cmake_clean_cache': False, 'cmake_clean_first': False, 'cmake_force_configure': False, 'cmake_target': None, 'cmake_target_skip_unavailable': False, 'install_base': '/home/asrl/ros2_decawave/install/decawave_test_controller', 'merge_install': False, 'path': '/home/asrl/ros2_decawave/src/decawave_test_controller', 'symlink_install': True, 'test_result_base': None}
[0.300s] INFO:colcon.colcon_core.executor:Executing jobs using 'parallel' executor
[0.303s] DEBUG:colcon.colcon_parallel_executor.executor.parallel:run_until_complete
[0.303s] INFO:colcon.colcon_ros.task.ament_cmake.build:Building ROS package in '/home/asrl/ros2_decawave/src/decawave_interfaces' with build type 'ament_cmake'
[0.303s] INFO:colcon.colcon_cmake.task.cmake.build:Building CMake package in '/home/asrl/ros2_decawave/src/decawave_interfaces'
[0.306s] INFO:colcon.colcon_core.plugin_system:Skipping extension 'colcon_core.shell.bat': Not used on non-Windows systems
[0.306s] INFO:colcon.colcon_core.shell:Skip shell extension 'powershell' for command environment: Not usable outside of PowerShell
[0.306s] DEBUG:colcon.colcon_core.shell:Skip shell extension 'dsv' for command environment
[0.314s] DEBUG:colcon.colcon_core.event_handler.log_command:Invoking command in '/home/asrl/ros2_decawave/build/decawave_interfaces': CMAKE_PREFIX_PATH=${CMAKE_PREFIX_PATH}:/home/asrl/ros2_decawave/install/decawave_test_controller:/opt/ros/foxy /usr/bin/cmake --build /home/asrl/ros2_decawave/build/decawave_interfaces -- -j16 -l16
[0.454s] DEBUG:colcon.colcon_core.event_handler.log_command:Invoked command in '/home/asrl/ros2_decawave/build/decawave_interfaces' returned '0': CMAKE_PREFIX_PATH=${CMAKE_PREFIX_PATH}:/home/asrl/ros2_decawave/install/decawave_test_controller:/opt/ros/foxy /usr/bin/cmake --build /home/asrl/ros2_decawave/build/decawave_interfaces -- -j16 -l16
[0.494s] DEBUG:colcon.colcon_core.event_handler.log_command:Invoking command in '/home/asrl/ros2_decawave/build/decawave_interfaces': CMAKE_PREFIX_PATH=${CMAKE_PREFIX_PATH}:/home/asrl/ros2_decawave/install/decawave_test_controller:/opt/ros/foxy /usr/bin/cmake --install /home/asrl/ros2_decawave/build/decawave_interfaces
[0.539s] Level 1:colcon.colcon_core.environment:create_environment_scripts_only(decawave_interfaces)
[0.540s] DEBUG:colcon.colcon_core.event_handler.log_command:Invoked command in '/home/asrl/ros2_decawave/build/decawave_interfaces' returned '0': CMAKE_PREFIX_PATH=${CMAKE_PREFIX_PATH}:/home/asrl/ros2_decawave/install/decawave_test_controller:/opt/ros/foxy /usr/bin/cmake --install /home/asrl/ros2_decawave/build/decawave_interfaces
[0.543s] Level 1:colcon.colcon_core.environment:checking '/home/asrl/ros2_decawave/install/decawave_interfaces' for CMake module files
[0.543s] Level 1:colcon.colcon_core.environment:checking '/home/asrl/ros2_decawave/install/decawave_interfaces' for CMake config files
[0.544s] Level 1:colcon.colcon_core.shell:create_environment_hook('decawave_interfaces', 'cmake_prefix_path')
[0.545s] INFO:colcon.colcon_core.shell:Creating environment hook '/home/asrl/ros2_decawave/install/decawave_interfaces/share/decawave_interfaces/hook/cmake_prefix_path.ps1'
[0.546s] INFO:colcon.colcon_core.shell:Creating environment descriptor '/home/asrl/ros2_decawave/install/decawave_interfaces/share/decawave_interfaces/hook/cmake_prefix_path.dsv'
[0.546s] INFO:colcon.colcon_core.shell:Creating environment hook '/home/asrl/ros2_decawave/install/decawave_interfaces/share/decawave_interfaces/hook/cmake_prefix_path.sh'
[0.546s] Level 1:colcon.colcon_core.environment:checking '/home/asrl/ros2_decawave/install/decawave_interfaces/lib'
[0.547s] Level 1:colcon.colcon_core.shell:create_environment_hook('decawave_interfaces', 'ld_library_path_lib')
[0.547s] INFO:colcon.colcon_core.shell:Creating environment hook '/home/asrl/ros2_decawave/install/decawave_interfaces/share/decawave_interfaces/hook/ld_library_path_lib.ps1'
[0.548s] INFO:colcon.colcon_core.shell:Creating environment descriptor '/home/asrl/ros2_decawave/install/decawave_interfaces/share/decawave_interfaces/hook/ld_library_path_lib.dsv'
[0.548s] INFO:colcon.colcon_core.shell:Creating environment hook '/home/asrl/ros2_decawave/install/decawave_interfaces/share/decawave_interfaces/hook/ld_library_path_lib.sh'
[0.548s] Level 1:colcon.colcon_core.environment:checking '/home/asrl/ros2_decawave/install/decawave_interfaces/bin'
[0.548s] Level 1:colcon.colcon_core.environment:checking '/home/asrl/ros2_decawave/install/decawave_interfaces/lib/pkgconfig/decawave_interfaces.pc'
[0.548s] Level 1:colcon.colcon_core.environment:checking '/home/asrl/ros2_decawave/install/decawave_interfaces/lib/python3.8/site-packages'
[0.548s] Level 1:colcon.colcon_core.shell:create_environment_hook('decawave_interfaces', 'pythonpath')
[0.549s] INFO:colcon.colcon_core.shell:Creating environment hook '/home/asrl/ros2_decawave/install/decawave_interfaces/share/decawave_interfaces/hook/pythonpath.ps1'
[0.549s] INFO:colcon.colcon_core.shell:Creating environment descriptor '/home/asrl/ros2_decawave/install/decawave_interfaces/share/decawave_interfaces/hook/pythonpath.dsv'
[0.549s] INFO:colcon.colcon_core.shell:Creating environment hook '/home/asrl/ros2_decawave/install/decawave_interfaces/share/decawave_interfaces/hook/pythonpath.sh'
[0.550s] Level 1:colcon.colcon_core.environment:checking '/home/asrl/ros2_decawave/install/decawave_interfaces/bin'
[0.551s] INFO:colcon.colcon_core.shell:Creating package script '/home/asrl/ros2_decawave/install/decawave_interfaces/share/decawave_interfaces/package.ps1'
[0.551s] INFO:colcon.colcon_core.shell:Creating package descriptor '/home/asrl/ros2_decawave/install/decawave_interfaces/share/decawave_interfaces/package.dsv'
[0.552s] INFO:colcon.colcon_core.shell:Creating package script '/home/asrl/ros2_decawave/install/decawave_interfaces/share/decawave_interfaces/package.sh'
[0.552s] INFO:colcon.colcon_core.shell:Creating package script '/home/asrl/ros2_decawave/install/decawave_interfaces/share/decawave_interfaces/package.bash'
[0.553s] INFO:colcon.colcon_core.shell:Creating package script '/home/asrl/ros2_decawave/install/decawave_interfaces/share/decawave_interfaces/package.zsh'
[0.553s] Level 1:colcon.colcon_core.environment:create_file_with_runtime_dependencies(/home/asrl/ros2_decawave/install/decawave_interfaces/share/colcon-core/packages/decawave_interfaces)
[0.589s] Level 1:colcon.colcon_core.environment:create_environment_scripts_only(decawave_interfaces)
[0.591s] Level 1:colcon.colcon_core.environment:checking '/home/asrl/ros2_decawave/install/decawave_interfaces' for CMake module files
[0.591s] Level 1:colcon.colcon_core.environment:checking '/home/asrl/ros2_decawave/install/decawave_interfaces' for CMake config files
[0.592s] Level 1:colcon.colcon_core.shell:create_environment_hook('decawave_interfaces', 'cmake_prefix_path')
[0.593s] INFO:colcon.colcon_core.shell:Creating environment hook '/home/asrl/ros2_decawave/install/decawave_interfaces/share/decawave_interfaces/hook/cmake_prefix_path.ps1'
[0.593s] INFO:colcon.colcon_core.shell:Creating environment descriptor '/home/asrl/ros2_decawave/install/decawave_interfaces/share/decawave_interfaces/hook/cmake_prefix_path.dsv'
[0.594s] INFO:colcon.colcon_core.shell:Creating environment hook '/home/asrl/ros2_decawave/install/decawave_interfaces/share/decawave_interfaces/hook/cmake_prefix_path.sh'
[0.594s] Level 1:colcon.colcon_core.environment:checking '/home/asrl/ros2_decawave/install/decawave_interfaces/lib'
[0.594s] Level 1:colcon.colcon_core.shell:create_environment_hook('decawave_interfaces', 'ld_library_path_lib')
[0.595s] INFO:colcon.colcon_core.shell:Creating environment hook '/home/asrl/ros2_decawave/install/decawave_interfaces/share/decawave_interfaces/hook/ld_library_path_lib.ps1'
[0.595s] INFO:colcon.colcon_core.shell:Creating environment descriptor '/home/asrl/ros2_decawave/install/decawave_interfaces/share/decawave_interfaces/hook/ld_library_path_lib.dsv'
[0.595s] INFO:colcon.colcon_core.shell:Creating environment hook '/home/asrl/ros2_decawave/install/decawave_interfaces/share/decawave_interfaces/hook/ld_library_path_lib.sh'
[0.596s] Level 1:colcon.colcon_core.environment:checking '/home/asrl/ros2_decawave/install/decawave_interfaces/bin'
[0.596s] Level 1:colcon.colcon_core.environment:checking '/home/asrl/ros2_decawave/install/decawave_interfaces/lib/pkgconfig/decawave_interfaces.pc'
[0.596s] Level 1:colcon.colcon_core.environment:checking '/home/asrl/ros2_decawave/install/decawave_interfaces/lib/python3.8/site-packages'
[0.596s] Level 1:colcon.colcon_core.shell:create_environment_hook('decawave_interfaces', 'pythonpath')
[0.597s] INFO:colcon.colcon_core.shell:Creating environment hook '/home/asrl/ros2_decawave/install/decawave_interfaces/share/decawave_interfaces/hook/pythonpath.ps1'
[0.597s] INFO:colcon.colcon_core.shell:Creating environment descriptor '/home/asrl/ros2_decawave/install/decawave_interfaces/share/decawave_interfaces/hook/pythonpath.dsv'
[0.597s] INFO:colcon.colcon_core.shell:Creating environment hook '/home/asrl/ros2_decawave/install/decawave_interfaces/share/decawave_interfaces/hook/pythonpath.sh'
[0.597s] Level 1:colcon.colcon_core.environment:checking '/home/asrl/ros2_decawave/install/decawave_interfaces/bin'
[0.598s] INFO:colcon.colcon_core.shell:Creating package script '/home/asrl/ros2_decawave/install/decawave_interfaces/share/decawave_interfaces/package.ps1'
[0.599s] INFO:colcon.colcon_core.shell:Creating package descriptor '/home/asrl/ros2_decawave/install/decawave_interfaces/share/decawave_interfaces/package.dsv'
[0.599s] INFO:colcon.colcon_core.shell:Creating package script '/home/asrl/ros2_decawave/install/decawave_interfaces/share/decawave_interfaces/package.sh'
[0.599s] INFO:colcon.colcon_core.shell:Creating package script '/home/asrl/ros2_decawave/install/decawave_interfaces/share/decawave_interfaces/package.bash'
[0.599s] INFO:colcon.colcon_core.shell:Creating package script '/home/asrl/ros2_decawave/install/decawave_interfaces/share/decawave_interfaces/package.zsh'
[0.600s] Level 1:colcon.colcon_core.environment:create_file_with_runtime_dependencies(/home/asrl/ros2_decawave/install/decawave_interfaces/share/colcon-core/packages/decawave_interfaces)
[0.600s] INFO:colcon.colcon_ros.task.ament_python.build:Building ROS package in '/home/asrl/ros2_decawave/src/decawave_test_controller' with build type 'ament_python'
[0.600s] Level 1:colcon.colcon_core.shell:create_environment_hook('decawave_test_controller', 'ament_prefix_path')
[0.601s] INFO:colcon.colcon_core.shell:Creating environment hook '/home/asrl/ros2_decawave/install/decawave_test_controller/share/decawave_test_controller/hook/ament_prefix_path.ps1'
[0.602s] INFO:colcon.colcon_core.shell:Creating environment descriptor '/home/asrl/ros2_decawave/install/decawave_test_controller/share/decawave_test_controller/hook/ament_prefix_path.dsv'
[0.602s] INFO:colcon.colcon_core.shell:Creating environment hook '/home/asrl/ros2_decawave/install/decawave_test_controller/share/decawave_test_controller/hook/ament_prefix_path.sh'
[0.603s] INFO:colcon.colcon_core.shell:Skip shell extension 'powershell' for command environment: Not usable outside of PowerShell
[0.603s] DEBUG:colcon.colcon_core.shell:Skip shell extension 'dsv' for command environment
[0.761s] INFO:colcon.colcon_core.task.python.build:Building Python package in '/home/asrl/ros2_decawave/src/decawave_test_controller'
[0.762s] INFO:colcon.colcon_core.shell:Skip shell extension 'powershell' for command environment: Not usable outside of PowerShell
[0.763s] DEBUG:colcon.colcon_core.shell:Skip shell extension 'dsv' for command environment
[0.991s] DEBUG:colcon.colcon_core.event_handler.log_command:Invoking command in '/home/asrl/ros2_decawave/build/decawave_test_controller': PYTHONPATH=/home/asrl/ros2_decawave/build/decawave_test_controller/prefix_override:/home/asrl/ros2_decawave/install/decawave_test_controller/lib/python3.8/site-packages:/home/asrl/ros2_decawave/install/decawave_interfaces/lib/python3.8/site-packages:/home/asrl/ros2_decawave/build/my-test-package:/home/asrl/ros2_decawave/install/my-test-package/lib/python3.8/site-packages:/home/asrl/ros2_decawave/build/decawave_test_controller:/home/asrl/ros2_decawave/install/decawave_test_controller/lib/python3.8/site-packages:/opt/ros/foxy/lib/python3.8/site-packages:/home/duembgen/.local/bin/ /usr/bin/python3 setup.py develop --editable --build-directory /home/asrl/ros2_decawave/build/decawave_test_controller/build --no-deps install_data
[1.260s] Level 1:colcon.colcon_core.shell:create_environment_hook('decawave_test_controller', 'pythonpath_develop')
[1.262s] INFO:colcon.colcon_core.shell:Creating environment hook '/home/asrl/ros2_decawave/build/decawave_test_controller/share/decawave_test_controller/hook/pythonpath_develop.ps1'
[1.262s] DEBUG:colcon.colcon_core.event_handler.log_command:Invoked command in '/home/asrl/ros2_decawave/build/decawave_test_controller' returned '0': PYTHONPATH=/home/asrl/ros2_decawave/build/decawave_test_controller/prefix_override:/home/asrl/ros2_decawave/install/decawave_test_controller/lib/python3.8/site-packages:/home/asrl/ros2_decawave/install/decawave_interfaces/lib/python3.8/site-packages:/home/asrl/ros2_decawave/build/my-test-package:/home/asrl/ros2_decawave/install/my-test-package/lib/python3.8/site-packages:/home/asrl/ros2_decawave/build/decawave_test_controller:/home/asrl/ros2_decawave/install/decawave_test_controller/lib/python3.8/site-packages:/opt/ros/foxy/lib/python3.8/site-packages:/home/duembgen/.local/bin/ /usr/bin/python3 setup.py develop --editable --build-directory /home/asrl/ros2_decawave/build/decawave_test_controller/build --no-deps install_data
[1.262s] INFO:colcon.colcon_core.shell:Creating environment descriptor '/home/asrl/ros2_decawave/build/decawave_test_controller/share/decawave_test_controller/hook/pythonpath_develop.dsv'
[1.262s] INFO:colcon.colcon_core.shell:Creating environment hook '/home/asrl/ros2_decawave/build/decawave_test_controller/share/decawave_test_controller/hook/pythonpath_develop.sh'
[1.264s] Level 1:colcon.colcon_core.environment:checking '/home/asrl/ros2_decawave/install/decawave_test_controller' for CMake module files
[1.264s] Level 1:colcon.colcon_core.environment:checking '/home/asrl/ros2_decawave/install/decawave_test_controller' for CMake config files
[1.264s] Level 1:colcon.colcon_core.environment:checking '/home/asrl/ros2_decawave/install/decawave_test_controller/lib'
[1.265s] Level 1:colcon.colcon_core.environment:checking '/home/asrl/ros2_decawave/install/decawave_test_controller/bin'
[1.265s] Level 1:colcon.colcon_core.environment:checking '/home/asrl/ros2_decawave/install/decawave_test_controller/lib/pkgconfig/decawave_test_controller.pc'
[1.265s] Level 1:colcon.colcon_core.environment:checking '/home/asrl/ros2_decawave/install/decawave_test_controller/lib/python3.8/site-packages'
[1.265s] Level 1:colcon.colcon_core.shell:create_environment_hook('decawave_test_controller', 'pythonpath')
[1.266s] INFO:colcon.colcon_core.shell:Creating environment hook '/home/asrl/ros2_decawave/install/decawave_test_controller/share/decawave_test_controller/hook/pythonpath.ps1'
[1.266s] INFO:colcon.colcon_core.shell:Creating environment descriptor '/home/asrl/ros2_decawave/install/decawave_test_controller/share/decawave_test_controller/hook/pythonpath.dsv'
[1.266s] INFO:colcon.colcon_core.shell:Creating environment hook '/home/asrl/ros2_decawave/install/decawave_test_controller/share/decawave_test_controller/hook/pythonpath.sh'
[1.266s] Level 1:colcon.colcon_core.environment:checking '/home/asrl/ros2_decawave/install/decawave_test_controller/bin'
[1.266s] Level 1:colcon.colcon_core.environment:create_environment_scripts_only(decawave_test_controller)
[1.267s] INFO:colcon.colcon_core.shell:Creating package script '/home/asrl/ros2_decawave/install/decawave_test_controller/share/decawave_test_controller/package.ps1'
[1.268s] INFO:colcon.colcon_core.shell:Creating package descriptor '/home/asrl/ros2_decawave/install/decawave_test_controller/share/decawave_test_controller/package.dsv'
[1.268s] INFO:colcon.colcon_core.shell:Creating package script '/home/asrl/ros2_decawave/install/decawave_test_controller/share/decawave_test_controller/package.sh'
[1.268s] INFO:colcon.colcon_core.shell:Creating package script '/home/asrl/ros2_decawave/install/decawave_test_controller/share/decawave_test_controller/package.bash'
[1.268s] INFO:colcon.colcon_core.shell:Creating package script '/home/asrl/ros2_decawave/install/decawave_test_controller/share/decawave_test_controller/package.zsh'
[1.268s] Level 1:colcon.colcon_core.environment:create_file_with_runtime_dependencies(/home/asrl/ros2_decawave/install/decawave_test_controller/share/colcon-core/packages/decawave_test_controller)
[1.269s] DEBUG:colcon.colcon_parallel_executor.executor.parallel:closing loop
[1.269s] DEBUG:colcon.colcon_parallel_executor.executor.parallel:loop closed
[1.269s] DEBUG:colcon.colcon_parallel_executor.executor.parallel:run_until_complete finished with '0'
[1.269s] DEBUG:colcon.colcon_core.event_reactor:joining thread
[1.273s] INFO:colcon.colcon_core.plugin_system:Skipping extension 'colcon_notification.desktop_notification.terminal_notifier': Not used on non-Darwin systems
[1.273s] INFO:colcon.colcon_core.plugin_system:Skipping extension 'colcon_notification.desktop_notification.win32': Not used on non-Windows systems
[1.274s] INFO:colcon.colcon_notification.desktop_notification:Sending desktop notification using 'notify2'
[1.289s] DEBUG:colcon.colcon_core.event_reactor:joined thread
[1.291s] INFO:colcon.colcon_core.shell:Creating prefix script '/home/asrl/ros2_decawave/install/local_setup.ps1'
[1.291s] INFO:colcon.colcon_core.shell:Creating prefix util module '/home/asrl/ros2_decawave/install/_local_setup_util_ps1.py'
[1.292s] INFO:colcon.colcon_core.shell:Creating prefix chain script '/home/asrl/ros2_decawave/install/setup.ps1'
[1.293s] INFO:colcon.colcon_core.shell:Creating prefix script '/home/asrl/ros2_decawave/install/local_setup.sh'
[1.293s] INFO:colcon.colcon_core.shell:Creating prefix util module '/home/asrl/ros2_decawave/install/_local_setup_util_sh.py'
[1.294s] INFO:colcon.colcon_core.shell:Creating prefix chain script '/home/asrl/ros2_decawave/install/setup.sh'
[1.295s] INFO:colcon.colcon_core.shell:Creating prefix script '/home/asrl/ros2_decawave/install/local_setup.bash'
[1.295s] INFO:colcon.colcon_core.shell:Creating prefix chain script '/home/asrl/ros2_decawave/install/setup.bash'
[1.296s] INFO:colcon.colcon_core.shell:Creating prefix script '/home/asrl/ros2_decawave/install/local_setup.zsh'
[1.296s] INFO:colcon.colcon_core.shell:Creating prefix chain script '/home/asrl/ros2_decawave/install/setup.zsh'
