[0.015s] Invoking command in '/home/asrl/ros2_decawave/build/decawave_interfaces': CMAKE_PREFIX_PATH=/opt/ros/foxy:/home/asrl/Holybro-Demo/test_flight_ws_3/install/test_flight_controller_three:/home/asrl/Holybro-Demo/test_flight_ws_3/install/test_flight_controller_four_offboard /usr/bin/cmake /home/asrl/ros2_decawave/src/decawave_interfaces -DCMAKE_INSTALL_PREFIX=/home/asrl/ros2_decawave/install/decawave_interfaces
[0.075s] -- The C compiler identification is GNU 9.4.0
[0.117s] -- The CXX compiler identification is GNU 9.4.0
[0.122s] -- Check for working C compiler: /usr/bin/cc
[0.168s] -- Check for working C compiler: /usr/bin/cc -- works
[0.169s] -- Detecting C compiler ABI info
[0.220s] -- Detecting C compiler ABI info - done
[0.227s] -- Detecting C compile features
[0.228s] -- Detecting C compile features - done
[0.230s] -- Check for working CXX compiler: /usr/bin/c++
[0.282s] -- Check for working CXX compiler: /usr/bin/c++ -- works
[0.283s] -- Detecting CXX compiler ABI info
[0.338s] -- Detecting CXX compiler ABI info - done
[0.346s] -- Detecting CXX compile features
[0.346s] -- Detecting CXX compile features - done
[0.348s] -- Found ament_cmake: 0.9.12 (/opt/ros/foxy/share/ament_cmake/cmake)
[0.366s] -- Found PythonInterp: /usr/bin/python3 (found suitable version "3.8.10", minimum required is "3") 
[0.366s] -- Using PYTHON_EXECUTABLE: /usr/bin/python3
[0.500s] -- Found std_msgs: 2.0.5 (/opt/ros/foxy/share/std_msgs/cmake)
[0.521s] -- Using all available rosidl_typesupport_c: rosidl_typesupport_fastrtps_c;rosidl_typesupport_introspection_c
[0.526s] -- Found rosidl_adapter: 1.3.1 (/opt/ros/foxy/share/rosidl_adapter/cmake)
[0.582s] -- Found OpenSSL: /usr/lib/x86_64-linux-gnu/libcrypto.so (found version "1.1.1f")  
[0.601s] -- Found FastRTPS: /opt/ros/foxy/include  
[0.653s] -- Using all available rosidl_typesupport_cpp: rosidl_typesupport_fastrtps_cpp;rosidl_typesupport_introspection_cpp
[0.684s] -- Found rosidl_default_generators: 1.0.1 (/opt/ros/foxy/share/rosidl_default_generators/cmake)
[0.707s] -- Found PythonInterp: /usr/bin/python3 (found version "3.8.10") 
[0.804s] -- Found ament_cmake_ros: 0.9.2 (/opt/ros/foxy/share/ament_cmake_ros/cmake)
[0.909s] -- Using all available rosidl_typesupport_c: rosidl_typesupport_fastrtps_c;rosidl_typesupport_introspection_c
[0.949s] -- Using all available rosidl_typesupport_cpp: rosidl_typesupport_fastrtps_cpp;rosidl_typesupport_introspection_cpp
[0.967s] -- Found PythonInterp: /usr/bin/python3 (found suitable version "3.8.10", minimum required is "3.5") 
[0.968s] -- Found python_cmake_module: 0.8.1 (/opt/ros/foxy/share/python_cmake_module/cmake)
[0.988s] -- Found PythonLibs: /usr/lib/x86_64-linux-gnu/libpython3.8.so (found suitable version "3.8.10", minimum required is "3.5") 
[0.989s] -- Using PYTHON_EXECUTABLE: /usr/bin/python3
[0.989s] -- Using PYTHON_INCLUDE_DIRS: /usr/include/python3.8
[0.989s] -- Using PYTHON_LIBRARIES: /usr/lib/x86_64-linux-gnu/libpython3.8.so
[1.003s] -- Found PythonExtra: .so  
[1.158s] -- Found ament_lint_auto: 0.9.8 (/opt/ros/foxy/share/ament_lint_auto/cmake)
[1.172s] -- Added test 'lint_cmake' to check CMake code style
[1.173s] -- Added test 'xmllint' to check XML markup files
[1.176s] -- Configuring done
[1.199s] -- Generating done
[1.201s] -- Build files have been written to: /home/asrl/ros2_decawave/build/decawave_interfaces
[1.205s] Invoked command in '/home/asrl/ros2_decawave/build/decawave_interfaces' returned '0': CMAKE_PREFIX_PATH=/opt/ros/foxy:/home/asrl/Holybro-Demo/test_flight_ws_3/install/test_flight_controller_three:/home/asrl/Holybro-Demo/test_flight_ws_3/install/test_flight_controller_four_offboard /usr/bin/cmake /home/asrl/ros2_decawave/src/decawave_interfaces -DCMAKE_INSTALL_PREFIX=/home/asrl/ros2_decawave/install/decawave_interfaces
[1.207s] Invoking command in '/home/asrl/ros2_decawave/build/decawave_interfaces': CMAKE_PREFIX_PATH=/opt/ros/foxy:/home/asrl/Holybro-Demo/test_flight_ws_3/install/test_flight_controller_three:/home/asrl/Holybro-Demo/test_flight_ws_3/install/test_flight_controller_four_offboard /usr/bin/cmake --build /home/asrl/ros2_decawave/build/decawave_interfaces -- -j16 -l16
[1.232s] [  2%] [34m[1mGenerating C code for ROS interfaces[0m
[1.233s] [35m[1mScanning dependencies of target decawave_interfaces__cpp[0m
[1.239s] [  5%] [34m[1mGenerating C++ code for ROS interfaces[0m
[1.420s] [35m[1mScanning dependencies of target decawave_interfaces__rosidl_generator_c[0m
[1.425s] [  5%] Built target decawave_interfaces__cpp
[1.432s] [  7%] [32mBuilding C object CMakeFiles/decawave_interfaces__rosidl_generator_c.dir/rosidl_generator_c/decawave_interfaces/msg/detail/deca_range__functions.c.o[0m
[1.432s] [ 10%] [34m[1mGenerating C++ type support dispatch for ROS interfaces[0m
[1.432s] [ 12%] [32mBuilding C object CMakeFiles/decawave_interfaces__rosidl_generator_c.dir/rosidl_generator_c/decawave_interfaces/msg/detail/deca_range_b__functions.c.o[0m
[1.432s] [ 15%] [34m[1mGenerating C++ introspection for ROS interfaces[0m
[1.433s] [ 17%] [34m[1mGenerating C++ type support for eProsima Fast-RTPS[0m
[1.472s] [ 20%] [32m[1mLinking C shared library libdecawave_interfaces__rosidl_generator_c.so[0m
[1.498s] [ 20%] Built target decawave_interfaces__rosidl_generator_c
[1.505s] [ 23%] [34m[1mGenerating C type support dispatch for ROS interfaces[0m
[1.505s] [ 25%] [34m[1mGenerating C introspection for ROS interfaces[0m
[1.589s] [35m[1mScanning dependencies of target decawave_interfaces__rosidl_typesupport_cpp[0m
[1.600s] [ 28%] [32mBuilding CXX object CMakeFiles/decawave_interfaces__rosidl_typesupport_cpp.dir/rosidl_typesupport_cpp/decawave_interfaces/msg/deca_range_b__type_support.cpp.o[0m
[1.600s] [ 30%] [32mBuilding CXX object CMakeFiles/decawave_interfaces__rosidl_typesupport_cpp.dir/rosidl_typesupport_cpp/decawave_interfaces/msg/deca_range__type_support.cpp.o[0m
[1.604s] [35m[1mScanning dependencies of target decawave_interfaces__rosidl_typesupport_introspection_cpp[0m
[1.614s] [ 33%] [32mBuilding CXX object CMakeFiles/decawave_interfaces__rosidl_typesupport_introspection_cpp.dir/rosidl_typesupport_introspection_cpp/decawave_interfaces/msg/detail/deca_range__type_support.cpp.o[0m
[1.614s] [ 35%] [32mBuilding CXX object CMakeFiles/decawave_interfaces__rosidl_typesupport_introspection_cpp.dir/rosidl_typesupport_introspection_cpp/decawave_interfaces/msg/detail/deca_range_b__type_support.cpp.o[0m
[1.614s] [35m[1mScanning dependencies of target decawave_interfaces__rosidl_typesupport_fastrtps_cpp[0m
[1.627s] [ 38%] [32mBuilding CXX object CMakeFiles/decawave_interfaces__rosidl_typesupport_fastrtps_cpp.dir/rosidl_typesupport_fastrtps_cpp/decawave_interfaces/msg/detail/dds_fastrtps/deca_range__type_support.cpp.o[0m
[1.628s] [ 41%] [32mBuilding CXX object CMakeFiles/decawave_interfaces__rosidl_typesupport_fastrtps_cpp.dir/rosidl_typesupport_fastrtps_cpp/decawave_interfaces/msg/detail/dds_fastrtps/deca_range_b__type_support.cpp.o[0m
[1.688s] [35m[1mScanning dependencies of target decawave_interfaces__rosidl_typesupport_c[0m
[1.694s] [35m[1mScanning dependencies of target decawave_interfaces__rosidl_typesupport_introspection_c[0m
[1.697s] [ 43%] [32mBuilding CXX object CMakeFiles/decawave_interfaces__rosidl_typesupport_c.dir/rosidl_typesupport_c/decawave_interfaces/msg/deca_range_b__type_support.cpp.o[0m
[1.698s] [ 46%] [32mBuilding CXX object CMakeFiles/decawave_interfaces__rosidl_typesupport_c.dir/rosidl_typesupport_c/decawave_interfaces/msg/deca_range__type_support.cpp.o[0m
[1.705s] [ 48%] [32mBuilding C object CMakeFiles/decawave_interfaces__rosidl_typesupport_introspection_c.dir/rosidl_typesupport_introspection_c/decawave_interfaces/msg/detail/deca_range__type_support.c.o[0m
[1.707s] [ 51%] [32mBuilding C object CMakeFiles/decawave_interfaces__rosidl_typesupport_introspection_c.dir/rosidl_typesupport_introspection_c/decawave_interfaces/msg/detail/deca_range_b__type_support.c.o[0m
[1.727s] [ 53%] [32m[1mLinking CXX shared library libdecawave_interfaces__rosidl_typesupport_c.so[0m
[1.741s] [ 56%] [32m[1mLinking C shared library libdecawave_interfaces__rosidl_typesupport_introspection_c.so[0m
[1.761s] [ 56%] Built target decawave_interfaces__rosidl_typesupport_c
[1.768s] [ 56%] Built target decawave_interfaces__rosidl_typesupport_introspection_c
[1.829s] [ 58%] [32m[1mLinking CXX shared library libdecawave_interfaces__rosidl_typesupport_cpp.so[0m
[1.829s] [ 61%] [32m[1mLinking CXX shared library libdecawave_interfaces__rosidl_typesupport_introspection_cpp.so[0m
[1.857s] [ 61%] Built target decawave_interfaces__rosidl_typesupport_cpp
[1.872s] [ 61%] Built target decawave_interfaces__rosidl_typesupport_introspection_cpp
[1.914s] [ 64%] [32m[1mLinking CXX shared library libdecawave_interfaces__rosidl_typesupport_fastrtps_cpp.so[0m
[1.966s] [ 64%] Built target decawave_interfaces__rosidl_typesupport_fastrtps_cpp
[1.973s] [ 66%] [34m[1mGenerating C type support for eProsima Fast-RTPS[0m
[2.133s] [35m[1mScanning dependencies of target decawave_interfaces__rosidl_typesupport_fastrtps_c[0m
[2.145s] [ 71%] [32mBuilding CXX object CMakeFiles/decawave_interfaces__rosidl_typesupport_fastrtps_c.dir/rosidl_typesupport_fastrtps_c/decawave_interfaces/msg/detail/deca_range_b__type_support_c.cpp.o[0m
[2.145s] [ 71%] [32mBuilding CXX object CMakeFiles/decawave_interfaces__rosidl_typesupport_fastrtps_c.dir/rosidl_typesupport_fastrtps_c/decawave_interfaces/msg/detail/deca_range__type_support_c.cpp.o[0m
[2.345s] [ 74%] [32m[1mLinking CXX shared library libdecawave_interfaces__rosidl_typesupport_fastrtps_c.so[0m
[2.395s] [ 74%] Built target decawave_interfaces__rosidl_typesupport_fastrtps_c
[2.401s] [35m[1mScanning dependencies of target decawave_interfaces[0m
[2.407s] [ 74%] Built target decawave_interfaces
[2.415s] [35m[1mScanning dependencies of target decawave_interfaces__py[0m
[2.423s] [ 76%] [34m[1mGenerating Python code for ROS interfaces[0m
[2.756s] [ 76%] Built target decawave_interfaces__py
[2.761s] [35m[1mScanning dependencies of target decawave_interfaces__python[0m
[2.784s] [ 82%] [32mBuilding C object CMakeFiles/decawave_interfaces__python.dir/rosidl_generator_py/decawave_interfaces/msg/_deca_range_s.c.o[0m
[2.784s] [ 82%] [32mBuilding C object CMakeFiles/decawave_interfaces__python.dir/rosidl_generator_py/decawave_interfaces/msg/_deca_range_b_s.c.o[0m
[2.848s] [ 84%] [32m[1mLinking C shared library rosidl_generator_py/decawave_interfaces/libdecawave_interfaces__python.so[0m
[2.873s] [ 84%] Built target decawave_interfaces__python
[2.881s] [35m[1mScanning dependencies of target decawave_interfaces__rosidl_typesupport_c__pyext[0m
[2.882s] [35m[1mScanning dependencies of target decawave_interfaces__rosidl_typesupport_fastrtps_c__pyext[0m
[2.882s] [35m[1mScanning dependencies of target decawave_interfaces__rosidl_typesupport_introspection_c__pyext[0m
[2.893s] [ 87%] [32mBuilding C object CMakeFiles/decawave_interfaces__rosidl_typesupport_introspection_c__pyext.dir/rosidl_generator_py/decawave_interfaces/_decawave_interfaces_s.ep.rosidl_typesupport_introspection_c.c.o[0m
[2.893s] [ 89%] [32mBuilding C object CMakeFiles/decawave_interfaces__rosidl_typesupport_c__pyext.dir/rosidl_generator_py/decawave_interfaces/_decawave_interfaces_s.ep.rosidl_typesupport_c.c.o[0m
[2.894s] [ 92%] [32mBuilding C object CMakeFiles/decawave_interfaces__rosidl_typesupport_fastrtps_c__pyext.dir/rosidl_generator_py/decawave_interfaces/_decawave_interfaces_s.ep.rosidl_typesupport_fastrtps_c.c.o[0m
[2.946s] [ 94%] [32m[1mLinking C shared library rosidl_generator_py/decawave_interfaces/decawave_interfaces_s__rosidl_typesupport_introspection_c.cpython-38-x86_64-linux-gnu.so[0m
[2.946s] [ 97%] [32m[1mLinking C shared library rosidl_generator_py/decawave_interfaces/decawave_interfaces_s__rosidl_typesupport_c.cpython-38-x86_64-linux-gnu.so[0m
[2.947s] [100%] [32m[1mLinking CXX shared library rosidl_generator_py/decawave_interfaces/decawave_interfaces_s__rosidl_typesupport_fastrtps_c.cpython-38-x86_64-linux-gnu.so[0m
[2.972s] [100%] Built target decawave_interfaces__rosidl_typesupport_c__pyext
[2.972s] [100%] Built target decawave_interfaces__rosidl_typesupport_introspection_c__pyext
[2.991s] [100%] Built target decawave_interfaces__rosidl_typesupport_fastrtps_c__pyext
[2.998s] Invoked command in '/home/asrl/ros2_decawave/build/decawave_interfaces' returned '0': CMAKE_PREFIX_PATH=/opt/ros/foxy:/home/asrl/Holybro-Demo/test_flight_ws_3/install/test_flight_controller_three:/home/asrl/Holybro-Demo/test_flight_ws_3/install/test_flight_controller_four_offboard /usr/bin/cmake --build /home/asrl/ros2_decawave/build/decawave_interfaces -- -j16 -l16
[3.042s] Invoking command in '/home/asrl/ros2_decawave/build/decawave_interfaces': CMAKE_PREFIX_PATH=/opt/ros/foxy:/home/asrl/Holybro-Demo/test_flight_ws_3/install/test_flight_controller_three:/home/asrl/Holybro-Demo/test_flight_ws_3/install/test_flight_controller_four_offboard /usr/bin/cmake --install /home/asrl/ros2_decawave/build/decawave_interfaces
[3.047s] -- Install configuration: ""
[3.047s] -- Installing: /home/asrl/ros2_decawave/install/decawave_interfaces/share/ament_index/resource_index/rosidl_interfaces/decawave_interfaces
[3.047s] -- Installing: /home/asrl/ros2_decawave/install/decawave_interfaces/include/decawave_interfaces
[3.047s] -- Installing: /home/asrl/ros2_decawave/install/decawave_interfaces/include/decawave_interfaces/msg
[3.047s] -- Installing: /home/asrl/ros2_decawave/install/decawave_interfaces/include/decawave_interfaces/msg/detail
[3.047s] -- Installing: /home/asrl/ros2_decawave/install/decawave_interfaces/include/decawave_interfaces/msg/detail/deca_range_b__type_support.h
[3.047s] -- Installing: /home/asrl/ros2_decawave/install/decawave_interfaces/include/decawave_interfaces/msg/detail/deca_range__type_support.h
[3.047s] -- Installing: /home/asrl/ros2_decawave/install/decawave_interfaces/include/decawave_interfaces/msg/detail/deca_range__functions.h
[3.047s] -- Installing: /home/asrl/ros2_decawave/install/decawave_interfaces/include/decawave_interfaces/msg/detail/deca_range__struct.h
[3.047s] -- Installing: /home/asrl/ros2_decawave/install/decawave_interfaces/include/decawave_interfaces/msg/detail/deca_range_b__struct.h
[3.047s] -- Installing: /home/asrl/ros2_decawave/install/decawave_interfaces/include/decawave_interfaces/msg/detail/deca_range_b__functions.c
[3.047s] -- Installing: /home/asrl/ros2_decawave/install/decawave_interfaces/include/decawave_interfaces/msg/detail/deca_range_b__functions.h
[3.047s] -- Installing: /home/asrl/ros2_decawave/install/decawave_interfaces/include/decawave_interfaces/msg/detail/deca_range__functions.c
[3.048s] -- Installing: /home/asrl/ros2_decawave/install/decawave_interfaces/include/decawave_interfaces/msg/deca_range.h
[3.048s] -- Installing: /home/asrl/ros2_decawave/install/decawave_interfaces/include/decawave_interfaces/msg/deca_range_b.h
[3.048s] -- Installing: /home/asrl/ros2_decawave/install/decawave_interfaces/include/decawave_interfaces/msg/rosidl_generator_c__visibility_control.h
[3.048s] -- Installing: /home/asrl/ros2_decawave/install/decawave_interfaces/share/decawave_interfaces/environment/library_path.sh
[3.048s] -- Installing: /home/asrl/ros2_decawave/install/decawave_interfaces/share/decawave_interfaces/environment/library_path.dsv
[3.048s] -- Installing: /home/asrl/ros2_decawave/install/decawave_interfaces/lib/libdecawave_interfaces__rosidl_generator_c.so
[3.048s] -- Set runtime path of "/home/asrl/ros2_decawave/install/decawave_interfaces/lib/libdecawave_interfaces__rosidl_generator_c.so" to ""
[3.048s] -- Up-to-date: /home/asrl/ros2_decawave/install/decawave_interfaces/include/decawave_interfaces
[3.048s] -- Up-to-date: /home/asrl/ros2_decawave/install/decawave_interfaces/include/decawave_interfaces/msg
[3.048s] -- Up-to-date: /home/asrl/ros2_decawave/install/decawave_interfaces/include/decawave_interfaces/msg/detail
[3.048s] -- Installing: /home/asrl/ros2_decawave/install/decawave_interfaces/include/decawave_interfaces/msg/detail/deca_range__rosidl_typesupport_fastrtps_c.h
[3.048s] -- Installing: /home/asrl/ros2_decawave/install/decawave_interfaces/include/decawave_interfaces/msg/detail/deca_range_b__rosidl_typesupport_fastrtps_c.h
[3.048s] -- Installing: /home/asrl/ros2_decawave/install/decawave_interfaces/include/decawave_interfaces/msg/rosidl_typesupport_fastrtps_c__visibility_control.h
[3.048s] -- Installing: /home/asrl/ros2_decawave/install/decawave_interfaces/lib/libdecawave_interfaces__rosidl_typesupport_fastrtps_c.so
[3.048s] -- Set runtime path of "/home/asrl/ros2_decawave/install/decawave_interfaces/lib/libdecawave_interfaces__rosidl_typesupport_fastrtps_c.so" to ""
[3.048s] -- Up-to-date: /home/asrl/ros2_decawave/install/decawave_interfaces/include/decawave_interfaces
[3.048s] -- Up-to-date: /home/asrl/ros2_decawave/install/decawave_interfaces/include/decawave_interfaces/msg
[3.048s] -- Up-to-date: /home/asrl/ros2_decawave/install/decawave_interfaces/include/decawave_interfaces/msg/detail
[3.048s] -- Installing: /home/asrl/ros2_decawave/install/decawave_interfaces/include/decawave_interfaces/msg/detail/dds_fastrtps
[3.048s] -- Installing: /home/asrl/ros2_decawave/install/decawave_interfaces/include/decawave_interfaces/msg/detail/deca_range__rosidl_typesupport_fastrtps_cpp.hpp
[3.048s] -- Installing: /home/asrl/ros2_decawave/install/decawave_interfaces/include/decawave_interfaces/msg/detail/deca_range_b__rosidl_typesupport_fastrtps_cpp.hpp
[3.049s] -- Installing: /home/asrl/ros2_decawave/install/decawave_interfaces/include/decawave_interfaces/msg/rosidl_typesupport_fastrtps_cpp__visibility_control.h
[3.049s] -- Installing: /home/asrl/ros2_decawave/install/decawave_interfaces/lib/libdecawave_interfaces__rosidl_typesupport_fastrtps_cpp.so
[3.049s] -- Set runtime path of "/home/asrl/ros2_decawave/install/decawave_interfaces/lib/libdecawave_interfaces__rosidl_typesupport_fastrtps_cpp.so" to ""
[3.049s] -- Up-to-date: /home/asrl/ros2_decawave/install/decawave_interfaces/include/decawave_interfaces
[3.049s] -- Up-to-date: /home/asrl/ros2_decawave/install/decawave_interfaces/include/decawave_interfaces/msg
[3.049s] -- Up-to-date: /home/asrl/ros2_decawave/install/decawave_interfaces/include/decawave_interfaces/msg/detail
[3.049s] -- Installing: /home/asrl/ros2_decawave/install/decawave_interfaces/include/decawave_interfaces/msg/detail/deca_range__type_support.c
[3.049s] -- Installing: /home/asrl/ros2_decawave/install/decawave_interfaces/include/decawave_interfaces/msg/detail/deca_range_b__type_support.c
[3.049s] -- Installing: /home/asrl/ros2_decawave/install/decawave_interfaces/include/decawave_interfaces/msg/detail/deca_range_b__rosidl_typesupport_introspection_c.h
[3.049s] -- Installing: /home/asrl/ros2_decawave/install/decawave_interfaces/include/decawave_interfaces/msg/detail/deca_range__rosidl_typesupport_introspection_c.h
[3.049s] -- Installing: /home/asrl/ros2_decawave/install/decawave_interfaces/include/decawave_interfaces/msg/rosidl_typesupport_introspection_c__visibility_control.h
[3.049s] -- Installing: /home/asrl/ros2_decawave/install/decawave_interfaces/lib/libdecawave_interfaces__rosidl_typesupport_introspection_c.so
[3.049s] -- Set runtime path of "/home/asrl/ros2_decawave/install/decawave_interfaces/lib/libdecawave_interfaces__rosidl_typesupport_introspection_c.so" to ""
[3.049s] -- Installing: /home/asrl/ros2_decawave/install/decawave_interfaces/lib/libdecawave_interfaces__rosidl_typesupport_c.so
[3.049s] -- Set runtime path of "/home/asrl/ros2_decawave/install/decawave_interfaces/lib/libdecawave_interfaces__rosidl_typesupport_c.so" to ""
[3.049s] -- Up-to-date: /home/asrl/ros2_decawave/install/decawave_interfaces/include/decawave_interfaces
[3.049s] -- Up-to-date: /home/asrl/ros2_decawave/install/decawave_interfaces/include/decawave_interfaces/msg
[3.049s] -- Up-to-date: /home/asrl/ros2_decawave/install/decawave_interfaces/include/decawave_interfaces/msg/detail
[3.049s] -- Installing: /home/asrl/ros2_decawave/install/decawave_interfaces/include/decawave_interfaces/msg/detail/deca_range_b__struct.hpp
[3.049s] -- Installing: /home/asrl/ros2_decawave/install/decawave_interfaces/include/decawave_interfaces/msg/detail/deca_range__builder.hpp
[3.049s] -- Installing: /home/asrl/ros2_decawave/install/decawave_interfaces/include/decawave_interfaces/msg/detail/deca_range_b__builder.hpp
[3.050s] -- Installing: /home/asrl/ros2_decawave/install/decawave_interfaces/include/decawave_interfaces/msg/detail/deca_range__struct.hpp
[3.050s] -- Installing: /home/asrl/ros2_decawave/install/decawave_interfaces/include/decawave_interfaces/msg/detail/deca_range__type_support.hpp
[3.050s] -- Installing: /home/asrl/ros2_decawave/install/decawave_interfaces/include/decawave_interfaces/msg/detail/deca_range__traits.hpp
[3.050s] -- Installing: /home/asrl/ros2_decawave/install/decawave_interfaces/include/decawave_interfaces/msg/detail/deca_range_b__type_support.hpp
[3.050s] -- Installing: /home/asrl/ros2_decawave/install/decawave_interfaces/include/decawave_interfaces/msg/detail/deca_range_b__traits.hpp
[3.050s] -- Installing: /home/asrl/ros2_decawave/install/decawave_interfaces/include/decawave_interfaces/msg/rosidl_generator_cpp__visibility_control.hpp
[3.050s] -- Installing: /home/asrl/ros2_decawave/install/decawave_interfaces/include/decawave_interfaces/msg/deca_range_b.hpp
[3.050s] -- Installing: /home/asrl/ros2_decawave/install/decawave_interfaces/include/decawave_interfaces/msg/deca_range.hpp
[3.050s] -- Up-to-date: /home/asrl/ros2_decawave/install/decawave_interfaces/include/decawave_interfaces
[3.050s] -- Up-to-date: /home/asrl/ros2_decawave/install/decawave_interfaces/include/decawave_interfaces/msg
[3.050s] -- Up-to-date: /home/asrl/ros2_decawave/install/decawave_interfaces/include/decawave_interfaces/msg/detail
[3.050s] -- Installing: /home/asrl/ros2_decawave/install/decawave_interfaces/include/decawave_interfaces/msg/detail/deca_range__type_support.cpp
[3.050s] -- Installing: /home/asrl/ros2_decawave/install/decawave_interfaces/include/decawave_interfaces/msg/detail/deca_range__rosidl_typesupport_introspection_cpp.hpp
[3.050s] -- Installing: /home/asrl/ros2_decawave/install/decawave_interfaces/include/decawave_interfaces/msg/detail/deca_range_b__rosidl_typesupport_introspection_cpp.hpp
[3.050s] -- Installing: /home/asrl/ros2_decawave/install/decawave_interfaces/include/decawave_interfaces/msg/detail/deca_range_b__type_support.cpp
[3.050s] -- Installing: /home/asrl/ros2_decawave/install/decawave_interfaces/lib/libdecawave_interfaces__rosidl_typesupport_introspection_cpp.so
[3.050s] -- Set runtime path of "/home/asrl/ros2_decawave/install/decawave_interfaces/lib/libdecawave_interfaces__rosidl_typesupport_introspection_cpp.so" to ""
[3.050s] -- Installing: /home/asrl/ros2_decawave/install/decawave_interfaces/lib/libdecawave_interfaces__rosidl_typesupport_cpp.so
[3.050s] -- Set runtime path of "/home/asrl/ros2_decawave/install/decawave_interfaces/lib/libdecawave_interfaces__rosidl_typesupport_cpp.so" to ""
[3.050s] -- Installing: /home/asrl/ros2_decawave/install/decawave_interfaces/share/decawave_interfaces/environment/pythonpath.sh
[3.051s] -- Installing: /home/asrl/ros2_decawave/install/decawave_interfaces/share/decawave_interfaces/environment/pythonpath.dsv
[3.051s] -- Installing: /home/asrl/ros2_decawave/install/decawave_interfaces/lib/python3.8/site-packages/decawave_interfaces/__init__.py
[3.071s] Compiling '/home/asrl/ros2_decawave/install/decawave_interfaces/lib/python3.8/site-packages/decawave_interfaces/__init__.py'...
[3.073s] -- Installing: /home/asrl/ros2_decawave/install/decawave_interfaces/lib/python3.8/site-packages/decawave_interfaces/msg
[3.073s] -- Installing: /home/asrl/ros2_decawave/install/decawave_interfaces/lib/python3.8/site-packages/decawave_interfaces/msg/_deca_range_b_s.c
[3.073s] -- Installing: /home/asrl/ros2_decawave/install/decawave_interfaces/lib/python3.8/site-packages/decawave_interfaces/msg/_deca_range_b.py
[3.074s] -- Installing: /home/asrl/ros2_decawave/install/decawave_interfaces/lib/python3.8/site-packages/decawave_interfaces/msg/__init__.py
[3.074s] -- Installing: /home/asrl/ros2_decawave/install/decawave_interfaces/lib/python3.8/site-packages/decawave_interfaces/msg/_deca_range_s.c
[3.074s] -- Installing: /home/asrl/ros2_decawave/install/decawave_interfaces/lib/python3.8/site-packages/decawave_interfaces/msg/_deca_range.py
[3.074s] -- Installing: /home/asrl/ros2_decawave/install/decawave_interfaces/lib/python3.8/site-packages/decawave_interfaces/decawave_interfaces_s__rosidl_typesupport_fastrtps_c.cpython-38-x86_64-linux-gnu.so
[3.074s] -- Set runtime path of "/home/asrl/ros2_decawave/install/decawave_interfaces/lib/python3.8/site-packages/decawave_interfaces/decawave_interfaces_s__rosidl_typesupport_fastrtps_c.cpython-38-x86_64-linux-gnu.so" to ""
[3.074s] -- Installing: /home/asrl/ros2_decawave/install/decawave_interfaces/lib/python3.8/site-packages/decawave_interfaces/decawave_interfaces_s__rosidl_typesupport_introspection_c.cpython-38-x86_64-linux-gnu.so
[3.074s] -- Set runtime path of "/home/asrl/ros2_decawave/install/decawave_interfaces/lib/python3.8/site-packages/decawave_interfaces/decawave_interfaces_s__rosidl_typesupport_introspection_c.cpython-38-x86_64-linux-gnu.so" to ""
[3.074s] -- Installing: /home/asrl/ros2_decawave/install/decawave_interfaces/lib/python3.8/site-packages/decawave_interfaces/decawave_interfaces_s__rosidl_typesupport_c.cpython-38-x86_64-linux-gnu.so
[3.075s] -- Set runtime path of "/home/asrl/ros2_decawave/install/decawave_interfaces/lib/python3.8/site-packages/decawave_interfaces/decawave_interfaces_s__rosidl_typesupport_c.cpython-38-x86_64-linux-gnu.so" to ""
[3.075s] -- Installing: /home/asrl/ros2_decawave/install/decawave_interfaces/lib/libdecawave_interfaces__python.so
[3.075s] -- Set runtime path of "/home/asrl/ros2_decawave/install/decawave_interfaces/lib/libdecawave_interfaces__python.so" to ""
[3.075s] -- Installing: /home/asrl/ros2_decawave/install/decawave_interfaces/share/decawave_interfaces/msg/DecaRange.idl
[3.075s] -- Installing: /home/asrl/ros2_decawave/install/decawave_interfaces/share/decawave_interfaces/msg/DecaRangeB.idl
[3.075s] -- Installing: /home/asrl/ros2_decawave/install/decawave_interfaces/share/decawave_interfaces/msg/DecaRange.msg
[3.075s] -- Installing: /home/asrl/ros2_decawave/install/decawave_interfaces/share/decawave_interfaces/msg/DecaRangeB.msg
[3.075s] -- Installing: /home/asrl/ros2_decawave/install/decawave_interfaces/share/ament_index/resource_index/package_run_dependencies/decawave_interfaces
[3.075s] -- Installing: /home/asrl/ros2_decawave/install/decawave_interfaces/share/ament_index/resource_index/parent_prefix_path/decawave_interfaces
[3.075s] -- Installing: /home/asrl/ros2_decawave/install/decawave_interfaces/share/decawave_interfaces/environment/ament_prefix_path.sh
[3.075s] -- Installing: /home/asrl/ros2_decawave/install/decawave_interfaces/share/decawave_interfaces/environment/ament_prefix_path.dsv
[3.075s] -- Installing: /home/asrl/ros2_decawave/install/decawave_interfaces/share/decawave_interfaces/environment/path.sh
[3.075s] -- Installing: /home/asrl/ros2_decawave/install/decawave_interfaces/share/decawave_interfaces/environment/path.dsv
[3.075s] -- Installing: /home/asrl/ros2_decawave/install/decawave_interfaces/share/decawave_interfaces/local_setup.bash
[3.076s] -- Installing: /home/asrl/ros2_decawave/install/decawave_interfaces/share/decawave_interfaces/local_setup.sh
[3.076s] -- Installing: /home/asrl/ros2_decawave/install/decawave_interfaces/share/decawave_interfaces/local_setup.zsh
[3.076s] -- Installing: /home/asrl/ros2_decawave/install/decawave_interfaces/share/decawave_interfaces/local_setup.dsv
[3.076s] -- Installing: /home/asrl/ros2_decawave/install/decawave_interfaces/share/decawave_interfaces/package.dsv
[3.076s] -- Installing: /home/asrl/ros2_decawave/install/decawave_interfaces/share/ament_index/resource_index/packages/decawave_interfaces
[3.076s] -- Installing: /home/asrl/ros2_decawave/install/decawave_interfaces/share/decawave_interfaces/cmake/decawave_interfaces__rosidl_generator_cExport.cmake
[3.076s] -- Installing: /home/asrl/ros2_decawave/install/decawave_interfaces/share/decawave_interfaces/cmake/decawave_interfaces__rosidl_generator_cExport-noconfig.cmake
[3.076s] -- Installing: /home/asrl/ros2_decawave/install/decawave_interfaces/share/decawave_interfaces/cmake/decawave_interfaces__rosidl_typesupport_introspection_cExport.cmake
[3.076s] -- Installing: /home/asrl/ros2_decawave/install/decawave_interfaces/share/decawave_interfaces/cmake/decawave_interfaces__rosidl_typesupport_introspection_cExport-noconfig.cmake
[3.076s] -- Installing: /home/asrl/ros2_decawave/install/decawave_interfaces/share/decawave_interfaces/cmake/decawave_interfaces__rosidl_typesupport_cExport.cmake
[3.076s] -- Installing: /home/asrl/ros2_decawave/install/decawave_interfaces/share/decawave_interfaces/cmake/decawave_interfaces__rosidl_typesupport_cExport-noconfig.cmake
[3.077s] -- Installing: /home/asrl/ros2_decawave/install/decawave_interfaces/share/decawave_interfaces/cmake/decawave_interfaces__rosidl_generator_cppExport.cmake
[3.077s] -- Installing: /home/asrl/ros2_decawave/install/decawave_interfaces/share/decawave_interfaces/cmake/decawave_interfaces__rosidl_typesupport_introspection_cppExport.cmake
[3.077s] -- Installing: /home/asrl/ros2_decawave/install/decawave_interfaces/share/decawave_interfaces/cmake/decawave_interfaces__rosidl_typesupport_introspection_cppExport-noconfig.cmake
[3.077s] -- Installing: /home/asrl/ros2_decawave/install/decawave_interfaces/share/decawave_interfaces/cmake/decawave_interfaces__rosidl_typesupport_cppExport.cmake
[3.077s] -- Installing: /home/asrl/ros2_decawave/install/decawave_interfaces/share/decawave_interfaces/cmake/decawave_interfaces__rosidl_typesupport_cppExport-noconfig.cmake
[3.077s] -- Installing: /home/asrl/ros2_decawave/install/decawave_interfaces/share/decawave_interfaces/cmake/rosidl_cmake-extras.cmake
[3.077s] -- Installing: /home/asrl/ros2_decawave/install/decawave_interfaces/share/decawave_interfaces/cmake/ament_cmake_export_dependencies-extras.cmake
[3.077s] -- Installing: /home/asrl/ros2_decawave/install/decawave_interfaces/share/decawave_interfaces/cmake/ament_cmake_export_libraries-extras.cmake
[3.077s] -- Installing: /home/asrl/ros2_decawave/install/decawave_interfaces/share/decawave_interfaces/cmake/ament_cmake_export_targets-extras.cmake
[3.077s] -- Installing: /home/asrl/ros2_decawave/install/decawave_interfaces/share/decawave_interfaces/cmake/ament_cmake_export_include_directories-extras.cmake
[3.077s] -- Installing: /home/asrl/ros2_decawave/install/decawave_interfaces/share/decawave_interfaces/cmake/rosidl_cmake_export_typesupport_libraries-extras.cmake
[3.077s] -- Installing: /home/asrl/ros2_decawave/install/decawave_interfaces/share/decawave_interfaces/cmake/rosidl_cmake_export_typesupport_targets-extras.cmake
[3.077s] -- Installing: /home/asrl/ros2_decawave/install/decawave_interfaces/share/decawave_interfaces/cmake/decawave_interfacesConfig.cmake
[3.077s] -- Installing: /home/asrl/ros2_decawave/install/decawave_interfaces/share/decawave_interfaces/cmake/decawave_interfacesConfig-version.cmake
[3.077s] -- Installing: /home/asrl/ros2_decawave/install/decawave_interfaces/share/decawave_interfaces/package.xml
[3.079s] Invoked command in '/home/asrl/ros2_decawave/build/decawave_interfaces' returned '0': CMAKE_PREFIX_PATH=/opt/ros/foxy:/home/asrl/Holybro-Demo/test_flight_ws_3/install/test_flight_controller_three:/home/asrl/Holybro-Demo/test_flight_ws_3/install/test_flight_controller_four_offboard /usr/bin/cmake --install /home/asrl/ros2_decawave/build/decawave_interfaces
