[0.009s] Invoking command in '/home/asrl/ros2_decawave/build/decawave_interfaces': CMAKE_PREFIX_PATH=${CMAKE_PREFIX_PATH}:/opt/ros/foxy:/home/asrl/ros2_decawave/install/decawave_test_controller /usr/bin/cmake /home/asrl/ros2_decawave/src/decawave_interfaces -DAMENT_CMAKE_SYMLINK_INSTALL=1 -DCMAKE_INSTALL_PREFIX=/home/asrl/ros2_decawave/install/decawave_interfaces
[0.018s] -- Found ament_cmake: 0.9.12 (/opt/ros/foxy/share/ament_cmake/cmake)
[0.034s] -- Found PythonInterp: /usr/bin/python3 (found suitable version "3.8.10", minimum required is "3") 
[0.034s] -- Using PYTHON_EXECUTABLE: /usr/bin/python3
[0.144s] -- Override CMake install command with custom implementation using symlinks instead of copying resources
[0.149s] -- Found std_msgs: 2.0.5 (/opt/ros/foxy/share/std_msgs/cmake)
[0.161s] -- Using all available rosidl_typesupport_c: rosidl_typesupport_fastrtps_c;rosidl_typesupport_introspection_c
[0.163s] -- Found rosidl_adapter: 1.3.1 (/opt/ros/foxy/share/rosidl_adapter/cmake)
[0.235s] -- Using all available rosidl_typesupport_cpp: rosidl_typesupport_fastrtps_cpp;rosidl_typesupport_introspection_cpp
[0.261s] -- Found rosidl_default_generators: 1.0.1 (/opt/ros/foxy/share/rosidl_default_generators/cmake)
[0.282s] -- Found PythonInterp: /usr/bin/python3 (found version "3.8.10") 
[0.375s] -- Found ament_cmake_ros: 0.9.2 (/opt/ros/foxy/share/ament_cmake_ros/cmake)
[0.478s] -- Using all available rosidl_typesupport_c: rosidl_typesupport_fastrtps_c;rosidl_typesupport_introspection_c
[0.514s] -- Using all available rosidl_typesupport_cpp: rosidl_typesupport_fastrtps_cpp;rosidl_typesupport_introspection_cpp
[0.532s] -- Found PythonInterp: /usr/bin/python3 (found suitable version "3.8.10", minimum required is "3.5") 
[0.532s] -- Found python_cmake_module: 0.8.1 (/opt/ros/foxy/share/python_cmake_module/cmake)
[0.548s] -- Using PYTHON_EXECUTABLE: /usr/bin/python3
[0.548s] -- Using PYTHON_INCLUDE_DIRS: /usr/include/python3.8
[0.548s] -- Using PYTHON_LIBRARIES: /usr/lib/x86_64-linux-gnu/libpython3.8.so
[0.569s] -- Found ament_lint_auto: 0.9.8 (/opt/ros/foxy/share/ament_lint_auto/cmake)
[0.575s] -- Added test 'lint_cmake' to check CMake code style
[0.576s] -- Added test 'xmllint' to check XML markup files
[0.578s] -- Configuring done
[0.603s] -- Generating done
[0.604s] -- Build files have been written to: /home/asrl/ros2_decawave/build/decawave_interfaces
[0.609s] Invoked command in '/home/asrl/ros2_decawave/build/decawave_interfaces' returned '0': CMAKE_PREFIX_PATH=${CMAKE_PREFIX_PATH}:/opt/ros/foxy:/home/asrl/ros2_decawave/install/decawave_test_controller /usr/bin/cmake /home/asrl/ros2_decawave/src/decawave_interfaces -DAMENT_CMAKE_SYMLINK_INSTALL=1 -DCMAKE_INSTALL_PREFIX=/home/asrl/ros2_decawave/install/decawave_interfaces
[0.611s] Invoking command in '/home/asrl/ros2_decawave/build/decawave_interfaces': CMAKE_PREFIX_PATH=${CMAKE_PREFIX_PATH}:/opt/ros/foxy:/home/asrl/ros2_decawave/install/decawave_test_controller /usr/bin/cmake --build /home/asrl/ros2_decawave/build/decawave_interfaces -- -j16 -l16
[0.640s] [  2%] Built target decawave_interfaces__cpp
[0.641s] [ 12%] Built target decawave_interfaces__rosidl_generator_c
[0.654s] [ 25%] Built target decawave_interfaces__rosidl_typesupport_cpp
[0.654s] [ 33%] Built target decawave_interfaces__rosidl_typesupport_introspection_cpp
[0.655s] [ 43%] Built target decawave_interfaces__rosidl_typesupport_c
[0.655s] [ 53%] Built target decawave_interfaces__rosidl_typesupport_introspection_c
[0.656s] [ 64%] Built target decawave_interfaces__rosidl_typesupport_fastrtps_cpp
[0.672s] [ 74%] Built target decawave_interfaces__rosidl_typesupport_fastrtps_c
[0.684s] [ 74%] Built target decawave_interfaces
[0.695s] [ 76%] Built target decawave_interfaces__py
[0.710s] [ 84%] Built target decawave_interfaces__python
[0.725s] [ 89%] Built target decawave_interfaces__rosidl_typesupport_c__pyext
[0.725s] [ 94%] Built target decawave_interfaces__rosidl_typesupport_fastrtps_c__pyext
[0.725s] [100%] Built target decawave_interfaces__rosidl_typesupport_introspection_c__pyext
[0.733s] Invoked command in '/home/asrl/ros2_decawave/build/decawave_interfaces' returned '0': CMAKE_PREFIX_PATH=${CMAKE_PREFIX_PATH}:/opt/ros/foxy:/home/asrl/ros2_decawave/install/decawave_test_controller /usr/bin/cmake --build /home/asrl/ros2_decawave/build/decawave_interfaces -- -j16 -l16
[0.772s] Invoking command in '/home/asrl/ros2_decawave/build/decawave_interfaces': CMAKE_PREFIX_PATH=${CMAKE_PREFIX_PATH}:/opt/ros/foxy:/home/asrl/ros2_decawave/install/decawave_test_controller /usr/bin/cmake --install /home/asrl/ros2_decawave/build/decawave_interfaces
[0.777s] -- Install configuration: ""
[0.777s] -- Execute custom install script
[0.778s] -- Up-to-date symlink: /home/asrl/ros2_decawave/install/decawave_interfaces/share/ament_index/resource_index/rosidl_interfaces/decawave_interfaces
[0.778s] -- Up-to-date symlink: /home/asrl/ros2_decawave/install/decawave_interfaces/include/decawave_interfaces/msg/deca_range.h
[0.778s] -- Up-to-date symlink: /home/asrl/ros2_decawave/install/decawave_interfaces/include/decawave_interfaces/msg/deca_range_b.h
[0.778s] -- Up-to-date symlink: /home/asrl/ros2_decawave/install/decawave_interfaces/include/decawave_interfaces/msg/detail/deca_range__functions.h
[0.778s] -- Up-to-date symlink: /home/asrl/ros2_decawave/install/decawave_interfaces/include/decawave_interfaces/msg/detail/deca_range__struct.h
[0.778s] -- Up-to-date symlink: /home/asrl/ros2_decawave/install/decawave_interfaces/include/decawave_interfaces/msg/detail/deca_range__type_support.h
[0.778s] -- Up-to-date symlink: /home/asrl/ros2_decawave/install/decawave_interfaces/include/decawave_interfaces/msg/detail/deca_range_b__functions.h
[0.778s] -- Up-to-date symlink: /home/asrl/ros2_decawave/install/decawave_interfaces/include/decawave_interfaces/msg/detail/deca_range_b__struct.h
[0.778s] -- Up-to-date symlink: /home/asrl/ros2_decawave/install/decawave_interfaces/include/decawave_interfaces/msg/detail/deca_range_b__type_support.h
[0.778s] -- Up-to-date symlink: /home/asrl/ros2_decawave/install/decawave_interfaces/include/decawave_interfaces/msg/rosidl_generator_c__visibility_control.h
[0.779s] -- Up-to-date symlink: /home/asrl/ros2_decawave/install/decawave_interfaces/share/decawave_interfaces/environment/library_path.sh
[0.779s] -- Up-to-date symlink: /home/asrl/ros2_decawave/install/decawave_interfaces/share/decawave_interfaces/environment/library_path.dsv
[0.779s] -- Up-to-date symlink: /home/asrl/ros2_decawave/install/decawave_interfaces/include/decawave_interfaces/msg/detail/deca_range__rosidl_typesupport_fastrtps_c.h
[0.779s] -- Up-to-date symlink: /home/asrl/ros2_decawave/install/decawave_interfaces/include/decawave_interfaces/msg/detail/deca_range_b__rosidl_typesupport_fastrtps_c.h
[0.779s] -- Up-to-date symlink: /home/asrl/ros2_decawave/install/decawave_interfaces/include/decawave_interfaces/msg/rosidl_typesupport_fastrtps_c__visibility_control.h
[0.780s] -- Up-to-date symlink: /home/asrl/ros2_decawave/install/decawave_interfaces/lib/libdecawave_interfaces__rosidl_typesupport_fastrtps_c.so
[0.780s] -- Up-to-date symlink: /home/asrl/ros2_decawave/install/decawave_interfaces/include/decawave_interfaces/msg/detail/deca_range__rosidl_typesupport_fastrtps_cpp.hpp
[0.780s] -- Up-to-date symlink: /home/asrl/ros2_decawave/install/decawave_interfaces/include/decawave_interfaces/msg/detail/deca_range_b__rosidl_typesupport_fastrtps_cpp.hpp
[0.780s] -- Up-to-date symlink: /home/asrl/ros2_decawave/install/decawave_interfaces/include/decawave_interfaces/msg/rosidl_typesupport_fastrtps_cpp__visibility_control.h
[0.780s] -- Up-to-date symlink: /home/asrl/ros2_decawave/install/decawave_interfaces/lib/libdecawave_interfaces__rosidl_typesupport_fastrtps_cpp.so
[0.781s] -- Up-to-date symlink: /home/asrl/ros2_decawave/install/decawave_interfaces/include/decawave_interfaces/msg/detail/deca_range__rosidl_typesupport_introspection_c.h
[0.781s] -- Up-to-date symlink: /home/asrl/ros2_decawave/install/decawave_interfaces/include/decawave_interfaces/msg/detail/deca_range_b__rosidl_typesupport_introspection_c.h
[0.781s] -- Up-to-date symlink: /home/asrl/ros2_decawave/install/decawave_interfaces/include/decawave_interfaces/msg/rosidl_typesupport_introspection_c__visibility_control.h
[0.781s] -- Up-to-date symlink: /home/asrl/ros2_decawave/install/decawave_interfaces/include/decawave_interfaces/msg/deca_range.hpp
[0.781s] -- Up-to-date symlink: /home/asrl/ros2_decawave/install/decawave_interfaces/include/decawave_interfaces/msg/deca_range_b.hpp
[0.781s] -- Up-to-date symlink: /home/asrl/ros2_decawave/install/decawave_interfaces/include/decawave_interfaces/msg/detail/deca_range__builder.hpp
[0.781s] -- Up-to-date symlink: /home/asrl/ros2_decawave/install/decawave_interfaces/include/decawave_interfaces/msg/detail/deca_range__struct.hpp
[0.781s] -- Up-to-date symlink: /home/asrl/ros2_decawave/install/decawave_interfaces/include/decawave_interfaces/msg/detail/deca_range__traits.hpp
[0.781s] -- Up-to-date symlink: /home/asrl/ros2_decawave/install/decawave_interfaces/include/decawave_interfaces/msg/detail/deca_range__type_support.hpp
[0.782s] -- Up-to-date symlink: /home/asrl/ros2_decawave/install/decawave_interfaces/include/decawave_interfaces/msg/detail/deca_range_b__builder.hpp
[0.782s] -- Up-to-date symlink: /home/asrl/ros2_decawave/install/decawave_interfaces/include/decawave_interfaces/msg/detail/deca_range_b__struct.hpp
[0.782s] -- Up-to-date symlink: /home/asrl/ros2_decawave/install/decawave_interfaces/include/decawave_interfaces/msg/detail/deca_range_b__traits.hpp
[0.782s] -- Up-to-date symlink: /home/asrl/ros2_decawave/install/decawave_interfaces/include/decawave_interfaces/msg/detail/deca_range_b__type_support.hpp
[0.782s] -- Up-to-date symlink: /home/asrl/ros2_decawave/install/decawave_interfaces/include/decawave_interfaces/msg/rosidl_generator_cpp__visibility_control.hpp
[0.782s] -- Up-to-date symlink: /home/asrl/ros2_decawave/install/decawave_interfaces/include/decawave_interfaces/msg/detail/deca_range__rosidl_typesupport_introspection_cpp.hpp
[0.782s] -- Up-to-date symlink: /home/asrl/ros2_decawave/install/decawave_interfaces/include/decawave_interfaces/msg/detail/deca_range_b__rosidl_typesupport_introspection_cpp.hpp
[0.782s] -- Up-to-date symlink: /home/asrl/ros2_decawave/install/decawave_interfaces/share/decawave_interfaces/environment/pythonpath.sh
[0.783s] -- Up-to-date symlink: /home/asrl/ros2_decawave/install/decawave_interfaces/share/decawave_interfaces/environment/pythonpath.dsv
[0.783s] -- Up-to-date symlink: /home/asrl/ros2_decawave/install/decawave_interfaces/lib/python3.8/site-packages/decawave_interfaces/__init__.py
[0.783s] -- Up-to-date symlink: /home/asrl/ros2_decawave/install/decawave_interfaces/lib/python3.8/site-packages/decawave_interfaces/msg/__init__.py
[0.783s] -- Up-to-date symlink: /home/asrl/ros2_decawave/install/decawave_interfaces/lib/python3.8/site-packages/decawave_interfaces/msg/_deca_range.py
[0.783s] -- Up-to-date symlink: /home/asrl/ros2_decawave/install/decawave_interfaces/lib/python3.8/site-packages/decawave_interfaces/msg/_deca_range_b.py
[0.783s] -- Up-to-date symlink: /home/asrl/ros2_decawave/install/decawave_interfaces/lib/python3.8/site-packages/decawave_interfaces/decawave_interfaces_s__rosidl_typesupport_fastrtps_c.cpython-38-x86_64-linux-gnu.so
[0.784s] -- Up-to-date symlink: /home/asrl/ros2_decawave/install/decawave_interfaces/lib/python3.8/site-packages/decawave_interfaces/decawave_interfaces_s__rosidl_typesupport_introspection_c.cpython-38-x86_64-linux-gnu.so
[0.784s] -- Up-to-date symlink: /home/asrl/ros2_decawave/install/decawave_interfaces/lib/python3.8/site-packages/decawave_interfaces/decawave_interfaces_s__rosidl_typesupport_c.cpython-38-x86_64-linux-gnu.so
[0.784s] -- Up-to-date symlink: /home/asrl/ros2_decawave/install/decawave_interfaces/lib/libdecawave_interfaces__python.so
[0.784s] -- Up-to-date symlink: /home/asrl/ros2_decawave/install/decawave_interfaces/share/decawave_interfaces/msg/DecaRange.idl
[0.784s] -- Up-to-date symlink: /home/asrl/ros2_decawave/install/decawave_interfaces/share/decawave_interfaces/msg/DecaRangeB.idl
[0.785s] -- Up-to-date symlink: /home/asrl/ros2_decawave/install/decawave_interfaces/share/decawave_interfaces/msg/DecaRange.msg
[0.785s] -- Up-to-date symlink: /home/asrl/ros2_decawave/install/decawave_interfaces/share/decawave_interfaces/msg/DecaRangeB.msg
[0.785s] -- Up-to-date symlink: /home/asrl/ros2_decawave/install/decawave_interfaces/share/ament_index/resource_index/package_run_dependencies/decawave_interfaces
[0.785s] -- Up-to-date symlink: /home/asrl/ros2_decawave/install/decawave_interfaces/share/ament_index/resource_index/parent_prefix_path/decawave_interfaces
[0.785s] -- Up-to-date symlink: /home/asrl/ros2_decawave/install/decawave_interfaces/share/decawave_interfaces/environment/ament_prefix_path.sh
[0.785s] -- Up-to-date symlink: /home/asrl/ros2_decawave/install/decawave_interfaces/share/decawave_interfaces/environment/ament_prefix_path.dsv
[0.785s] -- Up-to-date symlink: /home/asrl/ros2_decawave/install/decawave_interfaces/share/decawave_interfaces/environment/path.sh
[0.785s] -- Up-to-date symlink: /home/asrl/ros2_decawave/install/decawave_interfaces/share/decawave_interfaces/environment/path.dsv
[0.786s] -- Up-to-date symlink: /home/asrl/ros2_decawave/install/decawave_interfaces/share/decawave_interfaces/local_setup.bash
[0.786s] -- Up-to-date symlink: /home/asrl/ros2_decawave/install/decawave_interfaces/share/decawave_interfaces/local_setup.sh
[0.786s] -- Up-to-date symlink: /home/asrl/ros2_decawave/install/decawave_interfaces/share/decawave_interfaces/local_setup.zsh
[0.786s] -- Up-to-date symlink: /home/asrl/ros2_decawave/install/decawave_interfaces/share/decawave_interfaces/local_setup.dsv
[0.786s] -- Symlinking: /home/asrl/ros2_decawave/install/decawave_interfaces/share/decawave_interfaces/package.dsv
[0.791s] -- Up-to-date symlink: /home/asrl/ros2_decawave/install/decawave_interfaces/share/ament_index/resource_index/packages/decawave_interfaces
[0.792s] -- Up-to-date symlink: /home/asrl/ros2_decawave/install/decawave_interfaces/share/decawave_interfaces/cmake/rosidl_cmake-extras.cmake
[0.792s] -- Up-to-date symlink: /home/asrl/ros2_decawave/install/decawave_interfaces/share/decawave_interfaces/cmake/ament_cmake_export_dependencies-extras.cmake
[0.792s] -- Up-to-date symlink: /home/asrl/ros2_decawave/install/decawave_interfaces/share/decawave_interfaces/cmake/ament_cmake_export_libraries-extras.cmake
[0.792s] -- Up-to-date symlink: /home/asrl/ros2_decawave/install/decawave_interfaces/share/decawave_interfaces/cmake/ament_cmake_export_targets-extras.cmake
[0.792s] -- Up-to-date symlink: /home/asrl/ros2_decawave/install/decawave_interfaces/share/decawave_interfaces/cmake/ament_cmake_export_include_directories-extras.cmake
[0.792s] -- Up-to-date symlink: /home/asrl/ros2_decawave/install/decawave_interfaces/share/decawave_interfaces/cmake/rosidl_cmake_export_typesupport_libraries-extras.cmake
[0.793s] -- Up-to-date symlink: /home/asrl/ros2_decawave/install/decawave_interfaces/share/decawave_interfaces/cmake/rosidl_cmake_export_typesupport_targets-extras.cmake
[0.793s] -- Up-to-date symlink: /home/asrl/ros2_decawave/install/decawave_interfaces/share/decawave_interfaces/cmake/decawave_interfacesConfig.cmake
[0.793s] -- Up-to-date symlink: /home/asrl/ros2_decawave/install/decawave_interfaces/share/decawave_interfaces/cmake/decawave_interfacesConfig-version.cmake
[0.793s] -- Up-to-date symlink: /home/asrl/ros2_decawave/install/decawave_interfaces/share/decawave_interfaces/package.xml
[0.793s] -- Up-to-date: /home/asrl/ros2_decawave/install/decawave_interfaces/lib/libdecawave_interfaces__rosidl_generator_c.so
[0.793s] -- Up-to-date: /home/asrl/ros2_decawave/install/decawave_interfaces/lib/libdecawave_interfaces__rosidl_typesupport_introspection_c.so
[0.793s] -- Up-to-date: /home/asrl/ros2_decawave/install/decawave_interfaces/lib/libdecawave_interfaces__rosidl_typesupport_c.so
[0.794s] -- Up-to-date: /home/asrl/ros2_decawave/install/decawave_interfaces/lib/libdecawave_interfaces__rosidl_typesupport_introspection_cpp.so
[0.794s] -- Up-to-date: /home/asrl/ros2_decawave/install/decawave_interfaces/lib/libdecawave_interfaces__rosidl_typesupport_cpp.so
[0.813s] Compiling '/home/asrl/ros2_decawave/install/decawave_interfaces/lib/python3.8/site-packages/decawave_interfaces/__init__.py'...
[0.816s] -- Up-to-date: /home/asrl/ros2_decawave/install/decawave_interfaces/share/decawave_interfaces/cmake/decawave_interfaces__rosidl_generator_cExport.cmake
[0.816s] -- Installing: /home/asrl/ros2_decawave/install/decawave_interfaces/share/decawave_interfaces/cmake/decawave_interfaces__rosidl_generator_cExport-noconfig.cmake
[0.816s] -- Up-to-date: /home/asrl/ros2_decawave/install/decawave_interfaces/share/decawave_interfaces/cmake/decawave_interfaces__rosidl_typesupport_introspection_cExport.cmake
[0.816s] -- Installing: /home/asrl/ros2_decawave/install/decawave_interfaces/share/decawave_interfaces/cmake/decawave_interfaces__rosidl_typesupport_introspection_cExport-noconfig.cmake
[0.816s] -- Up-to-date: /home/asrl/ros2_decawave/install/decawave_interfaces/share/decawave_interfaces/cmake/decawave_interfaces__rosidl_typesupport_cExport.cmake
[0.816s] -- Installing: /home/asrl/ros2_decawave/install/decawave_interfaces/share/decawave_interfaces/cmake/decawave_interfaces__rosidl_typesupport_cExport-noconfig.cmake
[0.816s] -- Up-to-date: /home/asrl/ros2_decawave/install/decawave_interfaces/share/decawave_interfaces/cmake/decawave_interfaces__rosidl_generator_cppExport.cmake
[0.816s] -- Up-to-date: /home/asrl/ros2_decawave/install/decawave_interfaces/share/decawave_interfaces/cmake/decawave_interfaces__rosidl_typesupport_introspection_cppExport.cmake
[0.816s] -- Installing: /home/asrl/ros2_decawave/install/decawave_interfaces/share/decawave_interfaces/cmake/decawave_interfaces__rosidl_typesupport_introspection_cppExport-noconfig.cmake
[0.816s] -- Up-to-date: /home/asrl/ros2_decawave/install/decawave_interfaces/share/decawave_interfaces/cmake/decawave_interfaces__rosidl_typesupport_cppExport.cmake
[0.817s] -- Installing: /home/asrl/ros2_decawave/install/decawave_interfaces/share/decawave_interfaces/cmake/decawave_interfaces__rosidl_typesupport_cppExport-noconfig.cmake
[0.819s] Invoked command in '/home/asrl/ros2_decawave/build/decawave_interfaces' returned '0': CMAKE_PREFIX_PATH=${CMAKE_PREFIX_PATH}:/opt/ros/foxy:/home/asrl/ros2_decawave/install/decawave_test_controller /usr/bin/cmake --install /home/asrl/ros2_decawave/build/decawave_interfaces
