[0.027s] Invoking command in '/root/ros2_decawave/build/decawave_interfaces': CMAKE_PREFIX_PATH=${CMAKE_PREFIX_PATH}:/root/ros2_decawave/install/decawave_test_controller:/root/ros2_ws/install/my_robot_controller:/opt/ros/humble PS1=(myenv) \[\e]0;\u@\h: \w\a\]${debian_chroot:+($debian_chroot)}\u@\h:\w\$ VIRTUAL_ENV_PROMPT=(myenv) /usr/bin/cmake --build /root/ros2_decawave/build/decawave_interfaces -- -j16 -l16
[0.051s] -- Found ament_cmake: 1.3.4 (/opt/ros/humble/share/ament_cmake/cmake)
[0.206s] -- Found std_msgs: 4.2.3 (/opt/ros/humble/share/std_msgs/cmake)
[0.417s] -- Found rosidl_generator_c: 3.1.4 (/opt/ros/humble/share/rosidl_generator_c/cmake)
[0.419s] -- Found rosidl_adapter: 3.1.4 (/opt/ros/humble/share/rosidl_adapter/cmake)
[0.427s] -- Found rosidl_generator_cpp: 3.1.4 (/opt/ros/humble/share/rosidl_generator_cpp/cmake)
[0.440s] -- Using all available rosidl_typesupport_c: rosidl_typesupport_fastrtps_c;rosidl_typesupport_introspection_c
[0.458s] -- Using all available rosidl_typesupport_cpp: rosidl_typesupport_fastrtps_cpp;rosidl_typesupport_introspection_cpp
[0.518s] -- Found rosidl_default_generators: 1.2.0 (/opt/ros/humble/share/rosidl_default_generators/cmake)
[0.799s] -- Found ament_cmake_ros: 0.10.0 (/opt/ros/humble/share/ament_cmake_ros/cmake)
[1.163s] -- Using all available rosidl_typesupport_c: rosidl_typesupport_fastrtps_c;rosidl_typesupport_introspection_c
[1.307s] -- Using all available rosidl_typesupport_cpp: rosidl_typesupport_fastrtps_cpp;rosidl_typesupport_introspection_cpp
[1.330s] -- Found python_cmake_module: 0.10.0 (/opt/ros/humble/share/python_cmake_module/cmake)
[1.353s] -- Using PYTHON_EXECUTABLE: /usr/bin/python3
[1.353s] -- Using PYTHON_INCLUDE_DIRS: /usr/include/python3.10
[1.353s] -- Using PYTHON_LIBRARIES: /usr/lib/x86_64-linux-gnu/libpython3.10.so
[1.382s] -- Found ament_lint_auto: 0.12.6 (/opt/ros/humble/share/ament_lint_auto/cmake)
[1.393s] -- Added test 'lint_cmake' to check CMake code style
[1.393s] -- Added test 'xmllint' to check XML markup files
[1.396s] -- Configuring done
[1.440s] -- Generating done
[1.445s] -- Build files have been written to: /root/ros2_decawave/build/decawave_interfaces
[1.469s] [  2%] [34m[1mGenerating C code for ROS interfaces[0m
[1.477s] [  5%] [34m[1mGenerating C++ code for ROS interfaces[0m
[1.485s] [  5%] Built target ament_cmake_python_copy_decawave_interfaces
[1.766s] running egg_info
[1.767s] writing decawave_interfaces.egg-info/PKG-INFO
[1.767s] writing dependency_links to decawave_interfaces.egg-info/dependency_links.txt
[1.768s] writing top-level names to decawave_interfaces.egg-info/top_level.txt
[1.770s] reading manifest file 'decawave_interfaces.egg-info/SOURCES.txt'
[1.771s] writing manifest file 'decawave_interfaces.egg-info/SOURCES.txt'
[1.800s] [35m[1mConsolidate compiler generated dependencies of target decawave_interfaces__rosidl_generator_c[0m
[1.803s] [  5%] Built target ament_cmake_python_build_decawave_interfaces_egg
[1.809s] [  5%] Built target decawave_interfaces__cpp
[1.810s] [  7%] [32mBuilding C object CMakeFiles/decawave_interfaces__rosidl_generator_c.dir/rosidl_generator_c/decawave_interfaces/msg/detail/deca_range__functions.c.o[0m
[1.811s] [ 10%] [32mBuilding C object CMakeFiles/decawave_interfaces__rosidl_generator_c.dir/rosidl_generator_c/decawave_interfaces/msg/detail/deca_range_b__functions.c.o[0m
[1.818s] [ 12%] [34m[1mGenerating C++ type support dispatch for ROS interfaces[0m
[1.818s] [ 15%] [34m[1mGenerating C++ type support for eProsima Fast-RTPS[0m
[1.821s] [ 17%] [34m[1mGenerating C++ introspection for ROS interfaces[0m
[1.881s] [ 20%] [32m[1mLinking C shared library libdecawave_interfaces__rosidl_generator_c.so[0m
[2.039s] [ 20%] Built target decawave_interfaces__rosidl_generator_c
[2.048s] [ 23%] [34m[1mGenerating C type support for eProsima Fast-RTPS[0m
[2.049s] [ 28%] [34m[1mGenerating C type support dispatch for ROS interfaces[0m
[2.049s] [ 28%] [34m[1mGenerating C introspection for ROS interfaces[0m
[2.113s] [35m[1mConsolidate compiler generated dependencies of target decawave_interfaces__rosidl_typesupport_cpp[0m
[2.125s] [ 33%] [32mBuilding CXX object CMakeFiles/decawave_interfaces__rosidl_typesupport_cpp.dir/rosidl_typesupport_cpp/decawave_interfaces/msg/deca_range__type_support.cpp.o[0m
[2.125s] [ 33%] [32mBuilding CXX object CMakeFiles/decawave_interfaces__rosidl_typesupport_cpp.dir/rosidl_typesupport_cpp/decawave_interfaces/msg/deca_range_b__type_support.cpp.o[0m
[2.181s] [35m[1mConsolidate compiler generated dependencies of target decawave_interfaces__rosidl_typesupport_introspection_cpp[0m
[2.196s] [ 38%] [32mBuilding CXX object CMakeFiles/decawave_interfaces__rosidl_typesupport_introspection_cpp.dir/rosidl_typesupport_introspection_cpp/decawave_interfaces/msg/detail/deca_range__type_support.cpp.o[0m
[2.196s] [ 38%] [32mBuilding CXX object CMakeFiles/decawave_interfaces__rosidl_typesupport_introspection_cpp.dir/rosidl_typesupport_introspection_cpp/decawave_interfaces/msg/detail/deca_range_b__type_support.cpp.o[0m
[2.202s] [35m[1mConsolidate compiler generated dependencies of target decawave_interfaces__rosidl_typesupport_fastrtps_cpp[0m
[2.221s] [ 43%] [32mBuilding CXX object CMakeFiles/decawave_interfaces__rosidl_typesupport_fastrtps_cpp.dir/rosidl_typesupport_fastrtps_cpp/decawave_interfaces/msg/detail/dds_fastrtps/deca_range_b__type_support.cpp.o[0m
[2.221s] [ 43%] [32mBuilding CXX object CMakeFiles/decawave_interfaces__rosidl_typesupport_fastrtps_cpp.dir/rosidl_typesupport_fastrtps_cpp/decawave_interfaces/msg/detail/dds_fastrtps/deca_range__type_support.cpp.o[0m
[2.390s] [35m[1mConsolidate compiler generated dependencies of target decawave_interfaces__rosidl_typesupport_introspection_c[0m
[2.403s] [ 46%] [32mBuilding C object CMakeFiles/decawave_interfaces__rosidl_typesupport_introspection_c.dir/rosidl_typesupport_introspection_c/decawave_interfaces/msg/detail/deca_range__type_support.c.o[0m
[2.406s] [ 48%] [32mBuilding C object CMakeFiles/decawave_interfaces__rosidl_typesupport_introspection_c.dir/rosidl_typesupport_introspection_c/decawave_interfaces/msg/detail/deca_range_b__type_support.c.o[0m
[2.451s] [35m[1mConsolidate compiler generated dependencies of target decawave_interfaces__rosidl_typesupport_c[0m
[2.452s] [ 51%] [32m[1mLinking C shared library libdecawave_interfaces__rosidl_typesupport_introspection_c.so[0m
[2.462s] [35m[1mConsolidate compiler generated dependencies of target decawave_interfaces__rosidl_typesupport_fastrtps_c[0m
[2.466s] [ 53%] [32mBuilding CXX object CMakeFiles/decawave_interfaces__rosidl_typesupport_c.dir/rosidl_typesupport_c/decawave_interfaces/msg/deca_range__type_support.cpp.o[0m
[2.466s] [ 56%] [32mBuilding CXX object CMakeFiles/decawave_interfaces__rosidl_typesupport_c.dir/rosidl_typesupport_c/decawave_interfaces/msg/deca_range_b__type_support.cpp.o[0m
[2.481s] [ 58%] [32mBuilding CXX object CMakeFiles/decawave_interfaces__rosidl_typesupport_fastrtps_c.dir/rosidl_typesupport_fastrtps_c/decawave_interfaces/msg/detail/deca_range__type_support_c.cpp.o[0m
[2.482s] [ 61%] [32mBuilding CXX object CMakeFiles/decawave_interfaces__rosidl_typesupport_fastrtps_c.dir/rosidl_typesupport_fastrtps_c/decawave_interfaces/msg/detail/deca_range_b__type_support_c.cpp.o[0m
[2.516s] [ 64%] [32m[1mLinking CXX shared library libdecawave_interfaces__rosidl_typesupport_c.so[0m
[2.524s] [ 66%] [32m[1mLinking CXX shared library libdecawave_interfaces__rosidl_typesupport_cpp.so[0m
[2.628s] [ 66%] Built target decawave_interfaces__rosidl_typesupport_introspection_c
[2.669s] [ 66%] Built target decawave_interfaces__rosidl_typesupport_c
[2.669s] [ 66%] Built target decawave_interfaces__rosidl_typesupport_cpp
[2.777s] [ 69%] [32m[1mLinking CXX shared library libdecawave_interfaces__rosidl_typesupport_introspection_cpp.so[0m
[2.787s] [ 71%] [32m[1mLinking CXX shared library libdecawave_interfaces__rosidl_typesupport_fastrtps_cpp.so[0m
[2.937s] [ 74%] [32m[1mLinking CXX shared library libdecawave_interfaces__rosidl_typesupport_fastrtps_c.so[0m
[2.971s] [ 74%] Built target decawave_interfaces__rosidl_typesupport_introspection_cpp
[2.987s] [ 74%] Built target decawave_interfaces__rosidl_typesupport_fastrtps_cpp
[3.112s] [ 74%] Built target decawave_interfaces__rosidl_typesupport_fastrtps_c
[3.128s] [ 74%] Built target decawave_interfaces
[3.145s] [ 76%] [34m[1mGenerating Python code for ROS interfaces[0m
[3.596s] [ 76%] Built target decawave_interfaces__py
[3.604s] [35m[1mConsolidate compiler generated dependencies of target decawave_interfaces__rosidl_generator_py[0m
[3.616s] [ 82%] [32mBuilding C object CMakeFiles/decawave_interfaces__rosidl_generator_py.dir/rosidl_generator_py/decawave_interfaces/msg/_deca_range_b_s.c.o[0m
[3.616s] [ 79%] [32mBuilding C object CMakeFiles/decawave_interfaces__rosidl_generator_py.dir/rosidl_generator_py/decawave_interfaces/msg/_deca_range_s.c.o[0m
[3.754s] [ 84%] [32m[1mLinking C shared library rosidl_generator_py/decawave_interfaces/libdecawave_interfaces__rosidl_generator_py.so[0m
[3.912s] [ 84%] Built target decawave_interfaces__rosidl_generator_py
[3.920s] [35m[1mConsolidate compiler generated dependencies of target decawave_interfaces__rosidl_typesupport_fastrtps_c__pyext[0m
[3.921s] [35m[1mConsolidate compiler generated dependencies of target decawave_interfaces__rosidl_typesupport_introspection_c__pyext[0m
[3.921s] [35m[1mConsolidate compiler generated dependencies of target decawave_interfaces__rosidl_typesupport_c__pyext[0m
[3.932s] [ 89%] [32mBuilding C object CMakeFiles/decawave_interfaces__rosidl_typesupport_introspection_c__pyext.dir/rosidl_generator_py/decawave_interfaces/_decawave_interfaces_s.ep.rosidl_typesupport_introspection_c.c.o[0m
[3.932s] [ 89%] [32mBuilding C object CMakeFiles/decawave_interfaces__rosidl_typesupport_fastrtps_c__pyext.dir/rosidl_generator_py/decawave_interfaces/_decawave_interfaces_s.ep.rosidl_typesupport_fastrtps_c.c.o[0m
[3.932s] [ 92%] [32mBuilding C object CMakeFiles/decawave_interfaces__rosidl_typesupport_c__pyext.dir/rosidl_generator_py/decawave_interfaces/_decawave_interfaces_s.ep.rosidl_typesupport_c.c.o[0m
[4.053s] [ 94%] [32m[1mLinking C shared library rosidl_generator_py/decawave_interfaces/decawave_interfaces_s__rosidl_typesupport_introspection_c.cpython-310-x86_64-linux-gnu.so[0m
[4.053s] [ 97%] [32m[1mLinking C shared library rosidl_generator_py/decawave_interfaces/decawave_interfaces_s__rosidl_typesupport_fastrtps_c.cpython-310-x86_64-linux-gnu.so[0m
[4.055s] [100%] [32m[1mLinking C shared library rosidl_generator_py/decawave_interfaces/decawave_interfaces_s__rosidl_typesupport_c.cpython-310-x86_64-linux-gnu.so[0m
[4.171s] [100%] Built target decawave_interfaces__rosidl_typesupport_introspection_c__pyext
[4.171s] [100%] Built target decawave_interfaces__rosidl_typesupport_c__pyext
[4.179s] [100%] Built target decawave_interfaces__rosidl_typesupport_fastrtps_c__pyext
[4.190s] Invoked command in '/root/ros2_decawave/build/decawave_interfaces' returned '0': CMAKE_PREFIX_PATH=${CMAKE_PREFIX_PATH}:/root/ros2_decawave/install/decawave_test_controller:/root/ros2_ws/install/my_robot_controller:/opt/ros/humble PS1=(myenv) \[\e]0;\u@\h: \w\a\]${debian_chroot:+($debian_chroot)}\u@\h:\w\$ VIRTUAL_ENV_PROMPT=(myenv) /usr/bin/cmake --build /root/ros2_decawave/build/decawave_interfaces -- -j16 -l16
[4.258s] Invoking command in '/root/ros2_decawave/build/decawave_interfaces': CMAKE_PREFIX_PATH=${CMAKE_PREFIX_PATH}:/root/ros2_decawave/install/decawave_test_controller:/root/ros2_ws/install/my_robot_controller:/opt/ros/humble PS1=(myenv) \[\e]0;\u@\h: \w\a\]${debian_chroot:+($debian_chroot)}\u@\h:\w\$ VIRTUAL_ENV_PROMPT=(myenv) /usr/bin/cmake --install /root/ros2_decawave/build/decawave_interfaces
[4.264s] -- Install configuration: ""
[4.264s] -- Up-to-date: /root/ros2_decawave/install/decawave_interfaces/share/ament_index/resource_index/rosidl_interfaces/decawave_interfaces
[4.264s] -- Up-to-date: /root/ros2_decawave/install/decawave_interfaces/include/decawave_interfaces/decawave_interfaces
[4.264s] -- Up-to-date: /root/ros2_decawave/install/decawave_interfaces/include/decawave_interfaces/decawave_interfaces/msg
[4.265s] -- Installing: /root/ros2_decawave/install/decawave_interfaces/include/decawave_interfaces/decawave_interfaces/msg/deca_range_b.h
[4.265s] -- Up-to-date: /root/ros2_decawave/install/decawave_interfaces/include/decawave_interfaces/decawave_interfaces/msg/detail
[4.265s] -- Installing: /root/ros2_decawave/install/decawave_interfaces/include/decawave_interfaces/decawave_interfaces/msg/detail/deca_range__functions.h
[4.265s] -- Installing: /root/ros2_decawave/install/decawave_interfaces/include/decawave_interfaces/decawave_interfaces/msg/detail/deca_range_b__functions.c
[4.265s] -- Installing: /root/ros2_decawave/install/decawave_interfaces/include/decawave_interfaces/decawave_interfaces/msg/detail/deca_range__struct.h
[4.265s] -- Installing: /root/ros2_decawave/install/decawave_interfaces/include/decawave_interfaces/decawave_interfaces/msg/detail/deca_range_b__type_support.h
[4.266s] -- Installing: /root/ros2_decawave/install/decawave_interfaces/include/decawave_interfaces/decawave_interfaces/msg/detail/deca_range_b__struct.h
[4.266s] -- Installing: /root/ros2_decawave/install/decawave_interfaces/include/decawave_interfaces/decawave_interfaces/msg/detail/deca_range__type_support.h
[4.266s] -- Installing: /root/ros2_decawave/install/decawave_interfaces/include/decawave_interfaces/decawave_interfaces/msg/detail/deca_range_b__functions.h
[4.266s] -- Installing: /root/ros2_decawave/install/decawave_interfaces/include/decawave_interfaces/decawave_interfaces/msg/detail/deca_range__functions.c
[4.266s] -- Installing: /root/ros2_decawave/install/decawave_interfaces/include/decawave_interfaces/decawave_interfaces/msg/deca_range.h
[4.266s] -- Up-to-date: /root/ros2_decawave/install/decawave_interfaces/include/decawave_interfaces/decawave_interfaces/msg/rosidl_generator_c__visibility_control.h
[4.266s] -- Up-to-date: /root/ros2_decawave/install/decawave_interfaces/share/decawave_interfaces/environment/library_path.sh
[4.266s] -- Installing: /root/ros2_decawave/install/decawave_interfaces/share/decawave_interfaces/environment/library_path.dsv
[4.266s] -- Installing: /root/ros2_decawave/install/decawave_interfaces/lib/libdecawave_interfaces__rosidl_generator_c.so
[4.267s] -- Set runtime path of "/root/ros2_decawave/install/decawave_interfaces/lib/libdecawave_interfaces__rosidl_generator_c.so" to ""
[4.267s] -- Up-to-date: /root/ros2_decawave/install/decawave_interfaces/include/decawave_interfaces/decawave_interfaces
[4.267s] -- Up-to-date: /root/ros2_decawave/install/decawave_interfaces/include/decawave_interfaces/decawave_interfaces/msg
[4.267s] -- Up-to-date: /root/ros2_decawave/install/decawave_interfaces/include/decawave_interfaces/decawave_interfaces/msg/rosidl_typesupport_fastrtps_c__visibility_control.h
[4.267s] -- Up-to-date: /root/ros2_decawave/install/decawave_interfaces/include/decawave_interfaces/decawave_interfaces/msg/detail
[4.267s] -- Installing: /root/ros2_decawave/install/decawave_interfaces/include/decawave_interfaces/decawave_interfaces/msg/detail/deca_range__rosidl_typesupport_fastrtps_c.h
[4.268s] -- Installing: /root/ros2_decawave/install/decawave_interfaces/include/decawave_interfaces/decawave_interfaces/msg/detail/deca_range_b__rosidl_typesupport_fastrtps_c.h
[4.268s] -- Installing: /root/ros2_decawave/install/decawave_interfaces/lib/libdecawave_interfaces__rosidl_typesupport_fastrtps_c.so
[4.268s] -- Set runtime path of "/root/ros2_decawave/install/decawave_interfaces/lib/libdecawave_interfaces__rosidl_typesupport_fastrtps_c.so" to ""
[4.268s] -- Up-to-date: /root/ros2_decawave/install/decawave_interfaces/include/decawave_interfaces/decawave_interfaces
[4.268s] -- Up-to-date: /root/ros2_decawave/install/decawave_interfaces/include/decawave_interfaces/decawave_interfaces/msg
[4.268s] -- Installing: /root/ros2_decawave/install/decawave_interfaces/include/decawave_interfaces/decawave_interfaces/msg/deca_range_b.hpp
[4.269s] -- Installing: /root/ros2_decawave/install/decawave_interfaces/include/decawave_interfaces/decawave_interfaces/msg/deca_range.hpp
[4.269s] -- Up-to-date: /root/ros2_decawave/install/decawave_interfaces/include/decawave_interfaces/decawave_interfaces/msg/detail
[4.269s] -- Installing: /root/ros2_decawave/install/decawave_interfaces/include/decawave_interfaces/decawave_interfaces/msg/detail/deca_range__traits.hpp
[4.269s] -- Installing: /root/ros2_decawave/install/decawave_interfaces/include/decawave_interfaces/decawave_interfaces/msg/detail/deca_range__builder.hpp
[4.270s] -- Installing: /root/ros2_decawave/install/decawave_interfaces/include/decawave_interfaces/decawave_interfaces/msg/detail/deca_range_b__traits.hpp
[4.270s] -- Installing: /root/ros2_decawave/install/decawave_interfaces/include/decawave_interfaces/decawave_interfaces/msg/detail/deca_range_b__builder.hpp
[4.270s] -- Installing: /root/ros2_decawave/install/decawave_interfaces/include/decawave_interfaces/decawave_interfaces/msg/detail/deca_range_b__struct.hpp
[4.270s] -- Installing: /root/ros2_decawave/install/decawave_interfaces/include/decawave_interfaces/decawave_interfaces/msg/detail/deca_range__struct.hpp
[4.270s] -- Up-to-date: /root/ros2_decawave/install/decawave_interfaces/include/decawave_interfaces/decawave_interfaces
[4.270s] -- Up-to-date: /root/ros2_decawave/install/decawave_interfaces/include/decawave_interfaces/decawave_interfaces/msg
[4.270s] -- Up-to-date: /root/ros2_decawave/install/decawave_interfaces/include/decawave_interfaces/decawave_interfaces/msg/detail
[4.270s] -- Installing: /root/ros2_decawave/install/decawave_interfaces/include/decawave_interfaces/decawave_interfaces/msg/detail/deca_range__rosidl_typesupport_fastrtps_cpp.hpp
[4.271s] -- Installing: /root/ros2_decawave/install/decawave_interfaces/include/decawave_interfaces/decawave_interfaces/msg/detail/deca_range_b__rosidl_typesupport_fastrtps_cpp.hpp
[4.271s] -- Up-to-date: /root/ros2_decawave/install/decawave_interfaces/include/decawave_interfaces/decawave_interfaces/msg/detail/dds_fastrtps
[4.271s] -- Up-to-date: /root/ros2_decawave/install/decawave_interfaces/include/decawave_interfaces/decawave_interfaces/msg/rosidl_typesupport_fastrtps_cpp__visibility_control.h
[4.271s] -- Installing: /root/ros2_decawave/install/decawave_interfaces/lib/libdecawave_interfaces__rosidl_typesupport_fastrtps_cpp.so
[4.271s] -- Set runtime path of "/root/ros2_decawave/install/decawave_interfaces/lib/libdecawave_interfaces__rosidl_typesupport_fastrtps_cpp.so" to ""
[4.271s] -- Up-to-date: /root/ros2_decawave/install/decawave_interfaces/include/decawave_interfaces/decawave_interfaces
[4.271s] -- Up-to-date: /root/ros2_decawave/install/decawave_interfaces/include/decawave_interfaces/decawave_interfaces/msg
[4.271s] -- Up-to-date: /root/ros2_decawave/install/decawave_interfaces/include/decawave_interfaces/decawave_interfaces/msg/rosidl_typesupport_introspection_c__visibility_control.h
[4.272s] -- Up-to-date: /root/ros2_decawave/install/decawave_interfaces/include/decawave_interfaces/decawave_interfaces/msg/detail
[4.272s] -- Installing: /root/ros2_decawave/install/decawave_interfaces/include/decawave_interfaces/decawave_interfaces/msg/detail/deca_range__type_support.c
[4.272s] -- Installing: /root/ros2_decawave/install/decawave_interfaces/include/decawave_interfaces/decawave_interfaces/msg/detail/deca_range__rosidl_typesupport_introspection_c.h
[4.272s] -- Installing: /root/ros2_decawave/install/decawave_interfaces/include/decawave_interfaces/decawave_interfaces/msg/detail/deca_range_b__type_support.c
[4.272s] -- Installing: /root/ros2_decawave/install/decawave_interfaces/include/decawave_interfaces/decawave_interfaces/msg/detail/deca_range_b__rosidl_typesupport_introspection_c.h
[4.272s] -- Installing: /root/ros2_decawave/install/decawave_interfaces/lib/libdecawave_interfaces__rosidl_typesupport_introspection_c.so
[4.272s] -- Set runtime path of "/root/ros2_decawave/install/decawave_interfaces/lib/libdecawave_interfaces__rosidl_typesupport_introspection_c.so" to ""
[4.273s] -- Installing: /root/ros2_decawave/install/decawave_interfaces/lib/libdecawave_interfaces__rosidl_typesupport_c.so
[4.273s] -- Set runtime path of "/root/ros2_decawave/install/decawave_interfaces/lib/libdecawave_interfaces__rosidl_typesupport_c.so" to ""
[4.273s] -- Up-to-date: /root/ros2_decawave/install/decawave_interfaces/include/decawave_interfaces/decawave_interfaces
[4.273s] -- Up-to-date: /root/ros2_decawave/install/decawave_interfaces/include/decawave_interfaces/decawave_interfaces/msg
[4.273s] -- Up-to-date: /root/ros2_decawave/install/decawave_interfaces/include/decawave_interfaces/decawave_interfaces/msg/detail
[4.273s] -- Installing: /root/ros2_decawave/install/decawave_interfaces/include/decawave_interfaces/decawave_interfaces/msg/detail/deca_range__rosidl_typesupport_introspection_cpp.hpp
[4.273s] -- Installing: /root/ros2_decawave/install/decawave_interfaces/include/decawave_interfaces/decawave_interfaces/msg/detail/deca_range_b__rosidl_typesupport_introspection_cpp.hpp
[4.274s] -- Installing: /root/ros2_decawave/install/decawave_interfaces/include/decawave_interfaces/decawave_interfaces/msg/detail/deca_range_b__type_support.cpp
[4.274s] -- Installing: /root/ros2_decawave/install/decawave_interfaces/include/decawave_interfaces/decawave_interfaces/msg/detail/deca_range__type_support.cpp
[4.274s] -- Installing: /root/ros2_decawave/install/decawave_interfaces/lib/libdecawave_interfaces__rosidl_typesupport_introspection_cpp.so
[4.274s] -- Set runtime path of "/root/ros2_decawave/install/decawave_interfaces/lib/libdecawave_interfaces__rosidl_typesupport_introspection_cpp.so" to ""
[4.274s] -- Installing: /root/ros2_decawave/install/decawave_interfaces/lib/libdecawave_interfaces__rosidl_typesupport_cpp.so
[4.274s] -- Set runtime path of "/root/ros2_decawave/install/decawave_interfaces/lib/libdecawave_interfaces__rosidl_typesupport_cpp.so" to ""
[4.275s] -- Up-to-date: /root/ros2_decawave/install/decawave_interfaces/share/decawave_interfaces/environment/pythonpath.sh
[4.275s] -- Installing: /root/ros2_decawave/install/decawave_interfaces/share/decawave_interfaces/environment/pythonpath.dsv
[4.275s] -- Up-to-date: /root/ros2_decawave/install/decawave_interfaces/local/lib/python3.10/dist-packages/decawave_interfaces-0.0.0-py3.10.egg-info
[4.275s] -- Installing: /root/ros2_decawave/install/decawave_interfaces/local/lib/python3.10/dist-packages/decawave_interfaces-0.0.0-py3.10.egg-info/dependency_links.txt
[4.275s] -- Installing: /root/ros2_decawave/install/decawave_interfaces/local/lib/python3.10/dist-packages/decawave_interfaces-0.0.0-py3.10.egg-info/SOURCES.txt
[4.276s] -- Installing: /root/ros2_decawave/install/decawave_interfaces/local/lib/python3.10/dist-packages/decawave_interfaces-0.0.0-py3.10.egg-info/PKG-INFO
[4.276s] -- Installing: /root/ros2_decawave/install/decawave_interfaces/local/lib/python3.10/dist-packages/decawave_interfaces-0.0.0-py3.10.egg-info/top_level.txt
[4.276s] -- Up-to-date: /root/ros2_decawave/install/decawave_interfaces/local/lib/python3.10/dist-packages/decawave_interfaces
[4.276s] -- Installing: /root/ros2_decawave/install/decawave_interfaces/local/lib/python3.10/dist-packages/decawave_interfaces/libdecawave_interfaces__rosidl_generator_py.so
[4.276s] -- Installing: /root/ros2_decawave/install/decawave_interfaces/local/lib/python3.10/dist-packages/decawave_interfaces/decawave_interfaces_s__rosidl_typesupport_c.cpython-310-x86_64-linux-gnu.so
[4.276s] -- Installing: /root/ros2_decawave/install/decawave_interfaces/local/lib/python3.10/dist-packages/decawave_interfaces/_decawave_interfaces_s.ep.rosidl_typesupport_c.c
[4.277s] -- Installing: /root/ros2_decawave/install/decawave_interfaces/local/lib/python3.10/dist-packages/decawave_interfaces/decawave_interfaces_s__rosidl_typesupport_fastrtps_c.cpython-310-x86_64-linux-gnu.so
[4.277s] -- Installing: /root/ros2_decawave/install/decawave_interfaces/local/lib/python3.10/dist-packages/decawave_interfaces/_decawave_interfaces_s.ep.rosidl_typesupport_introspection_c.c
[4.277s] -- Installing: /root/ros2_decawave/install/decawave_interfaces/local/lib/python3.10/dist-packages/decawave_interfaces/__init__.py
[4.277s] -- Installing: /root/ros2_decawave/install/decawave_interfaces/local/lib/python3.10/dist-packages/decawave_interfaces/_decawave_interfaces_s.ep.rosidl_typesupport_fastrtps_c.c
[4.277s] -- Installing: /root/ros2_decawave/install/decawave_interfaces/local/lib/python3.10/dist-packages/decawave_interfaces/decawave_interfaces_s__rosidl_typesupport_introspection_c.cpython-310-x86_64-linux-gnu.so
[4.277s] -- Up-to-date: /root/ros2_decawave/install/decawave_interfaces/local/lib/python3.10/dist-packages/decawave_interfaces/msg
[4.277s] -- Installing: /root/ros2_decawave/install/decawave_interfaces/local/lib/python3.10/dist-packages/decawave_interfaces/msg/_deca_range_s.c
[4.277s] -- Installing: /root/ros2_decawave/install/decawave_interfaces/local/lib/python3.10/dist-packages/decawave_interfaces/msg/_deca_range.py
[4.277s] -- Installing: /root/ros2_decawave/install/decawave_interfaces/local/lib/python3.10/dist-packages/decawave_interfaces/msg/_deca_range_b_s.c
[4.277s] -- Installing: /root/ros2_decawave/install/decawave_interfaces/local/lib/python3.10/dist-packages/decawave_interfaces/msg/_deca_range_b.py
[4.277s] -- Installing: /root/ros2_decawave/install/decawave_interfaces/local/lib/python3.10/dist-packages/decawave_interfaces/msg/__init__.py
[4.314s] Listing '/root/ros2_decawave/install/decawave_interfaces/local/lib/python3.10/dist-packages/decawave_interfaces'...
[4.314s] Compiling '/root/ros2_decawave/install/decawave_interfaces/local/lib/python3.10/dist-packages/decawave_interfaces/__init__.py'...
[4.314s] Listing '/root/ros2_decawave/install/decawave_interfaces/local/lib/python3.10/dist-packages/decawave_interfaces/msg'...
[4.314s] Compiling '/root/ros2_decawave/install/decawave_interfaces/local/lib/python3.10/dist-packages/decawave_interfaces/msg/__init__.py'...
[4.314s] Compiling '/root/ros2_decawave/install/decawave_interfaces/local/lib/python3.10/dist-packages/decawave_interfaces/msg/_deca_range.py'...
[4.314s] Compiling '/root/ros2_decawave/install/decawave_interfaces/local/lib/python3.10/dist-packages/decawave_interfaces/msg/_deca_range_b.py'...
[4.318s] -- Installing: /root/ros2_decawave/install/decawave_interfaces/local/lib/python3.10/dist-packages/decawave_interfaces/decawave_interfaces_s__rosidl_typesupport_fastrtps_c.cpython-310-x86_64-linux-gnu.so
[4.318s] -- Set runtime path of "/root/ros2_decawave/install/decawave_interfaces/local/lib/python3.10/dist-packages/decawave_interfaces/decawave_interfaces_s__rosidl_typesupport_fastrtps_c.cpython-310-x86_64-linux-gnu.so" to ""
[4.319s] -- Installing: /root/ros2_decawave/install/decawave_interfaces/local/lib/python3.10/dist-packages/decawave_interfaces/decawave_interfaces_s__rosidl_typesupport_introspection_c.cpython-310-x86_64-linux-gnu.so
[4.319s] -- Set runtime path of "/root/ros2_decawave/install/decawave_interfaces/local/lib/python3.10/dist-packages/decawave_interfaces/decawave_interfaces_s__rosidl_typesupport_introspection_c.cpython-310-x86_64-linux-gnu.so" to ""
[4.319s] -- Installing: /root/ros2_decawave/install/decawave_interfaces/local/lib/python3.10/dist-packages/decawave_interfaces/decawave_interfaces_s__rosidl_typesupport_c.cpython-310-x86_64-linux-gnu.so
[4.320s] -- Set runtime path of "/root/ros2_decawave/install/decawave_interfaces/local/lib/python3.10/dist-packages/decawave_interfaces/decawave_interfaces_s__rosidl_typesupport_c.cpython-310-x86_64-linux-gnu.so" to ""
[4.320s] -- Installing: /root/ros2_decawave/install/decawave_interfaces/lib/libdecawave_interfaces__rosidl_generator_py.so
[4.320s] -- Set runtime path of "/root/ros2_decawave/install/decawave_interfaces/lib/libdecawave_interfaces__rosidl_generator_py.so" to ""
[4.320s] -- Installing: /root/ros2_decawave/install/decawave_interfaces/share/decawave_interfaces/msg/DecaRange.idl
[4.321s] -- Up-to-date: /root/ros2_decawave/install/decawave_interfaces/share/decawave_interfaces/msg/DecaRangeB.idl
[4.321s] -- Installing: /root/ros2_decawave/install/decawave_interfaces/share/decawave_interfaces/msg/DecaRange.msg
[4.321s] -- Up-to-date: /root/ros2_decawave/install/decawave_interfaces/share/decawave_interfaces/msg/DecaRangeB.msg
[4.321s] -- Up-to-date: /root/ros2_decawave/install/decawave_interfaces/share/ament_index/resource_index/package_run_dependencies/decawave_interfaces
[4.321s] -- Up-to-date: /root/ros2_decawave/install/decawave_interfaces/share/ament_index/resource_index/parent_prefix_path/decawave_interfaces
[4.321s] -- Up-to-date: /root/ros2_decawave/install/decawave_interfaces/share/decawave_interfaces/environment/ament_prefix_path.sh
[4.322s] -- Installing: /root/ros2_decawave/install/decawave_interfaces/share/decawave_interfaces/environment/ament_prefix_path.dsv
[4.322s] -- Up-to-date: /root/ros2_decawave/install/decawave_interfaces/share/decawave_interfaces/environment/path.sh
[4.322s] -- Installing: /root/ros2_decawave/install/decawave_interfaces/share/decawave_interfaces/environment/path.dsv
[4.322s] -- Up-to-date: /root/ros2_decawave/install/decawave_interfaces/share/decawave_interfaces/local_setup.bash
[4.322s] -- Up-to-date: /root/ros2_decawave/install/decawave_interfaces/share/decawave_interfaces/local_setup.sh
[4.322s] -- Up-to-date: /root/ros2_decawave/install/decawave_interfaces/share/decawave_interfaces/local_setup.zsh
[4.323s] -- Installing: /root/ros2_decawave/install/decawave_interfaces/share/decawave_interfaces/local_setup.dsv
[4.323s] -- Installing: /root/ros2_decawave/install/decawave_interfaces/share/decawave_interfaces/package.dsv
[4.323s] -- Up-to-date: /root/ros2_decawave/install/decawave_interfaces/share/ament_index/resource_index/packages/decawave_interfaces
[4.324s] -- Up-to-date: /root/ros2_decawave/install/decawave_interfaces/share/decawave_interfaces/cmake/export_decawave_interfaces__rosidl_generator_cExport.cmake
[4.324s] -- Up-to-date: /root/ros2_decawave/install/decawave_interfaces/share/decawave_interfaces/cmake/export_decawave_interfaces__rosidl_generator_cExport-noconfig.cmake
[4.324s] -- Up-to-date: /root/ros2_decawave/install/decawave_interfaces/share/decawave_interfaces/cmake/export_decawave_interfaces__rosidl_typesupport_fastrtps_cExport.cmake
[4.324s] -- Up-to-date: /root/ros2_decawave/install/decawave_interfaces/share/decawave_interfaces/cmake/export_decawave_interfaces__rosidl_typesupport_fastrtps_cExport-noconfig.cmake
[4.324s] -- Up-to-date: /root/ros2_decawave/install/decawave_interfaces/share/decawave_interfaces/cmake/export_decawave_interfaces__rosidl_generator_cppExport.cmake
[4.324s] -- Up-to-date: /root/ros2_decawave/install/decawave_interfaces/share/decawave_interfaces/cmake/export_decawave_interfaces__rosidl_typesupport_fastrtps_cppExport.cmake
[4.324s] -- Up-to-date: /root/ros2_decawave/install/decawave_interfaces/share/decawave_interfaces/cmake/export_decawave_interfaces__rosidl_typesupport_fastrtps_cppExport-noconfig.cmake
[4.324s] -- Up-to-date: /root/ros2_decawave/install/decawave_interfaces/share/decawave_interfaces/cmake/decawave_interfaces__rosidl_typesupport_introspection_cExport.cmake
[4.325s] -- Up-to-date: /root/ros2_decawave/install/decawave_interfaces/share/decawave_interfaces/cmake/decawave_interfaces__rosidl_typesupport_introspection_cExport-noconfig.cmake
[4.325s] -- Up-to-date: /root/ros2_decawave/install/decawave_interfaces/share/decawave_interfaces/cmake/decawave_interfaces__rosidl_typesupport_cExport.cmake
[4.325s] -- Up-to-date: /root/ros2_decawave/install/decawave_interfaces/share/decawave_interfaces/cmake/decawave_interfaces__rosidl_typesupport_cExport-noconfig.cmake
[4.325s] -- Up-to-date: /root/ros2_decawave/install/decawave_interfaces/share/decawave_interfaces/cmake/decawave_interfaces__rosidl_typesupport_introspection_cppExport.cmake
[4.325s] -- Up-to-date: /root/ros2_decawave/install/decawave_interfaces/share/decawave_interfaces/cmake/decawave_interfaces__rosidl_typesupport_introspection_cppExport-noconfig.cmake
[4.325s] -- Up-to-date: /root/ros2_decawave/install/decawave_interfaces/share/decawave_interfaces/cmake/decawave_interfaces__rosidl_typesupport_cppExport.cmake
[4.325s] -- Up-to-date: /root/ros2_decawave/install/decawave_interfaces/share/decawave_interfaces/cmake/decawave_interfaces__rosidl_typesupport_cppExport-noconfig.cmake
[4.325s] -- Up-to-date: /root/ros2_decawave/install/decawave_interfaces/share/decawave_interfaces/cmake/export_decawave_interfaces__rosidl_generator_pyExport.cmake
[4.325s] -- Up-to-date: /root/ros2_decawave/install/decawave_interfaces/share/decawave_interfaces/cmake/export_decawave_interfaces__rosidl_generator_pyExport-noconfig.cmake
[4.325s] -- Up-to-date: /root/ros2_decawave/install/decawave_interfaces/share/decawave_interfaces/cmake/rosidl_cmake-extras.cmake
[4.325s] -- Up-to-date: /root/ros2_decawave/install/decawave_interfaces/share/decawave_interfaces/cmake/ament_cmake_export_dependencies-extras.cmake
[4.326s] -- Up-to-date: /root/ros2_decawave/install/decawave_interfaces/share/decawave_interfaces/cmake/ament_cmake_export_include_directories-extras.cmake
[4.326s] -- Up-to-date: /root/ros2_decawave/install/decawave_interfaces/share/decawave_interfaces/cmake/ament_cmake_export_libraries-extras.cmake
[4.327s] -- Up-to-date: /root/ros2_decawave/install/decawave_interfaces/share/decawave_interfaces/cmake/ament_cmake_export_targets-extras.cmake
[4.330s] -- Up-to-date: /root/ros2_decawave/install/decawave_interfaces/share/decawave_interfaces/cmake/rosidl_cmake_export_typesupport_targets-extras.cmake
[4.332s] -- Up-to-date: /root/ros2_decawave/install/decawave_interfaces/share/decawave_interfaces/cmake/rosidl_cmake_export_typesupport_libraries-extras.cmake
[4.332s] -- Up-to-date: /root/ros2_decawave/install/decawave_interfaces/share/decawave_interfaces/cmake/decawave_interfacesConfig.cmake
[4.332s] -- Up-to-date: /root/ros2_decawave/install/decawave_interfaces/share/decawave_interfaces/cmake/decawave_interfacesConfig-version.cmake
[4.333s] -- Up-to-date: /root/ros2_decawave/install/decawave_interfaces/share/decawave_interfaces/package.xml
[4.333s] Invoked command in '/root/ros2_decawave/build/decawave_interfaces' returned '0': CMAKE_PREFIX_PATH=${CMAKE_PREFIX_PATH}:/root/ros2_decawave/install/decawave_test_controller:/root/ros2_ws/install/my_robot_controller:/opt/ros/humble PS1=(myenv) \[\e]0;\u@\h: \w\a\]${debian_chroot:+($debian_chroot)}\u@\h:\w\$ VIRTUAL_ENV_PROMPT=(myenv) /usr/bin/cmake --install /root/ros2_decawave/build/decawave_interfaces
