[0.010s] Invoking command in '/home/asrl/ros2_decawave/build/decawave_interfaces': CMAKE_PREFIX_PATH=${CMAKE_PREFIX_PATH}:/opt/ros/foxy:/home/asrl/ros2_decawave/install/decawave_test_controller /usr/bin/cmake --build /home/asrl/ros2_decawave/build/decawave_interfaces -- -j16 -l16
[0.041s] [  2%] Built target decawave_interfaces__cpp
[0.042s] [ 12%] Built target decawave_interfaces__rosidl_generator_c
[0.055s] [ 33%] Built target decawave_interfaces__rosidl_typesupport_introspection_cpp
[0.055s] [ 33%] Built target decawave_interfaces__rosidl_typesupport_cpp
[0.056s] [ 43%] Built target decawave_interfaces__rosidl_typesupport_c
[0.056s] [ 53%] Built target decawave_interfaces__rosidl_typesupport_introspection_c
[0.058s] [ 64%] Built target decawave_interfaces__rosidl_typesupport_fastrtps_cpp
[0.073s] [ 74%] Built target decawave_interfaces__rosidl_typesupport_fastrtps_c
[0.085s] [ 74%] Built target decawave_interfaces
[0.098s] [ 76%] Built target decawave_interfaces__py
[0.118s] [ 84%] Built target decawave_interfaces__python
[0.138s] [ 89%] Built target decawave_interfaces__rosidl_typesupport_c__pyext
[0.138s] [ 94%] Built target decawave_interfaces__rosidl_typesupport_introspection_c__pyext
[0.138s] [100%] Built target decawave_interfaces__rosidl_typesupport_fastrtps_c__pyext
[0.146s] Invoked command in '/home/asrl/ros2_decawave/build/decawave_interfaces' returned '0': CMAKE_PREFIX_PATH=${CMAKE_PREFIX_PATH}:/opt/ros/foxy:/home/asrl/ros2_decawave/install/decawave_test_controller /usr/bin/cmake --build /home/asrl/ros2_decawave/build/decawave_interfaces -- -j16 -l16
[0.184s] Invoking command in '/home/asrl/ros2_decawave/build/decawave_interfaces': CMAKE_PREFIX_PATH=${CMAKE_PREFIX_PATH}:/opt/ros/foxy:/home/asrl/ros2_decawave/install/decawave_test_controller /usr/bin/cmake --install /home/asrl/ros2_decawave/build/decawave_interfaces
[0.188s] -- Install configuration: ""
[0.189s] -- Execute custom install script
[0.189s] -- Up-to-date symlink: /home/asrl/ros2_decawave/install/decawave_interfaces/share/ament_index/resource_index/rosidl_interfaces/decawave_interfaces
[0.189s] -- Up-to-date symlink: /home/asrl/ros2_decawave/install/decawave_interfaces/include/decawave_interfaces/msg/deca_range.h
[0.189s] -- Up-to-date symlink: /home/asrl/ros2_decawave/install/decawave_interfaces/include/decawave_interfaces/msg/deca_range_b.h
[0.189s] -- Up-to-date symlink: /home/asrl/ros2_decawave/install/decawave_interfaces/include/decawave_interfaces/msg/detail/deca_range__functions.h
[0.189s] -- Up-to-date symlink: /home/asrl/ros2_decawave/install/decawave_interfaces/include/decawave_interfaces/msg/detail/deca_range__struct.h
[0.189s] -- Up-to-date symlink: /home/asrl/ros2_decawave/install/decawave_interfaces/include/decawave_interfaces/msg/detail/deca_range__type_support.h
[0.190s] -- Up-to-date symlink: /home/asrl/ros2_decawave/install/decawave_interfaces/include/decawave_interfaces/msg/detail/deca_range_b__functions.h
[0.190s] -- Up-to-date symlink: /home/asrl/ros2_decawave/install/decawave_interfaces/include/decawave_interfaces/msg/detail/deca_range_b__struct.h
[0.190s] -- Up-to-date symlink: /home/asrl/ros2_decawave/install/decawave_interfaces/include/decawave_interfaces/msg/detail/deca_range_b__type_support.h
[0.190s] -- Up-to-date symlink: /home/asrl/ros2_decawave/install/decawave_interfaces/include/decawave_interfaces/msg/rosidl_generator_c__visibility_control.h
[0.190s] -- Up-to-date symlink: /home/asrl/ros2_decawave/install/decawave_interfaces/share/decawave_interfaces/environment/library_path.sh
[0.190s] -- Up-to-date symlink: /home/asrl/ros2_decawave/install/decawave_interfaces/share/decawave_interfaces/environment/library_path.dsv
[0.190s] -- Up-to-date symlink: /home/asrl/ros2_decawave/install/decawave_interfaces/include/decawave_interfaces/msg/detail/deca_range__rosidl_typesupport_fastrtps_c.h
[0.191s] -- Up-to-date symlink: /home/asrl/ros2_decawave/install/decawave_interfaces/include/decawave_interfaces/msg/detail/deca_range_b__rosidl_typesupport_fastrtps_c.h
[0.191s] -- Up-to-date symlink: /home/asrl/ros2_decawave/install/decawave_interfaces/include/decawave_interfaces/msg/rosidl_typesupport_fastrtps_c__visibility_control.h
[0.191s] -- Up-to-date symlink: /home/asrl/ros2_decawave/install/decawave_interfaces/lib/libdecawave_interfaces__rosidl_typesupport_fastrtps_c.so
[0.191s] -- Up-to-date symlink: /home/asrl/ros2_decawave/install/decawave_interfaces/include/decawave_interfaces/msg/detail/deca_range__rosidl_typesupport_fastrtps_cpp.hpp
[0.191s] -- Up-to-date symlink: /home/asrl/ros2_decawave/install/decawave_interfaces/include/decawave_interfaces/msg/detail/deca_range_b__rosidl_typesupport_fastrtps_cpp.hpp
[0.191s] -- Up-to-date symlink: /home/asrl/ros2_decawave/install/decawave_interfaces/include/decawave_interfaces/msg/rosidl_typesupport_fastrtps_cpp__visibility_control.h
[0.192s] -- Up-to-date symlink: /home/asrl/ros2_decawave/install/decawave_interfaces/lib/libdecawave_interfaces__rosidl_typesupport_fastrtps_cpp.so
[0.192s] -- Up-to-date symlink: /home/asrl/ros2_decawave/install/decawave_interfaces/include/decawave_interfaces/msg/detail/deca_range__rosidl_typesupport_introspection_c.h
[0.192s] -- Up-to-date symlink: /home/asrl/ros2_decawave/install/decawave_interfaces/include/decawave_interfaces/msg/detail/deca_range_b__rosidl_typesupport_introspection_c.h
[0.192s] -- Up-to-date symlink: /home/asrl/ros2_decawave/install/decawave_interfaces/include/decawave_interfaces/msg/rosidl_typesupport_introspection_c__visibility_control.h
[0.192s] -- Up-to-date symlink: /home/asrl/ros2_decawave/install/decawave_interfaces/include/decawave_interfaces/msg/deca_range.hpp
[0.192s] -- Up-to-date symlink: /home/asrl/ros2_decawave/install/decawave_interfaces/include/decawave_interfaces/msg/deca_range_b.hpp
[0.192s] -- Up-to-date symlink: /home/asrl/ros2_decawave/install/decawave_interfaces/include/decawave_interfaces/msg/detail/deca_range__builder.hpp
[0.193s] -- Up-to-date symlink: /home/asrl/ros2_decawave/install/decawave_interfaces/include/decawave_interfaces/msg/detail/deca_range__struct.hpp
[0.193s] -- Up-to-date symlink: /home/asrl/ros2_decawave/install/decawave_interfaces/include/decawave_interfaces/msg/detail/deca_range__traits.hpp
[0.193s] -- Up-to-date symlink: /home/asrl/ros2_decawave/install/decawave_interfaces/include/decawave_interfaces/msg/detail/deca_range__type_support.hpp
[0.193s] -- Up-to-date symlink: /home/asrl/ros2_decawave/install/decawave_interfaces/include/decawave_interfaces/msg/detail/deca_range_b__builder.hpp
[0.193s] -- Up-to-date symlink: /home/asrl/ros2_decawave/install/decawave_interfaces/include/decawave_interfaces/msg/detail/deca_range_b__struct.hpp
[0.193s] -- Up-to-date symlink: /home/asrl/ros2_decawave/install/decawave_interfaces/include/decawave_interfaces/msg/detail/deca_range_b__traits.hpp
[0.193s] -- Up-to-date symlink: /home/asrl/ros2_decawave/install/decawave_interfaces/include/decawave_interfaces/msg/detail/deca_range_b__type_support.hpp
[0.193s] -- Up-to-date symlink: /home/asrl/ros2_decawave/install/decawave_interfaces/include/decawave_interfaces/msg/rosidl_generator_cpp__visibility_control.hpp
[0.193s] -- Up-to-date symlink: /home/asrl/ros2_decawave/install/decawave_interfaces/include/decawave_interfaces/msg/detail/deca_range__rosidl_typesupport_introspection_cpp.hpp
[0.193s] -- Up-to-date symlink: /home/asrl/ros2_decawave/install/decawave_interfaces/include/decawave_interfaces/msg/detail/deca_range_b__rosidl_typesupport_introspection_cpp.hpp
[0.194s] -- Up-to-date symlink: /home/asrl/ros2_decawave/install/decawave_interfaces/share/decawave_interfaces/environment/pythonpath.sh
[0.194s] -- Up-to-date symlink: /home/asrl/ros2_decawave/install/decawave_interfaces/share/decawave_interfaces/environment/pythonpath.dsv
[0.194s] -- Up-to-date symlink: /home/asrl/ros2_decawave/install/decawave_interfaces/lib/python3.8/site-packages/decawave_interfaces/__init__.py
[0.194s] -- Up-to-date symlink: /home/asrl/ros2_decawave/install/decawave_interfaces/lib/python3.8/site-packages/decawave_interfaces/msg/__init__.py
[0.194s] -- Up-to-date symlink: /home/asrl/ros2_decawave/install/decawave_interfaces/lib/python3.8/site-packages/decawave_interfaces/msg/_deca_range.py
[0.194s] -- Up-to-date symlink: /home/asrl/ros2_decawave/install/decawave_interfaces/lib/python3.8/site-packages/decawave_interfaces/msg/_deca_range_b.py
[0.194s] -- Up-to-date symlink: /home/asrl/ros2_decawave/install/decawave_interfaces/lib/python3.8/site-packages/decawave_interfaces/decawave_interfaces_s__rosidl_typesupport_fastrtps_c.cpython-38-x86_64-linux-gnu.so
[0.195s] -- Up-to-date symlink: /home/asrl/ros2_decawave/install/decawave_interfaces/lib/python3.8/site-packages/decawave_interfaces/decawave_interfaces_s__rosidl_typesupport_introspection_c.cpython-38-x86_64-linux-gnu.so
[0.195s] -- Up-to-date symlink: /home/asrl/ros2_decawave/install/decawave_interfaces/lib/python3.8/site-packages/decawave_interfaces/decawave_interfaces_s__rosidl_typesupport_c.cpython-38-x86_64-linux-gnu.so
[0.195s] -- Up-to-date symlink: /home/asrl/ros2_decawave/install/decawave_interfaces/lib/libdecawave_interfaces__python.so
[0.195s] -- Up-to-date symlink: /home/asrl/ros2_decawave/install/decawave_interfaces/share/decawave_interfaces/msg/DecaRange.idl
[0.195s] -- Up-to-date symlink: /home/asrl/ros2_decawave/install/decawave_interfaces/share/decawave_interfaces/msg/DecaRangeB.idl
[0.195s] -- Up-to-date symlink: /home/asrl/ros2_decawave/install/decawave_interfaces/share/decawave_interfaces/msg/DecaRange.msg
[0.196s] -- Up-to-date symlink: /home/asrl/ros2_decawave/install/decawave_interfaces/share/decawave_interfaces/msg/DecaRangeB.msg
[0.196s] -- Up-to-date symlink: /home/asrl/ros2_decawave/install/decawave_interfaces/share/ament_index/resource_index/package_run_dependencies/decawave_interfaces
[0.196s] -- Up-to-date symlink: /home/asrl/ros2_decawave/install/decawave_interfaces/share/ament_index/resource_index/parent_prefix_path/decawave_interfaces
[0.196s] -- Up-to-date symlink: /home/asrl/ros2_decawave/install/decawave_interfaces/share/decawave_interfaces/environment/ament_prefix_path.sh
[0.196s] -- Up-to-date symlink: /home/asrl/ros2_decawave/install/decawave_interfaces/share/decawave_interfaces/environment/ament_prefix_path.dsv
[0.196s] -- Up-to-date symlink: /home/asrl/ros2_decawave/install/decawave_interfaces/share/decawave_interfaces/environment/path.sh
[0.196s] -- Up-to-date symlink: /home/asrl/ros2_decawave/install/decawave_interfaces/share/decawave_interfaces/environment/path.dsv
[0.196s] -- Up-to-date symlink: /home/asrl/ros2_decawave/install/decawave_interfaces/share/decawave_interfaces/local_setup.bash
[0.197s] -- Up-to-date symlink: /home/asrl/ros2_decawave/install/decawave_interfaces/share/decawave_interfaces/local_setup.sh
[0.197s] -- Up-to-date symlink: /home/asrl/ros2_decawave/install/decawave_interfaces/share/decawave_interfaces/local_setup.zsh
[0.197s] -- Up-to-date symlink: /home/asrl/ros2_decawave/install/decawave_interfaces/share/decawave_interfaces/local_setup.dsv
[0.197s] -- Symlinking: /home/asrl/ros2_decawave/install/decawave_interfaces/share/decawave_interfaces/package.dsv
[0.202s] -- Up-to-date symlink: /home/asrl/ros2_decawave/install/decawave_interfaces/share/ament_index/resource_index/packages/decawave_interfaces
[0.202s] -- Up-to-date symlink: /home/asrl/ros2_decawave/install/decawave_interfaces/share/decawave_interfaces/cmake/rosidl_cmake-extras.cmake
[0.202s] -- Up-to-date symlink: /home/asrl/ros2_decawave/install/decawave_interfaces/share/decawave_interfaces/cmake/ament_cmake_export_dependencies-extras.cmake
[0.202s] -- Up-to-date symlink: /home/asrl/ros2_decawave/install/decawave_interfaces/share/decawave_interfaces/cmake/ament_cmake_export_libraries-extras.cmake
[0.203s] -- Up-to-date symlink: /home/asrl/ros2_decawave/install/decawave_interfaces/share/decawave_interfaces/cmake/ament_cmake_export_targets-extras.cmake
[0.203s] -- Up-to-date symlink: /home/asrl/ros2_decawave/install/decawave_interfaces/share/decawave_interfaces/cmake/ament_cmake_export_include_directories-extras.cmake
[0.203s] -- Up-to-date symlink: /home/asrl/ros2_decawave/install/decawave_interfaces/share/decawave_interfaces/cmake/rosidl_cmake_export_typesupport_libraries-extras.cmake
[0.203s] -- Up-to-date symlink: /home/asrl/ros2_decawave/install/decawave_interfaces/share/decawave_interfaces/cmake/rosidl_cmake_export_typesupport_targets-extras.cmake
[0.203s] -- Up-to-date symlink: /home/asrl/ros2_decawave/install/decawave_interfaces/share/decawave_interfaces/cmake/decawave_interfacesConfig.cmake
[0.203s] -- Up-to-date symlink: /home/asrl/ros2_decawave/install/decawave_interfaces/share/decawave_interfaces/cmake/decawave_interfacesConfig-version.cmake
[0.203s] -- Up-to-date symlink: /home/asrl/ros2_decawave/install/decawave_interfaces/share/decawave_interfaces/package.xml
[0.203s] -- Up-to-date: /home/asrl/ros2_decawave/install/decawave_interfaces/lib/libdecawave_interfaces__rosidl_generator_c.so
[0.204s] -- Up-to-date: /home/asrl/ros2_decawave/install/decawave_interfaces/lib/libdecawave_interfaces__rosidl_typesupport_introspection_c.so
[0.204s] -- Up-to-date: /home/asrl/ros2_decawave/install/decawave_interfaces/lib/libdecawave_interfaces__rosidl_typesupport_c.so
[0.204s] -- Up-to-date: /home/asrl/ros2_decawave/install/decawave_interfaces/lib/libdecawave_interfaces__rosidl_typesupport_introspection_cpp.so
[0.204s] -- Up-to-date: /home/asrl/ros2_decawave/install/decawave_interfaces/lib/libdecawave_interfaces__rosidl_typesupport_cpp.so
[0.226s] -- Up-to-date: /home/asrl/ros2_decawave/install/decawave_interfaces/share/decawave_interfaces/cmake/decawave_interfaces__rosidl_generator_cExport.cmake
[0.226s] -- Up-to-date: /home/asrl/ros2_decawave/install/decawave_interfaces/share/decawave_interfaces/cmake/decawave_interfaces__rosidl_generator_cExport-noconfig.cmake
[0.226s] -- Up-to-date: /home/asrl/ros2_decawave/install/decawave_interfaces/share/decawave_interfaces/cmake/decawave_interfaces__rosidl_typesupport_introspection_cExport.cmake
[0.226s] -- Up-to-date: /home/asrl/ros2_decawave/install/decawave_interfaces/share/decawave_interfaces/cmake/decawave_interfaces__rosidl_typesupport_introspection_cExport-noconfig.cmake
[0.226s] -- Up-to-date: /home/asrl/ros2_decawave/install/decawave_interfaces/share/decawave_interfaces/cmake/decawave_interfaces__rosidl_typesupport_cExport.cmake
[0.226s] -- Up-to-date: /home/asrl/ros2_decawave/install/decawave_interfaces/share/decawave_interfaces/cmake/decawave_interfaces__rosidl_typesupport_cExport-noconfig.cmake
[0.226s] -- Up-to-date: /home/asrl/ros2_decawave/install/decawave_interfaces/share/decawave_interfaces/cmake/decawave_interfaces__rosidl_generator_cppExport.cmake
[0.226s] -- Up-to-date: /home/asrl/ros2_decawave/install/decawave_interfaces/share/decawave_interfaces/cmake/decawave_interfaces__rosidl_typesupport_introspection_cppExport.cmake
[0.226s] -- Up-to-date: /home/asrl/ros2_decawave/install/decawave_interfaces/share/decawave_interfaces/cmake/decawave_interfaces__rosidl_typesupport_introspection_cppExport-noconfig.cmake
[0.226s] -- Up-to-date: /home/asrl/ros2_decawave/install/decawave_interfaces/share/decawave_interfaces/cmake/decawave_interfaces__rosidl_typesupport_cppExport.cmake
[0.226s] -- Up-to-date: /home/asrl/ros2_decawave/install/decawave_interfaces/share/decawave_interfaces/cmake/decawave_interfaces__rosidl_typesupport_cppExport-noconfig.cmake
[0.229s] Invoked command in '/home/asrl/ros2_decawave/build/decawave_interfaces' returned '0': CMAKE_PREFIX_PATH=${CMAKE_PREFIX_PATH}:/opt/ros/foxy:/home/asrl/ros2_decawave/install/decawave_test_controller /usr/bin/cmake --install /home/asrl/ros2_decawave/build/decawave_interfaces
