[0.026s] Invoking command in '/root/ros2_decawave/build/decawave_msg': CMAKE_PREFIX_PATH=${CMAKE_PREFIX_PATH}:/root/ros2_decawave/install/decawave_test_controller:/root/ros2_ws/install/my_robot_controller:/opt/ros/humble /usr/bin/cmake --build /root/ros2_decawave/build/decawave_msg -- -j16 -l16
[0.044s] -- Found ament_cmake: 1.3.4 (/opt/ros/humble/share/ament_cmake/cmake)
[0.191s] -- Override CMake install command with custom implementation using symlinks instead of copying resources
[0.198s] -- Found std_msgs: 4.2.3 (/opt/ros/humble/share/std_msgs/cmake)
[0.424s] -- Found rosidl_generator_c: 3.1.4 (/opt/ros/humble/share/rosidl_generator_c/cmake)
[0.427s] -- Found rosidl_adapter: 3.1.4 (/opt/ros/humble/share/rosidl_adapter/cmake)
[0.433s] -- Found rosidl_generator_cpp: 3.1.4 (/opt/ros/humble/share/rosidl_generator_cpp/cmake)
[0.445s] -- Using all available rosidl_typesupport_c: rosidl_typesupport_fastrtps_c;rosidl_typesupport_introspection_c
[0.462s] -- Using all available rosidl_typesupport_cpp: rosidl_typesupport_fastrtps_cpp;rosidl_typesupport_introspection_cpp
[0.521s] -- Found rosidl_default_generators: 1.2.0 (/opt/ros/humble/share/rosidl_default_generators/cmake)
[0.791s] -- Found ament_cmake_ros: 0.10.0 (/opt/ros/humble/share/ament_cmake_ros/cmake)
[1.155s] -- Using all available rosidl_typesupport_c: rosidl_typesupport_fastrtps_c;rosidl_typesupport_introspection_c
[1.299s] -- Using all available rosidl_typesupport_cpp: rosidl_typesupport_fastrtps_cpp;rosidl_typesupport_introspection_cpp
[1.322s] -- Found python_cmake_module: 0.10.0 (/opt/ros/humble/share/python_cmake_module/cmake)
[1.345s] -- Using PYTHON_EXECUTABLE: /usr/bin/python3
[1.346s] -- Using PYTHON_INCLUDE_DIRS: /usr/include/python3.10
[1.346s] -- Using PYTHON_LIBRARIES: /usr/lib/x86_64-linux-gnu/libpython3.10.so
[1.386s] -- Configuring done
[1.426s] -- Generating done
[1.430s] -- Build files have been written to: /root/ros2_decawave/build/decawave_msg
[1.451s] [  3%] [34m[1mGenerating C code for ROS interfaces[0m
[1.459s] failed to create symbolic link '/root/ros2_decawave/build/decawave_msg/ament_cmake_python/decawave_msg/decawave_msg' because existing path cannot be removed: Is a directory
[1.460s] [  6%] [34m[1mGenerating C++ code for ROS interfaces[0m
[1.460s] gmake[2]: *** [CMakeFiles/ament_cmake_python_symlink_decawave_msg.dir/build.make:70: CMakeFiles/ament_cmake_python_symlink_decawave_msg] Error 1
[1.460s] gmake[1]: *** [CMakeFiles/Makefile2:421: CMakeFiles/ament_cmake_python_symlink_decawave_msg.dir/all] Error 2
[1.460s] gmake[1]: *** Waiting for unfinished jobs....
[1.705s] [  6%] Built target decawave_msg__cpp
[1.711s] [  9%] [32mBuilding C object CMakeFiles/decawave_msg__rosidl_generator_c.dir/rosidl_generator_c/decawave_msg/msg/detail/deca_range__functions.c.o[0m
[1.768s] [ 12%] [32m[1mLinking C shared library libdecawave_msg__rosidl_generator_c.so[0m
[1.954s] [ 12%] Built target decawave_msg__rosidl_generator_c
[1.954s] gmake: *** [Makefile:146: all] Error 2
[1.957s] Invoked command in '/root/ros2_decawave/build/decawave_msg' returned '2': CMAKE_PREFIX_PATH=${CMAKE_PREFIX_PATH}:/root/ros2_decawave/install/decawave_test_controller:/root/ros2_ws/install/my_robot_controller:/opt/ros/humble /usr/bin/cmake --build /root/ros2_decawave/build/decawave_msg -- -j16 -l16
