[0.196s] DEBUG:colcon:Command line arguments: ['/usr/bin/colcon', 'build']
[0.196s] DEBUG:colcon:Parsed command line arguments: Namespace(allow_overriding=[], ament_cmake_args=None, base_paths=['.'], build_base='build', catkin_cmake_args=None, catkin_skip_building_tests=False, cmake_args=None, cmake_clean_cache=False, cmake_clean_first=False, cmake_force_configure=False, cmake_target=None, cmake_target_skip_unavailable=False, continue_on_error=False, event_handlers=None, executor='parallel', ignore_user_meta=False, install_base='install', log_base=None, log_level=None, main=<bound method BuildVerb.main of <colcon_core.verb.build.BuildVerb object at 0x7f360aa2b880>>, merge_install=False, metas=['./colcon.meta'], packages_above=None, packages_above_and_dependencies=None, packages_above_depth=None, packages_end=None, packages_ignore=None, packages_ignore_regex=None, packages_select=None, packages_select_build_failed=False, packages_select_by_dep=None, packages_select_regex=None, packages_select_test_failures=False, packages_skip=None, packages_skip_build_finished=False, packages_skip_by_dep=None, packages_skip_regex=None, packages_skip_test_passed=False, packages_skip_up_to=None, packages_start=None, packages_up_to=None, packages_up_to_regex=None, parallel_workers=16, paths=None, symlink_install=False, test_result_base=None, verb_extension=<colcon_core.verb.build.BuildVerb object at 0x7f360aa2b880>, verb_name='build', verb_parser=<colcon_defaults.argument_parser.defaults.DefaultArgumentsDecorator object at 0x7f360aa2bdf0>)
[0.214s] Level 1:colcon.colcon_core.package_discovery:discover_packages(colcon_meta) check parameters
[0.214s] Level 1:colcon.colcon_core.package_discovery:discover_packages(recursive) check parameters
[0.214s] Level 1:colcon.colcon_core.package_discovery:discover_packages(ignore) check parameters
[0.214s] Level 1:colcon.colcon_core.package_discovery:discover_packages(path) check parameters
[0.214s] Level 1:colcon.colcon_core.package_discovery:discover_packages(colcon_meta) discover
[0.215s] Level 1:colcon.colcon_core.package_discovery:discover_packages(recursive) discover
[0.215s] INFO:colcon.colcon_core.package_discovery:Crawling recursively for packages in '/home/asrl/ros2_decawave'
[0.215s] Level 1:colcon.colcon_core.package_identification:_identify(.) by extensions ['ignore', 'ignore_ament_install']
[0.215s] Level 1:colcon.colcon_core.package_identification:_identify(.) by extension 'ignore'
[0.215s] Level 1:colcon.colcon_core.package_identification:_identify(.) by extension 'ignore_ament_install'
[0.215s] Level 1:colcon.colcon_core.package_identification:_identify(.) by extensions ['colcon_pkg']
[0.215s] Level 1:colcon.colcon_core.package_identification:_identify(.) by extension 'colcon_pkg'
[0.215s] Level 1:colcon.colcon_core.package_identification:_identify(.) by extensions ['colcon_meta']
[0.215s] Level 1:colcon.colcon_core.package_identification:_identify(.) by extension 'colcon_meta'
[0.215s] Level 1:colcon.colcon_core.package_identification:_identify(.) by extensions ['ros']
[0.215s] Level 1:colcon.colcon_core.package_identification:_identify(.) by extension 'ros'
[0.221s] Level 1:colcon.colcon_core.package_identification:_identify(.) by extensions ['cmake', 'python']
[0.222s] Level 1:colcon.colcon_core.package_identification:_identify(.) by extension 'cmake'
[0.222s] Level 1:colcon.colcon_core.package_identification:_identify(.) by extension 'python'
[0.222s] Level 1:colcon.colcon_core.package_identification:_identify(.) by extensions ['python_setup_py']
[0.222s] Level 1:colcon.colcon_core.package_identification:_identify(.) by extension 'python_setup_py'
[0.222s] Level 1:colcon.colcon_core.package_identification:_identify(build) by extensions ['ignore', 'ignore_ament_install']
[0.222s] Level 1:colcon.colcon_core.package_identification:_identify(build) by extension 'ignore'
[0.222s] Level 1:colcon.colcon_core.package_identification:_identify(build) ignored
[0.222s] Level 1:colcon.colcon_core.package_identification:_identify(install) by extensions ['ignore', 'ignore_ament_install']
[0.222s] Level 1:colcon.colcon_core.package_identification:_identify(install) by extension 'ignore'
[0.222s] Level 1:colcon.colcon_core.package_identification:_identify(install) ignored
[0.222s] Level 1:colcon.colcon_core.package_identification:_identify(log) by extensions ['ignore', 'ignore_ament_install']
[0.222s] Level 1:colcon.colcon_core.package_identification:_identify(log) by extension 'ignore'
[0.222s] Level 1:colcon.colcon_core.package_identification:_identify(log) ignored
[0.222s] Level 1:colcon.colcon_core.package_identification:_identify(src) by extensions ['ignore', 'ignore_ament_install']
[0.222s] Level 1:colcon.colcon_core.package_identification:_identify(src) by extension 'ignore'
[0.222s] Level 1:colcon.colcon_core.package_identification:_identify(src) by extension 'ignore_ament_install'
[0.222s] Level 1:colcon.colcon_core.package_identification:_identify(src) by extensions ['colcon_pkg']
[0.222s] Level 1:colcon.colcon_core.package_identification:_identify(src) by extension 'colcon_pkg'
[0.222s] Level 1:colcon.colcon_core.package_identification:_identify(src) by extensions ['colcon_meta']
[0.222s] Level 1:colcon.colcon_core.package_identification:_identify(src) by extension 'colcon_meta'
[0.222s] Level 1:colcon.colcon_core.package_identification:_identify(src) by extensions ['ros']
[0.222s] Level 1:colcon.colcon_core.package_identification:_identify(src) by extension 'ros'
[0.222s] Level 1:colcon.colcon_core.package_identification:_identify(src) by extensions ['cmake', 'python']
[0.222s] Level 1:colcon.colcon_core.package_identification:_identify(src) by extension 'cmake'
[0.222s] Level 1:colcon.colcon_core.package_identification:_identify(src) by extension 'python'
[0.222s] Level 1:colcon.colcon_core.package_identification:_identify(src) by extensions ['python_setup_py']
[0.222s] Level 1:colcon.colcon_core.package_identification:_identify(src) by extension 'python_setup_py'
[0.222s] Level 1:colcon.colcon_core.package_identification:_identify(src/decawave_interfaces) by extensions ['ignore', 'ignore_ament_install']
[0.222s] Level 1:colcon.colcon_core.package_identification:_identify(src/decawave_interfaces) by extension 'ignore'
[0.223s] Level 1:colcon.colcon_core.package_identification:_identify(src/decawave_interfaces) by extension 'ignore_ament_install'
[0.223s] Level 1:colcon.colcon_core.package_identification:_identify(src/decawave_interfaces) by extensions ['colcon_pkg']
[0.223s] Level 1:colcon.colcon_core.package_identification:_identify(src/decawave_interfaces) by extension 'colcon_pkg'
[0.223s] Level 1:colcon.colcon_core.package_identification:_identify(src/decawave_interfaces) by extensions ['colcon_meta']
[0.223s] Level 1:colcon.colcon_core.package_identification:_identify(src/decawave_interfaces) by extension 'colcon_meta'
[0.223s] Level 1:colcon.colcon_core.package_identification:_identify(src/decawave_interfaces) by extensions ['ros']
[0.223s] Level 1:colcon.colcon_core.package_identification:_identify(src/decawave_interfaces) by extension 'ros'
[0.224s] DEBUG:colcon.colcon_core.package_identification:Package 'src/decawave_interfaces' with type 'ros.ament_cmake' and name 'decawave_interfaces'
[0.224s] Level 1:colcon.colcon_core.package_identification:_identify(src/decawave_test_controller) by extensions ['ignore', 'ignore_ament_install']
[0.224s] Level 1:colcon.colcon_core.package_identification:_identify(src/decawave_test_controller) by extension 'ignore'
[0.224s] Level 1:colcon.colcon_core.package_identification:_identify(src/decawave_test_controller) by extension 'ignore_ament_install'
[0.224s] Level 1:colcon.colcon_core.package_identification:_identify(src/decawave_test_controller) by extensions ['colcon_pkg']
[0.224s] Level 1:colcon.colcon_core.package_identification:_identify(src/decawave_test_controller) by extension 'colcon_pkg'
[0.224s] Level 1:colcon.colcon_core.package_identification:_identify(src/decawave_test_controller) by extensions ['colcon_meta']
[0.224s] Level 1:colcon.colcon_core.package_identification:_identify(src/decawave_test_controller) by extension 'colcon_meta'
[0.224s] Level 1:colcon.colcon_core.package_identification:_identify(src/decawave_test_controller) by extensions ['ros']
[0.224s] Level 1:colcon.colcon_core.package_identification:_identify(src/decawave_test_controller) by extension 'ros'
[0.225s] DEBUG:colcon.colcon_core.package_identification:Package 'src/decawave_test_controller' with type 'ros.ament_python' and name 'decawave_test_controller'
[0.225s] Level 1:colcon.colcon_core.package_discovery:discover_packages(recursive) using defaults
[0.225s] Level 1:colcon.colcon_core.package_discovery:discover_packages(ignore) discover
[0.225s] Level 1:colcon.colcon_core.package_discovery:discover_packages(ignore) using defaults
[0.225s] Level 1:colcon.colcon_core.package_discovery:discover_packages(path) discover
[0.225s] Level 1:colcon.colcon_core.package_discovery:discover_packages(path) using defaults
[0.239s] Level 1:colcon.colcon_core.package_discovery:discover_packages(prefix_path) check parameters
[0.239s] Level 1:colcon.colcon_core.package_discovery:discover_packages(prefix_path) discover
[0.241s] DEBUG:colcon.colcon_installed_package_information.package_discovery:Found 3 installed packages in /home/asrl/ros2_decawave/install
[0.242s] DEBUG:colcon.colcon_installed_package_information.package_discovery:Found 263 installed packages in /opt/ros/foxy
[0.242s] Level 1:colcon.colcon_core.package_discovery:discover_packages(prefix_path) using defaults
[0.280s] Level 5:colcon.colcon_core.verb:set package 'decawave_interfaces' build argument 'cmake_args' from command line to 'None'
[0.280s] Level 5:colcon.colcon_core.verb:set package 'decawave_interfaces' build argument 'cmake_target' from command line to 'None'
[0.280s] Level 5:colcon.colcon_core.verb:set package 'decawave_interfaces' build argument 'cmake_target_skip_unavailable' from command line to 'False'
[0.280s] Level 5:colcon.colcon_core.verb:set package 'decawave_interfaces' build argument 'cmake_clean_cache' from command line to 'False'
[0.280s] Level 5:colcon.colcon_core.verb:set package 'decawave_interfaces' build argument 'cmake_clean_first' from command line to 'False'
[0.280s] Level 5:colcon.colcon_core.verb:set package 'decawave_interfaces' build argument 'cmake_force_configure' from command line to 'False'
[0.280s] Level 5:colcon.colcon_core.verb:set package 'decawave_interfaces' build argument 'ament_cmake_args' from command line to 'None'
[0.280s] Level 5:colcon.colcon_core.verb:set package 'decawave_interfaces' build argument 'catkin_cmake_args' from command line to 'None'
[0.280s] Level 5:colcon.colcon_core.verb:set package 'decawave_interfaces' build argument 'catkin_skip_building_tests' from command line to 'False'
[0.280s] DEBUG:colcon.colcon_core.verb:Building package 'decawave_interfaces' with the following arguments: {'ament_cmake_args': None, 'build_base': '/home/asrl/ros2_decawave/build/decawave_interfaces', 'catkin_cmake_args': None, 'catkin_skip_building_tests': False, 'cmake_args': None, 'cmake_clean_cache': False, 'cmake_clean_first': False, 'cmake_force_configure': False, 'cmake_target': None, 'cmake_target_skip_unavailable': False, 'install_base': '/home/asrl/ros2_decawave/install/decawave_interfaces', 'merge_install': False, 'path': '/home/asrl/ros2_decawave/src/decawave_interfaces', 'symlink_install': False, 'test_result_base': None}
[0.281s] Level 5:colcon.colcon_core.verb:set package 'decawave_test_controller' build argument 'cmake_args' from command line to 'None'
[0.281s] Level 5:colcon.colcon_core.verb:set package 'decawave_test_controller' build argument 'cmake_target' from command line to 'None'
[0.281s] Level 5:colcon.colcon_core.verb:set package 'decawave_test_controller' build argument 'cmake_target_skip_unavailable' from command line to 'False'
[0.281s] Level 5:colcon.colcon_core.verb:set package 'decawave_test_controller' build argument 'cmake_clean_cache' from command line to 'False'
[0.281s] Level 5:colcon.colcon_core.verb:set package 'decawave_test_controller' build argument 'cmake_clean_first' from command line to 'False'
[0.281s] Level 5:colcon.colcon_core.verb:set package 'decawave_test_controller' build argument 'cmake_force_configure' from command line to 'False'
[0.281s] Level 5:colcon.colcon_core.verb:set package 'decawave_test_controller' build argument 'ament_cmake_args' from command line to 'None'
[0.281s] Level 5:colcon.colcon_core.verb:set package 'decawave_test_controller' build argument 'catkin_cmake_args' from command line to 'None'
[0.281s] Level 5:colcon.colcon_core.verb:set package 'decawave_test_controller' build argument 'catkin_skip_building_tests' from command line to 'False'
[0.281s] DEBUG:colcon.colcon_core.verb:Building package 'decawave_test_controller' with the following arguments: {'ament_cmake_args': None, 'build_base': '/home/asrl/ros2_decawave/build/decawave_test_controller', 'catkin_cmake_args': None, 'catkin_skip_building_tests': False, 'cmake_args': None, 'cmake_clean_cache': False, 'cmake_clean_first': False, 'cmake_force_configure': False, 'cmake_target': None, 'cmake_target_skip_unavailable': False, 'install_base': '/home/asrl/ros2_decawave/install/decawave_test_controller', 'merge_install': False, 'path': '/home/asrl/ros2_decawave/src/decawave_test_controller', 'symlink_install': False, 'test_result_base': None}
[0.281s] INFO:colcon.colcon_core.executor:Executing jobs using 'parallel' executor
[0.284s] DEBUG:colcon.colcon_parallel_executor.executor.parallel:run_until_complete
[0.284s] INFO:colcon.colcon_ros.task.ament_cmake.build:Building ROS package in '/home/asrl/ros2_decawave/src/decawave_interfaces' with build type 'ament_cmake'
[0.284s] INFO:colcon.colcon_cmake.task.cmake.build:Building CMake package in '/home/asrl/ros2_decawave/src/decawave_interfaces'
[0.287s] INFO:colcon.colcon_core.plugin_system:Skipping extension 'colcon_core.shell.bat': Not used on non-Windows systems
[0.287s] INFO:colcon.colcon_core.shell:Skip shell extension 'powershell' for command environment: Not usable outside of PowerShell
[0.287s] DEBUG:colcon.colcon_core.shell:Skip shell extension 'dsv' for command environment
[0.294s] DEBUG:colcon.colcon_core.event_handler.log_command:Invoking command in '/home/asrl/ros2_decawave/build/decawave_interfaces': CMAKE_PREFIX_PATH=${CMAKE_PREFIX_PATH}:/opt/ros/foxy:/home/asrl/ros2_decawave/install/decawave_test_controller /usr/bin/cmake /home/asrl/ros2_decawave/src/decawave_interfaces -DCMAKE_INSTALL_PREFIX=/home/asrl/ros2_decawave/install/decawave_interfaces
[0.895s] DEBUG:colcon.colcon_core.event_handler.log_command:Invoked command in '/home/asrl/ros2_decawave/build/decawave_interfaces' returned '0': CMAKE_PREFIX_PATH=${CMAKE_PREFIX_PATH}:/opt/ros/foxy:/home/asrl/ros2_decawave/install/decawave_test_controller /usr/bin/cmake /home/asrl/ros2_decawave/src/decawave_interfaces -DCMAKE_INSTALL_PREFIX=/home/asrl/ros2_decawave/install/decawave_interfaces
[0.897s] DEBUG:colcon.colcon_core.event_handler.log_command:Invoking command in '/home/asrl/ros2_decawave/build/decawave_interfaces': CMAKE_PREFIX_PATH=${CMAKE_PREFIX_PATH}:/opt/ros/foxy:/home/asrl/ros2_decawave/install/decawave_test_controller /usr/bin/cmake --build /home/asrl/ros2_decawave/build/decawave_interfaces -- -j16 -l16
[2.612s] DEBUG:colcon.colcon_core.event_handler.log_command:Invoked command in '/home/asrl/ros2_decawave/build/decawave_interfaces' returned '0': CMAKE_PREFIX_PATH=${CMAKE_PREFIX_PATH}:/opt/ros/foxy:/home/asrl/ros2_decawave/install/decawave_test_controller /usr/bin/cmake --build /home/asrl/ros2_decawave/build/decawave_interfaces -- -j16 -l16
[2.656s] DEBUG:colcon.colcon_core.event_handler.log_command:Invoking command in '/home/asrl/ros2_decawave/build/decawave_interfaces': CMAKE_PREFIX_PATH=${CMAKE_PREFIX_PATH}:/opt/ros/foxy:/home/asrl/ros2_decawave/install/decawave_test_controller /usr/bin/cmake --install /home/asrl/ros2_decawave/build/decawave_interfaces
[2.704s] Level 1:colcon.colcon_core.environment:create_environment_scripts_only(decawave_interfaces)
[2.704s] DEBUG:colcon.colcon_core.event_handler.log_command:Invoked command in '/home/asrl/ros2_decawave/build/decawave_interfaces' returned '0': CMAKE_PREFIX_PATH=${CMAKE_PREFIX_PATH}:/opt/ros/foxy:/home/asrl/ros2_decawave/install/decawave_test_controller /usr/bin/cmake --install /home/asrl/ros2_decawave/build/decawave_interfaces
[2.708s] Level 1:colcon.colcon_core.environment:checking '/home/asrl/ros2_decawave/install/decawave_interfaces' for CMake module files
[2.708s] Level 1:colcon.colcon_core.environment:checking '/home/asrl/ros2_decawave/install/decawave_interfaces' for CMake config files
[2.708s] Level 1:colcon.colcon_core.shell:create_environment_hook('decawave_interfaces', 'cmake_prefix_path')
[2.710s] INFO:colcon.colcon_core.shell:Creating environment hook '/home/asrl/ros2_decawave/install/decawave_interfaces/share/decawave_interfaces/hook/cmake_prefix_path.ps1'
[2.710s] INFO:colcon.colcon_core.shell:Creating environment descriptor '/home/asrl/ros2_decawave/install/decawave_interfaces/share/decawave_interfaces/hook/cmake_prefix_path.dsv'
[2.710s] INFO:colcon.colcon_core.shell:Creating environment hook '/home/asrl/ros2_decawave/install/decawave_interfaces/share/decawave_interfaces/hook/cmake_prefix_path.sh'
[2.711s] Level 1:colcon.colcon_core.environment:checking '/home/asrl/ros2_decawave/install/decawave_interfaces/lib'
[2.711s] Level 1:colcon.colcon_core.shell:create_environment_hook('decawave_interfaces', 'ld_library_path_lib')
[2.712s] INFO:colcon.colcon_core.shell:Creating environment hook '/home/asrl/ros2_decawave/install/decawave_interfaces/share/decawave_interfaces/hook/ld_library_path_lib.ps1'
[2.712s] INFO:colcon.colcon_core.shell:Creating environment descriptor '/home/asrl/ros2_decawave/install/decawave_interfaces/share/decawave_interfaces/hook/ld_library_path_lib.dsv'
[2.712s] INFO:colcon.colcon_core.shell:Creating environment hook '/home/asrl/ros2_decawave/install/decawave_interfaces/share/decawave_interfaces/hook/ld_library_path_lib.sh'
[2.712s] Level 1:colcon.colcon_core.environment:checking '/home/asrl/ros2_decawave/install/decawave_interfaces/bin'
[2.712s] Level 1:colcon.colcon_core.environment:checking '/home/asrl/ros2_decawave/install/decawave_interfaces/lib/pkgconfig/decawave_interfaces.pc'
[2.713s] Level 1:colcon.colcon_core.environment:checking '/home/asrl/ros2_decawave/install/decawave_interfaces/lib/python3.8/site-packages'
[2.713s] Level 1:colcon.colcon_core.shell:create_environment_hook('decawave_interfaces', 'pythonpath')
[2.714s] INFO:colcon.colcon_core.shell:Creating environment hook '/home/asrl/ros2_decawave/install/decawave_interfaces/share/decawave_interfaces/hook/pythonpath.ps1'
[2.714s] INFO:colcon.colcon_core.shell:Creating environment descriptor '/home/asrl/ros2_decawave/install/decawave_interfaces/share/decawave_interfaces/hook/pythonpath.dsv'
[2.714s] INFO:colcon.colcon_core.shell:Creating environment hook '/home/asrl/ros2_decawave/install/decawave_interfaces/share/decawave_interfaces/hook/pythonpath.sh'
[2.714s] Level 1:colcon.colcon_core.environment:checking '/home/asrl/ros2_decawave/install/decawave_interfaces/bin'
[2.715s] INFO:colcon.colcon_core.shell:Creating package script '/home/asrl/ros2_decawave/install/decawave_interfaces/share/decawave_interfaces/package.ps1'
[2.716s] INFO:colcon.colcon_core.shell:Creating package descriptor '/home/asrl/ros2_decawave/install/decawave_interfaces/share/decawave_interfaces/package.dsv'
[2.716s] INFO:colcon.colcon_core.shell:Creating package script '/home/asrl/ros2_decawave/install/decawave_interfaces/share/decawave_interfaces/package.sh'
[2.716s] INFO:colcon.colcon_core.shell:Creating package script '/home/asrl/ros2_decawave/install/decawave_interfaces/share/decawave_interfaces/package.bash'
[2.717s] INFO:colcon.colcon_core.shell:Creating package script '/home/asrl/ros2_decawave/install/decawave_interfaces/share/decawave_interfaces/package.zsh'
[2.717s] Level 1:colcon.colcon_core.environment:create_file_with_runtime_dependencies(/home/asrl/ros2_decawave/install/decawave_interfaces/share/colcon-core/packages/decawave_interfaces)
[2.752s] Level 1:colcon.colcon_core.environment:create_environment_scripts_only(decawave_interfaces)
[2.755s] Level 1:colcon.colcon_core.environment:checking '/home/asrl/ros2_decawave/install/decawave_interfaces' for CMake module files
[2.755s] Level 1:colcon.colcon_core.environment:checking '/home/asrl/ros2_decawave/install/decawave_interfaces' for CMake config files
[2.756s] Level 1:colcon.colcon_core.shell:create_environment_hook('decawave_interfaces', 'cmake_prefix_path')
[2.757s] INFO:colcon.colcon_core.shell:Creating environment hook '/home/asrl/ros2_decawave/install/decawave_interfaces/share/decawave_interfaces/hook/cmake_prefix_path.ps1'
[2.758s] INFO:colcon.colcon_core.shell:Creating environment descriptor '/home/asrl/ros2_decawave/install/decawave_interfaces/share/decawave_interfaces/hook/cmake_prefix_path.dsv'
[2.758s] INFO:colcon.colcon_core.shell:Creating environment hook '/home/asrl/ros2_decawave/install/decawave_interfaces/share/decawave_interfaces/hook/cmake_prefix_path.sh'
[2.759s] Level 1:colcon.colcon_core.environment:checking '/home/asrl/ros2_decawave/install/decawave_interfaces/lib'
[2.759s] Level 1:colcon.colcon_core.shell:create_environment_hook('decawave_interfaces', 'ld_library_path_lib')
[2.760s] INFO:colcon.colcon_core.shell:Creating environment hook '/home/asrl/ros2_decawave/install/decawave_interfaces/share/decawave_interfaces/hook/ld_library_path_lib.ps1'
[2.760s] INFO:colcon.colcon_core.shell:Creating environment descriptor '/home/asrl/ros2_decawave/install/decawave_interfaces/share/decawave_interfaces/hook/ld_library_path_lib.dsv'
[2.761s] INFO:colcon.colcon_core.shell:Creating environment hook '/home/asrl/ros2_decawave/install/decawave_interfaces/share/decawave_interfaces/hook/ld_library_path_lib.sh'
[2.761s] Level 1:colcon.colcon_core.environment:checking '/home/asrl/ros2_decawave/install/decawave_interfaces/bin'
[2.761s] Level 1:colcon.colcon_core.environment:checking '/home/asrl/ros2_decawave/install/decawave_interfaces/lib/pkgconfig/decawave_interfaces.pc'
[2.761s] Level 1:colcon.colcon_core.environment:checking '/home/asrl/ros2_decawave/install/decawave_interfaces/lib/python3.8/site-packages'
[2.761s] Level 1:colcon.colcon_core.shell:create_environment_hook('decawave_interfaces', 'pythonpath')
[2.763s] INFO:colcon.colcon_core.shell:Creating environment hook '/home/asrl/ros2_decawave/install/decawave_interfaces/share/decawave_interfaces/hook/pythonpath.ps1'
[2.763s] INFO:colcon.colcon_core.shell:Creating environment descriptor '/home/asrl/ros2_decawave/install/decawave_interfaces/share/decawave_interfaces/hook/pythonpath.dsv'
[2.763s] INFO:colcon.colcon_core.shell:Creating environment hook '/home/asrl/ros2_decawave/install/decawave_interfaces/share/decawave_interfaces/hook/pythonpath.sh'
[2.763s] Level 1:colcon.colcon_core.environment:checking '/home/asrl/ros2_decawave/install/decawave_interfaces/bin'
[2.765s] INFO:colcon.colcon_core.shell:Creating package script '/home/asrl/ros2_decawave/install/decawave_interfaces/share/decawave_interfaces/package.ps1'
[2.765s] INFO:colcon.colcon_core.shell:Creating package descriptor '/home/asrl/ros2_decawave/install/decawave_interfaces/share/decawave_interfaces/package.dsv'
[2.766s] INFO:colcon.colcon_core.shell:Creating package script '/home/asrl/ros2_decawave/install/decawave_interfaces/share/decawave_interfaces/package.sh'
[2.766s] INFO:colcon.colcon_core.shell:Creating package script '/home/asrl/ros2_decawave/install/decawave_interfaces/share/decawave_interfaces/package.bash'
[2.766s] INFO:colcon.colcon_core.shell:Creating package script '/home/asrl/ros2_decawave/install/decawave_interfaces/share/decawave_interfaces/package.zsh'
[2.767s] Level 1:colcon.colcon_core.environment:create_file_with_runtime_dependencies(/home/asrl/ros2_decawave/install/decawave_interfaces/share/colcon-core/packages/decawave_interfaces)
[2.767s] INFO:colcon.colcon_ros.task.ament_python.build:Building ROS package in '/home/asrl/ros2_decawave/src/decawave_test_controller' with build type 'ament_python'
[2.767s] Level 1:colcon.colcon_core.shell:create_environment_hook('decawave_test_controller', 'ament_prefix_path')
[2.769s] INFO:colcon.colcon_core.shell:Creating environment hook '/home/asrl/ros2_decawave/install/decawave_test_controller/share/decawave_test_controller/hook/ament_prefix_path.ps1'
[2.769s] INFO:colcon.colcon_core.shell:Creating environment descriptor '/home/asrl/ros2_decawave/install/decawave_test_controller/share/decawave_test_controller/hook/ament_prefix_path.dsv'
[2.769s] INFO:colcon.colcon_core.shell:Creating environment hook '/home/asrl/ros2_decawave/install/decawave_test_controller/share/decawave_test_controller/hook/ament_prefix_path.sh'
[2.771s] INFO:colcon.colcon_core.shell:Skip shell extension 'powershell' for command environment: Not usable outside of PowerShell
[2.771s] DEBUG:colcon.colcon_core.shell:Skip shell extension 'dsv' for command environment
[2.929s] INFO:colcon.colcon_core.task.python.build:Building Python package in '/home/asrl/ros2_decawave/src/decawave_test_controller'
[2.931s] INFO:colcon.colcon_core.shell:Skip shell extension 'powershell' for command environment: Not usable outside of PowerShell
[2.931s] DEBUG:colcon.colcon_core.shell:Skip shell extension 'dsv' for command environment
[3.163s] DEBUG:colcon.colcon_core.event_handler.log_command:Invoking command in '/home/asrl/ros2_decawave/build/decawave_test_controller': LD_LIBRARY_PATH=/home/asrl/ros2_decawave/install/decawave_interfaces/lib:/opt/ros/foxy/opt/yaml_cpp_vendor/lib:/opt/ros/foxy/opt/rviz_ogre_vendor/lib:/opt/ros/foxy/lib/x86_64-linux-gnu:/opt/ros/foxy/lib PYTHONPATH=/home/asrl/ros2_decawave/build/decawave_test_controller/prefix_override:/home/asrl/ros2_decawave/install/decawave_test_controller/lib/python3.8/site-packages:/home/asrl/ros2_decawave/install/decawave_interfaces/lib/python3.8/site-packages:/opt/ros/foxy/lib/python3.8/site-packages:/home/asrl/ros2_decawave/build/my-test-package:/home/asrl/ros2_decawave/install/my-test-package/lib/python3.8/site-packages:/home/asrl/ros2_decawave/build/decawave_test_controller:/home/asrl/ros2_decawave/install/decawave_test_controller/lib/python3.8/site-packages:/home/duembgen/.local/bin/ /usr/bin/python3 setup.py develop --uninstall --editable --build-directory /home/asrl/ros2_decawave/build/decawave_test_controller/build
[3.406s] DEBUG:colcon.colcon_core.event_handler.log_command:Invoked command in '/home/asrl/ros2_decawave/build/decawave_test_controller' returned '0': LD_LIBRARY_PATH=/home/asrl/ros2_decawave/install/decawave_interfaces/lib:/opt/ros/foxy/opt/yaml_cpp_vendor/lib:/opt/ros/foxy/opt/rviz_ogre_vendor/lib:/opt/ros/foxy/lib/x86_64-linux-gnu:/opt/ros/foxy/lib PYTHONPATH=/home/asrl/ros2_decawave/build/decawave_test_controller/prefix_override:/home/asrl/ros2_decawave/install/decawave_test_controller/lib/python3.8/site-packages:/home/asrl/ros2_decawave/install/decawave_interfaces/lib/python3.8/site-packages:/opt/ros/foxy/lib/python3.8/site-packages:/home/asrl/ros2_decawave/build/my-test-package:/home/asrl/ros2_decawave/install/my-test-package/lib/python3.8/site-packages:/home/asrl/ros2_decawave/build/decawave_test_controller:/home/asrl/ros2_decawave/install/decawave_test_controller/lib/python3.8/site-packages:/home/duembgen/.local/bin/ /usr/bin/python3 setup.py develop --uninstall --editable --build-directory /home/asrl/ros2_decawave/build/decawave_test_controller/build
[3.408s] DEBUG:colcon.colcon_core.event_handler.log_command:Invoking command in '/home/asrl/ros2_decawave/src/decawave_test_controller': LD_LIBRARY_PATH=/home/asrl/ros2_decawave/install/decawave_interfaces/lib:/opt/ros/foxy/opt/yaml_cpp_vendor/lib:/opt/ros/foxy/opt/rviz_ogre_vendor/lib:/opt/ros/foxy/lib/x86_64-linux-gnu:/opt/ros/foxy/lib PYTHONPATH=/home/asrl/ros2_decawave/build/decawave_test_controller/prefix_override:/home/asrl/ros2_decawave/install/decawave_test_controller/lib/python3.8/site-packages:/home/asrl/ros2_decawave/install/decawave_interfaces/lib/python3.8/site-packages:/opt/ros/foxy/lib/python3.8/site-packages:/home/asrl/ros2_decawave/build/my-test-package:/home/asrl/ros2_decawave/install/my-test-package/lib/python3.8/site-packages:/home/asrl/ros2_decawave/build/decawave_test_controller:/home/asrl/ros2_decawave/install/decawave_test_controller/lib/python3.8/site-packages:/home/duembgen/.local/bin/ /usr/bin/python3 setup.py egg_info --egg-base ../../build/decawave_test_controller build --build-base /home/asrl/ros2_decawave/build/decawave_test_controller/build install --record /home/asrl/ros2_decawave/build/decawave_test_controller/install.log --single-version-externally-managed
[3.578s] Level 1:colcon.colcon_core.environment:checking '/home/asrl/ros2_decawave/install/decawave_test_controller' for CMake module files
[3.579s] Level 1:colcon.colcon_core.environment:checking '/home/asrl/ros2_decawave/install/decawave_test_controller' for CMake config files
[3.579s] DEBUG:colcon.colcon_core.event_handler.log_command:Invoked command in '/home/asrl/ros2_decawave/src/decawave_test_controller' returned '0': LD_LIBRARY_PATH=/home/asrl/ros2_decawave/install/decawave_interfaces/lib:/opt/ros/foxy/opt/yaml_cpp_vendor/lib:/opt/ros/foxy/opt/rviz_ogre_vendor/lib:/opt/ros/foxy/lib/x86_64-linux-gnu:/opt/ros/foxy/lib PYTHONPATH=/home/asrl/ros2_decawave/build/decawave_test_controller/prefix_override:/home/asrl/ros2_decawave/install/decawave_test_controller/lib/python3.8/site-packages:/home/asrl/ros2_decawave/install/decawave_interfaces/lib/python3.8/site-packages:/opt/ros/foxy/lib/python3.8/site-packages:/home/asrl/ros2_decawave/build/my-test-package:/home/asrl/ros2_decawave/install/my-test-package/lib/python3.8/site-packages:/home/asrl/ros2_decawave/build/decawave_test_controller:/home/asrl/ros2_decawave/install/decawave_test_controller/lib/python3.8/site-packages:/home/duembgen/.local/bin/ /usr/bin/python3 setup.py egg_info --egg-base ../../build/decawave_test_controller build --build-base /home/asrl/ros2_decawave/build/decawave_test_controller/build install --record /home/asrl/ros2_decawave/build/decawave_test_controller/install.log --single-version-externally-managed
[3.579s] Level 1:colcon.colcon_core.environment:checking '/home/asrl/ros2_decawave/install/decawave_test_controller/lib'
[3.579s] Level 1:colcon.colcon_core.environment:checking '/home/asrl/ros2_decawave/install/decawave_test_controller/bin'
[3.579s] Level 1:colcon.colcon_core.environment:checking '/home/asrl/ros2_decawave/install/decawave_test_controller/lib/pkgconfig/decawave_test_controller.pc'
[3.580s] Level 1:colcon.colcon_core.environment:checking '/home/asrl/ros2_decawave/install/decawave_test_controller/lib/python3.8/site-packages'
[3.580s] Level 1:colcon.colcon_core.shell:create_environment_hook('decawave_test_controller', 'pythonpath')
[3.581s] INFO:colcon.colcon_core.shell:Creating environment hook '/home/asrl/ros2_decawave/install/decawave_test_controller/share/decawave_test_controller/hook/pythonpath.ps1'
[3.581s] INFO:colcon.colcon_core.shell:Creating environment descriptor '/home/asrl/ros2_decawave/install/decawave_test_controller/share/decawave_test_controller/hook/pythonpath.dsv'
[3.581s] INFO:colcon.colcon_core.shell:Creating environment hook '/home/asrl/ros2_decawave/install/decawave_test_controller/share/decawave_test_controller/hook/pythonpath.sh'
[3.581s] Level 1:colcon.colcon_core.environment:checking '/home/asrl/ros2_decawave/install/decawave_test_controller/bin'
[3.582s] Level 1:colcon.colcon_core.environment:create_environment_scripts_only(decawave_test_controller)
[3.582s] INFO:colcon.colcon_core.shell:Creating package script '/home/asrl/ros2_decawave/install/decawave_test_controller/share/decawave_test_controller/package.ps1'
[3.583s] INFO:colcon.colcon_core.shell:Creating package descriptor '/home/asrl/ros2_decawave/install/decawave_test_controller/share/decawave_test_controller/package.dsv'
[3.583s] INFO:colcon.colcon_core.shell:Creating package script '/home/asrl/ros2_decawave/install/decawave_test_controller/share/decawave_test_controller/package.sh'
[3.583s] INFO:colcon.colcon_core.shell:Creating package script '/home/asrl/ros2_decawave/install/decawave_test_controller/share/decawave_test_controller/package.bash'
[3.583s] INFO:colcon.colcon_core.shell:Creating package script '/home/asrl/ros2_decawave/install/decawave_test_controller/share/decawave_test_controller/package.zsh'
[3.584s] Level 1:colcon.colcon_core.environment:create_file_with_runtime_dependencies(/home/asrl/ros2_decawave/install/decawave_test_controller/share/colcon-core/packages/decawave_test_controller)
[3.584s] DEBUG:colcon.colcon_parallel_executor.executor.parallel:closing loop
[3.584s] DEBUG:colcon.colcon_parallel_executor.executor.parallel:loop closed
[3.584s] DEBUG:colcon.colcon_parallel_executor.executor.parallel:run_until_complete finished with '0'
[3.584s] DEBUG:colcon.colcon_core.event_reactor:joining thread
[3.588s] INFO:colcon.colcon_core.plugin_system:Skipping extension 'colcon_notification.desktop_notification.terminal_notifier': Not used on non-Darwin systems
[3.588s] INFO:colcon.colcon_core.plugin_system:Skipping extension 'colcon_notification.desktop_notification.win32': Not used on non-Windows systems
[3.588s] INFO:colcon.colcon_notification.desktop_notification:Sending desktop notification using 'notify2'
[3.599s] DEBUG:colcon.colcon_core.event_reactor:joined thread
[3.600s] INFO:colcon.colcon_core.shell:Creating prefix script '/home/asrl/ros2_decawave/install/local_setup.ps1'
[3.601s] INFO:colcon.colcon_core.shell:Creating prefix util module '/home/asrl/ros2_decawave/install/_local_setup_util_ps1.py'
[3.602s] INFO:colcon.colcon_core.shell:Creating prefix chain script '/home/asrl/ros2_decawave/install/setup.ps1'
[3.603s] INFO:colcon.colcon_core.shell:Creating prefix script '/home/asrl/ros2_decawave/install/local_setup.sh'
[3.603s] INFO:colcon.colcon_core.shell:Creating prefix util module '/home/asrl/ros2_decawave/install/_local_setup_util_sh.py'
[3.603s] INFO:colcon.colcon_core.shell:Creating prefix chain script '/home/asrl/ros2_decawave/install/setup.sh'
[3.604s] INFO:colcon.colcon_core.shell:Creating prefix script '/home/asrl/ros2_decawave/install/local_setup.bash'
[3.604s] INFO:colcon.colcon_core.shell:Creating prefix chain script '/home/asrl/ros2_decawave/install/setup.bash'
[3.605s] INFO:colcon.colcon_core.shell:Creating prefix script '/home/asrl/ros2_decawave/install/local_setup.zsh'
[3.605s] INFO:colcon.colcon_core.shell:Creating prefix chain script '/home/asrl/ros2_decawave/install/setup.zsh'
