[0.024s] Invoking command in '/root/ros2_decawave/build/decawave_msg': CMAKE_PREFIX_PATH=${CMAKE_PREFIX_PATH}:/root/ros2_decawave/install/decawave_test_controller:/root/ros2_ws/install/my_robot_controller:/opt/ros/humble /usr/bin/cmake --build /root/ros2_decawave/build/decawave_msg -- -j16 -l16
[0.063s] [ 12%] Built target decawave_msg__cpp
[0.064s] [ 12%] Built target decawave_msg__rosidl_generator_c
[0.073s] [ 12%] Built target ament_cmake_python_copy_decawave_msg
[0.083s] [ 22%] Built target decawave_msg__rosidl_typesupport_c
[0.087s] [ 51%] Built target decawave_msg__rosidl_typesupport_introspection_c
[0.087s] [ 51%] Built target decawave_msg__rosidl_typesupport_introspection_cpp
[0.087s] [ 45%] Built target decawave_msg__rosidl_typesupport_fastrtps_c
[0.095s] [ 61%] Built target decawave_msg__rosidl_typesupport_fastrtps_cpp
[0.096s] [ 70%] Built target decawave_msg__rosidl_typesupport_cpp
[0.114s] [ 70%] Built target decawave_msg
[0.132s] [ 74%] Built target decawave_msg__py
[0.151s] [ 80%] Built target decawave_msg__rosidl_generator_py
[0.171s] [ 87%] Built target decawave_msg__rosidl_typesupport_c__pyext
[0.173s] [ 93%] Built target decawave_msg__rosidl_typesupport_introspection_c__pyext
[0.173s] [100%] Built target decawave_msg__rosidl_typesupport_fastrtps_c__pyext
[0.357s] running egg_info
[0.358s] writing decawave_msg.egg-info/PKG-INFO
[0.358s] writing dependency_links to decawave_msg.egg-info/dependency_links.txt
[0.358s] writing top-level names to decawave_msg.egg-info/top_level.txt
[0.360s] reading manifest file 'decawave_msg.egg-info/SOURCES.txt'
[0.361s] writing manifest file 'decawave_msg.egg-info/SOURCES.txt'
[0.384s] [100%] Built target ament_cmake_python_build_decawave_msg_egg
[0.394s] Invoked command in '/root/ros2_decawave/build/decawave_msg' returned '0': CMAKE_PREFIX_PATH=${CMAKE_PREFIX_PATH}:/root/ros2_decawave/install/decawave_test_controller:/root/ros2_ws/install/my_robot_controller:/opt/ros/humble /usr/bin/cmake --build /root/ros2_decawave/build/decawave_msg -- -j16 -l16
[0.447s] Invoking command in '/root/ros2_decawave/build/decawave_msg': CMAKE_PREFIX_PATH=${CMAKE_PREFIX_PATH}:/root/ros2_decawave/install/decawave_test_controller:/root/ros2_ws/install/my_robot_controller:/opt/ros/humble /usr/bin/cmake --install /root/ros2_decawave/build/decawave_msg
[0.453s] -- Install configuration: ""
[0.454s] -- Up-to-date: /root/ros2_decawave/install/decawave_msg/share/ament_index/resource_index/rosidl_interfaces/decawave_msg
[0.454s] -- Up-to-date: /root/ros2_decawave/install/decawave_msg/include/decawave_msg/decawave_msg
[0.454s] -- Up-to-date: /root/ros2_decawave/install/decawave_msg/include/decawave_msg/decawave_msg/msg
[0.454s] -- Up-to-date: /root/ros2_decawave/install/decawave_msg/include/decawave_msg/decawave_msg/msg/range.h
[0.454s] -- Up-to-date: /root/ros2_decawave/install/decawave_msg/include/decawave_msg/decawave_msg/msg/detail
[0.454s] -- Up-to-date: /root/ros2_decawave/install/decawave_msg/include/decawave_msg/decawave_msg/msg/detail/range__type_support.h
[0.455s] -- Up-to-date: /root/ros2_decawave/install/decawave_msg/include/decawave_msg/decawave_msg/msg/detail/range__functions.c
[0.455s] -- Up-to-date: /root/ros2_decawave/install/decawave_msg/include/decawave_msg/decawave_msg/msg/detail/range__struct.h
[0.455s] -- Up-to-date: /root/ros2_decawave/install/decawave_msg/include/decawave_msg/decawave_msg/msg/detail/range__functions.h
[0.456s] -- Up-to-date: /root/ros2_decawave/install/decawave_msg/include/decawave_msg/decawave_msg/msg/rosidl_generator_c__visibility_control.h
[0.456s] -- Up-to-date: /root/ros2_decawave/install/decawave_msg/share/decawave_msg/environment/library_path.sh
[0.456s] -- Up-to-date: /root/ros2_decawave/install/decawave_msg/share/decawave_msg/environment/library_path.dsv
[0.456s] -- Up-to-date: /root/ros2_decawave/install/decawave_msg/lib/libdecawave_msg__rosidl_generator_c.so
[0.456s] -- Up-to-date: /root/ros2_decawave/install/decawave_msg/include/decawave_msg/decawave_msg
[0.456s] -- Up-to-date: /root/ros2_decawave/install/decawave_msg/include/decawave_msg/decawave_msg/msg
[0.456s] -- Up-to-date: /root/ros2_decawave/install/decawave_msg/include/decawave_msg/decawave_msg/msg/rosidl_typesupport_fastrtps_c__visibility_control.h
[0.457s] -- Up-to-date: /root/ros2_decawave/install/decawave_msg/include/decawave_msg/decawave_msg/msg/detail
[0.457s] -- Up-to-date: /root/ros2_decawave/install/decawave_msg/include/decawave_msg/decawave_msg/msg/detail/range__rosidl_typesupport_fastrtps_c.h
[0.457s] -- Up-to-date: /root/ros2_decawave/install/decawave_msg/lib/libdecawave_msg__rosidl_typesupport_fastrtps_c.so
[0.457s] -- Up-to-date: /root/ros2_decawave/install/decawave_msg/include/decawave_msg/decawave_msg
[0.458s] -- Up-to-date: /root/ros2_decawave/install/decawave_msg/include/decawave_msg/decawave_msg/msg
[0.458s] -- Up-to-date: /root/ros2_decawave/install/decawave_msg/include/decawave_msg/decawave_msg/msg/range.hpp
[0.458s] -- Up-to-date: /root/ros2_decawave/install/decawave_msg/include/decawave_msg/decawave_msg/msg/detail
[0.458s] -- Up-to-date: /root/ros2_decawave/install/decawave_msg/include/decawave_msg/decawave_msg/msg/detail/range__builder.hpp
[0.458s] -- Up-to-date: /root/ros2_decawave/install/decawave_msg/include/decawave_msg/decawave_msg/msg/detail/range__traits.hpp
[0.458s] -- Up-to-date: /root/ros2_decawave/install/decawave_msg/include/decawave_msg/decawave_msg/msg/detail/range__struct.hpp
[0.459s] -- Up-to-date: /root/ros2_decawave/install/decawave_msg/include/decawave_msg/decawave_msg
[0.459s] -- Up-to-date: /root/ros2_decawave/install/decawave_msg/include/decawave_msg/decawave_msg/msg
[0.459s] -- Up-to-date: /root/ros2_decawave/install/decawave_msg/include/decawave_msg/decawave_msg/msg/detail
[0.459s] -- Up-to-date: /root/ros2_decawave/install/decawave_msg/include/decawave_msg/decawave_msg/msg/detail/range__rosidl_typesupport_fastrtps_cpp.hpp
[0.459s] -- Up-to-date: /root/ros2_decawave/install/decawave_msg/include/decawave_msg/decawave_msg/msg/detail/dds_fastrtps
[0.459s] -- Up-to-date: /root/ros2_decawave/install/decawave_msg/include/decawave_msg/decawave_msg/msg/rosidl_typesupport_fastrtps_cpp__visibility_control.h
[0.459s] -- Up-to-date: /root/ros2_decawave/install/decawave_msg/lib/libdecawave_msg__rosidl_typesupport_fastrtps_cpp.so
[0.459s] -- Up-to-date: /root/ros2_decawave/install/decawave_msg/include/decawave_msg/decawave_msg
[0.459s] -- Up-to-date: /root/ros2_decawave/install/decawave_msg/include/decawave_msg/decawave_msg/msg
[0.459s] -- Up-to-date: /root/ros2_decawave/install/decawave_msg/include/decawave_msg/decawave_msg/msg/rosidl_typesupport_introspection_c__visibility_control.h
[0.459s] -- Up-to-date: /root/ros2_decawave/install/decawave_msg/include/decawave_msg/decawave_msg/msg/detail
[0.459s] -- Up-to-date: /root/ros2_decawave/install/decawave_msg/include/decawave_msg/decawave_msg/msg/detail/range__rosidl_typesupport_introspection_c.h
[0.459s] -- Up-to-date: /root/ros2_decawave/install/decawave_msg/include/decawave_msg/decawave_msg/msg/detail/range__type_support.c
[0.459s] -- Up-to-date: /root/ros2_decawave/install/decawave_msg/lib/libdecawave_msg__rosidl_typesupport_introspection_c.so
[0.460s] -- Up-to-date: /root/ros2_decawave/install/decawave_msg/lib/libdecawave_msg__rosidl_typesupport_c.so
[0.460s] -- Up-to-date: /root/ros2_decawave/install/decawave_msg/include/decawave_msg/decawave_msg
[0.460s] -- Up-to-date: /root/ros2_decawave/install/decawave_msg/include/decawave_msg/decawave_msg/msg
[0.460s] -- Up-to-date: /root/ros2_decawave/install/decawave_msg/include/decawave_msg/decawave_msg/msg/detail
[0.460s] -- Up-to-date: /root/ros2_decawave/install/decawave_msg/include/decawave_msg/decawave_msg/msg/detail/range__type_support.cpp
[0.460s] -- Up-to-date: /root/ros2_decawave/install/decawave_msg/include/decawave_msg/decawave_msg/msg/detail/range__rosidl_typesupport_introspection_cpp.hpp
[0.460s] -- Up-to-date: /root/ros2_decawave/install/decawave_msg/lib/libdecawave_msg__rosidl_typesupport_introspection_cpp.so
[0.460s] -- Up-to-date: /root/ros2_decawave/install/decawave_msg/lib/libdecawave_msg__rosidl_typesupport_cpp.so
[0.460s] -- Up-to-date: /root/ros2_decawave/install/decawave_msg/share/decawave_msg/environment/pythonpath.sh
[0.460s] -- Up-to-date: /root/ros2_decawave/install/decawave_msg/share/decawave_msg/environment/pythonpath.dsv
[0.460s] -- Up-to-date: /root/ros2_decawave/install/decawave_msg/local/lib/python3.10/dist-packages/decawave_msg-0.0.0-py3.10.egg-info
[0.460s] -- Installing: /root/ros2_decawave/install/decawave_msg/local/lib/python3.10/dist-packages/decawave_msg-0.0.0-py3.10.egg-info/dependency_links.txt
[0.460s] -- Installing: /root/ros2_decawave/install/decawave_msg/local/lib/python3.10/dist-packages/decawave_msg-0.0.0-py3.10.egg-info/SOURCES.txt
[0.460s] -- Installing: /root/ros2_decawave/install/decawave_msg/local/lib/python3.10/dist-packages/decawave_msg-0.0.0-py3.10.egg-info/PKG-INFO
[0.461s] -- Installing: /root/ros2_decawave/install/decawave_msg/local/lib/python3.10/dist-packages/decawave_msg-0.0.0-py3.10.egg-info/top_level.txt
[0.461s] -- Up-to-date: /root/ros2_decawave/install/decawave_msg/local/lib/python3.10/dist-packages/decawave_msg
[0.461s] -- Up-to-date: /root/ros2_decawave/install/decawave_msg/local/lib/python3.10/dist-packages/decawave_msg/libdecawave_msg__rosidl_generator_py.so
[0.461s] -- Up-to-date: /root/ros2_decawave/install/decawave_msg/local/lib/python3.10/dist-packages/decawave_msg/decawave_msg_s__rosidl_typesupport_fastrtps_c.cpython-310-x86_64-linux-gnu.so
[0.461s] -- Up-to-date: /root/ros2_decawave/install/decawave_msg/local/lib/python3.10/dist-packages/decawave_msg/decawave_msg_s__rosidl_typesupport_introspection_c.cpython-310-x86_64-linux-gnu.so
[0.461s] -- Up-to-date: /root/ros2_decawave/install/decawave_msg/local/lib/python3.10/dist-packages/decawave_msg/_decawave_msg_s.ep.rosidl_typesupport_c.c
[0.461s] -- Up-to-date: /root/ros2_decawave/install/decawave_msg/local/lib/python3.10/dist-packages/decawave_msg/decawave_msg_s__rosidl_typesupport_c.cpython-310-x86_64-linux-gnu.so
[0.461s] -- Up-to-date: /root/ros2_decawave/install/decawave_msg/local/lib/python3.10/dist-packages/decawave_msg/_decawave_msg_s.ep.rosidl_typesupport_introspection_c.c
[0.461s] -- Up-to-date: /root/ros2_decawave/install/decawave_msg/local/lib/python3.10/dist-packages/decawave_msg/_decawave_msg_s.ep.rosidl_typesupport_fastrtps_c.c
[0.461s] -- Up-to-date: /root/ros2_decawave/install/decawave_msg/local/lib/python3.10/dist-packages/decawave_msg/__init__.py
[0.461s] -- Up-to-date: /root/ros2_decawave/install/decawave_msg/local/lib/python3.10/dist-packages/decawave_msg/msg
[0.461s] -- Up-to-date: /root/ros2_decawave/install/decawave_msg/local/lib/python3.10/dist-packages/decawave_msg/msg/_range.py
[0.461s] -- Up-to-date: /root/ros2_decawave/install/decawave_msg/local/lib/python3.10/dist-packages/decawave_msg/msg/_range_s.c
[0.462s] -- Up-to-date: /root/ros2_decawave/install/decawave_msg/local/lib/python3.10/dist-packages/decawave_msg/msg/__init__.py
[0.491s] Listing '/root/ros2_decawave/install/decawave_msg/local/lib/python3.10/dist-packages/decawave_msg'...
[0.491s] Listing '/root/ros2_decawave/install/decawave_msg/local/lib/python3.10/dist-packages/decawave_msg/msg'...
[0.495s] -- Up-to-date: /root/ros2_decawave/install/decawave_msg/local/lib/python3.10/dist-packages/decawave_msg/decawave_msg_s__rosidl_typesupport_fastrtps_c.cpython-310-x86_64-linux-gnu.so
[0.495s] -- Up-to-date: /root/ros2_decawave/install/decawave_msg/local/lib/python3.10/dist-packages/decawave_msg/decawave_msg_s__rosidl_typesupport_introspection_c.cpython-310-x86_64-linux-gnu.so
[0.496s] -- Up-to-date: /root/ros2_decawave/install/decawave_msg/local/lib/python3.10/dist-packages/decawave_msg/decawave_msg_s__rosidl_typesupport_c.cpython-310-x86_64-linux-gnu.so
[0.496s] -- Up-to-date: /root/ros2_decawave/install/decawave_msg/lib/libdecawave_msg__rosidl_generator_py.so
[0.496s] -- Up-to-date: /root/ros2_decawave/install/decawave_msg/share/decawave_msg/msg/Range.idl
[0.497s] -- Up-to-date: /root/ros2_decawave/install/decawave_msg/share/decawave_msg/msg/Range.msg
[0.497s] -- Up-to-date: /root/ros2_decawave/install/decawave_msg/share/ament_index/resource_index/package_run_dependencies/decawave_msg
[0.497s] -- Up-to-date: /root/ros2_decawave/install/decawave_msg/share/ament_index/resource_index/parent_prefix_path/decawave_msg
[0.497s] -- Up-to-date: /root/ros2_decawave/install/decawave_msg/share/decawave_msg/environment/ament_prefix_path.sh
[0.498s] -- Up-to-date: /root/ros2_decawave/install/decawave_msg/share/decawave_msg/environment/ament_prefix_path.dsv
[0.498s] -- Up-to-date: /root/ros2_decawave/install/decawave_msg/share/decawave_msg/environment/path.sh
[0.498s] -- Up-to-date: /root/ros2_decawave/install/decawave_msg/share/decawave_msg/environment/path.dsv
[0.498s] -- Up-to-date: /root/ros2_decawave/install/decawave_msg/share/decawave_msg/local_setup.bash
[0.499s] -- Up-to-date: /root/ros2_decawave/install/decawave_msg/share/decawave_msg/local_setup.sh
[0.499s] -- Up-to-date: /root/ros2_decawave/install/decawave_msg/share/decawave_msg/local_setup.zsh
[0.499s] -- Up-to-date: /root/ros2_decawave/install/decawave_msg/share/decawave_msg/local_setup.dsv
[0.499s] -- Up-to-date: /root/ros2_decawave/install/decawave_msg/share/decawave_msg/package.dsv
[0.499s] -- Up-to-date: /root/ros2_decawave/install/decawave_msg/share/ament_index/resource_index/packages/decawave_msg
[0.500s] -- Up-to-date: /root/ros2_decawave/install/decawave_msg/share/decawave_msg/cmake/export_decawave_msg__rosidl_generator_cExport.cmake
[0.500s] -- Up-to-date: /root/ros2_decawave/install/decawave_msg/share/decawave_msg/cmake/export_decawave_msg__rosidl_generator_cExport-noconfig.cmake
[0.500s] -- Up-to-date: /root/ros2_decawave/install/decawave_msg/share/decawave_msg/cmake/export_decawave_msg__rosidl_typesupport_fastrtps_cExport.cmake
[0.500s] -- Up-to-date: /root/ros2_decawave/install/decawave_msg/share/decawave_msg/cmake/export_decawave_msg__rosidl_typesupport_fastrtps_cExport-noconfig.cmake
[0.500s] -- Up-to-date: /root/ros2_decawave/install/decawave_msg/share/decawave_msg/cmake/export_decawave_msg__rosidl_generator_cppExport.cmake
[0.500s] -- Up-to-date: /root/ros2_decawave/install/decawave_msg/share/decawave_msg/cmake/export_decawave_msg__rosidl_typesupport_fastrtps_cppExport.cmake
[0.500s] -- Up-to-date: /root/ros2_decawave/install/decawave_msg/share/decawave_msg/cmake/export_decawave_msg__rosidl_typesupport_fastrtps_cppExport-noconfig.cmake
[0.500s] -- Up-to-date: /root/ros2_decawave/install/decawave_msg/share/decawave_msg/cmake/decawave_msg__rosidl_typesupport_introspection_cExport.cmake
[0.500s] -- Up-to-date: /root/ros2_decawave/install/decawave_msg/share/decawave_msg/cmake/decawave_msg__rosidl_typesupport_introspection_cExport-noconfig.cmake
[0.500s] -- Up-to-date: /root/ros2_decawave/install/decawave_msg/share/decawave_msg/cmake/decawave_msg__rosidl_typesupport_cExport.cmake
[0.500s] -- Up-to-date: /root/ros2_decawave/install/decawave_msg/share/decawave_msg/cmake/decawave_msg__rosidl_typesupport_cExport-noconfig.cmake
[0.500s] -- Up-to-date: /root/ros2_decawave/install/decawave_msg/share/decawave_msg/cmake/decawave_msg__rosidl_typesupport_introspection_cppExport.cmake
[0.500s] -- Up-to-date: /root/ros2_decawave/install/decawave_msg/share/decawave_msg/cmake/decawave_msg__rosidl_typesupport_introspection_cppExport-noconfig.cmake
[0.501s] -- Up-to-date: /root/ros2_decawave/install/decawave_msg/share/decawave_msg/cmake/decawave_msg__rosidl_typesupport_cppExport.cmake
[0.501s] -- Up-to-date: /root/ros2_decawave/install/decawave_msg/share/decawave_msg/cmake/decawave_msg__rosidl_typesupport_cppExport-noconfig.cmake
[0.501s] -- Up-to-date: /root/ros2_decawave/install/decawave_msg/share/decawave_msg/cmake/export_decawave_msg__rosidl_generator_pyExport.cmake
[0.502s] -- Up-to-date: /root/ros2_decawave/install/decawave_msg/share/decawave_msg/cmake/export_decawave_msg__rosidl_generator_pyExport-noconfig.cmake
[0.502s] -- Up-to-date: /root/ros2_decawave/install/decawave_msg/share/decawave_msg/cmake/rosidl_cmake-extras.cmake
[0.502s] -- Up-to-date: /root/ros2_decawave/install/decawave_msg/share/decawave_msg/cmake/ament_cmake_export_dependencies-extras.cmake
[0.502s] -- Up-to-date: /root/ros2_decawave/install/decawave_msg/share/decawave_msg/cmake/ament_cmake_export_include_directories-extras.cmake
[0.503s] -- Up-to-date: /root/ros2_decawave/install/decawave_msg/share/decawave_msg/cmake/ament_cmake_export_libraries-extras.cmake
[0.504s] -- Up-to-date: /root/ros2_decawave/install/decawave_msg/share/decawave_msg/cmake/ament_cmake_export_targets-extras.cmake
[0.505s] -- Up-to-date: /root/ros2_decawave/install/decawave_msg/share/decawave_msg/cmake/rosidl_cmake_export_typesupport_targets-extras.cmake
[0.506s] -- Up-to-date: /root/ros2_decawave/install/decawave_msg/share/decawave_msg/cmake/rosidl_cmake_export_typesupport_libraries-extras.cmake
[0.506s] -- Up-to-date: /root/ros2_decawave/install/decawave_msg/share/decawave_msg/cmake/decawave_msgConfig.cmake
[0.506s] -- Up-to-date: /root/ros2_decawave/install/decawave_msg/share/decawave_msg/cmake/decawave_msgConfig-version.cmake
[0.507s] -- Up-to-date: /root/ros2_decawave/install/decawave_msg/share/decawave_msg/package.xml
[0.508s] Invoked command in '/root/ros2_decawave/build/decawave_msg' returned '0': CMAKE_PREFIX_PATH=${CMAKE_PREFIX_PATH}:/root/ros2_decawave/install/decawave_test_controller:/root/ros2_ws/install/my_robot_controller:/opt/ros/humble /usr/bin/cmake --install /root/ros2_decawave/build/decawave_msg
